ARM GAS  /tmp/ccIxxnEa.s 			page 1


   1              		.cpu arm1176jz-s
   2              		.fpu softvfp
   3              		.eabi_attribute 20, 1
   4              		.eabi_attribute 21, 1
   5              		.eabi_attribute 23, 3
   6              		.eabi_attribute 24, 1
   7              		.eabi_attribute 25, 1
   8              		.eabi_attribute 26, 1
   9              		.eabi_attribute 30, 2
  10              		.eabi_attribute 34, 1
  11              		.eabi_attribute 18, 4
  12              		.file	"bcm2835.c"
  13              		.text
  14              	.Ltext0:
  15              		.cfi_sections	.debug_frame
  16              		.section	.text.bcm2835_gpio_fnsel,"ax",%progbits
  17              		.align	2
  18              		.global	bcm2835_gpio_fnsel
  19              		.type	bcm2835_gpio_fnsel, %function
  20              	bcm2835_gpio_fnsel:
  21              	.LFB0:
  22              		.file 1 "../../os/hal/platforms/BCM2835/bcm2835.c"
  23              		.loc 1 12 0
  24              		.cfi_startproc
  25              		@ args = 0, pretend = 0, frame = 0
  26              		@ frame_needed = 0, uses_anonymous_args = 0
  27              	.LVL0:
  28 0000 04E02DE5 		str	lr, [sp, #-4]!
  29              		.cfi_def_cfa_offset 4
  30              		.cfi_offset 14, -4
  31              		.loc 1 16 0
  32 0004 07E0A0E3 		mov	lr, #7
  33              		.loc 1 13 0
  34 0008 38209FE5 		ldr	r2, .L3
  35 000c 923082E0 		umull	r3, r2, r2, r0
  36 0010 A221A0E1 		mov	r2, r2, lsr #3
  37              	.LVL1:
  38              		.loc 1 15 0
  39 0014 02C1A0E1 		mov	ip, r2, asl #2
  40 0018 02328CE2 		add	r3, ip, #536870912
  41 001c 023683E2 		add	r3, r3, #2097152
  42              	.LVL2:
  43              		.loc 1 14 0
  44 0020 02208CE0 		add	r2, ip, r2
  45              	.LVL3:
  46 0024 820040E0 		sub	r0, r0, r2, asl #1
  47              	.LVL4:
  48              		.loc 1 16 0
  49 0028 002093E5 		ldr	r2, [r3]
  50              		.loc 1 14 0
  51 002c 800080E0 		add	r0, r0, r0, asl #1
  52              		.loc 1 16 0
  53 0030 1E20C2E1 		bic	r2, r2, lr, asl r0
  54 0034 002083E5 		str	r2, [r3]
  55              		.loc 1 17 0
  56 0038 002093E5 		ldr	r2, [r3]
  57 003c 111082E1 		orr	r1, r2, r1, asl r0
ARM GAS  /tmp/ccIxxnEa.s 			page 2


  58              	.LVL5:
  59 0040 001083E5 		str	r1, [r3]
  60 0044 04F09DE4 		ldr	pc, [sp], #4
  61              	.L4:
  62              		.align	2
  63              	.L3:
  64 0048 CDCCCCCC 		.word	-858993459
  65              		.cfi_endproc
  66              	.LFE0:
  67              		.size	bcm2835_gpio_fnsel, .-bcm2835_gpio_fnsel
  68              		.section	.text.bcm2835_delay,"ax",%progbits
  69              		.align	2
  70              		.global	bcm2835_delay
  71              		.type	bcm2835_delay, %function
  72              	bcm2835_delay:
  73              	.LFB1:
  74              		.loc 1 21 0
  75              		.cfi_startproc
  76              		@ args = 0, pretend = 0, frame = 8
  77              		@ frame_needed = 0, uses_anonymous_args = 0
  78              		@ link register save eliminated.
  79              	.LVL6:
  80              		.loc 1 22 0
  81 0000 0030A0E3 		mov	r3, #0
  82              		.loc 1 21 0
  83 0004 08D04DE2 		sub	sp, sp, #8
  84              		.cfi_def_cfa_offset 8
  85              		.loc 1 22 0
  86 0008 04308DE5 		str	r3, [sp, #4]
  87              		.loc 1 23 0
  88 000c 04308DE5 		str	r3, [sp, #4]
  89 0010 04309DE5 		ldr	r3, [sp, #4]
  90 0014 030050E1 		cmp	r0, r3
  91 0018 0500009A 		bls	.L5
  92              	.L8:
  93              		.loc 1 23 0 is_stmt 0 discriminator 3
  94 001c 04309DE5 		ldr	r3, [sp, #4]
  95 0020 013083E2 		add	r3, r3, #1
  96 0024 04308DE5 		str	r3, [sp, #4]
  97 0028 04309DE5 		ldr	r3, [sp, #4]
  98 002c 000053E1 		cmp	r3, r0
  99 0030 F9FFFF3A 		bcc	.L8
 100              	.L5:
 101              		.loc 1 24 0 is_stmt 1
 102 0034 08D08DE2 		add	sp, sp, #8
 103              		.cfi_def_cfa_offset 0
 104              		@ sp needed
 105 0038 1EFF2FE1 		bx	lr
 106              		.cfi_endproc
 107              	.LFE1:
 108              		.size	bcm2835_delay, .-bcm2835_delay
 109              		.text
 110              	.Letext0:
 111              		.file 2 "/usr/include/newlib/machine/_default_types.h"
 112              		.file 3 "/usr/include/newlib/sys/_stdint.h"
 113              		.section	.debug_info,"",%progbits
 114              	.Ldebug_info0:
ARM GAS  /tmp/ccIxxnEa.s 			page 3


 115 0000 11010000 		.4byte	0x111
 116 0004 0400     		.2byte	0x4
 117 0006 00000000 		.4byte	.Ldebug_abbrev0
 118 000a 04       		.byte	0x4
 119 000b 01       		.uleb128 0x1
 120 000c 13000000 		.4byte	.LASF16
 121 0010 01       		.byte	0x1
 122 0011 F5000000 		.4byte	.LASF17
 123 0015 82010000 		.4byte	.LASF18
 124 0019 00000000 		.4byte	.Ldebug_ranges0+0
 125 001d 00000000 		.4byte	0
 126 0021 00000000 		.4byte	.Ldebug_line0
 127 0025 02       		.uleb128 0x2
 128 0026 08       		.byte	0x8
 129 0027 07       		.byte	0x7
 130 0028 36010000 		.4byte	.LASF0
 131 002c 02       		.uleb128 0x2
 132 002d 04       		.byte	0x4
 133 002e 07       		.byte	0x7
 134 002f 29010000 		.4byte	.LASF1
 135 0033 03       		.uleb128 0x3
 136 0034 04       		.byte	0x4
 137 0035 05       		.byte	0x5
 138 0036 696E7400 		.ascii	"int\000"
 139 003a 02       		.uleb128 0x2
 140 003b 01       		.byte	0x1
 141 003c 06       		.byte	0x6
 142 003d CE010000 		.4byte	.LASF2
 143 0041 02       		.uleb128 0x2
 144 0042 01       		.byte	0x1
 145 0043 08       		.byte	0x8
 146 0044 A8000000 		.4byte	.LASF3
 147 0048 02       		.uleb128 0x2
 148 0049 02       		.byte	0x2
 149 004a 05       		.byte	0x5
 150 004b 70010000 		.4byte	.LASF4
 151 004f 02       		.uleb128 0x2
 152 0050 02       		.byte	0x2
 153 0051 07       		.byte	0x7
 154 0052 C8000000 		.4byte	.LASF5
 155 0056 02       		.uleb128 0x2
 156 0057 04       		.byte	0x4
 157 0058 05       		.byte	0x5
 158 0059 C5010000 		.4byte	.LASF6
 159 005d 04       		.uleb128 0x4
 160 005e 1E010000 		.4byte	.LASF9
 161 0062 02       		.byte	0x2
 162 0063 41       		.byte	0x41
 163 0064 68000000 		.4byte	0x68
 164 0068 02       		.uleb128 0x2
 165 0069 04       		.byte	0x4
 166 006a 07       		.byte	0x7
 167 006b B6000000 		.4byte	.LASF7
 168 006f 02       		.uleb128 0x2
 169 0070 08       		.byte	0x8
 170 0071 05       		.byte	0x5
 171 0072 5B010000 		.4byte	.LASF8
ARM GAS  /tmp/ccIxxnEa.s 			page 4


 172 0076 04       		.uleb128 0x4
 173 0077 E3000000 		.4byte	.LASF10
 174 007b 03       		.byte	0x3
 175 007c 20       		.byte	0x20
 176 007d 5D000000 		.4byte	0x5d
 177 0081 05       		.uleb128 0x5
 178 0082 00000000 		.4byte	.LASF19
 179 0086 01       		.byte	0x1
 180 0087 0B       		.byte	0xb
 181 0088 00000000 		.4byte	.LFB0
 182 008c 4C000000 		.4byte	.LFE0-.LFB0
 183 0090 01       		.uleb128 0x1
 184 0091 9C       		.byte	0x9c
 185 0092 E0000000 		.4byte	0xe0
 186 0096 06       		.uleb128 0x6
 187 0097 EC000000 		.4byte	.LASF11
 188 009b 01       		.byte	0x1
 189 009c 0B       		.byte	0xb
 190 009d 76000000 		.4byte	0x76
 191 00a1 00000000 		.4byte	.LLST0
 192 00a5 06       		.uleb128 0x6
 193 00a6 DB000000 		.4byte	.LASF12
 194 00aa 01       		.byte	0x1
 195 00ab 0B       		.byte	0xb
 196 00ac 76000000 		.4byte	0x76
 197 00b0 21000000 		.4byte	.LLST1
 198 00b4 07       		.uleb128 0x7
 199 00b5 9F000000 		.4byte	.LASF13
 200 00b9 01       		.byte	0x1
 201 00ba 0D       		.byte	0xd
 202 00bb 76000000 		.4byte	0x76
 203 00bf 42000000 		.4byte	.LLST2
 204 00c3 07       		.uleb128 0x7
 205 00c4 69010000 		.4byte	.LASF14
 206 00c8 01       		.byte	0x1
 207 00c9 0E       		.byte	0xe
 208 00ca 76000000 		.4byte	0x76
 209 00ce A2000000 		.4byte	.LLST3
 210 00d2 08       		.uleb128 0x8
 211 00d3 7A010000 		.4byte	.LASF15
 212 00d7 01       		.byte	0x1
 213 00d8 0F       		.byte	0xf
 214 00d9 E0000000 		.4byte	0xe0
 215 00dd 01       		.uleb128 0x1
 216 00de 53       		.byte	0x53
 217 00df 00       		.byte	0
 218 00e0 09       		.uleb128 0x9
 219 00e1 04       		.byte	0x4
 220 00e2 E6000000 		.4byte	0xe6
 221 00e6 0A       		.uleb128 0xa
 222 00e7 76000000 		.4byte	0x76
 223 00eb 0B       		.uleb128 0xb
 224 00ec 4D010000 		.4byte	.LASF20
 225 00f0 01       		.byte	0x1
 226 00f1 14       		.byte	0x14
 227 00f2 00000000 		.4byte	.LFB1
 228 00f6 3C000000 		.4byte	.LFE1-.LFB1
ARM GAS  /tmp/ccIxxnEa.s 			page 5


 229 00fa 01       		.uleb128 0x1
 230 00fb 9C       		.byte	0x9c
 231 00fc 0C       		.uleb128 0xc
 232 00fd 6E00     		.ascii	"n\000"
 233 00ff 01       		.byte	0x1
 234 0100 14       		.byte	0x14
 235 0101 76000000 		.4byte	0x76
 236 0105 01       		.uleb128 0x1
 237 0106 50       		.byte	0x50
 238 0107 0D       		.uleb128 0xd
 239 0108 6900     		.ascii	"i\000"
 240 010a 01       		.byte	0x1
 241 010b 16       		.byte	0x16
 242 010c E6000000 		.4byte	0xe6
 243 0110 02       		.uleb128 0x2
 244 0111 91       		.byte	0x91
 245 0112 7C       		.sleb128 -4
 246 0113 00       		.byte	0
 247 0114 00       		.byte	0
 248              		.section	.debug_abbrev,"",%progbits
 249              	.Ldebug_abbrev0:
 250 0000 01       		.uleb128 0x1
 251 0001 11       		.uleb128 0x11
 252 0002 01       		.byte	0x1
 253 0003 25       		.uleb128 0x25
 254 0004 0E       		.uleb128 0xe
 255 0005 13       		.uleb128 0x13
 256 0006 0B       		.uleb128 0xb
 257 0007 03       		.uleb128 0x3
 258 0008 0E       		.uleb128 0xe
 259 0009 1B       		.uleb128 0x1b
 260 000a 0E       		.uleb128 0xe
 261 000b 55       		.uleb128 0x55
 262 000c 17       		.uleb128 0x17
 263 000d 11       		.uleb128 0x11
 264 000e 01       		.uleb128 0x1
 265 000f 10       		.uleb128 0x10
 266 0010 17       		.uleb128 0x17
 267 0011 00       		.byte	0
 268 0012 00       		.byte	0
 269 0013 02       		.uleb128 0x2
 270 0014 24       		.uleb128 0x24
 271 0015 00       		.byte	0
 272 0016 0B       		.uleb128 0xb
 273 0017 0B       		.uleb128 0xb
 274 0018 3E       		.uleb128 0x3e
 275 0019 0B       		.uleb128 0xb
 276 001a 03       		.uleb128 0x3
 277 001b 0E       		.uleb128 0xe
 278 001c 00       		.byte	0
 279 001d 00       		.byte	0
 280 001e 03       		.uleb128 0x3
 281 001f 24       		.uleb128 0x24
 282 0020 00       		.byte	0
 283 0021 0B       		.uleb128 0xb
 284 0022 0B       		.uleb128 0xb
 285 0023 3E       		.uleb128 0x3e
ARM GAS  /tmp/ccIxxnEa.s 			page 6


 286 0024 0B       		.uleb128 0xb
 287 0025 03       		.uleb128 0x3
 288 0026 08       		.uleb128 0x8
 289 0027 00       		.byte	0
 290 0028 00       		.byte	0
 291 0029 04       		.uleb128 0x4
 292 002a 16       		.uleb128 0x16
 293 002b 00       		.byte	0
 294 002c 03       		.uleb128 0x3
 295 002d 0E       		.uleb128 0xe
 296 002e 3A       		.uleb128 0x3a
 297 002f 0B       		.uleb128 0xb
 298 0030 3B       		.uleb128 0x3b
 299 0031 0B       		.uleb128 0xb
 300 0032 49       		.uleb128 0x49
 301 0033 13       		.uleb128 0x13
 302 0034 00       		.byte	0
 303 0035 00       		.byte	0
 304 0036 05       		.uleb128 0x5
 305 0037 2E       		.uleb128 0x2e
 306 0038 01       		.byte	0x1
 307 0039 3F       		.uleb128 0x3f
 308 003a 19       		.uleb128 0x19
 309 003b 03       		.uleb128 0x3
 310 003c 0E       		.uleb128 0xe
 311 003d 3A       		.uleb128 0x3a
 312 003e 0B       		.uleb128 0xb
 313 003f 3B       		.uleb128 0x3b
 314 0040 0B       		.uleb128 0xb
 315 0041 27       		.uleb128 0x27
 316 0042 19       		.uleb128 0x19
 317 0043 11       		.uleb128 0x11
 318 0044 01       		.uleb128 0x1
 319 0045 12       		.uleb128 0x12
 320 0046 06       		.uleb128 0x6
 321 0047 40       		.uleb128 0x40
 322 0048 18       		.uleb128 0x18
 323 0049 9742     		.uleb128 0x2117
 324 004b 19       		.uleb128 0x19
 325 004c 01       		.uleb128 0x1
 326 004d 13       		.uleb128 0x13
 327 004e 00       		.byte	0
 328 004f 00       		.byte	0
 329 0050 06       		.uleb128 0x6
 330 0051 05       		.uleb128 0x5
 331 0052 00       		.byte	0
 332 0053 03       		.uleb128 0x3
 333 0054 0E       		.uleb128 0xe
 334 0055 3A       		.uleb128 0x3a
 335 0056 0B       		.uleb128 0xb
 336 0057 3B       		.uleb128 0x3b
 337 0058 0B       		.uleb128 0xb
 338 0059 49       		.uleb128 0x49
 339 005a 13       		.uleb128 0x13
 340 005b 02       		.uleb128 0x2
 341 005c 17       		.uleb128 0x17
 342 005d 00       		.byte	0
ARM GAS  /tmp/ccIxxnEa.s 			page 7


 343 005e 00       		.byte	0
 344 005f 07       		.uleb128 0x7
 345 0060 34       		.uleb128 0x34
 346 0061 00       		.byte	0
 347 0062 03       		.uleb128 0x3
 348 0063 0E       		.uleb128 0xe
 349 0064 3A       		.uleb128 0x3a
 350 0065 0B       		.uleb128 0xb
 351 0066 3B       		.uleb128 0x3b
 352 0067 0B       		.uleb128 0xb
 353 0068 49       		.uleb128 0x49
 354 0069 13       		.uleb128 0x13
 355 006a 02       		.uleb128 0x2
 356 006b 17       		.uleb128 0x17
 357 006c 00       		.byte	0
 358 006d 00       		.byte	0
 359 006e 08       		.uleb128 0x8
 360 006f 34       		.uleb128 0x34
 361 0070 00       		.byte	0
 362 0071 03       		.uleb128 0x3
 363 0072 0E       		.uleb128 0xe
 364 0073 3A       		.uleb128 0x3a
 365 0074 0B       		.uleb128 0xb
 366 0075 3B       		.uleb128 0x3b
 367 0076 0B       		.uleb128 0xb
 368 0077 49       		.uleb128 0x49
 369 0078 13       		.uleb128 0x13
 370 0079 02       		.uleb128 0x2
 371 007a 18       		.uleb128 0x18
 372 007b 00       		.byte	0
 373 007c 00       		.byte	0
 374 007d 09       		.uleb128 0x9
 375 007e 0F       		.uleb128 0xf
 376 007f 00       		.byte	0
 377 0080 0B       		.uleb128 0xb
 378 0081 0B       		.uleb128 0xb
 379 0082 49       		.uleb128 0x49
 380 0083 13       		.uleb128 0x13
 381 0084 00       		.byte	0
 382 0085 00       		.byte	0
 383 0086 0A       		.uleb128 0xa
 384 0087 35       		.uleb128 0x35
 385 0088 00       		.byte	0
 386 0089 49       		.uleb128 0x49
 387 008a 13       		.uleb128 0x13
 388 008b 00       		.byte	0
 389 008c 00       		.byte	0
 390 008d 0B       		.uleb128 0xb
 391 008e 2E       		.uleb128 0x2e
 392 008f 01       		.byte	0x1
 393 0090 3F       		.uleb128 0x3f
 394 0091 19       		.uleb128 0x19
 395 0092 03       		.uleb128 0x3
 396 0093 0E       		.uleb128 0xe
 397 0094 3A       		.uleb128 0x3a
 398 0095 0B       		.uleb128 0xb
 399 0096 3B       		.uleb128 0x3b
ARM GAS  /tmp/ccIxxnEa.s 			page 8


 400 0097 0B       		.uleb128 0xb
 401 0098 27       		.uleb128 0x27
 402 0099 19       		.uleb128 0x19
 403 009a 11       		.uleb128 0x11
 404 009b 01       		.uleb128 0x1
 405 009c 12       		.uleb128 0x12
 406 009d 06       		.uleb128 0x6
 407 009e 40       		.uleb128 0x40
 408 009f 18       		.uleb128 0x18
 409 00a0 9742     		.uleb128 0x2117
 410 00a2 19       		.uleb128 0x19
 411 00a3 00       		.byte	0
 412 00a4 00       		.byte	0
 413 00a5 0C       		.uleb128 0xc
 414 00a6 05       		.uleb128 0x5
 415 00a7 00       		.byte	0
 416 00a8 03       		.uleb128 0x3
 417 00a9 08       		.uleb128 0x8
 418 00aa 3A       		.uleb128 0x3a
 419 00ab 0B       		.uleb128 0xb
 420 00ac 3B       		.uleb128 0x3b
 421 00ad 0B       		.uleb128 0xb
 422 00ae 49       		.uleb128 0x49
 423 00af 13       		.uleb128 0x13
 424 00b0 02       		.uleb128 0x2
 425 00b1 18       		.uleb128 0x18
 426 00b2 00       		.byte	0
 427 00b3 00       		.byte	0
 428 00b4 0D       		.uleb128 0xd
 429 00b5 34       		.uleb128 0x34
 430 00b6 00       		.byte	0
 431 00b7 03       		.uleb128 0x3
 432 00b8 08       		.uleb128 0x8
 433 00b9 3A       		.uleb128 0x3a
 434 00ba 0B       		.uleb128 0xb
 435 00bb 3B       		.uleb128 0x3b
 436 00bc 0B       		.uleb128 0xb
 437 00bd 49       		.uleb128 0x49
 438 00be 13       		.uleb128 0x13
 439 00bf 02       		.uleb128 0x2
 440 00c0 18       		.uleb128 0x18
 441 00c1 00       		.byte	0
 442 00c2 00       		.byte	0
 443 00c3 00       		.byte	0
 444              		.section	.debug_loc,"",%progbits
 445              	.Ldebug_loc0:
 446              	.LLST0:
 447 0000 00000000 		.4byte	.LVL0
 448 0004 28000000 		.4byte	.LVL4
 449 0008 0100     		.2byte	0x1
 450 000a 50       		.byte	0x50
 451 000b 28000000 		.4byte	.LVL4
 452 000f 4C000000 		.4byte	.LFE0
 453 0013 0400     		.2byte	0x4
 454 0015 F3       		.byte	0xf3
 455 0016 01       		.uleb128 0x1
 456 0017 50       		.byte	0x50
ARM GAS  /tmp/ccIxxnEa.s 			page 9


 457 0018 9F       		.byte	0x9f
 458 0019 00000000 		.4byte	0
 459 001d 00000000 		.4byte	0
 460              	.LLST1:
 461 0021 00000000 		.4byte	.LVL0
 462 0025 40000000 		.4byte	.LVL5
 463 0029 0100     		.2byte	0x1
 464 002b 51       		.byte	0x51
 465 002c 40000000 		.4byte	.LVL5
 466 0030 4C000000 		.4byte	.LFE0
 467 0034 0400     		.2byte	0x4
 468 0036 F3       		.byte	0xf3
 469 0037 01       		.uleb128 0x1
 470 0038 51       		.byte	0x51
 471 0039 9F       		.byte	0x9f
 472 003a 00000000 		.4byte	0
 473 003e 00000000 		.4byte	0
 474              	.LLST2:
 475 0042 14000000 		.4byte	.LVL1
 476 0046 24000000 		.4byte	.LVL3
 477 004a 0100     		.2byte	0x1
 478 004c 52       		.byte	0x52
 479 004d 24000000 		.4byte	.LVL3
 480 0051 28000000 		.4byte	.LVL4
 481 0055 1C00     		.2byte	0x1c
 482 0057 70       		.byte	0x70
 483 0058 00       		.sleb128 0
 484 0059 F7       		.byte	0xf7
 485 005a 2C       		.uleb128 0x2c
 486 005b F7       		.byte	0xf7
 487 005c 25       		.uleb128 0x25
 488 005d F4       		.byte	0xf4
 489 005e 25       		.uleb128 0x25
 490 005f 08       		.byte	0x8
 491 0060 CDCCCCCC 		.8byte	0xcccccccd
 491      00000000 
 492 0068 1E       		.byte	0x1e
 493 0069 08       		.byte	0x8
 494 006a 20       		.byte	0x20
 495 006b F7       		.byte	0xf7
 496 006c 25       		.uleb128 0x25
 497 006d 25       		.byte	0x25
 498 006e F7       		.byte	0xf7
 499 006f 2C       		.uleb128 0x2c
 500 0070 33       		.byte	0x33
 501 0071 25       		.byte	0x25
 502 0072 9F       		.byte	0x9f
 503 0073 28000000 		.4byte	.LVL4
 504 0077 4C000000 		.4byte	.LFE0
 505 007b 1D00     		.2byte	0x1d
 506 007d F3       		.byte	0xf3
 507 007e 01       		.uleb128 0x1
 508 007f 50       		.byte	0x50
 509 0080 F7       		.byte	0xf7
 510 0081 2C       		.uleb128 0x2c
 511 0082 F7       		.byte	0xf7
 512 0083 25       		.uleb128 0x25
ARM GAS  /tmp/ccIxxnEa.s 			page 10


 513 0084 F4       		.byte	0xf4
 514 0085 25       		.uleb128 0x25
 515 0086 08       		.byte	0x8
 516 0087 CDCCCCCC 		.8byte	0xcccccccd
 516      00000000 
 517 008f 1E       		.byte	0x1e
 518 0090 08       		.byte	0x8
 519 0091 20       		.byte	0x20
 520 0092 F7       		.byte	0xf7
 521 0093 25       		.uleb128 0x25
 522 0094 25       		.byte	0x25
 523 0095 F7       		.byte	0xf7
 524 0096 2C       		.uleb128 0x2c
 525 0097 33       		.byte	0x33
 526 0098 25       		.byte	0x25
 527 0099 9F       		.byte	0x9f
 528 009a 00000000 		.4byte	0
 529 009e 00000000 		.4byte	0
 530              	.LLST3:
 531 00a2 14000000 		.4byte	.LVL1
 532 00a6 24000000 		.4byte	.LVL3
 533 00aa 0A00     		.2byte	0xa
 534 00ac 70       		.byte	0x70
 535 00ad 00       		.sleb128 0
 536 00ae 72       		.byte	0x72
 537 00af 00       		.sleb128 0
 538 00b0 3A       		.byte	0x3a
 539 00b1 1E       		.byte	0x1e
 540 00b2 1C       		.byte	0x1c
 541 00b3 33       		.byte	0x33
 542 00b4 1E       		.byte	0x1e
 543 00b5 9F       		.byte	0x9f
 544 00b6 24000000 		.4byte	.LVL3
 545 00ba 28000000 		.4byte	.LVL4
 546 00be 2300     		.2byte	0x23
 547 00c0 70       		.byte	0x70
 548 00c1 00       		.sleb128 0
 549 00c2 70       		.byte	0x70
 550 00c3 00       		.sleb128 0
 551 00c4 F7       		.byte	0xf7
 552 00c5 2C       		.uleb128 0x2c
 553 00c6 F7       		.byte	0xf7
 554 00c7 25       		.uleb128 0x25
 555 00c8 F4       		.byte	0xf4
 556 00c9 25       		.uleb128 0x25
 557 00ca 08       		.byte	0x8
 558 00cb CDCCCCCC 		.8byte	0xcccccccd
 558      00000000 
 559 00d3 1E       		.byte	0x1e
 560 00d4 08       		.byte	0x8
 561 00d5 20       		.byte	0x20
 562 00d6 F7       		.byte	0xf7
 563 00d7 25       		.uleb128 0x25
 564 00d8 25       		.byte	0x25
 565 00d9 F7       		.byte	0xf7
 566 00da 2C       		.uleb128 0x2c
 567 00db 33       		.byte	0x33
ARM GAS  /tmp/ccIxxnEa.s 			page 11


 568 00dc 25       		.byte	0x25
 569 00dd 3A       		.byte	0x3a
 570 00de 1E       		.byte	0x1e
 571 00df 1C       		.byte	0x1c
 572 00e0 33       		.byte	0x33
 573 00e1 1E       		.byte	0x1e
 574 00e2 9F       		.byte	0x9f
 575 00e3 28000000 		.4byte	.LVL4
 576 00e7 4C000000 		.4byte	.LFE0
 577 00eb 2500     		.2byte	0x25
 578 00ed F3       		.byte	0xf3
 579 00ee 01       		.uleb128 0x1
 580 00ef 50       		.byte	0x50
 581 00f0 F3       		.byte	0xf3
 582 00f1 01       		.uleb128 0x1
 583 00f2 50       		.byte	0x50
 584 00f3 F7       		.byte	0xf7
 585 00f4 2C       		.uleb128 0x2c
 586 00f5 F7       		.byte	0xf7
 587 00f6 25       		.uleb128 0x25
 588 00f7 F4       		.byte	0xf4
 589 00f8 25       		.uleb128 0x25
 590 00f9 08       		.byte	0x8
 591 00fa CDCCCCCC 		.8byte	0xcccccccd
 591      00000000 
 592 0102 1E       		.byte	0x1e
 593 0103 08       		.byte	0x8
 594 0104 20       		.byte	0x20
 595 0105 F7       		.byte	0xf7
 596 0106 25       		.uleb128 0x25
 597 0107 25       		.byte	0x25
 598 0108 F7       		.byte	0xf7
 599 0109 2C       		.uleb128 0x2c
 600 010a 33       		.byte	0x33
 601 010b 25       		.byte	0x25
 602 010c 3A       		.byte	0x3a
 603 010d 1E       		.byte	0x1e
 604 010e 1C       		.byte	0x1c
 605 010f 33       		.byte	0x33
 606 0110 1E       		.byte	0x1e
 607 0111 9F       		.byte	0x9f
 608 0112 00000000 		.4byte	0
 609 0116 00000000 		.4byte	0
 610              		.section	.debug_aranges,"",%progbits
 611 0000 24000000 		.4byte	0x24
 612 0004 0200     		.2byte	0x2
 613 0006 00000000 		.4byte	.Ldebug_info0
 614 000a 04       		.byte	0x4
 615 000b 00       		.byte	0
 616 000c 0000     		.2byte	0
 617 000e 0000     		.2byte	0
 618 0010 00000000 		.4byte	.LFB0
 619 0014 4C000000 		.4byte	.LFE0-.LFB0
 620 0018 00000000 		.4byte	.LFB1
 621 001c 3C000000 		.4byte	.LFE1-.LFB1
 622 0020 00000000 		.4byte	0
 623 0024 00000000 		.4byte	0
ARM GAS  /tmp/ccIxxnEa.s 			page 12


 624              		.section	.debug_ranges,"",%progbits
 625              	.Ldebug_ranges0:
 626 0000 00000000 		.4byte	.LFB0
 627 0004 4C000000 		.4byte	.LFE0
 628 0008 00000000 		.4byte	.LFB1
 629 000c 3C000000 		.4byte	.LFE1
 630 0010 00000000 		.4byte	0
 631 0014 00000000 		.4byte	0
 632              		.section	.debug_line,"",%progbits
 633              	.Ldebug_line0:
 634 0000 CC000000 		.section	.debug_str,"MS",%progbits,1
 634      02009400 
 634      00000201 
 634      FB0E0D00 
 634      01010101 
 635              	.LASF19:
 636 0000 62636D32 		.ascii	"bcm2835_gpio_fnsel\000"
 636      3833355F 
 636      6770696F 
 636      5F666E73 
 636      656C00
 637              	.LASF16:
 638 0013 474E5520 		.ascii	"GNU C 4.9.3 20150529 (prerelease) -mcpu=arm1176jz-s"
 638      4320342E 
 638      392E3320 
 638      32303135 
 638      30353239 
 639 0046 202D6D6E 		.ascii	" -mno-thumb-interwork -ggdb -O2 -fomit-frame-pointe"
 639      6F2D7468 
 639      756D622D 
 639      696E7465 
 639      72776F72 
 640 0079 72202D66 		.ascii	"r -ffunction-sections -fdata-sections\000"
 640      66756E63 
 640      74696F6E 
 640      2D736563 
 640      74696F6E 
 641              	.LASF13:
 642 009f 6770666E 		.ascii	"gpfnbank\000"
 642      62616E6B 
 642      00
 643              	.LASF3:
 644 00a8 756E7369 		.ascii	"unsigned char\000"
 644      676E6564 
 644      20636861 
 644      7200
 645              	.LASF7:
 646 00b6 6C6F6E67 		.ascii	"long unsigned int\000"
 646      20756E73 
 646      69676E65 
 646      6420696E 
 646      7400
 647              	.LASF5:
 648 00c8 73686F72 		.ascii	"short unsigned int\000"
 648      7420756E 
 648      7369676E 
 648      65642069 
ARM GAS  /tmp/ccIxxnEa.s 			page 13


 648      6E7400
 649              	.LASF12:
 650 00db 6770696F 		.ascii	"gpio_fn\000"
 650      5F666E00 
 651              	.LASF10:
 652 00e3 75696E74 		.ascii	"uint32_t\000"
 652      33325F74 
 652      00
 653              	.LASF11:
 654 00ec 6770696F 		.ascii	"gpio_pin\000"
 654      5F70696E 
 654      00
 655              	.LASF17:
 656 00f5 2E2E2F2E 		.ascii	"../../os/hal/platforms/BCM2835/bcm2835.c\000"
 656      2E2F6F73 
 656      2F68616C 
 656      2F706C61 
 656      74666F72 
 657              	.LASF9:
 658 011e 5F5F7569 		.ascii	"__uint32_t\000"
 658      6E743332 
 658      5F7400
 659              	.LASF1:
 660 0129 756E7369 		.ascii	"unsigned int\000"
 660      676E6564 
 660      20696E74 
 660      00
 661              	.LASF0:
 662 0136 6C6F6E67 		.ascii	"long long unsigned int\000"
 662      206C6F6E 
 662      6720756E 
 662      7369676E 
 662      65642069 
 663              	.LASF20:
 664 014d 62636D32 		.ascii	"bcm2835_delay\000"
 664      3833355F 
 664      64656C61 
 664      7900
 665              	.LASF8:
 666 015b 6C6F6E67 		.ascii	"long long int\000"
 666      206C6F6E 
 666      6720696E 
 666      7400
 667              	.LASF14:
 668 0169 6F666673 		.ascii	"offset\000"
 668      657400
 669              	.LASF4:
 670 0170 73686F72 		.ascii	"short int\000"
 670      7420696E 
 670      7400
 671              	.LASF15:
 672 017a 6770666E 		.ascii	"gpfnsel\000"
 672      73656C00 
 673              	.LASF18:
 674 0182 2F686F6D 		.ascii	"/home/hunter/development/chibi/ChibiOS-RPi/demos/AR"
 674      652F6875 
 674      6E746572 
ARM GAS  /tmp/ccIxxnEa.s 			page 14


 674      2F646576 
 674      656C6F70 
 675 01b5 4D31312D 		.ascii	"M11-BCM2835-GCC\000"
 675      42434D32 
 675      3833352D 
 675      47434300 
 676              	.LASF6:
 677 01c5 6C6F6E67 		.ascii	"long int\000"
 677      20696E74 
 677      00
 678              	.LASF2:
 679 01ce 7369676E 		.ascii	"signed char\000"
 679      65642063 
 679      68617200 
 680              		.ident	"GCC: (15:4.9.3+svn231177-1) 4.9.3 20150529 (prerelease)"
ARM GAS  /tmp/ccIxxnEa.s 			page 15


DEFINED SYMBOLS
                            *ABS*:0000000000000000 bcm2835.c
     /tmp/ccIxxnEa.s:17     .text.bcm2835_gpio_fnsel:0000000000000000 $a
     /tmp/ccIxxnEa.s:20     .text.bcm2835_gpio_fnsel:0000000000000000 bcm2835_gpio_fnsel
     /tmp/ccIxxnEa.s:64     .text.bcm2835_gpio_fnsel:0000000000000048 $d
     /tmp/ccIxxnEa.s:69     .text.bcm2835_delay:0000000000000000 $a
     /tmp/ccIxxnEa.s:72     .text.bcm2835_delay:0000000000000000 bcm2835_delay
                     .debug_frame:0000000000000010 $d

NO UNDEFINED SYMBOLS
