ARM GAS  /tmp/ccH7vtkd.s 			page 1


   1              		.cpu arm1176jz-s
   2              		.fpu softvfp
   3              		.eabi_attribute 20, 1
   4              		.eabi_attribute 21, 1
   5              		.eabi_attribute 23, 3
   6              		.eabi_attribute 24, 1
   7              		.eabi_attribute 25, 1
   8              		.eabi_attribute 26, 1
   9              		.eabi_attribute 30, 2
  10              		.eabi_attribute 34, 1
  11              		.eabi_attribute 18, 4
  12              		.file	"board.c"
  13              		.text
  14              	.Ltext0:
  15              		.cfi_sections	.debug_frame
  16              		.section	.text.boardInit,"ax",%progbits
  17              		.align	2
  18              		.global	boardInit
  19              		.type	boardInit, %function
  20              	boardInit:
  21              	.LFB7:
  22              		.file 1 "../../boards/RASPBERRYPI_MODB/board.c"
  23              		.loc 1 38 0
  24              		.cfi_startproc
  25              		@ args = 0, pretend = 0, frame = 0
  26              		@ frame_needed = 0, uses_anonymous_args = 0
  27              		@ link register save eliminated.
  28 0000 1EFF2FE1 		bx	lr
  29              		.cfi_endproc
  30              	.LFE7:
  31              		.size	boardInit, .-boardInit
  32              		.global	pal_default_config
  33              		.section	.rodata.pal_default_config,"a",%progbits
  34              		.align	2
  35              		.type	pal_default_config, %object
  36              		.size	pal_default_config, 0
  37              	pal_default_config:
  38              		.text
  39              	.Letext0:
  40              		.file 2 "../../os/hal/platforms/BCM2835/pal_lld.h"
  41              		.section	.debug_info,"",%progbits
  42              	.Ldebug_info0:
  43 0000 AC000000 		.4byte	0xac
  44 0004 0400     		.2byte	0x4
  45 0006 00000000 		.4byte	.Ldebug_abbrev0
  46 000a 04       		.byte	0x4
  47 000b 01       		.uleb128 0x1
  48 000c 22010000 		.4byte	.LASF11
  49 0010 01       		.byte	0x1
  50 0011 0E000000 		.4byte	.LASF12
  51 0015 74000000 		.4byte	.LASF13
  52 0019 00000000 		.4byte	.Ldebug_ranges0+0
  53 001d 00000000 		.4byte	0
  54 0021 00000000 		.4byte	.Ldebug_line0
  55 0025 02       		.uleb128 0x2
  56 0026 04       		.byte	0x4
  57 0027 05       		.byte	0x5
ARM GAS  /tmp/ccH7vtkd.s 			page 2


  58 0028 696E7400 		.ascii	"int\000"
  59 002c 03       		.uleb128 0x3
  60 002d 04       		.byte	0x4
  61 002e 07       		.byte	0x7
  62 002f 34000000 		.4byte	.LASF0
  63 0033 03       		.uleb128 0x3
  64 0034 01       		.byte	0x1
  65 0035 06       		.byte	0x6
  66 0036 03010000 		.4byte	.LASF1
  67 003a 03       		.uleb128 0x3
  68 003b 01       		.byte	0x1
  69 003c 08       		.byte	0x8
  70 003d C1000000 		.4byte	.LASF2
  71 0041 03       		.uleb128 0x3
  72 0042 02       		.byte	0x2
  73 0043 05       		.byte	0x5
  74 0044 0F010000 		.4byte	.LASF3
  75 0048 03       		.uleb128 0x3
  76 0049 02       		.byte	0x2
  77 004a 07       		.byte	0x7
  78 004b F0000000 		.4byte	.LASF4
  79 004f 03       		.uleb128 0x3
  80 0050 04       		.byte	0x4
  81 0051 05       		.byte	0x5
  82 0052 D4000000 		.4byte	.LASF5
  83 0056 03       		.uleb128 0x3
  84 0057 04       		.byte	0x4
  85 0058 07       		.byte	0x7
  86 0059 4B000000 		.4byte	.LASF6
  87 005d 03       		.uleb128 0x3
  88 005e 08       		.byte	0x8
  89 005f 05       		.byte	0x5
  90 0060 00000000 		.4byte	.LASF7
  91 0064 03       		.uleb128 0x3
  92 0065 08       		.byte	0x8
  93 0066 07       		.byte	0x7
  94 0067 5D000000 		.4byte	.LASF8
  95 006b 03       		.uleb128 0x3
  96 006c 01       		.byte	0x1
  97 006d 08       		.byte	0x8
  98 006e CF000000 		.4byte	.LASF9
  99 0072 03       		.uleb128 0x3
 100 0073 04       		.byte	0x4
 101 0074 07       		.byte	0x7
 102 0075 19010000 		.4byte	.LASF10
 103 0079 04       		.uleb128 0x4
 104 007a 00       		.byte	0
 105 007b 02       		.byte	0x2
 106 007c 43       		.byte	0x43
 107 007d 05       		.uleb128 0x5
 108 007e B7000000 		.4byte	.LASF14
 109 0082 02       		.byte	0x2
 110 0083 45       		.byte	0x45
 111 0084 79000000 		.4byte	0x79
 112 0088 06       		.uleb128 0x6
 113 0089 41000000 		.4byte	.LASF15
 114 008d 01       		.byte	0x1
ARM GAS  /tmp/ccH7vtkd.s 			page 3


 115 008e 26       		.byte	0x26
 116 008f 00000000 		.4byte	.LFB7
 117 0093 04000000 		.4byte	.LFE7-.LFB7
 118 0097 01       		.uleb128 0x1
 119 0098 9C       		.byte	0x9c
 120 0099 07       		.uleb128 0x7
 121 009a DD000000 		.4byte	.LASF16
 122 009e 01       		.byte	0x1
 123 009f 1D       		.byte	0x1d
 124 00a0 AA000000 		.4byte	0xaa
 125 00a4 05       		.uleb128 0x5
 126 00a5 03       		.byte	0x3
 127 00a6 00000000 		.4byte	pal_default_config
 128 00aa 08       		.uleb128 0x8
 129 00ab 7D000000 		.4byte	0x7d
 130 00af 00       		.byte	0
 131              		.section	.debug_abbrev,"",%progbits
 132              	.Ldebug_abbrev0:
 133 0000 01       		.uleb128 0x1
 134 0001 11       		.uleb128 0x11
 135 0002 01       		.byte	0x1
 136 0003 25       		.uleb128 0x25
 137 0004 0E       		.uleb128 0xe
 138 0005 13       		.uleb128 0x13
 139 0006 0B       		.uleb128 0xb
 140 0007 03       		.uleb128 0x3
 141 0008 0E       		.uleb128 0xe
 142 0009 1B       		.uleb128 0x1b
 143 000a 0E       		.uleb128 0xe
 144 000b 55       		.uleb128 0x55
 145 000c 17       		.uleb128 0x17
 146 000d 11       		.uleb128 0x11
 147 000e 01       		.uleb128 0x1
 148 000f 10       		.uleb128 0x10
 149 0010 17       		.uleb128 0x17
 150 0011 00       		.byte	0
 151 0012 00       		.byte	0
 152 0013 02       		.uleb128 0x2
 153 0014 24       		.uleb128 0x24
 154 0015 00       		.byte	0
 155 0016 0B       		.uleb128 0xb
 156 0017 0B       		.uleb128 0xb
 157 0018 3E       		.uleb128 0x3e
 158 0019 0B       		.uleb128 0xb
 159 001a 03       		.uleb128 0x3
 160 001b 08       		.uleb128 0x8
 161 001c 00       		.byte	0
 162 001d 00       		.byte	0
 163 001e 03       		.uleb128 0x3
 164 001f 24       		.uleb128 0x24
 165 0020 00       		.byte	0
 166 0021 0B       		.uleb128 0xb
 167 0022 0B       		.uleb128 0xb
 168 0023 3E       		.uleb128 0x3e
 169 0024 0B       		.uleb128 0xb
 170 0025 03       		.uleb128 0x3
 171 0026 0E       		.uleb128 0xe
ARM GAS  /tmp/ccH7vtkd.s 			page 4


 172 0027 00       		.byte	0
 173 0028 00       		.byte	0
 174 0029 04       		.uleb128 0x4
 175 002a 13       		.uleb128 0x13
 176 002b 00       		.byte	0
 177 002c 0B       		.uleb128 0xb
 178 002d 0B       		.uleb128 0xb
 179 002e 3A       		.uleb128 0x3a
 180 002f 0B       		.uleb128 0xb
 181 0030 3B       		.uleb128 0x3b
 182 0031 0B       		.uleb128 0xb
 183 0032 00       		.byte	0
 184 0033 00       		.byte	0
 185 0034 05       		.uleb128 0x5
 186 0035 16       		.uleb128 0x16
 187 0036 00       		.byte	0
 188 0037 03       		.uleb128 0x3
 189 0038 0E       		.uleb128 0xe
 190 0039 3A       		.uleb128 0x3a
 191 003a 0B       		.uleb128 0xb
 192 003b 3B       		.uleb128 0x3b
 193 003c 0B       		.uleb128 0xb
 194 003d 49       		.uleb128 0x49
 195 003e 13       		.uleb128 0x13
 196 003f 00       		.byte	0
 197 0040 00       		.byte	0
 198 0041 06       		.uleb128 0x6
 199 0042 2E       		.uleb128 0x2e
 200 0043 00       		.byte	0
 201 0044 3F       		.uleb128 0x3f
 202 0045 19       		.uleb128 0x19
 203 0046 03       		.uleb128 0x3
 204 0047 0E       		.uleb128 0xe
 205 0048 3A       		.uleb128 0x3a
 206 0049 0B       		.uleb128 0xb
 207 004a 3B       		.uleb128 0x3b
 208 004b 0B       		.uleb128 0xb
 209 004c 27       		.uleb128 0x27
 210 004d 19       		.uleb128 0x19
 211 004e 11       		.uleb128 0x11
 212 004f 01       		.uleb128 0x1
 213 0050 12       		.uleb128 0x12
 214 0051 06       		.uleb128 0x6
 215 0052 40       		.uleb128 0x40
 216 0053 18       		.uleb128 0x18
 217 0054 9742     		.uleb128 0x2117
 218 0056 19       		.uleb128 0x19
 219 0057 00       		.byte	0
 220 0058 00       		.byte	0
 221 0059 07       		.uleb128 0x7
 222 005a 34       		.uleb128 0x34
 223 005b 00       		.byte	0
 224 005c 03       		.uleb128 0x3
 225 005d 0E       		.uleb128 0xe
 226 005e 3A       		.uleb128 0x3a
 227 005f 0B       		.uleb128 0xb
 228 0060 3B       		.uleb128 0x3b
ARM GAS  /tmp/ccH7vtkd.s 			page 5


 229 0061 0B       		.uleb128 0xb
 230 0062 49       		.uleb128 0x49
 231 0063 13       		.uleb128 0x13
 232 0064 3F       		.uleb128 0x3f
 233 0065 19       		.uleb128 0x19
 234 0066 02       		.uleb128 0x2
 235 0067 18       		.uleb128 0x18
 236 0068 00       		.byte	0
 237 0069 00       		.byte	0
 238 006a 08       		.uleb128 0x8
 239 006b 26       		.uleb128 0x26
 240 006c 00       		.byte	0
 241 006d 49       		.uleb128 0x49
 242 006e 13       		.uleb128 0x13
 243 006f 00       		.byte	0
 244 0070 00       		.byte	0
 245 0071 00       		.byte	0
 246              		.section	.debug_aranges,"",%progbits
 247 0000 1C000000 		.4byte	0x1c
 248 0004 0200     		.2byte	0x2
 249 0006 00000000 		.4byte	.Ldebug_info0
 250 000a 04       		.byte	0x4
 251 000b 00       		.byte	0
 252 000c 0000     		.2byte	0
 253 000e 0000     		.2byte	0
 254 0010 00000000 		.4byte	.LFB7
 255 0014 04000000 		.4byte	.LFE7-.LFB7
 256 0018 00000000 		.4byte	0
 257 001c 00000000 		.4byte	0
 258              		.section	.debug_ranges,"",%progbits
 259              	.Ldebug_ranges0:
 260 0000 00000000 		.4byte	.LFB7
 261 0004 04000000 		.4byte	.LFE7
 262 0008 00000000 		.4byte	0
 263 000c 00000000 		.4byte	0
 264              		.section	.debug_line,"",%progbits
 265              	.Ldebug_line0:
 266 0000 7D000000 		.section	.debug_str,"MS",%progbits,1
 266      02006800 
 266      00000201 
 266      FB0E0D00 
 266      01010101 
 267              	.LASF7:
 268 0000 6C6F6E67 		.ascii	"long long int\000"
 268      206C6F6E 
 268      6720696E 
 268      7400
 269              	.LASF12:
 270 000e 2E2E2F2E 		.ascii	"../../boards/RASPBERRYPI_MODB/board.c\000"
 270      2E2F626F 
 270      61726473 
 270      2F524153 
 270      50424552 
 271              	.LASF0:
 272 0034 756E7369 		.ascii	"unsigned int\000"
 272      676E6564 
 272      20696E74 
ARM GAS  /tmp/ccH7vtkd.s 			page 6


 272      00
 273              	.LASF15:
 274 0041 626F6172 		.ascii	"boardInit\000"
 274      64496E69 
 274      7400
 275              	.LASF6:
 276 004b 6C6F6E67 		.ascii	"long unsigned int\000"
 276      20756E73 
 276      69676E65 
 276      6420696E 
 276      7400
 277              	.LASF8:
 278 005d 6C6F6E67 		.ascii	"long long unsigned int\000"
 278      206C6F6E 
 278      6720756E 
 278      7369676E 
 278      65642069 
 279              	.LASF13:
 280 0074 2F686F6D 		.ascii	"/home/hunter/development/chibi/ChibiOS-RPi/demos/AR"
 280      652F6875 
 280      6E746572 
 280      2F646576 
 280      656C6F70 
 281 00a7 4D31312D 		.ascii	"M11-BCM2835-GCC\000"
 281      42434D32 
 281      3833352D 
 281      47434300 
 282              	.LASF14:
 283 00b7 50414C43 		.ascii	"PALConfig\000"
 283      6F6E6669 
 283      6700
 284              	.LASF2:
 285 00c1 756E7369 		.ascii	"unsigned char\000"
 285      676E6564 
 285      20636861 
 285      7200
 286              	.LASF9:
 287 00cf 63686172 		.ascii	"char\000"
 287      00
 288              	.LASF5:
 289 00d4 6C6F6E67 		.ascii	"long int\000"
 289      20696E74 
 289      00
 290              	.LASF16:
 291 00dd 70616C5F 		.ascii	"pal_default_config\000"
 291      64656661 
 291      756C745F 
 291      636F6E66 
 291      696700
 292              	.LASF4:
 293 00f0 73686F72 		.ascii	"short unsigned int\000"
 293      7420756E 
 293      7369676E 
 293      65642069 
 293      6E7400
 294              	.LASF1:
 295 0103 7369676E 		.ascii	"signed char\000"
ARM GAS  /tmp/ccH7vtkd.s 			page 7


 295      65642063 
 295      68617200 
 296              	.LASF3:
 297 010f 73686F72 		.ascii	"short int\000"
 297      7420696E 
 297      7400
 298              	.LASF10:
 299 0119 73697A65 		.ascii	"sizetype\000"
 299      74797065 
 299      00
 300              	.LASF11:
 301 0122 474E5520 		.ascii	"GNU C 4.9.3 20150529 (prerelease) -mcpu=arm1176jz-s"
 301      4320342E 
 301      392E3320 
 301      32303135 
 301      30353239 
 302 0155 202D6D6E 		.ascii	" -mno-thumb-interwork -ggdb -O2 -fomit-frame-pointe"
 302      6F2D7468 
 302      756D622D 
 302      696E7465 
 302      72776F72 
 303 0188 72202D66 		.ascii	"r -ffunction-sections -fdata-sections\000"
 303      66756E63 
 303      74696F6E 
 303      2D736563 
 303      74696F6E 
 304              		.ident	"GCC: (15:4.9.3+svn231177-1) 4.9.3 20150529 (prerelease)"
ARM GAS  /tmp/ccH7vtkd.s 			page 8


DEFINED SYMBOLS
                            *ABS*:0000000000000000 board.c
     /tmp/ccH7vtkd.s:17     .text.boardInit:0000000000000000 $a
     /tmp/ccH7vtkd.s:20     .text.boardInit:0000000000000000 boardInit
     /tmp/ccH7vtkd.s:37     .rodata.pal_default_config:0000000000000000 pal_default_config
                     .debug_frame:0000000000000010 $d

NO UNDEFINED SYMBOLS
