ARM GAS  /tmp/ccbaJKaQ.s 			page 1


   1              		.cpu arm1176jz-s
   2              		.fpu softvfp
   3              		.eabi_attribute 20, 1
   4              		.eabi_attribute 21, 1
   5              		.eabi_attribute 23, 3
   6              		.eabi_attribute 24, 1
   7              		.eabi_attribute 25, 1
   8              		.eabi_attribute 26, 1
   9              		.eabi_attribute 30, 2
  10              		.eabi_attribute 34, 1
  11              		.eabi_attribute 18, 4
  12              		.file	"chheap.c"
  13              		.text
  14              	.Ltext0:
  15              		.cfi_sections	.debug_frame
  16              		.section	.text._heap_init,"ax",%progbits
  17              		.align	2
  18              		.global	_heap_init
  19              		.type	_heap_init, %function
  20              	_heap_init:
  21              	.LFB7:
  22              		.file 1 "../../os/kernel/src/chheap.c"
  23              		.loc 1 68 0
  24              		.cfi_startproc
  25              		@ args = 0, pretend = 0, frame = 0
  26              		@ frame_needed = 0, uses_anonymous_args = 0
  27              		@ link register save eliminated.
  28              		.loc 1 70 0
  29 0000 0020A0E3 		mov	r2, #0
  30              		.loc 1 69 0
  31 0004 14309FE5 		ldr	r3, .L2
  32 0008 14109FE5 		ldr	r1, .L2+4
  33              		.loc 1 73 0
  34 000c 0C0083E2 		add	r0, r3, #12
  35              		.loc 1 70 0
  36 0010 042083E5 		str	r2, [r3, #4]
  37              		.loc 1 71 0
  38 0014 082083E5 		str	r2, [r3, #8]
  39              		.loc 1 69 0
  40 0018 001083E5 		str	r1, [r3]
  41              		.loc 1 73 0
  42 001c FEFFFFEA 		b	chMtxInit
  43              	.LVL0:
  44              	.L3:
  45              		.align	2
  46              	.L2:
  47 0020 00000000 		.word	.LANCHOR0
  48 0024 00000000 		.word	chCoreAlloc
  49              		.cfi_endproc
  50              	.LFE7:
  51              		.size	_heap_init, .-_heap_init
  52              		.section	.text.chHeapInit,"ax",%progbits
  53              		.align	2
  54              		.global	chHeapInit
  55              		.type	chHeapInit, %function
  56              	chHeapInit:
  57              	.LFB8:
ARM GAS  /tmp/ccbaJKaQ.s 			page 2


  58              		.loc 1 92 0
  59              		.cfi_startproc
  60              		@ args = 0, pretend = 0, frame = 0
  61              		@ frame_needed = 0, uses_anonymous_args = 0
  62              		@ link register save eliminated.
  63              	.LVL1:
  64              		.loc 1 97 0
  65 0000 0030A0E3 		mov	r3, #0
  66              		.loc 1 101 0
  67 0004 082042E2 		sub	r2, r2, #8
  68              	.LVL2:
  69              		.loc 1 98 0
  70 0008 041080E5 		str	r1, [r0, #4]
  71              		.loc 1 97 0
  72 000c 003080E5 		str	r3, [r0]
  73              	.LVL3:
  74              		.loc 1 99 0
  75 0010 083080E5 		str	r3, [r0, #8]
  76              		.loc 1 103 0
  77 0014 0C0080E2 		add	r0, r0, #12
  78              	.LVL4:
  79              		.loc 1 101 0
  80 0018 042081E5 		str	r2, [r1, #4]
  81              		.loc 1 100 0
  82 001c 003081E5 		str	r3, [r1]
  83              		.loc 1 103 0
  84 0020 FEFFFFEA 		b	chMtxInit
  85              	.LVL5:
  86              		.cfi_endproc
  87              	.LFE8:
  88              		.size	chHeapInit, .-chHeapInit
  89              		.section	.text.chHeapAlloc,"ax",%progbits
  90              		.align	2
  91              		.global	chHeapAlloc
  92              		.type	chHeapAlloc, %function
  93              	chHeapAlloc:
  94              	.LFB9:
  95              		.loc 1 125 0
  96              		.cfi_startproc
  97              		@ args = 0, pretend = 0, frame = 0
  98              		@ frame_needed = 0, uses_anonymous_args = 0
  99              	.LVL6:
 100              		.loc 1 129 0
 101 0000 000050E3 		cmp	r0, #0
 102              		.loc 1 125 0
 103 0004 70402DE9 		stmfd	sp!, {r4, r5, r6, lr}
 104              		.cfi_def_cfa_offset 16
 105              		.cfi_offset 4, -16
 106              		.cfi_offset 5, -12
 107              		.cfi_offset 6, -8
 108              		.cfi_offset 14, -4
 109              		.loc 1 129 0
 110 0008 C0609FE5 		ldr	r6, .L21
 111 000c 0060A011 		movne	r6, r0
 112              	.LVL7:
 113              		.loc 1 131 0
 114 0010 031081E2 		add	r1, r1, #3
ARM GAS  /tmp/ccbaJKaQ.s 			page 3


 115              	.LVL8:
 116              		.loc 1 133 0
 117 0014 0C0086E2 		add	r0, r6, #12
 118              		.loc 1 131 0
 119 0018 0350C1E3 		bic	r5, r1, #3
 120              	.LVL9:
 121              		.loc 1 132 0
 122 001c 044086E2 		add	r4, r6, #4
 123              	.LVL10:
 124              		.loc 1 133 0
 125 0020 FEFFFFEB 		bl	chMtxLock
 126              	.LVL11:
 127              		.loc 1 135 0
 128 0024 030000EA 		b	.L7
 129              	.LVL12:
 130              	.L11:
 131              		.loc 1 137 0
 132 0028 043090E5 		ldr	r3, [r0, #4]
 133 002c 030055E1 		cmp	r5, r3
 134 0030 1000009A 		bls	.L20
 135 0034 0040A0E1 		mov	r4, r0
 136              	.LVL13:
 137              	.L7:
 138              		.loc 1 135 0
 139 0038 000094E5 		ldr	r0, [r4]
 140              	.LVL14:
 141 003c 000050E3 		cmp	r0, #0
 142 0040 F8FFFF1A 		bne	.L11
 143              		.loc 1 160 0
 144 0044 FEFFFFEB 		bl	chMtxUnlock
 145              	.LVL15:
 146              		.loc 1 164 0
 147 0048 003096E5 		ldr	r3, [r6]
 148 004c 000053E3 		cmp	r3, #0
 149 0050 1C00000A 		beq	.L13
 150              		.loc 1 165 0
 151 0054 080085E2 		add	r0, r5, #8
 152 0058 33FF2FE1 		blx	r3
 153              	.LVL16:
 154              		.loc 1 166 0
 155 005c 000050E3 		cmp	r0, #0
 156 0060 1800000A 		beq	.L13
 157              		.loc 1 167 0
 158 0064 006080E5 		str	r6, [r0]
 159              		.loc 1 168 0
 160 0068 045080E5 		str	r5, [r0, #4]
 161              		.loc 1 169 0
 162 006c 084080E2 		add	r4, r0, #8
 163              	.LVL17:
 164              	.L10:
 165              		.loc 1 174 0
 166 0070 0400A0E1 		mov	r0, r4
 167 0074 7080BDE8 		ldmfd	sp!, {r4, r5, r6, pc}
 168              	.LVL18:
 169              	.L20:
 170              		.loc 1 138 0
 171 0078 082085E2 		add	r2, r5, #8
ARM GAS  /tmp/ccbaJKaQ.s 			page 4


 172 007c 030052E1 		cmp	r2, r3
 173 0080 0600009A 		bls	.L8
 174              		.loc 1 142 0
 175 0084 003090E5 		ldr	r3, [r0]
 176 0088 003084E5 		str	r3, [r4]
 177              	.L9:
 178              		.loc 1 152 0
 179 008c 0040A0E1 		mov	r4, r0
 180              	.LVL19:
 181 0090 086084E4 		str	r6, [r4], #8
 182              		.loc 1 154 0
 183 0094 FEFFFFEB 		bl	chMtxUnlock
 184              	.LVL20:
 185              		.loc 1 174 0
 186 0098 0400A0E1 		mov	r0, r4
 187 009c 7080BDE8 		ldmfd	sp!, {r4, r5, r6, pc}
 188              	.LVL21:
 189              	.L8:
 190 00a0 0710E0E3 		mvn	r1, #7
 191              		.loc 1 147 0
 192 00a4 00C090E5 		ldr	ip, [r0]
 193 00a8 011065E0 		rsb	r1, r5, r1
 194              		.loc 1 148 0
 195 00ac 033081E0 		add	r3, r1, r3
 196              		.loc 1 146 0
 197 00b0 021080E0 		add	r1, r0, r2
 198              	.LVL22:
 199              		.loc 1 147 0
 200 00b4 02C080E7 		str	ip, [r0, r2]
 201              		.loc 1 148 0
 202 00b8 043081E5 		str	r3, [r1, #4]
 203              		.loc 1 149 0
 204 00bc 001084E5 		str	r1, [r4]
 205              		.loc 1 150 0
 206 00c0 045080E5 		str	r5, [r0, #4]
 207 00c4 F0FFFFEA 		b	.L9
 208              	.LVL23:
 209              	.L13:
 210              		.loc 1 173 0
 211 00c8 0040A0E3 		mov	r4, #0
 212              	.LVL24:
 213 00cc E7FFFFEA 		b	.L10
 214              	.L22:
 215              		.align	2
 216              	.L21:
 217 00d0 00000000 		.word	.LANCHOR0
 218              		.cfi_endproc
 219              	.LFE9:
 220              		.size	chHeapAlloc, .-chHeapAlloc
 221              		.section	.text.chHeapFree,"ax",%progbits
 222              		.align	2
 223              		.global	chHeapFree
 224              		.type	chHeapFree, %function
 225              	chHeapFree:
 226              	.LFB10:
 227              		.loc 1 187 0
 228              		.cfi_startproc
ARM GAS  /tmp/ccbaJKaQ.s 			page 5


 229              		@ args = 0, pretend = 0, frame = 0
 230              		@ frame_needed = 0, uses_anonymous_args = 0
 231              	.LVL25:
 232 0000 70402DE9 		stmfd	sp!, {r4, r5, r6, lr}
 233              		.cfi_def_cfa_offset 16
 234              		.cfi_offset 4, -16
 235              		.cfi_offset 5, -12
 236              		.cfi_offset 6, -8
 237              		.cfi_offset 14, -4
 238              		.loc 1 187 0
 239 0004 0060A0E1 		mov	r6, r0
 240              		.loc 1 194 0
 241 0008 080010E5 		ldr	r0, [r0, #-8]
 242              	.LVL26:
 243              		.loc 1 193 0
 244 000c 084046E2 		sub	r4, r6, #8
 245              	.LVL27:
 246              		.loc 1 195 0
 247 0010 045080E2 		add	r5, r0, #4
 248              	.LVL28:
 249              		.loc 1 196 0
 250 0014 0C0080E2 		add	r0, r0, #12
 251              	.LVL29:
 252 0018 FEFFFFEB 		bl	chMtxLock
 253              	.LVL30:
 254              		.loc 1 195 0
 255 001c 0530A0E1 		mov	r3, r5
 256              	.LVL31:
 257              	.L29:
 258              		.loc 1 203 0
 259 0020 040053E1 		cmp	r3, r4
 260 0024 0020A023 		movcs	r2, #0
 261 0028 0120A033 		movcc	r2, #1
 262 002c 050053E1 		cmp	r3, r5
 263 0030 01208203 		orreq	r2, r2, #1
 264 0034 000052E3 		cmp	r2, #0
 265 0038 00309305 		ldreq	r3, [r3]
 266              	.LVL32:
 267 003c F7FFFF0A 		beq	.L29
 268              	.LVL33:
 269              	.L35:
 270              		.loc 1 204 0 discriminator 3
 271 0040 002093E5 		ldr	r2, [r3]
 272              		.loc 1 203 0 discriminator 3
 273 0044 000052E3 		cmp	r2, #0
 274 0048 0200000A 		beq	.L25
 275              		.loc 1 204 0
 276 004c 020054E1 		cmp	r4, r2
 277 0050 0230A021 		movcs	r3, r2
 278              	.LVL34:
 279              		.loc 1 222 0
 280 0054 F1FFFF2A 		bcs	.L29
 281              	.LVL35:
 282              	.L25:
 283              		.loc 1 209 0
 284 0058 041016E5 		ldr	r1, [r6, #-4]
 285              		.loc 1 206 0
ARM GAS  /tmp/ccbaJKaQ.s 			page 6


 286 005c 082006E5 		str	r2, [r6, #-8]
 287              		.loc 1 207 0
 288 0060 004083E5 		str	r4, [r3]
 289              		.loc 1 209 0
 290 0064 080081E2 		add	r0, r1, #8
 291 0068 08C016E5 		ldr	ip, [r6, #-8]
 292 006c 002084E0 		add	r2, r4, r0
 293 0070 0C0052E1 		cmp	r2, ip
 294              		.loc 1 211 0
 295 0074 04209205 		ldreq	r2, [r2, #4]
 296              		.loc 1 212 0
 297 0078 00009407 		ldreq	r0, [r4, r0]
 298              		.loc 1 211 0
 299 007c 02208100 		addeq	r2, r1, r2
 300 0080 08208202 		addeq	r2, r2, #8
 301              		.loc 1 212 0
 302 0084 05000609 		stmeqdb	r6, {r0, r2}
 303              		.loc 1 214 0
 304 0088 041093E5 		ldr	r1, [r3, #4]
 305 008c 082081E2 		add	r2, r1, #8
 306 0090 022083E0 		add	r2, r3, r2
 307 0094 020054E1 		cmp	r4, r2
 308 0098 0100000A 		beq	.L36
 309              		.loc 1 226 0
 310 009c 7040BDE8 		ldmfd	sp!, {r4, r5, r6, lr}
 311              		.cfi_remember_state
 312              		.cfi_restore 14
 313              		.cfi_restore 6
 314              		.cfi_restore 5
 315              		.cfi_restore 4
 316              		.cfi_def_cfa_offset 0
 317              	.LVL36:
 318              		.loc 1 224 0
 319 00a0 FEFFFFEA 		b	chMtxUnlock
 320              	.LVL37:
 321              	.L36:
 322              		.cfi_restore_state
 323              		.loc 1 217 0
 324 00a4 050016E9 		ldmdb	r6, {r0, r2}
 325              		.loc 1 216 0
 326 00a8 022081E0 		add	r2, r1, r2
 327 00ac 082082E2 		add	r2, r2, #8
 328              		.loc 1 217 0
 329 00b0 050083E8 		stmia	r3, {r0, r2}
 330              		.loc 1 226 0
 331 00b4 7040BDE8 		ldmfd	sp!, {r4, r5, r6, lr}
 332              		.cfi_restore 4
 333              		.cfi_restore 5
 334              		.cfi_restore 6
 335              		.cfi_restore 14
 336              		.cfi_def_cfa_offset 0
 337              	.LVL38:
 338              		.loc 1 224 0
 339 00b8 FEFFFFEA 		b	chMtxUnlock
 340              	.LVL39:
 341              		.cfi_endproc
 342              	.LFE10:
ARM GAS  /tmp/ccbaJKaQ.s 			page 7


 343              		.size	chHeapFree, .-chHeapFree
 344              		.section	.text.chHeapStatus,"ax",%progbits
 345              		.align	2
 346              		.global	chHeapStatus
 347              		.type	chHeapStatus, %function
 348              	chHeapStatus:
 349              	.LFB11:
 350              		.loc 1 243 0
 351              		.cfi_startproc
 352              		@ args = 0, pretend = 0, frame = 0
 353              		@ frame_needed = 0, uses_anonymous_args = 0
 354              	.LVL40:
 355              		.loc 1 248 0
 356 0000 000050E3 		cmp	r0, #0
 357              		.loc 1 243 0
 358 0004 38402DE9 		stmfd	sp!, {r3, r4, r5, lr}
 359              		.cfi_def_cfa_offset 16
 360              		.cfi_offset 3, -16
 361              		.cfi_offset 4, -12
 362              		.cfi_offset 5, -8
 363              		.cfi_offset 14, -4
 364              		.loc 1 248 0
 365 0008 58409FE5 		ldr	r4, .L48
 366 000c 0040A011 		movne	r4, r0
 367              	.LVL41:
 368              		.loc 1 250 0
 369 0010 0C0084E2 		add	r0, r4, #12
 370              		.loc 1 243 0
 371 0014 0150A0E1 		mov	r5, r1
 372              		.loc 1 250 0
 373 0018 FEFFFFEB 		bl	chMtxLock
 374              	.LVL42:
 375              		.loc 1 253 0
 376 001c 043094E5 		ldr	r3, [r4, #4]
 377 0020 000053E3 		cmp	r3, #0
 378 0024 0C00000A 		beq	.L42
 379              		.loc 1 253 0 is_stmt 0 discriminator 3
 380 0028 0020A0E3 		mov	r2, #0
 381 002c 0240A0E1 		mov	r4, r2
 382              	.LVL43:
 383              	.L40:
 384              		.loc 1 254 0 is_stmt 1 discriminator 3
 385 0030 040093E5 		ldr	r0, [r3, #4]
 386              		.loc 1 253 0 discriminator 3
 387 0034 003093E5 		ldr	r3, [r3]
 388 0038 014084E2 		add	r4, r4, #1
 389              	.LVL44:
 390 003c 000053E3 		cmp	r3, #0
 391              		.loc 1 254 0 discriminator 3
 392 0040 002082E0 		add	r2, r2, r0
 393              	.LVL45:
 394              		.loc 1 253 0 discriminator 3
 395 0044 F9FFFF1A 		bne	.L40
 396              	.LVL46:
 397              	.L39:
 398              		.loc 1 255 0
 399 0048 000055E3 		cmp	r5, #0
ARM GAS  /tmp/ccbaJKaQ.s 			page 8


 400              		.loc 1 256 0
 401 004c 00208515 		strne	r2, [r5]
 402              		.loc 1 258 0
 403 0050 FEFFFFEB 		bl	chMtxUnlock
 404              	.LVL47:
 405              		.loc 1 260 0
 406 0054 0400A0E1 		mov	r0, r4
 407 0058 3880BDE8 		ldmfd	sp!, {r3, r4, r5, pc}
 408              	.LVL48:
 409              	.L42:
 410              		.loc 1 252 0
 411 005c 0320A0E1 		mov	r2, r3
 412              		.loc 1 253 0
 413 0060 0340A0E1 		mov	r4, r3
 414              	.LVL49:
 415 0064 F7FFFFEA 		b	.L39
 416              	.L49:
 417              		.align	2
 418              	.L48:
 419 0068 00000000 		.word	.LANCHOR0
 420              		.cfi_endproc
 421              	.LFE11:
 422              		.size	chHeapStatus, .-chHeapStatus
 423              		.section	.bss.default_heap,"aw",%nobits
 424              		.align	2
 425              		.set	.LANCHOR0,. + 0
 426              		.type	default_heap, %object
 427              		.size	default_heap, 28
 428              	default_heap:
 429 0000 00000000 		.space	28
 429      00000000 
 429      00000000 
 429      00000000 
 429      00000000 
 430              		.text
 431              	.Letext0:
 432              		.file 2 "/usr/lib/gcc/arm-none-eabi/4.9.3/include/stddef.h"
 433              		.file 3 "/usr/include/newlib/machine/_default_types.h"
 434              		.file 4 "/usr/include/newlib/sys/_stdint.h"
 435              		.file 5 "../../os/ports/GCC/ARM/chtypes.h"
 436              		.file 6 "../../os/kernel/include/chlists.h"
 437              		.file 7 "../../os/kernel/include/chthreads.h"
 438              		.file 8 "../../os/ports/GCC/ARM/chcore.h"
 439              		.file 9 "../../os/kernel/include/chmtx.h"
 440              		.file 10 "../../os/kernel/include/chmemcore.h"
 441              		.file 11 "../../os/kernel/include/chheap.h"
 442              		.section	.debug_info,"",%progbits
 443              	.Ldebug_info0:
 444 0000 C1060000 		.4byte	0x6c1
 445 0004 0400     		.2byte	0x4
 446 0006 00000000 		.4byte	.Ldebug_abbrev0
 447 000a 04       		.byte	0x4
 448 000b 01       		.uleb128 0x1
 449 000c 2C030000 		.4byte	.LASF79
 450 0010 01       		.byte	0x1
 451 0011 C1000000 		.4byte	.LASF80
 452 0015 C6020000 		.4byte	.LASF81
ARM GAS  /tmp/ccbaJKaQ.s 			page 9


 453 0019 00000000 		.4byte	.Ldebug_ranges0+0
 454 001d 00000000 		.4byte	0
 455 0021 00000000 		.4byte	.Ldebug_line0
 456 0025 02       		.uleb128 0x2
 457 0026 04       		.byte	0x4
 458 0027 05       		.byte	0x5
 459 0028 696E7400 		.ascii	"int\000"
 460 002c 03       		.uleb128 0x3
 461 002d 06000000 		.4byte	.LASF2
 462 0031 02       		.byte	0x2
 463 0032 D4       		.byte	0xd4
 464 0033 37000000 		.4byte	0x37
 465 0037 04       		.uleb128 0x4
 466 0038 04       		.byte	0x4
 467 0039 07       		.byte	0x7
 468 003a 09010000 		.4byte	.LASF0
 469 003e 04       		.uleb128 0x4
 470 003f 01       		.byte	0x1
 471 0040 06       		.byte	0x6
 472 0041 89000000 		.4byte	.LASF1
 473 0045 03       		.uleb128 0x3
 474 0046 14000000 		.4byte	.LASF3
 475 004a 03       		.byte	0x3
 476 004b 1D       		.byte	0x1d
 477 004c 50000000 		.4byte	0x50
 478 0050 04       		.uleb128 0x4
 479 0051 01       		.byte	0x1
 480 0052 08       		.byte	0x8
 481 0053 DB010000 		.4byte	.LASF4
 482 0057 04       		.uleb128 0x4
 483 0058 02       		.byte	0x2
 484 0059 05       		.byte	0x5
 485 005a FE010000 		.4byte	.LASF5
 486 005e 04       		.uleb128 0x4
 487 005f 02       		.byte	0x2
 488 0060 07       		.byte	0x7
 489 0061 35010000 		.4byte	.LASF6
 490 0065 03       		.uleb128 0x3
 491 0066 A3020000 		.4byte	.LASF7
 492 006a 03       		.byte	0x3
 493 006b 3F       		.byte	0x3f
 494 006c 70000000 		.4byte	0x70
 495 0070 04       		.uleb128 0x4
 496 0071 04       		.byte	0x4
 497 0072 05       		.byte	0x5
 498 0073 B8000000 		.4byte	.LASF8
 499 0077 03       		.uleb128 0x3
 500 0078 EF000000 		.4byte	.LASF9
 501 007c 03       		.byte	0x3
 502 007d 41       		.byte	0x41
 503 007e 82000000 		.4byte	0x82
 504 0082 04       		.uleb128 0x4
 505 0083 04       		.byte	0x4
 506 0084 07       		.byte	0x7
 507 0085 16010000 		.4byte	.LASF10
 508 0089 04       		.uleb128 0x4
 509 008a 08       		.byte	0x8
ARM GAS  /tmp/ccbaJKaQ.s 			page 10


 510 008b 05       		.byte	0x5
 511 008c 7B000000 		.4byte	.LASF11
 512 0090 04       		.uleb128 0x4
 513 0091 08       		.byte	0x8
 514 0092 07       		.byte	0x7
 515 0093 2B000000 		.4byte	.LASF12
 516 0097 03       		.uleb128 0x3
 517 0098 10030000 		.4byte	.LASF13
 518 009c 04       		.byte	0x4
 519 009d 14       		.byte	0x14
 520 009e 45000000 		.4byte	0x45
 521 00a2 03       		.uleb128 0x3
 522 00a3 D3010000 		.4byte	.LASF14
 523 00a7 04       		.byte	0x4
 524 00a8 1F       		.byte	0x1f
 525 00a9 65000000 		.4byte	0x65
 526 00ad 03       		.uleb128 0x3
 527 00ae 5A020000 		.4byte	.LASF15
 528 00b2 04       		.byte	0x4
 529 00b3 20       		.byte	0x20
 530 00b4 77000000 		.4byte	0x77
 531 00b8 03       		.uleb128 0x3
 532 00b9 4E010000 		.4byte	.LASF16
 533 00bd 05       		.byte	0x5
 534 00be 2A       		.byte	0x2a
 535 00bf 97000000 		.4byte	0x97
 536 00c3 03       		.uleb128 0x3
 537 00c4 DE000000 		.4byte	.LASF17
 538 00c8 05       		.byte	0x5
 539 00c9 2B       		.byte	0x2b
 540 00ca 97000000 		.4byte	0x97
 541 00ce 03       		.uleb128 0x3
 542 00cf BC010000 		.4byte	.LASF18
 543 00d3 05       		.byte	0x5
 544 00d4 2C       		.byte	0x2c
 545 00d5 97000000 		.4byte	0x97
 546 00d9 03       		.uleb128 0x3
 547 00da AE000000 		.4byte	.LASF19
 548 00de 05       		.byte	0x5
 549 00df 2D       		.byte	0x2d
 550 00e0 97000000 		.4byte	0x97
 551 00e4 03       		.uleb128 0x3
 552 00e5 CB010000 		.4byte	.LASF20
 553 00e9 05       		.byte	0x5
 554 00ea 2E       		.byte	0x2e
 555 00eb AD000000 		.4byte	0xad
 556 00ef 03       		.uleb128 0x3
 557 00f0 48010000 		.4byte	.LASF21
 558 00f4 05       		.byte	0x5
 559 00f5 2F       		.byte	0x2f
 560 00f6 A2000000 		.4byte	0xa2
 561 00fa 03       		.uleb128 0x3
 562 00fb 6C010000 		.4byte	.LASF22
 563 00ff 05       		.byte	0x5
 564 0100 31       		.byte	0x31
 565 0101 AD000000 		.4byte	0xad
 566 0105 03       		.uleb128 0x3
ARM GAS  /tmp/ccbaJKaQ.s 			page 11


 567 0106 8E020000 		.4byte	.LASF23
 568 010a 05       		.byte	0x5
 569 010b 33       		.byte	0x33
 570 010c AD000000 		.4byte	0xad
 571 0110 03       		.uleb128 0x3
 572 0111 3C020000 		.4byte	.LASF24
 573 0115 06       		.byte	0x6
 574 0116 23       		.byte	0x23
 575 0117 1B010000 		.4byte	0x11b
 576 011b 05       		.uleb128 0x5
 577 011c 3C020000 		.4byte	.LASF24
 578 0120 44       		.byte	0x44
 579 0121 07       		.byte	0x7
 580 0122 57       		.byte	0x57
 581 0123 0C020000 		.4byte	0x20c
 582 0127 06       		.uleb128 0x6
 583 0128 2D020000 		.4byte	.LASF25
 584 012c 07       		.byte	0x7
 585 012d 58       		.byte	0x58
 586 012e 2D020000 		.4byte	0x22d
 587 0132 00       		.byte	0
 588 0133 06       		.uleb128 0x6
 589 0134 C4010000 		.4byte	.LASF26
 590 0138 07       		.byte	0x7
 591 0139 5A       		.byte	0x5a
 592 013a 2D020000 		.4byte	0x22d
 593 013e 04       		.byte	0x4
 594 013f 06       		.uleb128 0x6
 595 0140 74000000 		.4byte	.LASF27
 596 0144 07       		.byte	0x7
 597 0145 5C       		.byte	0x5c
 598 0146 E4000000 		.4byte	0xe4
 599 014a 08       		.byte	0x8
 600 014b 06       		.uleb128 0x6
 601 014c CB030000 		.4byte	.LASF28
 602 0150 07       		.byte	0x7
 603 0151 5D       		.byte	0x5d
 604 0152 E8020000 		.4byte	0x2e8
 605 0156 0C       		.byte	0xc
 606 0157 06       		.uleb128 0x6
 607 0158 E7000000 		.4byte	.LASF29
 608 015c 07       		.byte	0x7
 609 015d 5F       		.byte	0x5f
 610 015e 2D020000 		.4byte	0x22d
 611 0162 10       		.byte	0x10
 612 0163 06       		.uleb128 0x6
 613 0164 9C010000 		.4byte	.LASF30
 614 0168 07       		.byte	0x7
 615 0169 60       		.byte	0x60
 616 016a 2D020000 		.4byte	0x22d
 617 016e 14       		.byte	0x14
 618 016f 06       		.uleb128 0x6
 619 0170 25030000 		.4byte	.LASF31
 620 0174 07       		.byte	0x7
 621 0175 67       		.byte	0x67
 622 0176 4A040000 		.4byte	0x44a
 623 017a 18       		.byte	0x18
ARM GAS  /tmp/ccbaJKaQ.s 			page 12


 624 017b 06       		.uleb128 0x6
 625 017c 08020000 		.4byte	.LASF32
 626 0180 07       		.byte	0x7
 627 0181 72       		.byte	0x72
 628 0182 C3000000 		.4byte	0xc3
 629 0186 1C       		.byte	0x1c
 630 0187 06       		.uleb128 0x6
 631 0188 34020000 		.4byte	.LASF33
 632 018c 07       		.byte	0x7
 633 018d 76       		.byte	0x76
 634 018e B8000000 		.4byte	0xb8
 635 0192 1D       		.byte	0x1d
 636 0193 06       		.uleb128 0x6
 637 0194 09030000 		.4byte	.LASF34
 638 0198 07       		.byte	0x7
 639 0199 7B       		.byte	0x7b
 640 019a CE000000 		.4byte	0xce
 641 019e 1E       		.byte	0x1e
 642 019f 06       		.uleb128 0x6
 643 01a0 10020000 		.4byte	.LASF35
 644 01a4 07       		.byte	0x7
 645 01a5 81       		.byte	0x81
 646 01a6 D9000000 		.4byte	0xd9
 647 01aa 1F       		.byte	0x1f
 648 01ab 06       		.uleb128 0x6
 649 01ac AD020000 		.4byte	.LASF36
 650 01b0 07       		.byte	0x7
 651 01b1 88       		.byte	0x88
 652 01b2 07030000 		.4byte	0x307
 653 01b6 20       		.byte	0x20
 654 01b7 07       		.uleb128 0x7
 655 01b8 705F7500 		.ascii	"p_u\000"
 656 01bc 07       		.byte	0x7
 657 01bd AD       		.byte	0xad
 658 01be 15040000 		.4byte	0x415
 659 01c2 24       		.byte	0x24
 660 01c3 06       		.uleb128 0x6
 661 01c4 D1030000 		.4byte	.LASF37
 662 01c8 07       		.byte	0x7
 663 01c9 B2       		.byte	0xb2
 664 01ca 53020000 		.4byte	0x253
 665 01ce 28       		.byte	0x28
 666 01cf 06       		.uleb128 0x6
 667 01d0 BB020000 		.4byte	.LASF38
 668 01d4 07       		.byte	0x7
 669 01d5 B8       		.byte	0xb8
 670 01d6 33020000 		.4byte	0x233
 671 01da 2C       		.byte	0x2c
 672 01db 06       		.uleb128 0x6
 673 01dc 00000000 		.4byte	.LASF39
 674 01e0 07       		.byte	0x7
 675 01e1 BC       		.byte	0xbc
 676 01e2 EF000000 		.4byte	0xef
 677 01e6 34       		.byte	0x34
 678 01e7 06       		.uleb128 0x6
 679 01e8 4F020000 		.4byte	.LASF40
 680 01ec 07       		.byte	0x7
ARM GAS  /tmp/ccbaJKaQ.s 			page 13


 681 01ed C2       		.byte	0xc2
 682 01ee FA000000 		.4byte	0xfa
 683 01f2 38       		.byte	0x38
 684 01f3 06       		.uleb128 0x6
 685 01f4 F4010000 		.4byte	.LASF41
 686 01f8 07       		.byte	0x7
 687 01f9 C9       		.byte	0xc9
 688 01fa 5C040000 		.4byte	0x45c
 689 01fe 3C       		.byte	0x3c
 690 01ff 06       		.uleb128 0x6
 691 0200 98020000 		.4byte	.LASF42
 692 0204 07       		.byte	0x7
 693 0205 CD       		.byte	0xcd
 694 0206 E4000000 		.4byte	0xe4
 695 020a 40       		.byte	0x40
 696 020b 00       		.byte	0
 697 020c 08       		.uleb128 0x8
 698 020d 08       		.byte	0x8
 699 020e 06       		.byte	0x6
 700 020f 5A       		.byte	0x5a
 701 0210 2D020000 		.4byte	0x22d
 702 0214 06       		.uleb128 0x6
 703 0215 2D020000 		.4byte	.LASF25
 704 0219 06       		.byte	0x6
 705 021a 5B       		.byte	0x5b
 706 021b 2D020000 		.4byte	0x22d
 707 021f 00       		.byte	0
 708 0220 06       		.uleb128 0x6
 709 0221 C4010000 		.4byte	.LASF26
 710 0225 06       		.byte	0x6
 711 0226 5D       		.byte	0x5d
 712 0227 2D020000 		.4byte	0x22d
 713 022b 04       		.byte	0x4
 714 022c 00       		.byte	0
 715 022d 09       		.uleb128 0x9
 716 022e 04       		.byte	0x4
 717 022f 10010000 		.4byte	0x110
 718 0233 03       		.uleb128 0x3
 719 0234 A4010000 		.4byte	.LASF43
 720 0238 06       		.byte	0x6
 721 0239 5F       		.byte	0x5f
 722 023a 0C020000 		.4byte	0x20c
 723 023e 08       		.uleb128 0x8
 724 023f 04       		.byte	0x4
 725 0240 06       		.byte	0x6
 726 0241 64       		.byte	0x64
 727 0242 53020000 		.4byte	0x253
 728 0246 06       		.uleb128 0x6
 729 0247 2D020000 		.4byte	.LASF25
 730 024b 06       		.byte	0x6
 731 024c 66       		.byte	0x66
 732 024d 2D020000 		.4byte	0x22d
 733 0251 00       		.byte	0
 734 0252 00       		.byte	0
 735 0253 03       		.uleb128 0x3
 736 0254 60010000 		.4byte	.LASF44
 737 0258 06       		.byte	0x6
ARM GAS  /tmp/ccbaJKaQ.s 			page 14


 738 0259 69       		.byte	0x69
 739 025a 3E020000 		.4byte	0x23e
 740 025e 03       		.uleb128 0x3
 741 025f 7E010000 		.4byte	.LASF45
 742 0263 08       		.byte	0x8
 743 0264 9D       		.byte	0x9d
 744 0265 AD000000 		.4byte	0xad
 745 0269 03       		.uleb128 0x3
 746 026a FA000000 		.4byte	.LASF46
 747 026e 08       		.byte	0x8
 748 026f A2       		.byte	0xa2
 749 0270 74020000 		.4byte	0x274
 750 0274 0A       		.uleb128 0xa
 751 0275 04       		.byte	0x4
 752 0276 05       		.uleb128 0x5
 753 0277 B4020000 		.4byte	.LASF47
 754 027b 24       		.byte	0x24
 755 027c 08       		.byte	0x8
 756 027d B9       		.byte	0xb9
 757 027e E8020000 		.4byte	0x2e8
 758 0282 07       		.uleb128 0x7
 759 0283 723400   		.ascii	"r4\000"
 760 0286 08       		.byte	0x8
 761 0287 BA       		.byte	0xba
 762 0288 69020000 		.4byte	0x269
 763 028c 00       		.byte	0
 764 028d 07       		.uleb128 0x7
 765 028e 723500   		.ascii	"r5\000"
 766 0291 08       		.byte	0x8
 767 0292 BB       		.byte	0xbb
 768 0293 69020000 		.4byte	0x269
 769 0297 04       		.byte	0x4
 770 0298 07       		.uleb128 0x7
 771 0299 723600   		.ascii	"r6\000"
 772 029c 08       		.byte	0x8
 773 029d BC       		.byte	0xbc
 774 029e 69020000 		.4byte	0x269
 775 02a2 08       		.byte	0x8
 776 02a3 07       		.uleb128 0x7
 777 02a4 723700   		.ascii	"r7\000"
 778 02a7 08       		.byte	0x8
 779 02a8 BD       		.byte	0xbd
 780 02a9 69020000 		.4byte	0x269
 781 02ad 0C       		.byte	0xc
 782 02ae 07       		.uleb128 0x7
 783 02af 723800   		.ascii	"r8\000"
 784 02b2 08       		.byte	0x8
 785 02b3 BE       		.byte	0xbe
 786 02b4 69020000 		.4byte	0x269
 787 02b8 10       		.byte	0x10
 788 02b9 07       		.uleb128 0x7
 789 02ba 723900   		.ascii	"r9\000"
 790 02bd 08       		.byte	0x8
 791 02be BF       		.byte	0xbf
 792 02bf 69020000 		.4byte	0x269
 793 02c3 14       		.byte	0x14
 794 02c4 07       		.uleb128 0x7
ARM GAS  /tmp/ccbaJKaQ.s 			page 15


 795 02c5 72313000 		.ascii	"r10\000"
 796 02c9 08       		.byte	0x8
 797 02ca C0       		.byte	0xc0
 798 02cb 69020000 		.4byte	0x269
 799 02cf 18       		.byte	0x18
 800 02d0 07       		.uleb128 0x7
 801 02d1 72313100 		.ascii	"r11\000"
 802 02d5 08       		.byte	0x8
 803 02d6 C1       		.byte	0xc1
 804 02d7 69020000 		.4byte	0x269
 805 02db 1C       		.byte	0x1c
 806 02dc 07       		.uleb128 0x7
 807 02dd 6C7200   		.ascii	"lr\000"
 808 02e0 08       		.byte	0x8
 809 02e1 C2       		.byte	0xc2
 810 02e2 69020000 		.4byte	0x269
 811 02e6 20       		.byte	0x20
 812 02e7 00       		.byte	0
 813 02e8 05       		.uleb128 0x5
 814 02e9 28010000 		.4byte	.LASF48
 815 02ed 04       		.byte	0x4
 816 02ee 08       		.byte	0x8
 817 02ef CA       		.byte	0xca
 818 02f0 01030000 		.4byte	0x301
 819 02f4 07       		.uleb128 0x7
 820 02f5 72313300 		.ascii	"r13\000"
 821 02f9 08       		.byte	0x8
 822 02fa CB       		.byte	0xcb
 823 02fb 01030000 		.4byte	0x301
 824 02ff 00       		.byte	0
 825 0300 00       		.byte	0
 826 0301 09       		.uleb128 0x9
 827 0302 04       		.byte	0x4
 828 0303 76020000 		.4byte	0x276
 829 0307 0B       		.uleb128 0xb
 830 0308 05010000 		.4byte	0x105
 831 030c 05       		.uleb128 0x5
 832 030d 78010000 		.4byte	.LASF49
 833 0311 10       		.byte	0x10
 834 0312 09       		.byte	0x9
 835 0313 25       		.byte	0x25
 836 0314 3D030000 		.4byte	0x33d
 837 0318 06       		.uleb128 0x6
 838 0319 9B000000 		.4byte	.LASF50
 839 031d 09       		.byte	0x9
 840 031e 26       		.byte	0x26
 841 031f 33020000 		.4byte	0x233
 842 0323 00       		.byte	0
 843 0324 06       		.uleb128 0x6
 844 0325 C3030000 		.4byte	.LASF51
 845 0329 09       		.byte	0x9
 846 032a 28       		.byte	0x28
 847 032b 2D020000 		.4byte	0x22d
 848 032f 08       		.byte	0x8
 849 0330 06       		.uleb128 0x6
 850 0331 87020000 		.4byte	.LASF52
 851 0335 09       		.byte	0x9
ARM GAS  /tmp/ccbaJKaQ.s 			page 16


 852 0336 2A       		.byte	0x2a
 853 0337 3D030000 		.4byte	0x33d
 854 033b 0C       		.byte	0xc
 855 033c 00       		.byte	0
 856 033d 09       		.uleb128 0x9
 857 033e 04       		.byte	0x4
 858 033f 0C030000 		.4byte	0x30c
 859 0343 03       		.uleb128 0x3
 860 0344 78010000 		.4byte	.LASF49
 861 0348 09       		.byte	0x9
 862 0349 2C       		.byte	0x2c
 863 034a 0C030000 		.4byte	0x30c
 864 034e 03       		.uleb128 0x3
 865 034f 1E000000 		.4byte	.LASF53
 866 0353 0A       		.byte	0xa
 867 0354 25       		.byte	0x25
 868 0355 59030000 		.4byte	0x359
 869 0359 09       		.uleb128 0x9
 870 035a 04       		.byte	0x4
 871 035b 5F030000 		.4byte	0x35f
 872 035f 0C       		.uleb128 0xc
 873 0360 74020000 		.4byte	0x274
 874 0364 6E030000 		.4byte	0x36e
 875 0368 0D       		.uleb128 0xd
 876 0369 2C000000 		.4byte	0x2c
 877 036d 00       		.byte	0
 878 036e 03       		.uleb128 0x3
 879 036f B1010000 		.4byte	.LASF54
 880 0373 0B       		.byte	0xb
 881 0374 2D       		.byte	0x2d
 882 0375 79030000 		.4byte	0x379
 883 0379 05       		.uleb128 0x5
 884 037a DB030000 		.4byte	.LASF55
 885 037e 1C       		.byte	0x1c
 886 037f 0B       		.byte	0xb
 887 0380 40       		.byte	0x40
 888 0381 AA030000 		.4byte	0x3aa
 889 0385 06       		.uleb128 0x6
 890 0386 E9010000 		.4byte	.LASF56
 891 038a 0B       		.byte	0xb
 892 038b 41       		.byte	0x41
 893 038c 4E030000 		.4byte	0x34e
 894 0390 00       		.byte	0
 895 0391 06       		.uleb128 0x6
 896 0392 4B000000 		.4byte	.LASF57
 897 0396 0B       		.byte	0xb
 898 0397 43       		.byte	0x43
 899 0398 C9030000 		.4byte	0x3c9
 900 039c 04       		.byte	0x4
 901 039d 06       		.uleb128 0x6
 902 039e 95000000 		.4byte	.LASF58
 903 03a2 0B       		.byte	0xb
 904 03a3 45       		.byte	0x45
 905 03a4 43030000 		.4byte	0x343
 906 03a8 0C       		.byte	0xc
 907 03a9 00       		.byte	0
 908 03aa 0E       		.uleb128 0xe
ARM GAS  /tmp/ccbaJKaQ.s 			page 17


 909 03ab 04       		.byte	0x4
 910 03ac 0B       		.byte	0xb
 911 03ad 35       		.byte	0x35
 912 03ae C9030000 		.4byte	0x3c9
 913 03b2 0F       		.uleb128 0xf
 914 03b3 6F000000 		.4byte	.LASF59
 915 03b7 0B       		.byte	0xb
 916 03b8 36       		.byte	0x36
 917 03b9 EA030000 		.4byte	0x3ea
 918 03bd 0F       		.uleb128 0xf
 919 03be 63020000 		.4byte	.LASF60
 920 03c2 0B       		.byte	0xb
 921 03c3 37       		.byte	0x37
 922 03c4 F0030000 		.4byte	0x3f0
 923 03c8 00       		.byte	0
 924 03c9 10       		.uleb128 0x10
 925 03ca 1A020000 		.4byte	.LASF82
 926 03ce 08       		.byte	0x8
 927 03cf 0B       		.byte	0xb
 928 03d0 32       		.byte	0x32
 929 03d1 EA030000 		.4byte	0x3ea
 930 03d5 0F       		.uleb128 0xf
 931 03d6 03010000 		.4byte	.LASF61
 932 03da 0B       		.byte	0xb
 933 03db 33       		.byte	0x33
 934 03dc 5E020000 		.4byte	0x25e
 935 03e0 11       		.uleb128 0x11
 936 03e1 6800     		.ascii	"h\000"
 937 03e3 0B       		.byte	0xb
 938 03e4 3A       		.byte	0x3a
 939 03e5 F6030000 		.4byte	0x3f6
 940 03e9 00       		.byte	0
 941 03ea 09       		.uleb128 0x9
 942 03eb 04       		.byte	0x4
 943 03ec C9030000 		.4byte	0x3c9
 944 03f0 09       		.uleb128 0x9
 945 03f1 04       		.byte	0x4
 946 03f2 6E030000 		.4byte	0x36e
 947 03f6 08       		.uleb128 0x8
 948 03f7 08       		.byte	0x8
 949 03f8 0B       		.byte	0xb
 950 03f9 34       		.byte	0x34
 951 03fa 15040000 		.4byte	0x415
 952 03fe 07       		.uleb128 0x7
 953 03ff 7500     		.ascii	"u\000"
 954 0401 0B       		.byte	0xb
 955 0402 38       		.byte	0x38
 956 0403 AA030000 		.4byte	0x3aa
 957 0407 00       		.byte	0
 958 0408 06       		.uleb128 0x6
 959 0409 30010000 		.4byte	.LASF62
 960 040d 0B       		.byte	0xb
 961 040e 39       		.byte	0x39
 962 040f 2C000000 		.4byte	0x2c
 963 0413 04       		.byte	0x4
 964 0414 00       		.byte	0
 965 0415 0E       		.uleb128 0xe
ARM GAS  /tmp/ccbaJKaQ.s 			page 18


 966 0416 04       		.byte	0x4
 967 0417 07       		.byte	0x7
 968 0418 8F       		.byte	0x8f
 969 0419 4A040000 		.4byte	0x44a
 970 041d 0F       		.uleb128 0xf
 971 041e 0D000000 		.4byte	.LASF63
 972 0422 07       		.byte	0x7
 973 0423 96       		.byte	0x96
 974 0424 EF000000 		.4byte	0xef
 975 0428 0F       		.uleb128 0xf
 976 0429 42000000 		.4byte	.LASF64
 977 042d 07       		.byte	0x7
 978 042e 9D       		.byte	0x9d
 979 042f EF000000 		.4byte	0xef
 980 0433 0F       		.uleb128 0xf
 981 0434 18030000 		.4byte	.LASF65
 982 0438 07       		.byte	0x7
 983 0439 A4       		.byte	0xa4
 984 043a 74020000 		.4byte	0x274
 985 043e 0F       		.uleb128 0xf
 986 043f 26020000 		.4byte	.LASF66
 987 0443 07       		.byte	0x7
 988 0444 AB       		.byte	0xab
 989 0445 FA000000 		.4byte	0xfa
 990 0449 00       		.byte	0
 991 044a 09       		.uleb128 0x9
 992 044b 04       		.byte	0x4
 993 044c 50040000 		.4byte	0x450
 994 0450 12       		.uleb128 0x12
 995 0451 55040000 		.4byte	0x455
 996 0455 04       		.uleb128 0x4
 997 0456 01       		.byte	0x1
 998 0457 08       		.byte	0x8
 999 0458 75020000 		.4byte	.LASF67
 1000 045c 09       		.uleb128 0x9
 1001 045d 04       		.byte	0x4
 1002 045e 43030000 		.4byte	0x343
 1003 0462 04       		.uleb128 0x4
 1004 0463 04       		.byte	0x4
 1005 0464 07       		.byte	0x7
 1006 0465 89010000 		.4byte	.LASF68
 1007 0469 13       		.uleb128 0x13
 1008 046a B8030000 		.4byte	.LASF69
 1009 046e 01       		.byte	0x1
 1010 046f 44       		.byte	0x44
 1011 0470 00000000 		.4byte	.LFB7
 1012 0474 28000000 		.4byte	.LFE7-.LFB7
 1013 0478 01       		.uleb128 0x1
 1014 0479 9C       		.byte	0x9c
 1015 047a 92040000 		.4byte	0x492
 1016 047e 14       		.uleb128 0x14
 1017 047f 20000000 		.4byte	.LVL0
 1018 0483 97060000 		.4byte	0x697
 1019 0487 15       		.uleb128 0x15
 1020 0488 01       		.uleb128 0x1
 1021 0489 50       		.byte	0x50
 1022 048a 05       		.uleb128 0x5
ARM GAS  /tmp/ccbaJKaQ.s 			page 19


 1023 048b 03       		.byte	0x3
 1024 048c 0C000000 		.4byte	.LANCHOR0+12
 1025 0490 00       		.byte	0
 1026 0491 00       		.byte	0
 1027 0492 13       		.uleb128 0x13
 1028 0493 64000000 		.4byte	.LASF70
 1029 0497 01       		.byte	0x1
 1030 0498 5C       		.byte	0x5c
 1031 0499 00000000 		.4byte	.LFB8
 1032 049d 24000000 		.4byte	.LFE8-.LFB8
 1033 04a1 01       		.uleb128 0x1
 1034 04a2 9C       		.byte	0x9c
 1035 04a3 F6040000 		.4byte	0x4f6
 1036 04a7 16       		.uleb128 0x16
 1037 04a8 52000000 		.4byte	.LASF71
 1038 04ac 01       		.byte	0x1
 1039 04ad 5C       		.byte	0x5c
 1040 04ae F0030000 		.4byte	0x3f0
 1041 04b2 00000000 		.4byte	.LLST0
 1042 04b6 17       		.uleb128 0x17
 1043 04b7 62756600 		.ascii	"buf\000"
 1044 04bb 01       		.byte	0x1
 1045 04bc 5C       		.byte	0x5c
 1046 04bd 74020000 		.4byte	0x274
 1047 04c1 2E000000 		.4byte	.LLST1
 1048 04c5 16       		.uleb128 0x16
 1049 04c6 30010000 		.4byte	.LASF62
 1050 04ca 01       		.byte	0x1
 1051 04cb 5C       		.byte	0x5c
 1052 04cc 2C000000 		.4byte	0x2c
 1053 04d0 4F000000 		.4byte	.LLST2
 1054 04d4 18       		.uleb128 0x18
 1055 04d5 687000   		.ascii	"hp\000"
 1056 04d8 01       		.byte	0x1
 1057 04d9 5D       		.byte	0x5d
 1058 04da EA030000 		.4byte	0x3ea
 1059 04de 7D000000 		.4byte	.LLST3
 1060 04e2 14       		.uleb128 0x14
 1061 04e3 24000000 		.4byte	.LVL5
 1062 04e7 97060000 		.4byte	0x697
 1063 04eb 15       		.uleb128 0x15
 1064 04ec 01       		.uleb128 0x1
 1065 04ed 50       		.byte	0x50
 1066 04ee 05       		.uleb128 0x5
 1067 04ef F3       		.byte	0xf3
 1068 04f0 01       		.uleb128 0x1
 1069 04f1 50       		.byte	0x50
 1070 04f2 23       		.byte	0x23
 1071 04f3 0C       		.uleb128 0xc
 1072 04f4 00       		.byte	0
 1073 04f5 00       		.byte	0
 1074 04f6 19       		.uleb128 0x19
 1075 04f7 43020000 		.4byte	.LASF73
 1076 04fb 01       		.byte	0x1
 1077 04fc 7D       		.byte	0x7d
 1078 04fd 74020000 		.4byte	0x274
 1079 0501 00000000 		.4byte	.LFB9
ARM GAS  /tmp/ccbaJKaQ.s 			page 20


 1080 0505 D4000000 		.4byte	.LFE9-.LFB9
 1081 0509 01       		.uleb128 0x1
 1082 050a 9C       		.byte	0x9c
 1083 050b 8E050000 		.4byte	0x58e
 1084 050f 16       		.uleb128 0x16
 1085 0510 52000000 		.4byte	.LASF71
 1086 0514 01       		.byte	0x1
 1087 0515 7D       		.byte	0x7d
 1088 0516 F0030000 		.4byte	0x3f0
 1089 051a 9E000000 		.4byte	.LLST4
 1090 051e 16       		.uleb128 0x16
 1091 051f 30010000 		.4byte	.LASF62
 1092 0523 01       		.byte	0x1
 1093 0524 7D       		.byte	0x7d
 1094 0525 2C000000 		.4byte	0x2c
 1095 0529 BC000000 		.4byte	.LLST5
 1096 052d 18       		.uleb128 0x18
 1097 052e 717000   		.ascii	"qp\000"
 1098 0531 01       		.byte	0x1
 1099 0532 7E       		.byte	0x7e
 1100 0533 EA030000 		.4byte	0x3ea
 1101 0537 E7000000 		.4byte	.LLST6
 1102 053b 18       		.uleb128 0x18
 1103 053c 687000   		.ascii	"hp\000"
 1104 053f 01       		.byte	0x1
 1105 0540 7E       		.byte	0x7e
 1106 0541 EA030000 		.4byte	0x3ea
 1107 0545 10010000 		.4byte	.LLST7
 1108 0549 18       		.uleb128 0x18
 1109 054a 667000   		.ascii	"fp\000"
 1110 054d 01       		.byte	0x1
 1111 054e 7E       		.byte	0x7e
 1112 054f EA030000 		.4byte	0x3ea
 1113 0553 5C010000 		.4byte	.LLST8
 1114 0557 1A       		.uleb128 0x1a
 1115 0558 24000000 		.4byte	.LVL11
 1116 055c A8060000 		.4byte	0x6a8
 1117 0560 6B050000 		.4byte	0x56b
 1118 0564 15       		.uleb128 0x15
 1119 0565 01       		.uleb128 0x1
 1120 0566 50       		.byte	0x50
 1121 0567 02       		.uleb128 0x2
 1122 0568 76       		.byte	0x76
 1123 0569 0C       		.sleb128 12
 1124 056a 00       		.byte	0
 1125 056b 1B       		.uleb128 0x1b
 1126 056c 48000000 		.4byte	.LVL15
 1127 0570 B9060000 		.4byte	0x6b9
 1128 0574 1C       		.uleb128 0x1c
 1129 0575 5C000000 		.4byte	.LVL16
 1130 0579 84050000 		.4byte	0x584
 1131 057d 15       		.uleb128 0x15
 1132 057e 01       		.uleb128 0x1
 1133 057f 50       		.byte	0x50
 1134 0580 02       		.uleb128 0x2
 1135 0581 75       		.byte	0x75
 1136 0582 08       		.sleb128 8
ARM GAS  /tmp/ccbaJKaQ.s 			page 21


 1137 0583 00       		.byte	0
 1138 0584 1B       		.uleb128 0x1b
 1139 0585 98000000 		.4byte	.LVL20
 1140 0589 B9060000 		.4byte	0x6b9
 1141 058d 00       		.byte	0
 1142 058e 13       		.uleb128 0x13
 1143 058f A3000000 		.4byte	.LASF72
 1144 0593 01       		.byte	0x1
 1145 0594 BB       		.byte	0xbb
 1146 0595 00000000 		.4byte	.LFB10
 1147 0599 BC000000 		.4byte	.LFE10-.LFB10
 1148 059d 01       		.uleb128 0x1
 1149 059e 9C       		.byte	0x9c
 1150 059f 02060000 		.4byte	0x602
 1151 05a3 17       		.uleb128 0x17
 1152 05a4 7000     		.ascii	"p\000"
 1153 05a6 01       		.byte	0x1
 1154 05a7 BB       		.byte	0xbb
 1155 05a8 74020000 		.4byte	0x274
 1156 05ac 6F010000 		.4byte	.LLST9
 1157 05b0 18       		.uleb128 0x18
 1158 05b1 717000   		.ascii	"qp\000"
 1159 05b4 01       		.byte	0x1
 1160 05b5 BC       		.byte	0xbc
 1161 05b6 EA030000 		.4byte	0x3ea
 1162 05ba B4010000 		.4byte	.LLST10
 1163 05be 18       		.uleb128 0x18
 1164 05bf 687000   		.ascii	"hp\000"
 1165 05c2 01       		.byte	0x1
 1166 05c3 BC       		.byte	0xbc
 1167 05c4 EA030000 		.4byte	0x3ea
 1168 05c8 F3010000 		.4byte	.LLST11
 1169 05cc 1D       		.uleb128 0x1d
 1170 05cd 52000000 		.4byte	.LASF71
 1171 05d1 01       		.byte	0x1
 1172 05d2 BD       		.byte	0xbd
 1173 05d3 F0030000 		.4byte	0x3f0
 1174 05d7 31020000 		.4byte	.LLST12
 1175 05db 1A       		.uleb128 0x1a
 1176 05dc 1C000000 		.4byte	.LVL30
 1177 05e0 A8060000 		.4byte	0x6a8
 1178 05e4 EF050000 		.4byte	0x5ef
 1179 05e8 15       		.uleb128 0x15
 1180 05e9 01       		.uleb128 0x1
 1181 05ea 50       		.byte	0x50
 1182 05eb 02       		.uleb128 0x2
 1183 05ec 75       		.byte	0x75
 1184 05ed 08       		.sleb128 8
 1185 05ee 00       		.byte	0
 1186 05ef 1E       		.uleb128 0x1e
 1187 05f0 A4000000 		.4byte	.LVL37
 1188 05f4 B9060000 		.4byte	0x6b9
 1189 05f8 1E       		.uleb128 0x1e
 1190 05f9 BC000000 		.4byte	.LVL39
 1191 05fd B9060000 		.4byte	0x6b9
 1192 0601 00       		.byte	0
 1193 0602 19       		.uleb128 0x19
ARM GAS  /tmp/ccbaJKaQ.s 			page 22


 1194 0603 7A020000 		.4byte	.LASF74
 1195 0607 01       		.byte	0x1
 1196 0608 F3       		.byte	0xf3
 1197 0609 2C000000 		.4byte	0x2c
 1198 060d 00000000 		.4byte	.LFB11
 1199 0611 6C000000 		.4byte	.LFE11-.LFB11
 1200 0615 01       		.uleb128 0x1
 1201 0616 9C       		.byte	0x9c
 1202 0617 80060000 		.4byte	0x680
 1203 061b 16       		.uleb128 0x16
 1204 061c 52000000 		.4byte	.LASF71
 1205 0620 01       		.byte	0x1
 1206 0621 F3       		.byte	0xf3
 1207 0622 F0030000 		.4byte	0x3f0
 1208 0626 6A020000 		.4byte	.LLST13
 1209 062a 16       		.uleb128 0x16
 1210 062b 1F030000 		.4byte	.LASF75
 1211 062f 01       		.byte	0x1
 1212 0630 F3       		.byte	0xf3
 1213 0631 80060000 		.4byte	0x680
 1214 0635 CD020000 		.4byte	.LLST14
 1215 0639 18       		.uleb128 0x18
 1216 063a 717000   		.ascii	"qp\000"
 1217 063d 01       		.byte	0x1
 1218 063e F4       		.byte	0xf4
 1219 063f EA030000 		.4byte	0x3ea
 1220 0643 EB020000 		.4byte	.LLST15
 1221 0647 18       		.uleb128 0x18
 1222 0648 6E00     		.ascii	"n\000"
 1223 064a 01       		.byte	0x1
 1224 064b F5       		.byte	0xf5
 1225 064c 2C000000 		.4byte	0x2c
 1226 0650 4B030000 		.4byte	.LLST16
 1227 0654 18       		.uleb128 0x18
 1228 0655 737A00   		.ascii	"sz\000"
 1229 0658 01       		.byte	0x1
 1230 0659 F5       		.byte	0xf5
 1231 065a 2C000000 		.4byte	0x2c
 1232 065e 8E030000 		.4byte	.LLST17
 1233 0662 1A       		.uleb128 0x1a
 1234 0663 1C000000 		.4byte	.LVL42
 1235 0667 A8060000 		.4byte	0x6a8
 1236 066b 76060000 		.4byte	0x676
 1237 066f 15       		.uleb128 0x15
 1238 0670 01       		.uleb128 0x1
 1239 0671 50       		.byte	0x50
 1240 0672 02       		.uleb128 0x2
 1241 0673 74       		.byte	0x74
 1242 0674 0C       		.sleb128 12
 1243 0675 00       		.byte	0
 1244 0676 1B       		.uleb128 0x1b
 1245 0677 54000000 		.4byte	.LVL47
 1246 067b B9060000 		.4byte	0x6b9
 1247 067f 00       		.byte	0
 1248 0680 09       		.uleb128 0x9
 1249 0681 04       		.byte	0x4
 1250 0682 2C000000 		.4byte	0x2c
ARM GAS  /tmp/ccbaJKaQ.s 			page 23


 1251 0686 1F       		.uleb128 0x1f
 1252 0687 68020000 		.4byte	.LASF76
 1253 068b 01       		.byte	0x1
 1254 068c 3D       		.byte	0x3d
 1255 068d 6E030000 		.4byte	0x36e
 1256 0691 05       		.uleb128 0x5
 1257 0692 03       		.byte	0x3
 1258 0693 00000000 		.4byte	default_heap
 1259 0697 20       		.uleb128 0x20
 1260 0698 56010000 		.4byte	.LASF77
 1261 069c 09       		.byte	0x9
 1262 069d 31       		.byte	0x31
 1263 069e A8060000 		.4byte	0x6a8
 1264 06a2 0D       		.uleb128 0xd
 1265 06a3 5C040000 		.4byte	0x45c
 1266 06a7 00       		.byte	0
 1267 06a8 20       		.uleb128 0x20
 1268 06a9 92010000 		.4byte	.LASF78
 1269 06ad 09       		.byte	0x9
 1270 06ae 32       		.byte	0x32
 1271 06af B9060000 		.4byte	0x6b9
 1272 06b3 0D       		.uleb128 0xd
 1273 06b4 5C040000 		.4byte	0x45c
 1274 06b8 00       		.byte	0
 1275 06b9 21       		.uleb128 0x21
 1276 06ba 58000000 		.4byte	.LASF83
 1277 06be 09       		.byte	0x9
 1278 06bf 36       		.byte	0x36
 1279 06c0 5C040000 		.4byte	0x45c
 1280 06c4 00       		.byte	0
 1281              		.section	.debug_abbrev,"",%progbits
 1282              	.Ldebug_abbrev0:
 1283 0000 01       		.uleb128 0x1
 1284 0001 11       		.uleb128 0x11
 1285 0002 01       		.byte	0x1
 1286 0003 25       		.uleb128 0x25
 1287 0004 0E       		.uleb128 0xe
 1288 0005 13       		.uleb128 0x13
 1289 0006 0B       		.uleb128 0xb
 1290 0007 03       		.uleb128 0x3
 1291 0008 0E       		.uleb128 0xe
 1292 0009 1B       		.uleb128 0x1b
 1293 000a 0E       		.uleb128 0xe
 1294 000b 55       		.uleb128 0x55
 1295 000c 17       		.uleb128 0x17
 1296 000d 11       		.uleb128 0x11
 1297 000e 01       		.uleb128 0x1
 1298 000f 10       		.uleb128 0x10
 1299 0010 17       		.uleb128 0x17
 1300 0011 00       		.byte	0
 1301 0012 00       		.byte	0
 1302 0013 02       		.uleb128 0x2
 1303 0014 24       		.uleb128 0x24
 1304 0015 00       		.byte	0
 1305 0016 0B       		.uleb128 0xb
 1306 0017 0B       		.uleb128 0xb
 1307 0018 3E       		.uleb128 0x3e
ARM GAS  /tmp/ccbaJKaQ.s 			page 24


 1308 0019 0B       		.uleb128 0xb
 1309 001a 03       		.uleb128 0x3
 1310 001b 08       		.uleb128 0x8
 1311 001c 00       		.byte	0
 1312 001d 00       		.byte	0
 1313 001e 03       		.uleb128 0x3
 1314 001f 16       		.uleb128 0x16
 1315 0020 00       		.byte	0
 1316 0021 03       		.uleb128 0x3
 1317 0022 0E       		.uleb128 0xe
 1318 0023 3A       		.uleb128 0x3a
 1319 0024 0B       		.uleb128 0xb
 1320 0025 3B       		.uleb128 0x3b
 1321 0026 0B       		.uleb128 0xb
 1322 0027 49       		.uleb128 0x49
 1323 0028 13       		.uleb128 0x13
 1324 0029 00       		.byte	0
 1325 002a 00       		.byte	0
 1326 002b 04       		.uleb128 0x4
 1327 002c 24       		.uleb128 0x24
 1328 002d 00       		.byte	0
 1329 002e 0B       		.uleb128 0xb
 1330 002f 0B       		.uleb128 0xb
 1331 0030 3E       		.uleb128 0x3e
 1332 0031 0B       		.uleb128 0xb
 1333 0032 03       		.uleb128 0x3
 1334 0033 0E       		.uleb128 0xe
 1335 0034 00       		.byte	0
 1336 0035 00       		.byte	0
 1337 0036 05       		.uleb128 0x5
 1338 0037 13       		.uleb128 0x13
 1339 0038 01       		.byte	0x1
 1340 0039 03       		.uleb128 0x3
 1341 003a 0E       		.uleb128 0xe
 1342 003b 0B       		.uleb128 0xb
 1343 003c 0B       		.uleb128 0xb
 1344 003d 3A       		.uleb128 0x3a
 1345 003e 0B       		.uleb128 0xb
 1346 003f 3B       		.uleb128 0x3b
 1347 0040 0B       		.uleb128 0xb
 1348 0041 01       		.uleb128 0x1
 1349 0042 13       		.uleb128 0x13
 1350 0043 00       		.byte	0
 1351 0044 00       		.byte	0
 1352 0045 06       		.uleb128 0x6
 1353 0046 0D       		.uleb128 0xd
 1354 0047 00       		.byte	0
 1355 0048 03       		.uleb128 0x3
 1356 0049 0E       		.uleb128 0xe
 1357 004a 3A       		.uleb128 0x3a
 1358 004b 0B       		.uleb128 0xb
 1359 004c 3B       		.uleb128 0x3b
 1360 004d 0B       		.uleb128 0xb
 1361 004e 49       		.uleb128 0x49
 1362 004f 13       		.uleb128 0x13
 1363 0050 38       		.uleb128 0x38
 1364 0051 0B       		.uleb128 0xb
ARM GAS  /tmp/ccbaJKaQ.s 			page 25


 1365 0052 00       		.byte	0
 1366 0053 00       		.byte	0
 1367 0054 07       		.uleb128 0x7
 1368 0055 0D       		.uleb128 0xd
 1369 0056 00       		.byte	0
 1370 0057 03       		.uleb128 0x3
 1371 0058 08       		.uleb128 0x8
 1372 0059 3A       		.uleb128 0x3a
 1373 005a 0B       		.uleb128 0xb
 1374 005b 3B       		.uleb128 0x3b
 1375 005c 0B       		.uleb128 0xb
 1376 005d 49       		.uleb128 0x49
 1377 005e 13       		.uleb128 0x13
 1378 005f 38       		.uleb128 0x38
 1379 0060 0B       		.uleb128 0xb
 1380 0061 00       		.byte	0
 1381 0062 00       		.byte	0
 1382 0063 08       		.uleb128 0x8
 1383 0064 13       		.uleb128 0x13
 1384 0065 01       		.byte	0x1
 1385 0066 0B       		.uleb128 0xb
 1386 0067 0B       		.uleb128 0xb
 1387 0068 3A       		.uleb128 0x3a
 1388 0069 0B       		.uleb128 0xb
 1389 006a 3B       		.uleb128 0x3b
 1390 006b 0B       		.uleb128 0xb
 1391 006c 01       		.uleb128 0x1
 1392 006d 13       		.uleb128 0x13
 1393 006e 00       		.byte	0
 1394 006f 00       		.byte	0
 1395 0070 09       		.uleb128 0x9
 1396 0071 0F       		.uleb128 0xf
 1397 0072 00       		.byte	0
 1398 0073 0B       		.uleb128 0xb
 1399 0074 0B       		.uleb128 0xb
 1400 0075 49       		.uleb128 0x49
 1401 0076 13       		.uleb128 0x13
 1402 0077 00       		.byte	0
 1403 0078 00       		.byte	0
 1404 0079 0A       		.uleb128 0xa
 1405 007a 0F       		.uleb128 0xf
 1406 007b 00       		.byte	0
 1407 007c 0B       		.uleb128 0xb
 1408 007d 0B       		.uleb128 0xb
 1409 007e 00       		.byte	0
 1410 007f 00       		.byte	0
 1411 0080 0B       		.uleb128 0xb
 1412 0081 35       		.uleb128 0x35
 1413 0082 00       		.byte	0
 1414 0083 49       		.uleb128 0x49
 1415 0084 13       		.uleb128 0x13
 1416 0085 00       		.byte	0
 1417 0086 00       		.byte	0
 1418 0087 0C       		.uleb128 0xc
 1419 0088 15       		.uleb128 0x15
 1420 0089 01       		.byte	0x1
 1421 008a 27       		.uleb128 0x27
ARM GAS  /tmp/ccbaJKaQ.s 			page 26


 1422 008b 19       		.uleb128 0x19
 1423 008c 49       		.uleb128 0x49
 1424 008d 13       		.uleb128 0x13
 1425 008e 01       		.uleb128 0x1
 1426 008f 13       		.uleb128 0x13
 1427 0090 00       		.byte	0
 1428 0091 00       		.byte	0
 1429 0092 0D       		.uleb128 0xd
 1430 0093 05       		.uleb128 0x5
 1431 0094 00       		.byte	0
 1432 0095 49       		.uleb128 0x49
 1433 0096 13       		.uleb128 0x13
 1434 0097 00       		.byte	0
 1435 0098 00       		.byte	0
 1436 0099 0E       		.uleb128 0xe
 1437 009a 17       		.uleb128 0x17
 1438 009b 01       		.byte	0x1
 1439 009c 0B       		.uleb128 0xb
 1440 009d 0B       		.uleb128 0xb
 1441 009e 3A       		.uleb128 0x3a
 1442 009f 0B       		.uleb128 0xb
 1443 00a0 3B       		.uleb128 0x3b
 1444 00a1 0B       		.uleb128 0xb
 1445 00a2 01       		.uleb128 0x1
 1446 00a3 13       		.uleb128 0x13
 1447 00a4 00       		.byte	0
 1448 00a5 00       		.byte	0
 1449 00a6 0F       		.uleb128 0xf
 1450 00a7 0D       		.uleb128 0xd
 1451 00a8 00       		.byte	0
 1452 00a9 03       		.uleb128 0x3
 1453 00aa 0E       		.uleb128 0xe
 1454 00ab 3A       		.uleb128 0x3a
 1455 00ac 0B       		.uleb128 0xb
 1456 00ad 3B       		.uleb128 0x3b
 1457 00ae 0B       		.uleb128 0xb
 1458 00af 49       		.uleb128 0x49
 1459 00b0 13       		.uleb128 0x13
 1460 00b1 00       		.byte	0
 1461 00b2 00       		.byte	0
 1462 00b3 10       		.uleb128 0x10
 1463 00b4 17       		.uleb128 0x17
 1464 00b5 01       		.byte	0x1
 1465 00b6 03       		.uleb128 0x3
 1466 00b7 0E       		.uleb128 0xe
 1467 00b8 0B       		.uleb128 0xb
 1468 00b9 0B       		.uleb128 0xb
 1469 00ba 3A       		.uleb128 0x3a
 1470 00bb 0B       		.uleb128 0xb
 1471 00bc 3B       		.uleb128 0x3b
 1472 00bd 0B       		.uleb128 0xb
 1473 00be 01       		.uleb128 0x1
 1474 00bf 13       		.uleb128 0x13
 1475 00c0 00       		.byte	0
 1476 00c1 00       		.byte	0
 1477 00c2 11       		.uleb128 0x11
 1478 00c3 0D       		.uleb128 0xd
ARM GAS  /tmp/ccbaJKaQ.s 			page 27


 1479 00c4 00       		.byte	0
 1480 00c5 03       		.uleb128 0x3
 1481 00c6 08       		.uleb128 0x8
 1482 00c7 3A       		.uleb128 0x3a
 1483 00c8 0B       		.uleb128 0xb
 1484 00c9 3B       		.uleb128 0x3b
 1485 00ca 0B       		.uleb128 0xb
 1486 00cb 49       		.uleb128 0x49
 1487 00cc 13       		.uleb128 0x13
 1488 00cd 00       		.byte	0
 1489 00ce 00       		.byte	0
 1490 00cf 12       		.uleb128 0x12
 1491 00d0 26       		.uleb128 0x26
 1492 00d1 00       		.byte	0
 1493 00d2 49       		.uleb128 0x49
 1494 00d3 13       		.uleb128 0x13
 1495 00d4 00       		.byte	0
 1496 00d5 00       		.byte	0
 1497 00d6 13       		.uleb128 0x13
 1498 00d7 2E       		.uleb128 0x2e
 1499 00d8 01       		.byte	0x1
 1500 00d9 3F       		.uleb128 0x3f
 1501 00da 19       		.uleb128 0x19
 1502 00db 03       		.uleb128 0x3
 1503 00dc 0E       		.uleb128 0xe
 1504 00dd 3A       		.uleb128 0x3a
 1505 00de 0B       		.uleb128 0xb
 1506 00df 3B       		.uleb128 0x3b
 1507 00e0 0B       		.uleb128 0xb
 1508 00e1 27       		.uleb128 0x27
 1509 00e2 19       		.uleb128 0x19
 1510 00e3 11       		.uleb128 0x11
 1511 00e4 01       		.uleb128 0x1
 1512 00e5 12       		.uleb128 0x12
 1513 00e6 06       		.uleb128 0x6
 1514 00e7 40       		.uleb128 0x40
 1515 00e8 18       		.uleb128 0x18
 1516 00e9 9742     		.uleb128 0x2117
 1517 00eb 19       		.uleb128 0x19
 1518 00ec 01       		.uleb128 0x1
 1519 00ed 13       		.uleb128 0x13
 1520 00ee 00       		.byte	0
 1521 00ef 00       		.byte	0
 1522 00f0 14       		.uleb128 0x14
 1523 00f1 898201   		.uleb128 0x4109
 1524 00f4 01       		.byte	0x1
 1525 00f5 11       		.uleb128 0x11
 1526 00f6 01       		.uleb128 0x1
 1527 00f7 9542     		.uleb128 0x2115
 1528 00f9 19       		.uleb128 0x19
 1529 00fa 31       		.uleb128 0x31
 1530 00fb 13       		.uleb128 0x13
 1531 00fc 00       		.byte	0
 1532 00fd 00       		.byte	0
 1533 00fe 15       		.uleb128 0x15
 1534 00ff 8A8201   		.uleb128 0x410a
 1535 0102 00       		.byte	0
ARM GAS  /tmp/ccbaJKaQ.s 			page 28


 1536 0103 02       		.uleb128 0x2
 1537 0104 18       		.uleb128 0x18
 1538 0105 9142     		.uleb128 0x2111
 1539 0107 18       		.uleb128 0x18
 1540 0108 00       		.byte	0
 1541 0109 00       		.byte	0
 1542 010a 16       		.uleb128 0x16
 1543 010b 05       		.uleb128 0x5
 1544 010c 00       		.byte	0
 1545 010d 03       		.uleb128 0x3
 1546 010e 0E       		.uleb128 0xe
 1547 010f 3A       		.uleb128 0x3a
 1548 0110 0B       		.uleb128 0xb
 1549 0111 3B       		.uleb128 0x3b
 1550 0112 0B       		.uleb128 0xb
 1551 0113 49       		.uleb128 0x49
 1552 0114 13       		.uleb128 0x13
 1553 0115 02       		.uleb128 0x2
 1554 0116 17       		.uleb128 0x17
 1555 0117 00       		.byte	0
 1556 0118 00       		.byte	0
 1557 0119 17       		.uleb128 0x17
 1558 011a 05       		.uleb128 0x5
 1559 011b 00       		.byte	0
 1560 011c 03       		.uleb128 0x3
 1561 011d 08       		.uleb128 0x8
 1562 011e 3A       		.uleb128 0x3a
 1563 011f 0B       		.uleb128 0xb
 1564 0120 3B       		.uleb128 0x3b
 1565 0121 0B       		.uleb128 0xb
 1566 0122 49       		.uleb128 0x49
 1567 0123 13       		.uleb128 0x13
 1568 0124 02       		.uleb128 0x2
 1569 0125 17       		.uleb128 0x17
 1570 0126 00       		.byte	0
 1571 0127 00       		.byte	0
 1572 0128 18       		.uleb128 0x18
 1573 0129 34       		.uleb128 0x34
 1574 012a 00       		.byte	0
 1575 012b 03       		.uleb128 0x3
 1576 012c 08       		.uleb128 0x8
 1577 012d 3A       		.uleb128 0x3a
 1578 012e 0B       		.uleb128 0xb
 1579 012f 3B       		.uleb128 0x3b
 1580 0130 0B       		.uleb128 0xb
 1581 0131 49       		.uleb128 0x49
 1582 0132 13       		.uleb128 0x13
 1583 0133 02       		.uleb128 0x2
 1584 0134 17       		.uleb128 0x17
 1585 0135 00       		.byte	0
 1586 0136 00       		.byte	0
 1587 0137 19       		.uleb128 0x19
 1588 0138 2E       		.uleb128 0x2e
 1589 0139 01       		.byte	0x1
 1590 013a 3F       		.uleb128 0x3f
 1591 013b 19       		.uleb128 0x19
 1592 013c 03       		.uleb128 0x3
ARM GAS  /tmp/ccbaJKaQ.s 			page 29


 1593 013d 0E       		.uleb128 0xe
 1594 013e 3A       		.uleb128 0x3a
 1595 013f 0B       		.uleb128 0xb
 1596 0140 3B       		.uleb128 0x3b
 1597 0141 0B       		.uleb128 0xb
 1598 0142 27       		.uleb128 0x27
 1599 0143 19       		.uleb128 0x19
 1600 0144 49       		.uleb128 0x49
 1601 0145 13       		.uleb128 0x13
 1602 0146 11       		.uleb128 0x11
 1603 0147 01       		.uleb128 0x1
 1604 0148 12       		.uleb128 0x12
 1605 0149 06       		.uleb128 0x6
 1606 014a 40       		.uleb128 0x40
 1607 014b 18       		.uleb128 0x18
 1608 014c 9742     		.uleb128 0x2117
 1609 014e 19       		.uleb128 0x19
 1610 014f 01       		.uleb128 0x1
 1611 0150 13       		.uleb128 0x13
 1612 0151 00       		.byte	0
 1613 0152 00       		.byte	0
 1614 0153 1A       		.uleb128 0x1a
 1615 0154 898201   		.uleb128 0x4109
 1616 0157 01       		.byte	0x1
 1617 0158 11       		.uleb128 0x11
 1618 0159 01       		.uleb128 0x1
 1619 015a 31       		.uleb128 0x31
 1620 015b 13       		.uleb128 0x13
 1621 015c 01       		.uleb128 0x1
 1622 015d 13       		.uleb128 0x13
 1623 015e 00       		.byte	0
 1624 015f 00       		.byte	0
 1625 0160 1B       		.uleb128 0x1b
 1626 0161 898201   		.uleb128 0x4109
 1627 0164 00       		.byte	0
 1628 0165 11       		.uleb128 0x11
 1629 0166 01       		.uleb128 0x1
 1630 0167 31       		.uleb128 0x31
 1631 0168 13       		.uleb128 0x13
 1632 0169 00       		.byte	0
 1633 016a 00       		.byte	0
 1634 016b 1C       		.uleb128 0x1c
 1635 016c 898201   		.uleb128 0x4109
 1636 016f 01       		.byte	0x1
 1637 0170 11       		.uleb128 0x11
 1638 0171 01       		.uleb128 0x1
 1639 0172 01       		.uleb128 0x1
 1640 0173 13       		.uleb128 0x13
 1641 0174 00       		.byte	0
 1642 0175 00       		.byte	0
 1643 0176 1D       		.uleb128 0x1d
 1644 0177 34       		.uleb128 0x34
 1645 0178 00       		.byte	0
 1646 0179 03       		.uleb128 0x3
 1647 017a 0E       		.uleb128 0xe
 1648 017b 3A       		.uleb128 0x3a
 1649 017c 0B       		.uleb128 0xb
ARM GAS  /tmp/ccbaJKaQ.s 			page 30


 1650 017d 3B       		.uleb128 0x3b
 1651 017e 0B       		.uleb128 0xb
 1652 017f 49       		.uleb128 0x49
 1653 0180 13       		.uleb128 0x13
 1654 0181 02       		.uleb128 0x2
 1655 0182 17       		.uleb128 0x17
 1656 0183 00       		.byte	0
 1657 0184 00       		.byte	0
 1658 0185 1E       		.uleb128 0x1e
 1659 0186 898201   		.uleb128 0x4109
 1660 0189 00       		.byte	0
 1661 018a 11       		.uleb128 0x11
 1662 018b 01       		.uleb128 0x1
 1663 018c 9542     		.uleb128 0x2115
 1664 018e 19       		.uleb128 0x19
 1665 018f 31       		.uleb128 0x31
 1666 0190 13       		.uleb128 0x13
 1667 0191 00       		.byte	0
 1668 0192 00       		.byte	0
 1669 0193 1F       		.uleb128 0x1f
 1670 0194 34       		.uleb128 0x34
 1671 0195 00       		.byte	0
 1672 0196 03       		.uleb128 0x3
 1673 0197 0E       		.uleb128 0xe
 1674 0198 3A       		.uleb128 0x3a
 1675 0199 0B       		.uleb128 0xb
 1676 019a 3B       		.uleb128 0x3b
 1677 019b 0B       		.uleb128 0xb
 1678 019c 49       		.uleb128 0x49
 1679 019d 13       		.uleb128 0x13
 1680 019e 02       		.uleb128 0x2
 1681 019f 18       		.uleb128 0x18
 1682 01a0 00       		.byte	0
 1683 01a1 00       		.byte	0
 1684 01a2 20       		.uleb128 0x20
 1685 01a3 2E       		.uleb128 0x2e
 1686 01a4 01       		.byte	0x1
 1687 01a5 3F       		.uleb128 0x3f
 1688 01a6 19       		.uleb128 0x19
 1689 01a7 03       		.uleb128 0x3
 1690 01a8 0E       		.uleb128 0xe
 1691 01a9 3A       		.uleb128 0x3a
 1692 01aa 0B       		.uleb128 0xb
 1693 01ab 3B       		.uleb128 0x3b
 1694 01ac 0B       		.uleb128 0xb
 1695 01ad 27       		.uleb128 0x27
 1696 01ae 19       		.uleb128 0x19
 1697 01af 3C       		.uleb128 0x3c
 1698 01b0 19       		.uleb128 0x19
 1699 01b1 01       		.uleb128 0x1
 1700 01b2 13       		.uleb128 0x13
 1701 01b3 00       		.byte	0
 1702 01b4 00       		.byte	0
 1703 01b5 21       		.uleb128 0x21
 1704 01b6 2E       		.uleb128 0x2e
 1705 01b7 00       		.byte	0
 1706 01b8 3F       		.uleb128 0x3f
ARM GAS  /tmp/ccbaJKaQ.s 			page 31


 1707 01b9 19       		.uleb128 0x19
 1708 01ba 03       		.uleb128 0x3
 1709 01bb 0E       		.uleb128 0xe
 1710 01bc 3A       		.uleb128 0x3a
 1711 01bd 0B       		.uleb128 0xb
 1712 01be 3B       		.uleb128 0x3b
 1713 01bf 0B       		.uleb128 0xb
 1714 01c0 27       		.uleb128 0x27
 1715 01c1 19       		.uleb128 0x19
 1716 01c2 49       		.uleb128 0x49
 1717 01c3 13       		.uleb128 0x13
 1718 01c4 3C       		.uleb128 0x3c
 1719 01c5 19       		.uleb128 0x19
 1720 01c6 00       		.byte	0
 1721 01c7 00       		.byte	0
 1722 01c8 00       		.byte	0
 1723              		.section	.debug_loc,"",%progbits
 1724              	.Ldebug_loc0:
 1725              	.LLST0:
 1726 0000 00000000 		.4byte	.LVL1
 1727 0004 18000000 		.4byte	.LVL4
 1728 0008 0100     		.2byte	0x1
 1729 000a 50       		.byte	0x50
 1730 000b 18000000 		.4byte	.LVL4
 1731 000f 23000000 		.4byte	.LVL5-1
 1732 0013 0300     		.2byte	0x3
 1733 0015 70       		.byte	0x70
 1734 0016 74       		.sleb128 -12
 1735 0017 9F       		.byte	0x9f
 1736 0018 23000000 		.4byte	.LVL5-1
 1737 001c 24000000 		.4byte	.LFE8
 1738 0020 0400     		.2byte	0x4
 1739 0022 F3       		.byte	0xf3
 1740 0023 01       		.uleb128 0x1
 1741 0024 50       		.byte	0x50
 1742 0025 9F       		.byte	0x9f
 1743 0026 00000000 		.4byte	0
 1744 002a 00000000 		.4byte	0
 1745              	.LLST1:
 1746 002e 00000000 		.4byte	.LVL1
 1747 0032 23000000 		.4byte	.LVL5-1
 1748 0036 0100     		.2byte	0x1
 1749 0038 51       		.byte	0x51
 1750 0039 23000000 		.4byte	.LVL5-1
 1751 003d 24000000 		.4byte	.LFE8
 1752 0041 0400     		.2byte	0x4
 1753 0043 F3       		.byte	0xf3
 1754 0044 01       		.uleb128 0x1
 1755 0045 51       		.byte	0x51
 1756 0046 9F       		.byte	0x9f
 1757 0047 00000000 		.4byte	0
 1758 004b 00000000 		.4byte	0
 1759              	.LLST2:
 1760 004f 00000000 		.4byte	.LVL1
 1761 0053 08000000 		.4byte	.LVL2
 1762 0057 0100     		.2byte	0x1
 1763 0059 52       		.byte	0x52
ARM GAS  /tmp/ccbaJKaQ.s 			page 32


 1764 005a 08000000 		.4byte	.LVL2
 1765 005e 23000000 		.4byte	.LVL5-1
 1766 0062 0300     		.2byte	0x3
 1767 0064 72       		.byte	0x72
 1768 0065 08       		.sleb128 8
 1769 0066 9F       		.byte	0x9f
 1770 0067 23000000 		.4byte	.LVL5-1
 1771 006b 24000000 		.4byte	.LFE8
 1772 006f 0400     		.2byte	0x4
 1773 0071 F3       		.byte	0xf3
 1774 0072 01       		.uleb128 0x1
 1775 0073 52       		.byte	0x52
 1776 0074 9F       		.byte	0x9f
 1777 0075 00000000 		.4byte	0
 1778 0079 00000000 		.4byte	0
 1779              	.LLST3:
 1780 007d 10000000 		.4byte	.LVL3
 1781 0081 23000000 		.4byte	.LVL5-1
 1782 0085 0100     		.2byte	0x1
 1783 0087 51       		.byte	0x51
 1784 0088 23000000 		.4byte	.LVL5-1
 1785 008c 24000000 		.4byte	.LFE8
 1786 0090 0400     		.2byte	0x4
 1787 0092 F3       		.byte	0xf3
 1788 0093 01       		.uleb128 0x1
 1789 0094 51       		.byte	0x51
 1790 0095 9F       		.byte	0x9f
 1791 0096 00000000 		.4byte	0
 1792 009a 00000000 		.4byte	0
 1793              	.LLST4:
 1794 009e 00000000 		.4byte	.LVL6
 1795 00a2 10000000 		.4byte	.LVL7
 1796 00a6 0100     		.2byte	0x1
 1797 00a8 50       		.byte	0x50
 1798 00a9 10000000 		.4byte	.LVL7
 1799 00ad D4000000 		.4byte	.LFE9
 1800 00b1 0100     		.2byte	0x1
 1801 00b3 56       		.byte	0x56
 1802 00b4 00000000 		.4byte	0
 1803 00b8 00000000 		.4byte	0
 1804              	.LLST5:
 1805 00bc 00000000 		.4byte	.LVL6
 1806 00c0 14000000 		.4byte	.LVL8
 1807 00c4 0100     		.2byte	0x1
 1808 00c6 51       		.byte	0x51
 1809 00c7 14000000 		.4byte	.LVL8
 1810 00cb 1C000000 		.4byte	.LVL9
 1811 00cf 0300     		.2byte	0x3
 1812 00d1 71       		.byte	0x71
 1813 00d2 7D       		.sleb128 -3
 1814 00d3 9F       		.byte	0x9f
 1815 00d4 1C000000 		.4byte	.LVL9
 1816 00d8 D4000000 		.4byte	.LFE9
 1817 00dc 0100     		.2byte	0x1
 1818 00de 55       		.byte	0x55
 1819 00df 00000000 		.4byte	0
 1820 00e3 00000000 		.4byte	0
ARM GAS  /tmp/ccbaJKaQ.s 			page 33


 1821              	.LLST6:
 1822 00e7 20000000 		.4byte	.LVL10
 1823 00eb 70000000 		.4byte	.LVL17
 1824 00ef 0100     		.2byte	0x1
 1825 00f1 54       		.byte	0x54
 1826 00f2 78000000 		.4byte	.LVL18
 1827 00f6 90000000 		.4byte	.LVL19
 1828 00fa 0100     		.2byte	0x1
 1829 00fc 54       		.byte	0x54
 1830 00fd A0000000 		.4byte	.LVL21
 1831 0101 CC000000 		.4byte	.LVL24
 1832 0105 0100     		.2byte	0x1
 1833 0107 54       		.byte	0x54
 1834 0108 00000000 		.4byte	0
 1835 010c 00000000 		.4byte	0
 1836              	.LLST7:
 1837 0110 28000000 		.4byte	.LVL12
 1838 0114 38000000 		.4byte	.LVL13
 1839 0118 0100     		.2byte	0x1
 1840 011a 50       		.byte	0x50
 1841 011b 3C000000 		.4byte	.LVL14
 1842 011f 47000000 		.4byte	.LVL15-1
 1843 0123 0100     		.2byte	0x1
 1844 0125 50       		.byte	0x50
 1845 0126 5C000000 		.4byte	.LVL16
 1846 012a 70000000 		.4byte	.LVL17
 1847 012e 0100     		.2byte	0x1
 1848 0130 50       		.byte	0x50
 1849 0131 78000000 		.4byte	.LVL18
 1850 0135 97000000 		.4byte	.LVL20-1
 1851 0139 0100     		.2byte	0x1
 1852 013b 50       		.byte	0x50
 1853 013c 97000000 		.4byte	.LVL20-1
 1854 0140 A0000000 		.4byte	.LVL21
 1855 0144 0300     		.2byte	0x3
 1856 0146 74       		.byte	0x74
 1857 0147 78       		.sleb128 -8
 1858 0148 9F       		.byte	0x9f
 1859 0149 A0000000 		.4byte	.LVL21
 1860 014d C8000000 		.4byte	.LVL23
 1861 0151 0100     		.2byte	0x1
 1862 0153 50       		.byte	0x50
 1863 0154 00000000 		.4byte	0
 1864 0158 00000000 		.4byte	0
 1865              	.LLST8:
 1866 015c B4000000 		.4byte	.LVL22
 1867 0160 C8000000 		.4byte	.LVL23
 1868 0164 0100     		.2byte	0x1
 1869 0166 51       		.byte	0x51
 1870 0167 00000000 		.4byte	0
 1871 016b 00000000 		.4byte	0
 1872              	.LLST9:
 1873 016f 00000000 		.4byte	.LVL25
 1874 0173 0C000000 		.4byte	.LVL26
 1875 0177 0100     		.2byte	0x1
 1876 0179 50       		.byte	0x50
 1877 017a 0C000000 		.4byte	.LVL26
ARM GAS  /tmp/ccbaJKaQ.s 			page 34


 1878 017e A0000000 		.4byte	.LVL36
 1879 0182 0100     		.2byte	0x1
 1880 0184 56       		.byte	0x56
 1881 0185 A0000000 		.4byte	.LVL36
 1882 0189 A4000000 		.4byte	.LVL37
 1883 018d 0400     		.2byte	0x4
 1884 018f F3       		.byte	0xf3
 1885 0190 01       		.uleb128 0x1
 1886 0191 50       		.byte	0x50
 1887 0192 9F       		.byte	0x9f
 1888 0193 A4000000 		.4byte	.LVL37
 1889 0197 B8000000 		.4byte	.LVL38
 1890 019b 0100     		.2byte	0x1
 1891 019d 56       		.byte	0x56
 1892 019e B8000000 		.4byte	.LVL38
 1893 01a2 BC000000 		.4byte	.LFE10
 1894 01a6 0400     		.2byte	0x4
 1895 01a8 F3       		.byte	0xf3
 1896 01a9 01       		.uleb128 0x1
 1897 01aa 50       		.byte	0x50
 1898 01ab 9F       		.byte	0x9f
 1899 01ac 00000000 		.4byte	0
 1900 01b0 00000000 		.4byte	0
 1901              	.LLST10:
 1902 01b4 14000000 		.4byte	.LVL28
 1903 01b8 20000000 		.4byte	.LVL31
 1904 01bc 0100     		.2byte	0x1
 1905 01be 55       		.byte	0x55
 1906 01bf 20000000 		.4byte	.LVL31
 1907 01c3 3C000000 		.4byte	.LVL32
 1908 01c7 0100     		.2byte	0x1
 1909 01c9 53       		.byte	0x53
 1910 01ca 40000000 		.4byte	.LVL33
 1911 01ce 54000000 		.4byte	.LVL34
 1912 01d2 0100     		.2byte	0x1
 1913 01d4 53       		.byte	0x53
 1914 01d5 58000000 		.4byte	.LVL35
 1915 01d9 A3000000 		.4byte	.LVL37-1
 1916 01dd 0100     		.2byte	0x1
 1917 01df 53       		.byte	0x53
 1918 01e0 A4000000 		.4byte	.LVL37
 1919 01e4 BB000000 		.4byte	.LVL39-1
 1920 01e8 0100     		.2byte	0x1
 1921 01ea 53       		.byte	0x53
 1922 01eb 00000000 		.4byte	0
 1923 01ef 00000000 		.4byte	0
 1924              	.LLST11:
 1925 01f3 10000000 		.4byte	.LVL27
 1926 01f7 A0000000 		.4byte	.LVL36
 1927 01fb 0100     		.2byte	0x1
 1928 01fd 54       		.byte	0x54
 1929 01fe A0000000 		.4byte	.LVL36
 1930 0202 A4000000 		.4byte	.LVL37
 1931 0206 0600     		.2byte	0x6
 1932 0208 F3       		.byte	0xf3
 1933 0209 01       		.uleb128 0x1
 1934 020a 50       		.byte	0x50
ARM GAS  /tmp/ccbaJKaQ.s 			page 35


 1935 020b 38       		.byte	0x38
 1936 020c 1C       		.byte	0x1c
 1937 020d 9F       		.byte	0x9f
 1938 020e A4000000 		.4byte	.LVL37
 1939 0212 B8000000 		.4byte	.LVL38
 1940 0216 0100     		.2byte	0x1
 1941 0218 54       		.byte	0x54
 1942 0219 B8000000 		.4byte	.LVL38
 1943 021d BC000000 		.4byte	.LFE10
 1944 0221 0600     		.2byte	0x6
 1945 0223 F3       		.byte	0xf3
 1946 0224 01       		.uleb128 0x1
 1947 0225 50       		.byte	0x50
 1948 0226 38       		.byte	0x38
 1949 0227 1C       		.byte	0x1c
 1950 0228 9F       		.byte	0x9f
 1951 0229 00000000 		.4byte	0
 1952 022d 00000000 		.4byte	0
 1953              	.LLST12:
 1954 0231 10000000 		.4byte	.LVL27
 1955 0235 18000000 		.4byte	.LVL29
 1956 0239 0100     		.2byte	0x1
 1957 023b 50       		.byte	0x50
 1958 023c 18000000 		.4byte	.LVL29
 1959 0240 1B000000 		.4byte	.LVL30-1
 1960 0244 0200     		.2byte	0x2
 1961 0246 74       		.byte	0x74
 1962 0247 00       		.sleb128 0
 1963 0248 1B000000 		.4byte	.LVL30-1
 1964 024c A0000000 		.4byte	.LVL36
 1965 0250 0300     		.2byte	0x3
 1966 0252 75       		.byte	0x75
 1967 0253 7C       		.sleb128 -4
 1968 0254 9F       		.byte	0x9f
 1969 0255 A4000000 		.4byte	.LVL37
 1970 0259 B8000000 		.4byte	.LVL38
 1971 025d 0300     		.2byte	0x3
 1972 025f 75       		.byte	0x75
 1973 0260 7C       		.sleb128 -4
 1974 0261 9F       		.byte	0x9f
 1975 0262 00000000 		.4byte	0
 1976 0266 00000000 		.4byte	0
 1977              	.LLST13:
 1978 026a 00000000 		.4byte	.LVL40
 1979 026e 10000000 		.4byte	.LVL41
 1980 0272 0100     		.2byte	0x1
 1981 0274 50       		.byte	0x50
 1982 0275 10000000 		.4byte	.LVL41
 1983 0279 30000000 		.4byte	.LVL43
 1984 027d 0100     		.2byte	0x1
 1985 027f 54       		.byte	0x54
 1986 0280 30000000 		.4byte	.LVL43
 1987 0284 5C000000 		.4byte	.LVL48
 1988 0288 1300     		.2byte	0x13
 1989 028a F3       		.byte	0xf3
 1990 028b 01       		.uleb128 0x1
 1991 028c 50       		.byte	0x50
ARM GAS  /tmp/ccbaJKaQ.s 			page 36


 1992 028d 03       		.byte	0x3
 1993 028e 00000000 		.4byte	.LANCHOR0
 1994 0292 F3       		.byte	0xf3
 1995 0293 01       		.uleb128 0x1
 1996 0294 50       		.byte	0x50
 1997 0295 30       		.byte	0x30
 1998 0296 2E       		.byte	0x2e
 1999 0297 28       		.byte	0x28
 2000 0298 0100     		.2byte	0x1
 2001 029a 16       		.byte	0x16
 2002 029b 13       		.byte	0x13
 2003 029c 9F       		.byte	0x9f
 2004 029d 5C000000 		.4byte	.LVL48
 2005 02a1 64000000 		.4byte	.LVL49
 2006 02a5 0100     		.2byte	0x1
 2007 02a7 54       		.byte	0x54
 2008 02a8 64000000 		.4byte	.LVL49
 2009 02ac 6C000000 		.4byte	.LFE11
 2010 02b0 1300     		.2byte	0x13
 2011 02b2 F3       		.byte	0xf3
 2012 02b3 01       		.uleb128 0x1
 2013 02b4 50       		.byte	0x50
 2014 02b5 03       		.byte	0x3
 2015 02b6 00000000 		.4byte	.LANCHOR0
 2016 02ba F3       		.byte	0xf3
 2017 02bb 01       		.uleb128 0x1
 2018 02bc 50       		.byte	0x50
 2019 02bd 30       		.byte	0x30
 2020 02be 2E       		.byte	0x2e
 2021 02bf 28       		.byte	0x28
 2022 02c0 0100     		.2byte	0x1
 2023 02c2 16       		.byte	0x16
 2024 02c3 13       		.byte	0x13
 2025 02c4 9F       		.byte	0x9f
 2026 02c5 00000000 		.4byte	0
 2027 02c9 00000000 		.4byte	0
 2028              	.LLST14:
 2029 02cd 00000000 		.4byte	.LVL40
 2030 02d1 1B000000 		.4byte	.LVL42-1
 2031 02d5 0100     		.2byte	0x1
 2032 02d7 51       		.byte	0x51
 2033 02d8 1B000000 		.4byte	.LVL42-1
 2034 02dc 6C000000 		.4byte	.LFE11
 2035 02e0 0100     		.2byte	0x1
 2036 02e2 55       		.byte	0x55
 2037 02e3 00000000 		.4byte	0
 2038 02e7 00000000 		.4byte	0
 2039              	.LLST15:
 2040 02eb 1C000000 		.4byte	.LVL42
 2041 02ef 30000000 		.4byte	.LVL43
 2042 02f3 0300     		.2byte	0x3
 2043 02f5 74       		.byte	0x74
 2044 02f6 04       		.sleb128 4
 2045 02f7 9F       		.byte	0x9f
 2046 02f8 30000000 		.4byte	.LVL43
 2047 02fc 44000000 		.4byte	.LVL45
 2048 0300 1500     		.2byte	0x15
ARM GAS  /tmp/ccbaJKaQ.s 			page 37


 2049 0302 F3       		.byte	0xf3
 2050 0303 01       		.uleb128 0x1
 2051 0304 50       		.byte	0x50
 2052 0305 03       		.byte	0x3
 2053 0306 00000000 		.4byte	.LANCHOR0
 2054 030a F3       		.byte	0xf3
 2055 030b 01       		.uleb128 0x1
 2056 030c 50       		.byte	0x50
 2057 030d 30       		.byte	0x30
 2058 030e 2E       		.byte	0x2e
 2059 030f 28       		.byte	0x28
 2060 0310 0100     		.2byte	0x1
 2061 0312 16       		.byte	0x16
 2062 0313 13       		.byte	0x13
 2063 0314 23       		.byte	0x23
 2064 0315 04       		.uleb128 0x4
 2065 0316 9F       		.byte	0x9f
 2066 0317 5C000000 		.4byte	.LVL48
 2067 031b 64000000 		.4byte	.LVL49
 2068 031f 0300     		.2byte	0x3
 2069 0321 74       		.byte	0x74
 2070 0322 04       		.sleb128 4
 2071 0323 9F       		.byte	0x9f
 2072 0324 64000000 		.4byte	.LVL49
 2073 0328 6C000000 		.4byte	.LFE11
 2074 032c 1500     		.2byte	0x15
 2075 032e F3       		.byte	0xf3
 2076 032f 01       		.uleb128 0x1
 2077 0330 50       		.byte	0x50
 2078 0331 03       		.byte	0x3
 2079 0332 00000000 		.4byte	.LANCHOR0
 2080 0336 F3       		.byte	0xf3
 2081 0337 01       		.uleb128 0x1
 2082 0338 50       		.byte	0x50
 2083 0339 30       		.byte	0x30
 2084 033a 2E       		.byte	0x2e
 2085 033b 28       		.byte	0x28
 2086 033c 0100     		.2byte	0x1
 2087 033e 16       		.byte	0x16
 2088 033f 13       		.byte	0x13
 2089 0340 23       		.byte	0x23
 2090 0341 04       		.uleb128 0x4
 2091 0342 9F       		.byte	0x9f
 2092 0343 00000000 		.4byte	0
 2093 0347 00000000 		.4byte	0
 2094              	.LLST16:
 2095 034b 1C000000 		.4byte	.LVL42
 2096 034f 30000000 		.4byte	.LVL43
 2097 0353 0200     		.2byte	0x2
 2098 0355 30       		.byte	0x30
 2099 0356 9F       		.byte	0x9f
 2100 0357 30000000 		.4byte	.LVL43
 2101 035b 3C000000 		.4byte	.LVL44
 2102 035f 0100     		.2byte	0x1
 2103 0361 54       		.byte	0x54
 2104 0362 3C000000 		.4byte	.LVL44
 2105 0366 44000000 		.4byte	.LVL45
ARM GAS  /tmp/ccbaJKaQ.s 			page 38


 2106 036a 0300     		.2byte	0x3
 2107 036c 74       		.byte	0x74
 2108 036d 7F       		.sleb128 -1
 2109 036e 9F       		.byte	0x9f
 2110 036f 44000000 		.4byte	.LVL45
 2111 0373 48000000 		.4byte	.LVL46
 2112 0377 0100     		.2byte	0x1
 2113 0379 54       		.byte	0x54
 2114 037a 5C000000 		.4byte	.LVL48
 2115 037e 6C000000 		.4byte	.LFE11
 2116 0382 0200     		.2byte	0x2
 2117 0384 30       		.byte	0x30
 2118 0385 9F       		.byte	0x9f
 2119 0386 00000000 		.4byte	0
 2120 038a 00000000 		.4byte	0
 2121              	.LLST17:
 2122 038e 1C000000 		.4byte	.LVL42
 2123 0392 30000000 		.4byte	.LVL43
 2124 0396 0200     		.2byte	0x2
 2125 0398 30       		.byte	0x30
 2126 0399 9F       		.byte	0x9f
 2127 039a 30000000 		.4byte	.LVL43
 2128 039e 48000000 		.4byte	.LVL46
 2129 03a2 0100     		.2byte	0x1
 2130 03a4 52       		.byte	0x52
 2131 03a5 5C000000 		.4byte	.LVL48
 2132 03a9 6C000000 		.4byte	.LFE11
 2133 03ad 0200     		.2byte	0x2
 2134 03af 30       		.byte	0x30
 2135 03b0 9F       		.byte	0x9f
 2136 03b1 00000000 		.4byte	0
 2137 03b5 00000000 		.4byte	0
 2138              		.section	.debug_aranges,"",%progbits
 2139 0000 3C000000 		.4byte	0x3c
 2140 0004 0200     		.2byte	0x2
 2141 0006 00000000 		.4byte	.Ldebug_info0
 2142 000a 04       		.byte	0x4
 2143 000b 00       		.byte	0
 2144 000c 0000     		.2byte	0
 2145 000e 0000     		.2byte	0
 2146 0010 00000000 		.4byte	.LFB7
 2147 0014 28000000 		.4byte	.LFE7-.LFB7
 2148 0018 00000000 		.4byte	.LFB8
 2149 001c 24000000 		.4byte	.LFE8-.LFB8
 2150 0020 00000000 		.4byte	.LFB9
 2151 0024 D4000000 		.4byte	.LFE9-.LFB9
 2152 0028 00000000 		.4byte	.LFB10
 2153 002c BC000000 		.4byte	.LFE10-.LFB10
 2154 0030 00000000 		.4byte	.LFB11
 2155 0034 6C000000 		.4byte	.LFE11-.LFB11
 2156 0038 00000000 		.4byte	0
 2157 003c 00000000 		.4byte	0
 2158              		.section	.debug_ranges,"",%progbits
 2159              	.Ldebug_ranges0:
 2160 0000 00000000 		.4byte	.LFB7
 2161 0004 28000000 		.4byte	.LFE7
 2162 0008 00000000 		.4byte	.LFB8
ARM GAS  /tmp/ccbaJKaQ.s 			page 39


 2163 000c 24000000 		.4byte	.LFE8
 2164 0010 00000000 		.4byte	.LFB9
 2165 0014 D4000000 		.4byte	.LFE9
 2166 0018 00000000 		.4byte	.LFB10
 2167 001c BC000000 		.4byte	.LFE10
 2168 0020 00000000 		.4byte	.LFB11
 2169 0024 6C000000 		.4byte	.LFE11
 2170 0028 00000000 		.4byte	0
 2171 002c 00000000 		.4byte	0
 2172              		.section	.debug_line,"",%progbits
 2173              	.Ldebug_line0:
 2174 0000 32020000 		.section	.debug_str,"MS",%progbits,1
 2174      02004701 
 2174      00000201 
 2174      FB0E0D00 
 2174      01010101 
 2175              	.LASF39:
 2176 0000 705F6D73 		.ascii	"p_msg\000"
 2176      6700
 2177              	.LASF2:
 2178 0006 73697A65 		.ascii	"size_t\000"
 2178      5F7400
 2179              	.LASF63:
 2180 000d 7264796D 		.ascii	"rdymsg\000"
 2180      736700
 2181              	.LASF3:
 2182 0014 5F5F7569 		.ascii	"__uint8_t\000"
 2182      6E74385F 
 2182      7400
 2183              	.LASF53:
 2184 001e 6D656D67 		.ascii	"memgetfunc_t\000"
 2184      65746675 
 2184      6E635F74 
 2184      00
 2185              	.LASF12:
 2186 002b 6C6F6E67 		.ascii	"long long unsigned int\000"
 2186      206C6F6E 
 2186      6720756E 
 2186      7369676E 
 2186      65642069 
 2187              	.LASF64:
 2188 0042 65786974 		.ascii	"exitcode\000"
 2188      636F6465 
 2188      00
 2189              	.LASF57:
 2190 004b 685F6672 		.ascii	"h_free\000"
 2190      656500
 2191              	.LASF71:
 2192 0052 68656170 		.ascii	"heapp\000"
 2192      7000
 2193              	.LASF83:
 2194 0058 63684D74 		.ascii	"chMtxUnlock\000"
 2194      78556E6C 
 2194      6F636B00 
 2195              	.LASF70:
 2196 0064 63684865 		.ascii	"chHeapInit\000"
 2196      6170496E 
ARM GAS  /tmp/ccbaJKaQ.s 			page 40


 2196      697400
 2197              	.LASF59:
 2198 006f 6E657874 		.ascii	"next\000"
 2198      00
 2199              	.LASF27:
 2200 0074 705F7072 		.ascii	"p_prio\000"
 2200      696F00
 2201              	.LASF11:
 2202 007b 6C6F6E67 		.ascii	"long long int\000"
 2202      206C6F6E 
 2202      6720696E 
 2202      7400
 2203              	.LASF1:
 2204 0089 7369676E 		.ascii	"signed char\000"
 2204      65642063 
 2204      68617200 
 2205              	.LASF58:
 2206 0095 685F6D74 		.ascii	"h_mtx\000"
 2206      7800
 2207              	.LASF50:
 2208 009b 6D5F7175 		.ascii	"m_queue\000"
 2208      65756500 
 2209              	.LASF72:
 2210 00a3 63684865 		.ascii	"chHeapFree\000"
 2210      61704672 
 2210      656500
 2211              	.LASF19:
 2212 00ae 74736C69 		.ascii	"tslices_t\000"
 2212      6365735F 
 2212      7400
 2213              	.LASF8:
 2214 00b8 6C6F6E67 		.ascii	"long int\000"
 2214      20696E74 
 2214      00
 2215              	.LASF80:
 2216 00c1 2E2E2F2E 		.ascii	"../../os/kernel/src/chheap.c\000"
 2216      2E2F6F73 
 2216      2F6B6572 
 2216      6E656C2F 
 2216      7372632F 
 2217              	.LASF17:
 2218 00de 74737461 		.ascii	"tstate_t\000"
 2218      74655F74 
 2218      00
 2219              	.LASF29:
 2220 00e7 705F6E65 		.ascii	"p_newer\000"
 2220      77657200 
 2221              	.LASF9:
 2222 00ef 5F5F7569 		.ascii	"__uint32_t\000"
 2222      6E743332 
 2222      5F7400
 2223              	.LASF46:
 2224 00fa 72656761 		.ascii	"regarm_t\000"
 2224      726D5F74 
 2224      00
 2225              	.LASF61:
 2226 0103 616C6967 		.ascii	"align\000"
ARM GAS  /tmp/ccbaJKaQ.s 			page 41


 2226      6E00
 2227              	.LASF0:
 2228 0109 756E7369 		.ascii	"unsigned int\000"
 2228      676E6564 
 2228      20696E74 
 2228      00
 2229              	.LASF10:
 2230 0116 6C6F6E67 		.ascii	"long unsigned int\000"
 2230      20756E73 
 2230      69676E65 
 2230      6420696E 
 2230      7400
 2231              	.LASF48:
 2232 0128 636F6E74 		.ascii	"context\000"
 2232      65787400 
 2233              	.LASF62:
 2234 0130 73697A65 		.ascii	"size\000"
 2234      00
 2235              	.LASF6:
 2236 0135 73686F72 		.ascii	"short unsigned int\000"
 2236      7420756E 
 2236      7369676E 
 2236      65642069 
 2236      6E7400
 2237              	.LASF21:
 2238 0148 6D73675F 		.ascii	"msg_t\000"
 2238      7400
 2239              	.LASF16:
 2240 014e 746D6F64 		.ascii	"tmode_t\000"
 2240      655F7400 
 2241              	.LASF77:
 2242 0156 63684D74 		.ascii	"chMtxInit\000"
 2242      78496E69 
 2242      7400
 2243              	.LASF44:
 2244 0160 54687265 		.ascii	"ThreadsList\000"
 2244      6164734C 
 2244      69737400 
 2245              	.LASF22:
 2246 016c 6576656E 		.ascii	"eventmask_t\000"
 2246      746D6173 
 2246      6B5F7400 
 2247              	.LASF49:
 2248 0178 4D757465 		.ascii	"Mutex\000"
 2248      7800
 2249              	.LASF45:
 2250 017e 73746B61 		.ascii	"stkalign_t\000"
 2250      6C69676E 
 2250      5F7400
 2251              	.LASF68:
 2252 0189 73697A65 		.ascii	"sizetype\000"
 2252      74797065 
 2252      00
 2253              	.LASF78:
 2254 0192 63684D74 		.ascii	"chMtxLock\000"
 2254      784C6F63 
 2254      6B00
ARM GAS  /tmp/ccbaJKaQ.s 			page 42


 2255              	.LASF30:
 2256 019c 705F6F6C 		.ascii	"p_older\000"
 2256      64657200 
 2257              	.LASF43:
 2258 01a4 54687265 		.ascii	"ThreadsQueue\000"
 2258      61647351 
 2258      75657565 
 2258      00
 2259              	.LASF54:
 2260 01b1 4D656D6F 		.ascii	"MemoryHeap\000"
 2260      72794865 
 2260      617000
 2261              	.LASF18:
 2262 01bc 74726566 		.ascii	"trefs_t\000"
 2262      735F7400 
 2263              	.LASF26:
 2264 01c4 705F7072 		.ascii	"p_prev\000"
 2264      657600
 2265              	.LASF20:
 2266 01cb 74707269 		.ascii	"tprio_t\000"
 2266      6F5F7400 
 2267              	.LASF14:
 2268 01d3 696E7433 		.ascii	"int32_t\000"
 2268      325F7400 
 2269              	.LASF4:
 2270 01db 756E7369 		.ascii	"unsigned char\000"
 2270      676E6564 
 2270      20636861 
 2270      7200
 2271              	.LASF56:
 2272 01e9 685F7072 		.ascii	"h_provider\000"
 2272      6F766964 
 2272      657200
 2273              	.LASF41:
 2274 01f4 705F6D74 		.ascii	"p_mtxlist\000"
 2274      786C6973 
 2274      7400
 2275              	.LASF5:
 2276 01fe 73686F72 		.ascii	"short int\000"
 2276      7420696E 
 2276      7400
 2277              	.LASF32:
 2278 0208 705F7374 		.ascii	"p_state\000"
 2278      61746500 
 2279              	.LASF35:
 2280 0210 705F7072 		.ascii	"p_preempt\000"
 2280      65656D70 
 2280      7400
 2281              	.LASF82:
 2282 021a 68656170 		.ascii	"heap_header\000"
 2282      5F686561 
 2282      64657200 
 2283              	.LASF66:
 2284 0226 65776D61 		.ascii	"ewmask\000"
 2284      736B00
 2285              	.LASF25:
 2286 022d 705F6E65 		.ascii	"p_next\000"
ARM GAS  /tmp/ccbaJKaQ.s 			page 43


 2286      787400
 2287              	.LASF33:
 2288 0234 705F666C 		.ascii	"p_flags\000"
 2288      61677300 
 2289              	.LASF24:
 2290 023c 54687265 		.ascii	"Thread\000"
 2290      616400
 2291              	.LASF73:
 2292 0243 63684865 		.ascii	"chHeapAlloc\000"
 2292      6170416C 
 2292      6C6F6300 
 2293              	.LASF40:
 2294 024f 705F6570 		.ascii	"p_epending\000"
 2294      656E6469 
 2294      6E6700
 2295              	.LASF15:
 2296 025a 75696E74 		.ascii	"uint32_t\000"
 2296      33325F74 
 2296      00
 2297              	.LASF60:
 2298 0263 68656170 		.ascii	"heap\000"
 2298      00
 2299              	.LASF76:
 2300 0268 64656661 		.ascii	"default_heap\000"
 2300      756C745F 
 2300      68656170 
 2300      00
 2301              	.LASF67:
 2302 0275 63686172 		.ascii	"char\000"
 2302      00
 2303              	.LASF74:
 2304 027a 63684865 		.ascii	"chHeapStatus\000"
 2304      61705374 
 2304      61747573 
 2304      00
 2305              	.LASF52:
 2306 0287 6D5F6E65 		.ascii	"m_next\000"
 2306      787400
 2307              	.LASF23:
 2308 028e 73797374 		.ascii	"systime_t\000"
 2308      696D655F 
 2308      7400
 2309              	.LASF42:
 2310 0298 705F7265 		.ascii	"p_realprio\000"
 2310      616C7072 
 2310      696F00
 2311              	.LASF7:
 2312 02a3 5F5F696E 		.ascii	"__int32_t\000"
 2312      7433325F 
 2312      7400
 2313              	.LASF36:
 2314 02ad 705F7469 		.ascii	"p_time\000"
 2314      6D6500
 2315              	.LASF47:
 2316 02b4 696E7463 		.ascii	"intctx\000"
 2316      747800
 2317              	.LASF38:
ARM GAS  /tmp/ccbaJKaQ.s 			page 44


 2318 02bb 705F6D73 		.ascii	"p_msgqueue\000"
 2318      67717565 
 2318      756500
 2319              	.LASF81:
 2320 02c6 2F686F6D 		.ascii	"/home/hunter/development/chibi/ChibiOS-RPi/demos/AR"
 2320      652F6875 
 2320      6E746572 
 2320      2F646576 
 2320      656C6F70 
 2321 02f9 4D31312D 		.ascii	"M11-BCM2835-GCC\000"
 2321      42434D32 
 2321      3833352D 
 2321      47434300 
 2322              	.LASF34:
 2323 0309 705F7265 		.ascii	"p_refs\000"
 2323      667300
 2324              	.LASF13:
 2325 0310 75696E74 		.ascii	"uint8_t\000"
 2325      385F7400 
 2326              	.LASF65:
 2327 0318 77746F62 		.ascii	"wtobjp\000"
 2327      6A7000
 2328              	.LASF75:
 2329 031f 73697A65 		.ascii	"sizep\000"
 2329      7000
 2330              	.LASF31:
 2331 0325 705F6E61 		.ascii	"p_name\000"
 2331      6D6500
 2332              	.LASF79:
 2333 032c 474E5520 		.ascii	"GNU C 4.9.3 20150529 (prerelease) -mcpu=arm1176jz-s"
 2333      4320342E 
 2333      392E3320 
 2333      32303135 
 2333      30353239 
 2334 035f 202D6D6E 		.ascii	" -mno-thumb-interwork -ggdb -O2 -fomit-frame-pointe"
 2334      6F2D7468 
 2334      756D622D 
 2334      696E7465 
 2334      72776F72 
 2335 0392 72202D66 		.ascii	"r -ffunction-sections -fdata-sections\000"
 2335      66756E63 
 2335      74696F6E 
 2335      2D736563 
 2335      74696F6E 
 2336              	.LASF69:
 2337 03b8 5F686561 		.ascii	"_heap_init\000"
 2337      705F696E 
 2337      697400
 2338              	.LASF51:
 2339 03c3 6D5F6F77 		.ascii	"m_owner\000"
 2339      6E657200 
 2340              	.LASF28:
 2341 03cb 705F6374 		.ascii	"p_ctx\000"
 2341      7800
 2342              	.LASF37:
 2343 03d1 705F7761 		.ascii	"p_waiting\000"
 2343      6974696E 
ARM GAS  /tmp/ccbaJKaQ.s 			page 45


 2343      6700
 2344              	.LASF55:
 2345 03db 6D656D6F 		.ascii	"memory_heap\000"
 2345      72795F68 
 2345      65617000 
 2346              		.ident	"GCC: (15:4.9.3+svn231177-1) 4.9.3 20150529 (prerelease)"
ARM GAS  /tmp/ccbaJKaQ.s 			page 46


DEFINED SYMBOLS
                            *ABS*:0000000000000000 chheap.c
     /tmp/ccbaJKaQ.s:17     .text._heap_init:0000000000000000 $a
     /tmp/ccbaJKaQ.s:20     .text._heap_init:0000000000000000 _heap_init
     /tmp/ccbaJKaQ.s:47     .text._heap_init:0000000000000020 $d
     /tmp/ccbaJKaQ.s:53     .text.chHeapInit:0000000000000000 $a
     /tmp/ccbaJKaQ.s:56     .text.chHeapInit:0000000000000000 chHeapInit
     /tmp/ccbaJKaQ.s:90     .text.chHeapAlloc:0000000000000000 $a
     /tmp/ccbaJKaQ.s:93     .text.chHeapAlloc:0000000000000000 chHeapAlloc
     /tmp/ccbaJKaQ.s:217    .text.chHeapAlloc:00000000000000d0 $d
     /tmp/ccbaJKaQ.s:222    .text.chHeapFree:0000000000000000 $a
     /tmp/ccbaJKaQ.s:225    .text.chHeapFree:0000000000000000 chHeapFree
     /tmp/ccbaJKaQ.s:345    .text.chHeapStatus:0000000000000000 $a
     /tmp/ccbaJKaQ.s:348    .text.chHeapStatus:0000000000000000 chHeapStatus
     /tmp/ccbaJKaQ.s:419    .text.chHeapStatus:0000000000000068 $d
     /tmp/ccbaJKaQ.s:424    .bss.default_heap:0000000000000000 $d
     /tmp/ccbaJKaQ.s:428    .bss.default_heap:0000000000000000 default_heap
                     .debug_frame:0000000000000010 $d

UNDEFINED SYMBOLS
chMtxInit
chCoreAlloc
chMtxLock
chMtxUnlock
