ARM GAS  /tmp/cc6TVrPJ.s 			page 1


   1              		.cpu arm1176jz-s
   2              		.fpu softvfp
   3              		.eabi_attribute 20, 1
   4              		.eabi_attribute 21, 1
   5              		.eabi_attribute 23, 3
   6              		.eabi_attribute 24, 1
   7              		.eabi_attribute 25, 1
   8              		.eabi_attribute 26, 1
   9              		.eabi_attribute 30, 2
  10              		.eabi_attribute 34, 1
  11              		.eabi_attribute 18, 4
  12              		.file	"chmemcore.c"
  13              		.text
  14              	.Ltext0:
  15              		.cfi_sections	.debug_frame
  16              		.section	.text._core_init,"ax",%progbits
  17              		.align	2
  18              		.global	_core_init
  19              		.type	_core_init, %function
  20              	_core_init:
  21              	.LFB7:
  22              		.file 1 "../../os/kernel/src/chmemcore.c"
  23              		.loc 1 59 0
  24              		.cfi_startproc
  25              		@ args = 0, pretend = 0, frame = 0
  26              		@ frame_needed = 0, uses_anonymous_args = 0
  27              		@ link register save eliminated.
  28              		.loc 1 63 0
  29 0000 1C209FE5 		ldr	r2, .L2
  30              		.loc 1 64 0
  31 0004 1C309FE5 		ldr	r3, .L2+4
  32              		.loc 1 63 0
  33 0008 1C009FE5 		ldr	r0, .L2+8
  34              		.loc 1 64 0
  35 000c 1C109FE5 		ldr	r1, .L2+12
  36              		.loc 1 63 0
  37 0010 0320C2E3 		bic	r2, r2, #3
  38              		.loc 1 64 0
  39 0014 0330C3E3 		bic	r3, r3, #3
  40              		.loc 1 63 0
  41 0018 002080E5 		str	r2, [r0]
  42              		.loc 1 64 0
  43 001c 003081E5 		str	r3, [r1]
  44 0020 1EFF2FE1 		bx	lr
  45              	.L3:
  46              		.align	2
  47              	.L2:
  48 0024 03000000 		.word	__heap_base__+3
  49 0028 00000000 		.word	__heap_end__
  50 002c 00000000 		.word	.LANCHOR0
  51 0030 00000000 		.word	.LANCHOR1
  52              		.cfi_endproc
  53              	.LFE7:
  54              		.size	_core_init, .-_core_init
  55              		.section	.text.chCoreAlloc,"ax",%progbits
  56              		.align	2
  57              		.global	chCoreAlloc
ARM GAS  /tmp/cc6TVrPJ.s 			page 2


  58              		.type	chCoreAlloc, %function
  59              	chCoreAlloc:
  60              	.LFB8:
  61              		.loc 1 84 0
  62              		.cfi_startproc
  63              		@ args = 0, pretend = 0, frame = 0
  64              		@ frame_needed = 0, uses_anonymous_args = 0
  65              		@ link register save eliminated.
  66              	.LVL0:
  67              		.loc 1 87 0
  68              	@ 87 "../../os/kernel/src/chmemcore.c" 1
  69 0000 9FF021E3 		msr     CPSR_c, #0x9F
  70              	@ 0 "" 2
  71              	.LVL1:
  72              	.LBB4:
  73              	.LBB5:
  74              		.loc 1 111 0
  75 0004 30C09FE5 		ldr	ip, .L7
  76 0008 30309FE5 		ldr	r3, .L7+4
  77 000c 00209CE5 		ldr	r2, [ip]
  78 0010 001093E5 		ldr	r1, [r3]
  79              		.loc 1 110 0
  80 0014 033080E2 		add	r3, r0, #3
  81 0018 0330C3E3 		bic	r3, r3, #3
  82              	.LVL2:
  83              		.loc 1 111 0
  84 001c 011062E0 		rsb	r1, r2, r1
  85 0020 010053E1 		cmp	r3, r1
  86              	.LVL3:
  87              		.loc 1 114 0
  88 0024 03308290 		addls	r3, r2, r3
  89              	.LVL4:
  90 0028 00308C95 		strls	r3, [ip]
  91              		.loc 1 115 0
  92 002c 0200A091 		movls	r0, r2
  93              	.LVL5:
  94              		.loc 1 112 0
  95 0030 0000A083 		movhi	r0, #0
  96              	.LBE5:
  97              	.LBE4:
  98              		.loc 1 89 0
  99              	@ 89 "../../os/kernel/src/chmemcore.c" 1
 100 0034 1FF021E3 		msr     CPSR_c, #0x1F
 101              	@ 0 "" 2
 102              		.loc 1 91 0
 103 0038 1EFF2FE1 		bx	lr
 104              	.L8:
 105              		.align	2
 106              	.L7:
 107 003c 00000000 		.word	.LANCHOR0
 108 0040 00000000 		.word	.LANCHOR1
 109              		.cfi_endproc
 110              	.LFE8:
 111              		.size	chCoreAlloc, .-chCoreAlloc
 112              		.section	.text.chCoreAllocI,"ax",%progbits
 113              		.align	2
 114              		.global	chCoreAllocI
ARM GAS  /tmp/cc6TVrPJ.s 			page 3


 115              		.type	chCoreAllocI, %function
 116              	chCoreAllocI:
 117              	.LFB9:
 118              		.loc 1 105 0
 119              		.cfi_startproc
 120              		@ args = 0, pretend = 0, frame = 0
 121              		@ frame_needed = 0, uses_anonymous_args = 0
 122              		@ link register save eliminated.
 123              	.LVL6:
 124              		.loc 1 111 0
 125 0000 2CC09FE5 		ldr	ip, .L12
 126 0004 2C309FE5 		ldr	r3, .L12+4
 127 0008 00209CE5 		ldr	r2, [ip]
 128 000c 001093E5 		ldr	r1, [r3]
 129              		.loc 1 110 0
 130 0010 030080E2 		add	r0, r0, #3
 131              	.LVL7:
 132 0014 0330C0E3 		bic	r3, r0, #3
 133              	.LVL8:
 134              		.loc 1 111 0
 135 0018 011062E0 		rsb	r1, r2, r1
 136 001c 010053E1 		cmp	r3, r1
 137              	.LVL9:
 138              		.loc 1 114 0
 139 0020 03308290 		addls	r3, r2, r3
 140              	.LVL10:
 141              		.loc 1 115 0
 142 0024 0200A091 		movls	r0, r2
 143              	.LVL11:
 144              		.loc 1 114 0
 145 0028 00308C95 		strls	r3, [ip]
 146              		.loc 1 112 0
 147 002c 0000A083 		movhi	r0, #0
 148              		.loc 1 116 0
 149 0030 1EFF2FE1 		bx	lr
 150              	.L13:
 151              		.align	2
 152              	.L12:
 153 0034 00000000 		.word	.LANCHOR0
 154 0038 00000000 		.word	.LANCHOR1
 155              		.cfi_endproc
 156              	.LFE9:
 157              		.size	chCoreAllocI, .-chCoreAllocI
 158              		.section	.text.chCoreStatus,"ax",%progbits
 159              		.align	2
 160              		.global	chCoreStatus
 161              		.type	chCoreStatus, %function
 162              	chCoreStatus:
 163              	.LFB10:
 164              		.loc 1 125 0
 165              		.cfi_startproc
 166              		@ args = 0, pretend = 0, frame = 0
 167              		@ frame_needed = 0, uses_anonymous_args = 0
 168              		@ link register save eliminated.
 169              		.loc 1 127 0
 170 0000 10209FE5 		ldr	r2, .L15
 171 0004 10309FE5 		ldr	r3, .L15+4
ARM GAS  /tmp/cc6TVrPJ.s 			page 4


 172 0008 000092E5 		ldr	r0, [r2]
 173 000c 003093E5 		ldr	r3, [r3]
 174              		.loc 1 128 0
 175 0010 000063E0 		rsb	r0, r3, r0
 176 0014 1EFF2FE1 		bx	lr
 177              	.L16:
 178              		.align	2
 179              	.L15:
 180 0018 00000000 		.word	.LANCHOR1
 181 001c 00000000 		.word	.LANCHOR0
 182              		.cfi_endproc
 183              	.LFE10:
 184              		.size	chCoreStatus, .-chCoreStatus
 185              		.section	.bss.endmem,"aw",%nobits
 186              		.align	2
 187              		.set	.LANCHOR1,. + 0
 188              		.type	endmem, %object
 189              		.size	endmem, 4
 190              	endmem:
 191 0000 00000000 		.space	4
 192              		.section	.bss.nextmem,"aw",%nobits
 193              		.align	2
 194              		.set	.LANCHOR0,. + 0
 195              		.type	nextmem, %object
 196              		.size	nextmem, 4
 197              	nextmem:
 198 0000 00000000 		.space	4
 199              		.text
 200              	.Letext0:
 201              		.file 2 "/usr/lib/gcc/arm-none-eabi/4.9.3/include/stddef.h"
 202              		.file 3 "/usr/include/newlib/machine/_default_types.h"
 203              		.file 4 "/usr/include/newlib/sys/_stdint.h"
 204              		.section	.debug_info,"",%progbits
 205              	.Ldebug_info0:
 206 0000 C8010000 		.4byte	0x1c8
 207 0004 0400     		.2byte	0x4
 208 0006 00000000 		.4byte	.Ldebug_abbrev0
 209 000a 04       		.byte	0x4
 210 000b 01       		.uleb128 0x1
 211 000c 4B000000 		.4byte	.LASF18
 212 0010 01       		.byte	0x1
 213 0011 7D010000 		.4byte	.LASF19
 214 0015 0A010000 		.4byte	.LASF20
 215 0019 00000000 		.4byte	.Ldebug_ranges0+0
 216 001d 00000000 		.4byte	0
 217 0021 00000000 		.4byte	.Ldebug_line0
 218 0025 02       		.uleb128 0x2
 219 0026 04       		.byte	0x4
 220 0027 05       		.byte	0x5
 221 0028 696E7400 		.ascii	"int\000"
 222 002c 03       		.uleb128 0x3
 223 002d 21000000 		.4byte	.LASF2
 224 0031 02       		.byte	0x2
 225 0032 D4       		.byte	0xd4
 226 0033 37000000 		.4byte	0x37
 227 0037 04       		.uleb128 0x4
 228 0038 04       		.byte	0x4
ARM GAS  /tmp/cc6TVrPJ.s 			page 5


 229 0039 07       		.byte	0x7
 230 003a D7010000 		.4byte	.LASF0
 231 003e 04       		.uleb128 0x4
 232 003f 01       		.byte	0x1
 233 0040 06       		.byte	0x6
 234 0041 B1010000 		.4byte	.LASF1
 235 0045 03       		.uleb128 0x3
 236 0046 00010000 		.4byte	.LASF3
 237 004a 03       		.byte	0x3
 238 004b 1D       		.byte	0x1d
 239 004c 50000000 		.4byte	0x50
 240 0050 04       		.uleb128 0x4
 241 0051 01       		.byte	0x1
 242 0052 08       		.byte	0x8
 243 0053 55010000 		.4byte	.LASF4
 244 0057 04       		.uleb128 0x4
 245 0058 02       		.byte	0x2
 246 0059 05       		.byte	0x5
 247 005a CD010000 		.4byte	.LASF5
 248 005e 04       		.uleb128 0x4
 249 005f 02       		.byte	0x2
 250 0060 07       		.byte	0x7
 251 0061 0E000000 		.4byte	.LASF6
 252 0065 04       		.uleb128 0x4
 253 0066 04       		.byte	0x4
 254 0067 05       		.byte	0x5
 255 0068 74010000 		.4byte	.LASF7
 256 006c 04       		.uleb128 0x4
 257 006d 04       		.byte	0x4
 258 006e 07       		.byte	0x7
 259 006f D7000000 		.4byte	.LASF8
 260 0073 04       		.uleb128 0x4
 261 0074 08       		.byte	0x8
 262 0075 05       		.byte	0x5
 263 0076 00000000 		.4byte	.LASF9
 264 007a 04       		.uleb128 0x4
 265 007b 08       		.byte	0x8
 266 007c 07       		.byte	0x7
 267 007d E9000000 		.4byte	.LASF10
 268 0081 03       		.uleb128 0x3
 269 0082 4D010000 		.4byte	.LASF11
 270 0086 04       		.byte	0x4
 271 0087 14       		.byte	0x14
 272 0088 45000000 		.4byte	0x45
 273 008c 05       		.uleb128 0x5
 274 008d 04       		.byte	0x4
 275 008e 04       		.uleb128 0x4
 276 008f 01       		.byte	0x1
 277 0090 08       		.byte	0x8
 278 0091 63010000 		.4byte	.LASF12
 279 0095 04       		.uleb128 0x4
 280 0096 04       		.byte	0x4
 281 0097 07       		.byte	0x7
 282 0098 E4010000 		.4byte	.LASF13
 283 009c 06       		.uleb128 0x6
 284 009d 04       		.byte	0x4
 285 009e 81000000 		.4byte	0x81
ARM GAS  /tmp/cc6TVrPJ.s 			page 6


 286 00a2 07       		.uleb128 0x7
 287 00a3 A4010000 		.4byte	.LASF21
 288 00a7 01       		.byte	0x1
 289 00a8 69       		.byte	0x69
 290 00a9 8C000000 		.4byte	0x8c
 291 00ad 01       		.byte	0x1
 292 00ae C7000000 		.4byte	0xc7
 293 00b2 08       		.uleb128 0x8
 294 00b3 BD010000 		.4byte	.LASF22
 295 00b7 01       		.byte	0x1
 296 00b8 69       		.byte	0x69
 297 00b9 2C000000 		.4byte	0x2c
 298 00bd 09       		.uleb128 0x9
 299 00be 7000     		.ascii	"p\000"
 300 00c0 01       		.byte	0x1
 301 00c1 6A       		.byte	0x6a
 302 00c2 8C000000 		.4byte	0x8c
 303 00c6 00       		.byte	0
 304 00c7 0A       		.uleb128 0xa
 305 00c8 C2010000 		.4byte	.LASF23
 306 00cc 01       		.byte	0x1
 307 00cd 3B       		.byte	0x3b
 308 00ce 00000000 		.4byte	.LFB7
 309 00d2 34000000 		.4byte	.LFE7-.LFB7
 310 00d6 01       		.uleb128 0x1
 311 00d7 9C       		.byte	0x9c
 312 00d8 F3000000 		.4byte	0xf3
 313 00dc 0B       		.uleb128 0xb
 314 00dd 3D000000 		.4byte	.LASF14
 315 00e1 01       		.byte	0x1
 316 00e2 3D       		.byte	0x3d
 317 00e3 F3000000 		.4byte	0xf3
 318 00e7 0B       		.uleb128 0xb
 319 00e8 30000000 		.4byte	.LASF15
 320 00ec 01       		.byte	0x1
 321 00ed 3E       		.byte	0x3e
 322 00ee F3000000 		.4byte	0xf3
 323 00f2 00       		.byte	0
 324 00f3 0C       		.uleb128 0xc
 325 00f4 81000000 		.4byte	0x81
 326 00f8 FE000000 		.4byte	0xfe
 327 00fc 0D       		.uleb128 0xd
 328 00fd 00       		.byte	0
 329 00fe 0E       		.uleb128 0xe
 330 00ff 68010000 		.4byte	.LASF24
 331 0103 01       		.byte	0x1
 332 0104 54       		.byte	0x54
 333 0105 8C000000 		.4byte	0x8c
 334 0109 00000000 		.4byte	.LFB8
 335 010d 44000000 		.4byte	.LFE8-.LFB8
 336 0111 01       		.uleb128 0x1
 337 0112 9C       		.byte	0x9c
 338 0113 5A010000 		.4byte	0x15a
 339 0117 0F       		.uleb128 0xf
 340 0118 BD010000 		.4byte	.LASF22
 341 011c 01       		.byte	0x1
 342 011d 54       		.byte	0x54
ARM GAS  /tmp/cc6TVrPJ.s 			page 7


 343 011e 2C000000 		.4byte	0x2c
 344 0122 00000000 		.4byte	.LLST0
 345 0126 09       		.uleb128 0x9
 346 0127 7000     		.ascii	"p\000"
 347 0129 01       		.byte	0x1
 348 012a 55       		.byte	0x55
 349 012b 8C000000 		.4byte	0x8c
 350 012f 10       		.uleb128 0x10
 351 0130 A2000000 		.4byte	0xa2
 352 0134 04000000 		.4byte	.LBB4
 353 0138 30000000 		.4byte	.LBE4-.LBB4
 354 013c 01       		.byte	0x1
 355 013d 58       		.byte	0x58
 356 013e 11       		.uleb128 0x11
 357 013f B2000000 		.4byte	0xb2
 358 0143 21000000 		.4byte	.LLST1
 359 0147 12       		.uleb128 0x12
 360 0148 04000000 		.4byte	.LBB5
 361 014c 30000000 		.4byte	.LBE5-.LBB5
 362 0150 13       		.uleb128 0x13
 363 0151 BD000000 		.4byte	0xbd
 364 0155 01       		.uleb128 0x1
 365 0156 52       		.byte	0x52
 366 0157 00       		.byte	0
 367 0158 00       		.byte	0
 368 0159 00       		.byte	0
 369 015a 14       		.uleb128 0x14
 370 015b A2000000 		.4byte	0xa2
 371 015f 00000000 		.4byte	.LFB9
 372 0163 3C000000 		.4byte	.LFE9-.LFB9
 373 0167 01       		.uleb128 0x1
 374 0168 9C       		.byte	0x9c
 375 0169 7E010000 		.4byte	0x17e
 376 016d 11       		.uleb128 0x11
 377 016e B2000000 		.4byte	0xb2
 378 0172 62000000 		.4byte	.LLST2
 379 0176 13       		.uleb128 0x13
 380 0177 BD000000 		.4byte	0xbd
 381 017b 01       		.uleb128 0x1
 382 017c 52       		.byte	0x52
 383 017d 00       		.byte	0
 384 017e 15       		.uleb128 0x15
 385 017f ED010000 		.4byte	.LASF25
 386 0183 01       		.byte	0x1
 387 0184 7D       		.byte	0x7d
 388 0185 2C000000 		.4byte	0x2c
 389 0189 00000000 		.4byte	.LFB10
 390 018d 20000000 		.4byte	.LFE10-.LFB10
 391 0191 01       		.uleb128 0x1
 392 0192 9C       		.byte	0x9c
 393 0193 16       		.uleb128 0x16
 394 0194 28000000 		.4byte	.LASF16
 395 0198 01       		.byte	0x1
 396 0199 33       		.byte	0x33
 397 019a 9C000000 		.4byte	0x9c
 398 019e 05       		.uleb128 0x5
 399 019f 03       		.byte	0x3
ARM GAS  /tmp/cc6TVrPJ.s 			page 8


 400 01a0 00000000 		.4byte	nextmem
 401 01a4 16       		.uleb128 0x16
 402 01a5 9D010000 		.4byte	.LASF17
 403 01a9 01       		.byte	0x1
 404 01aa 34       		.byte	0x34
 405 01ab 9C000000 		.4byte	0x9c
 406 01af 05       		.uleb128 0x5
 407 01b0 03       		.byte	0x3
 408 01b1 00000000 		.4byte	endmem
 409 01b5 0B       		.uleb128 0xb
 410 01b6 3D000000 		.4byte	.LASF14
 411 01ba 01       		.byte	0x1
 412 01bb 3D       		.byte	0x3d
 413 01bc F3000000 		.4byte	0xf3
 414 01c0 0B       		.uleb128 0xb
 415 01c1 30000000 		.4byte	.LASF15
 416 01c5 01       		.byte	0x1
 417 01c6 3E       		.byte	0x3e
 418 01c7 F3000000 		.4byte	0xf3
 419 01cb 00       		.byte	0
 420              		.section	.debug_abbrev,"",%progbits
 421              	.Ldebug_abbrev0:
 422 0000 01       		.uleb128 0x1
 423 0001 11       		.uleb128 0x11
 424 0002 01       		.byte	0x1
 425 0003 25       		.uleb128 0x25
 426 0004 0E       		.uleb128 0xe
 427 0005 13       		.uleb128 0x13
 428 0006 0B       		.uleb128 0xb
 429 0007 03       		.uleb128 0x3
 430 0008 0E       		.uleb128 0xe
 431 0009 1B       		.uleb128 0x1b
 432 000a 0E       		.uleb128 0xe
 433 000b 55       		.uleb128 0x55
 434 000c 17       		.uleb128 0x17
 435 000d 11       		.uleb128 0x11
 436 000e 01       		.uleb128 0x1
 437 000f 10       		.uleb128 0x10
 438 0010 17       		.uleb128 0x17
 439 0011 00       		.byte	0
 440 0012 00       		.byte	0
 441 0013 02       		.uleb128 0x2
 442 0014 24       		.uleb128 0x24
 443 0015 00       		.byte	0
 444 0016 0B       		.uleb128 0xb
 445 0017 0B       		.uleb128 0xb
 446 0018 3E       		.uleb128 0x3e
 447 0019 0B       		.uleb128 0xb
 448 001a 03       		.uleb128 0x3
 449 001b 08       		.uleb128 0x8
 450 001c 00       		.byte	0
 451 001d 00       		.byte	0
 452 001e 03       		.uleb128 0x3
 453 001f 16       		.uleb128 0x16
 454 0020 00       		.byte	0
 455 0021 03       		.uleb128 0x3
 456 0022 0E       		.uleb128 0xe
ARM GAS  /tmp/cc6TVrPJ.s 			page 9


 457 0023 3A       		.uleb128 0x3a
 458 0024 0B       		.uleb128 0xb
 459 0025 3B       		.uleb128 0x3b
 460 0026 0B       		.uleb128 0xb
 461 0027 49       		.uleb128 0x49
 462 0028 13       		.uleb128 0x13
 463 0029 00       		.byte	0
 464 002a 00       		.byte	0
 465 002b 04       		.uleb128 0x4
 466 002c 24       		.uleb128 0x24
 467 002d 00       		.byte	0
 468 002e 0B       		.uleb128 0xb
 469 002f 0B       		.uleb128 0xb
 470 0030 3E       		.uleb128 0x3e
 471 0031 0B       		.uleb128 0xb
 472 0032 03       		.uleb128 0x3
 473 0033 0E       		.uleb128 0xe
 474 0034 00       		.byte	0
 475 0035 00       		.byte	0
 476 0036 05       		.uleb128 0x5
 477 0037 0F       		.uleb128 0xf
 478 0038 00       		.byte	0
 479 0039 0B       		.uleb128 0xb
 480 003a 0B       		.uleb128 0xb
 481 003b 00       		.byte	0
 482 003c 00       		.byte	0
 483 003d 06       		.uleb128 0x6
 484 003e 0F       		.uleb128 0xf
 485 003f 00       		.byte	0
 486 0040 0B       		.uleb128 0xb
 487 0041 0B       		.uleb128 0xb
 488 0042 49       		.uleb128 0x49
 489 0043 13       		.uleb128 0x13
 490 0044 00       		.byte	0
 491 0045 00       		.byte	0
 492 0046 07       		.uleb128 0x7
 493 0047 2E       		.uleb128 0x2e
 494 0048 01       		.byte	0x1
 495 0049 3F       		.uleb128 0x3f
 496 004a 19       		.uleb128 0x19
 497 004b 03       		.uleb128 0x3
 498 004c 0E       		.uleb128 0xe
 499 004d 3A       		.uleb128 0x3a
 500 004e 0B       		.uleb128 0xb
 501 004f 3B       		.uleb128 0x3b
 502 0050 0B       		.uleb128 0xb
 503 0051 27       		.uleb128 0x27
 504 0052 19       		.uleb128 0x19
 505 0053 49       		.uleb128 0x49
 506 0054 13       		.uleb128 0x13
 507 0055 20       		.uleb128 0x20
 508 0056 0B       		.uleb128 0xb
 509 0057 01       		.uleb128 0x1
 510 0058 13       		.uleb128 0x13
 511 0059 00       		.byte	0
 512 005a 00       		.byte	0
 513 005b 08       		.uleb128 0x8
ARM GAS  /tmp/cc6TVrPJ.s 			page 10


 514 005c 05       		.uleb128 0x5
 515 005d 00       		.byte	0
 516 005e 03       		.uleb128 0x3
 517 005f 0E       		.uleb128 0xe
 518 0060 3A       		.uleb128 0x3a
 519 0061 0B       		.uleb128 0xb
 520 0062 3B       		.uleb128 0x3b
 521 0063 0B       		.uleb128 0xb
 522 0064 49       		.uleb128 0x49
 523 0065 13       		.uleb128 0x13
 524 0066 00       		.byte	0
 525 0067 00       		.byte	0
 526 0068 09       		.uleb128 0x9
 527 0069 34       		.uleb128 0x34
 528 006a 00       		.byte	0
 529 006b 03       		.uleb128 0x3
 530 006c 08       		.uleb128 0x8
 531 006d 3A       		.uleb128 0x3a
 532 006e 0B       		.uleb128 0xb
 533 006f 3B       		.uleb128 0x3b
 534 0070 0B       		.uleb128 0xb
 535 0071 49       		.uleb128 0x49
 536 0072 13       		.uleb128 0x13
 537 0073 00       		.byte	0
 538 0074 00       		.byte	0
 539 0075 0A       		.uleb128 0xa
 540 0076 2E       		.uleb128 0x2e
 541 0077 01       		.byte	0x1
 542 0078 3F       		.uleb128 0x3f
 543 0079 19       		.uleb128 0x19
 544 007a 03       		.uleb128 0x3
 545 007b 0E       		.uleb128 0xe
 546 007c 3A       		.uleb128 0x3a
 547 007d 0B       		.uleb128 0xb
 548 007e 3B       		.uleb128 0x3b
 549 007f 0B       		.uleb128 0xb
 550 0080 27       		.uleb128 0x27
 551 0081 19       		.uleb128 0x19
 552 0082 11       		.uleb128 0x11
 553 0083 01       		.uleb128 0x1
 554 0084 12       		.uleb128 0x12
 555 0085 06       		.uleb128 0x6
 556 0086 40       		.uleb128 0x40
 557 0087 18       		.uleb128 0x18
 558 0088 9742     		.uleb128 0x2117
 559 008a 19       		.uleb128 0x19
 560 008b 01       		.uleb128 0x1
 561 008c 13       		.uleb128 0x13
 562 008d 00       		.byte	0
 563 008e 00       		.byte	0
 564 008f 0B       		.uleb128 0xb
 565 0090 34       		.uleb128 0x34
 566 0091 00       		.byte	0
 567 0092 03       		.uleb128 0x3
 568 0093 0E       		.uleb128 0xe
 569 0094 3A       		.uleb128 0x3a
 570 0095 0B       		.uleb128 0xb
ARM GAS  /tmp/cc6TVrPJ.s 			page 11


 571 0096 3B       		.uleb128 0x3b
 572 0097 0B       		.uleb128 0xb
 573 0098 49       		.uleb128 0x49
 574 0099 13       		.uleb128 0x13
 575 009a 3F       		.uleb128 0x3f
 576 009b 19       		.uleb128 0x19
 577 009c 3C       		.uleb128 0x3c
 578 009d 19       		.uleb128 0x19
 579 009e 00       		.byte	0
 580 009f 00       		.byte	0
 581 00a0 0C       		.uleb128 0xc
 582 00a1 01       		.uleb128 0x1
 583 00a2 01       		.byte	0x1
 584 00a3 49       		.uleb128 0x49
 585 00a4 13       		.uleb128 0x13
 586 00a5 01       		.uleb128 0x1
 587 00a6 13       		.uleb128 0x13
 588 00a7 00       		.byte	0
 589 00a8 00       		.byte	0
 590 00a9 0D       		.uleb128 0xd
 591 00aa 21       		.uleb128 0x21
 592 00ab 00       		.byte	0
 593 00ac 00       		.byte	0
 594 00ad 00       		.byte	0
 595 00ae 0E       		.uleb128 0xe
 596 00af 2E       		.uleb128 0x2e
 597 00b0 01       		.byte	0x1
 598 00b1 3F       		.uleb128 0x3f
 599 00b2 19       		.uleb128 0x19
 600 00b3 03       		.uleb128 0x3
 601 00b4 0E       		.uleb128 0xe
 602 00b5 3A       		.uleb128 0x3a
 603 00b6 0B       		.uleb128 0xb
 604 00b7 3B       		.uleb128 0x3b
 605 00b8 0B       		.uleb128 0xb
 606 00b9 27       		.uleb128 0x27
 607 00ba 19       		.uleb128 0x19
 608 00bb 49       		.uleb128 0x49
 609 00bc 13       		.uleb128 0x13
 610 00bd 11       		.uleb128 0x11
 611 00be 01       		.uleb128 0x1
 612 00bf 12       		.uleb128 0x12
 613 00c0 06       		.uleb128 0x6
 614 00c1 40       		.uleb128 0x40
 615 00c2 18       		.uleb128 0x18
 616 00c3 9742     		.uleb128 0x2117
 617 00c5 19       		.uleb128 0x19
 618 00c6 01       		.uleb128 0x1
 619 00c7 13       		.uleb128 0x13
 620 00c8 00       		.byte	0
 621 00c9 00       		.byte	0
 622 00ca 0F       		.uleb128 0xf
 623 00cb 05       		.uleb128 0x5
 624 00cc 00       		.byte	0
 625 00cd 03       		.uleb128 0x3
 626 00ce 0E       		.uleb128 0xe
 627 00cf 3A       		.uleb128 0x3a
ARM GAS  /tmp/cc6TVrPJ.s 			page 12


 628 00d0 0B       		.uleb128 0xb
 629 00d1 3B       		.uleb128 0x3b
 630 00d2 0B       		.uleb128 0xb
 631 00d3 49       		.uleb128 0x49
 632 00d4 13       		.uleb128 0x13
 633 00d5 02       		.uleb128 0x2
 634 00d6 17       		.uleb128 0x17
 635 00d7 00       		.byte	0
 636 00d8 00       		.byte	0
 637 00d9 10       		.uleb128 0x10
 638 00da 1D       		.uleb128 0x1d
 639 00db 01       		.byte	0x1
 640 00dc 31       		.uleb128 0x31
 641 00dd 13       		.uleb128 0x13
 642 00de 11       		.uleb128 0x11
 643 00df 01       		.uleb128 0x1
 644 00e0 12       		.uleb128 0x12
 645 00e1 06       		.uleb128 0x6
 646 00e2 58       		.uleb128 0x58
 647 00e3 0B       		.uleb128 0xb
 648 00e4 59       		.uleb128 0x59
 649 00e5 0B       		.uleb128 0xb
 650 00e6 00       		.byte	0
 651 00e7 00       		.byte	0
 652 00e8 11       		.uleb128 0x11
 653 00e9 05       		.uleb128 0x5
 654 00ea 00       		.byte	0
 655 00eb 31       		.uleb128 0x31
 656 00ec 13       		.uleb128 0x13
 657 00ed 02       		.uleb128 0x2
 658 00ee 17       		.uleb128 0x17
 659 00ef 00       		.byte	0
 660 00f0 00       		.byte	0
 661 00f1 12       		.uleb128 0x12
 662 00f2 0B       		.uleb128 0xb
 663 00f3 01       		.byte	0x1
 664 00f4 11       		.uleb128 0x11
 665 00f5 01       		.uleb128 0x1
 666 00f6 12       		.uleb128 0x12
 667 00f7 06       		.uleb128 0x6
 668 00f8 00       		.byte	0
 669 00f9 00       		.byte	0
 670 00fa 13       		.uleb128 0x13
 671 00fb 34       		.uleb128 0x34
 672 00fc 00       		.byte	0
 673 00fd 31       		.uleb128 0x31
 674 00fe 13       		.uleb128 0x13
 675 00ff 02       		.uleb128 0x2
 676 0100 18       		.uleb128 0x18
 677 0101 00       		.byte	0
 678 0102 00       		.byte	0
 679 0103 14       		.uleb128 0x14
 680 0104 2E       		.uleb128 0x2e
 681 0105 01       		.byte	0x1
 682 0106 31       		.uleb128 0x31
 683 0107 13       		.uleb128 0x13
 684 0108 11       		.uleb128 0x11
ARM GAS  /tmp/cc6TVrPJ.s 			page 13


 685 0109 01       		.uleb128 0x1
 686 010a 12       		.uleb128 0x12
 687 010b 06       		.uleb128 0x6
 688 010c 40       		.uleb128 0x40
 689 010d 18       		.uleb128 0x18
 690 010e 9742     		.uleb128 0x2117
 691 0110 19       		.uleb128 0x19
 692 0111 01       		.uleb128 0x1
 693 0112 13       		.uleb128 0x13
 694 0113 00       		.byte	0
 695 0114 00       		.byte	0
 696 0115 15       		.uleb128 0x15
 697 0116 2E       		.uleb128 0x2e
 698 0117 00       		.byte	0
 699 0118 3F       		.uleb128 0x3f
 700 0119 19       		.uleb128 0x19
 701 011a 03       		.uleb128 0x3
 702 011b 0E       		.uleb128 0xe
 703 011c 3A       		.uleb128 0x3a
 704 011d 0B       		.uleb128 0xb
 705 011e 3B       		.uleb128 0x3b
 706 011f 0B       		.uleb128 0xb
 707 0120 27       		.uleb128 0x27
 708 0121 19       		.uleb128 0x19
 709 0122 49       		.uleb128 0x49
 710 0123 13       		.uleb128 0x13
 711 0124 11       		.uleb128 0x11
 712 0125 01       		.uleb128 0x1
 713 0126 12       		.uleb128 0x12
 714 0127 06       		.uleb128 0x6
 715 0128 40       		.uleb128 0x40
 716 0129 18       		.uleb128 0x18
 717 012a 9742     		.uleb128 0x2117
 718 012c 19       		.uleb128 0x19
 719 012d 00       		.byte	0
 720 012e 00       		.byte	0
 721 012f 16       		.uleb128 0x16
 722 0130 34       		.uleb128 0x34
 723 0131 00       		.byte	0
 724 0132 03       		.uleb128 0x3
 725 0133 0E       		.uleb128 0xe
 726 0134 3A       		.uleb128 0x3a
 727 0135 0B       		.uleb128 0xb
 728 0136 3B       		.uleb128 0x3b
 729 0137 0B       		.uleb128 0xb
 730 0138 49       		.uleb128 0x49
 731 0139 13       		.uleb128 0x13
 732 013a 02       		.uleb128 0x2
 733 013b 18       		.uleb128 0x18
 734 013c 00       		.byte	0
 735 013d 00       		.byte	0
 736 013e 00       		.byte	0
 737              		.section	.debug_loc,"",%progbits
 738              	.Ldebug_loc0:
 739              	.LLST0:
 740 0000 00000000 		.4byte	.LVL0
 741 0004 30000000 		.4byte	.LVL5
ARM GAS  /tmp/cc6TVrPJ.s 			page 14


 742 0008 0100     		.2byte	0x1
 743 000a 50       		.byte	0x50
 744 000b 30000000 		.4byte	.LVL5
 745 000f 44000000 		.4byte	.LFE8
 746 0013 0400     		.2byte	0x4
 747 0015 F3       		.byte	0xf3
 748 0016 01       		.uleb128 0x1
 749 0017 50       		.byte	0x50
 750 0018 9F       		.byte	0x9f
 751 0019 00000000 		.4byte	0
 752 001d 00000000 		.4byte	0
 753              	.LLST1:
 754 0021 04000000 		.4byte	.LVL1
 755 0025 1C000000 		.4byte	.LVL2
 756 0029 0100     		.2byte	0x1
 757 002b 50       		.byte	0x50
 758 002c 1C000000 		.4byte	.LVL2
 759 0030 28000000 		.4byte	.LVL4
 760 0034 0100     		.2byte	0x1
 761 0036 53       		.byte	0x53
 762 0037 28000000 		.4byte	.LVL4
 763 003b 30000000 		.4byte	.LVL5
 764 003f 0600     		.2byte	0x6
 765 0041 70       		.byte	0x70
 766 0042 03       		.sleb128 3
 767 0043 09       		.byte	0x9
 768 0044 FC       		.byte	0xfc
 769 0045 1A       		.byte	0x1a
 770 0046 9F       		.byte	0x9f
 771 0047 30000000 		.4byte	.LVL5
 772 004b 44000000 		.4byte	.LFE8
 773 004f 0900     		.2byte	0x9
 774 0051 F3       		.byte	0xf3
 775 0052 01       		.uleb128 0x1
 776 0053 50       		.byte	0x50
 777 0054 23       		.byte	0x23
 778 0055 03       		.uleb128 0x3
 779 0056 09       		.byte	0x9
 780 0057 FC       		.byte	0xfc
 781 0058 1A       		.byte	0x1a
 782 0059 9F       		.byte	0x9f
 783 005a 00000000 		.4byte	0
 784 005e 00000000 		.4byte	0
 785              	.LLST2:
 786 0062 00000000 		.4byte	.LVL6
 787 0066 14000000 		.4byte	.LVL7
 788 006a 0100     		.2byte	0x1
 789 006c 50       		.byte	0x50
 790 006d 14000000 		.4byte	.LVL7
 791 0071 18000000 		.4byte	.LVL8
 792 0075 0300     		.2byte	0x3
 793 0077 70       		.byte	0x70
 794 0078 7D       		.sleb128 -3
 795 0079 9F       		.byte	0x9f
 796 007a 18000000 		.4byte	.LVL8
 797 007e 24000000 		.4byte	.LVL10
 798 0082 0100     		.2byte	0x1
ARM GAS  /tmp/cc6TVrPJ.s 			page 15


 799 0084 53       		.byte	0x53
 800 0085 24000000 		.4byte	.LVL10
 801 0089 28000000 		.4byte	.LVL11
 802 008d 0600     		.2byte	0x6
 803 008f 70       		.byte	0x70
 804 0090 00       		.sleb128 0
 805 0091 09       		.byte	0x9
 806 0092 FC       		.byte	0xfc
 807 0093 1A       		.byte	0x1a
 808 0094 9F       		.byte	0x9f
 809 0095 28000000 		.4byte	.LVL11
 810 0099 3C000000 		.4byte	.LFE9
 811 009d 0900     		.2byte	0x9
 812 009f F3       		.byte	0xf3
 813 00a0 01       		.uleb128 0x1
 814 00a1 50       		.byte	0x50
 815 00a2 23       		.byte	0x23
 816 00a3 03       		.uleb128 0x3
 817 00a4 09       		.byte	0x9
 818 00a5 FC       		.byte	0xfc
 819 00a6 1A       		.byte	0x1a
 820 00a7 9F       		.byte	0x9f
 821 00a8 00000000 		.4byte	0
 822 00ac 00000000 		.4byte	0
 823              		.section	.debug_aranges,"",%progbits
 824 0000 34000000 		.4byte	0x34
 825 0004 0200     		.2byte	0x2
 826 0006 00000000 		.4byte	.Ldebug_info0
 827 000a 04       		.byte	0x4
 828 000b 00       		.byte	0
 829 000c 0000     		.2byte	0
 830 000e 0000     		.2byte	0
 831 0010 00000000 		.4byte	.LFB7
 832 0014 34000000 		.4byte	.LFE7-.LFB7
 833 0018 00000000 		.4byte	.LFB8
 834 001c 44000000 		.4byte	.LFE8-.LFB8
 835 0020 00000000 		.4byte	.LFB9
 836 0024 3C000000 		.4byte	.LFE9-.LFB9
 837 0028 00000000 		.4byte	.LFB10
 838 002c 20000000 		.4byte	.LFE10-.LFB10
 839 0030 00000000 		.4byte	0
 840 0034 00000000 		.4byte	0
 841              		.section	.debug_ranges,"",%progbits
 842              	.Ldebug_ranges0:
 843 0000 00000000 		.4byte	.LFB7
 844 0004 34000000 		.4byte	.LFE7
 845 0008 00000000 		.4byte	.LFB8
 846 000c 44000000 		.4byte	.LFE8
 847 0010 00000000 		.4byte	.LFB9
 848 0014 3C000000 		.4byte	.LFE9
 849 0018 00000000 		.4byte	.LFB10
 850 001c 20000000 		.4byte	.LFE10
 851 0020 00000000 		.4byte	0
 852 0024 00000000 		.4byte	0
 853              		.section	.debug_line,"",%progbits
 854              	.Ldebug_line0:
 855 0000 24010000 		.section	.debug_str,"MS",%progbits,1
ARM GAS  /tmp/cc6TVrPJ.s 			page 16


 855      0200C000 
 855      00000201 
 855      FB0E0D00 
 855      01010101 
 856              	.LASF9:
 857 0000 6C6F6E67 		.ascii	"long long int\000"
 857      206C6F6E 
 857      6720696E 
 857      7400
 858              	.LASF6:
 859 000e 73686F72 		.ascii	"short unsigned int\000"
 859      7420756E 
 859      7369676E 
 859      65642069 
 859      6E7400
 860              	.LASF2:
 861 0021 73697A65 		.ascii	"size_t\000"
 861      5F7400
 862              	.LASF16:
 863 0028 6E657874 		.ascii	"nextmem\000"
 863      6D656D00 
 864              	.LASF15:
 865 0030 5F5F6865 		.ascii	"__heap_end__\000"
 865      61705F65 
 865      6E645F5F 
 865      00
 866              	.LASF14:
 867 003d 5F5F6865 		.ascii	"__heap_base__\000"
 867      61705F62 
 867      6173655F 
 867      5F00
 868              	.LASF18:
 869 004b 474E5520 		.ascii	"GNU C 4.9.3 20150529 (prerelease) -mcpu=arm1176jz-s"
 869      4320342E 
 869      392E3320 
 869      32303135 
 869      30353239 
 870 007e 202D6D6E 		.ascii	" -mno-thumb-interwork -ggdb -O2 -fomit-frame-pointe"
 870      6F2D7468 
 870      756D622D 
 870      696E7465 
 870      72776F72 
 871 00b1 72202D66 		.ascii	"r -ffunction-sections -fdata-sections\000"
 871      66756E63 
 871      74696F6E 
 871      2D736563 
 871      74696F6E 
 872              	.LASF8:
 873 00d7 6C6F6E67 		.ascii	"long unsigned int\000"
 873      20756E73 
 873      69676E65 
 873      6420696E 
 873      7400
 874              	.LASF10:
 875 00e9 6C6F6E67 		.ascii	"long long unsigned int\000"
 875      206C6F6E 
 875      6720756E 
ARM GAS  /tmp/cc6TVrPJ.s 			page 17


 875      7369676E 
 875      65642069 
 876              	.LASF3:
 877 0100 5F5F7569 		.ascii	"__uint8_t\000"
 877      6E74385F 
 877      7400
 878              	.LASF20:
 879 010a 2F686F6D 		.ascii	"/home/hunter/development/chibi/ChibiOS-RPi/demos/AR"
 879      652F6875 
 879      6E746572 
 879      2F646576 
 879      656C6F70 
 880 013d 4D31312D 		.ascii	"M11-BCM2835-GCC\000"
 880      42434D32 
 880      3833352D 
 880      47434300 
 881              	.LASF11:
 882 014d 75696E74 		.ascii	"uint8_t\000"
 882      385F7400 
 883              	.LASF4:
 884 0155 756E7369 		.ascii	"unsigned char\000"
 884      676E6564 
 884      20636861 
 884      7200
 885              	.LASF12:
 886 0163 63686172 		.ascii	"char\000"
 886      00
 887              	.LASF24:
 888 0168 6368436F 		.ascii	"chCoreAlloc\000"
 888      7265416C 
 888      6C6F6300 
 889              	.LASF7:
 890 0174 6C6F6E67 		.ascii	"long int\000"
 890      20696E74 
 890      00
 891              	.LASF19:
 892 017d 2E2E2F2E 		.ascii	"../../os/kernel/src/chmemcore.c\000"
 892      2E2F6F73 
 892      2F6B6572 
 892      6E656C2F 
 892      7372632F 
 893              	.LASF17:
 894 019d 656E646D 		.ascii	"endmem\000"
 894      656D00
 895              	.LASF21:
 896 01a4 6368436F 		.ascii	"chCoreAllocI\000"
 896      7265416C 
 896      6C6F6349 
 896      00
 897              	.LASF1:
 898 01b1 7369676E 		.ascii	"signed char\000"
 898      65642063 
 898      68617200 
 899              	.LASF22:
 900 01bd 73697A65 		.ascii	"size\000"
 900      00
 901              	.LASF23:
ARM GAS  /tmp/cc6TVrPJ.s 			page 18


 902 01c2 5F636F72 		.ascii	"_core_init\000"
 902      655F696E 
 902      697400
 903              	.LASF5:
 904 01cd 73686F72 		.ascii	"short int\000"
 904      7420696E 
 904      7400
 905              	.LASF0:
 906 01d7 756E7369 		.ascii	"unsigned int\000"
 906      676E6564 
 906      20696E74 
 906      00
 907              	.LASF13:
 908 01e4 73697A65 		.ascii	"sizetype\000"
 908      74797065 
 908      00
 909              	.LASF25:
 910 01ed 6368436F 		.ascii	"chCoreStatus\000"
 910      72655374 
 910      61747573 
 910      00
 911              		.ident	"GCC: (15:4.9.3+svn231177-1) 4.9.3 20150529 (prerelease)"
ARM GAS  /tmp/cc6TVrPJ.s 			page 19


DEFINED SYMBOLS
                            *ABS*:0000000000000000 chmemcore.c
     /tmp/cc6TVrPJ.s:17     .text._core_init:0000000000000000 $a
     /tmp/cc6TVrPJ.s:20     .text._core_init:0000000000000000 _core_init
     /tmp/cc6TVrPJ.s:48     .text._core_init:0000000000000024 $d
     /tmp/cc6TVrPJ.s:56     .text.chCoreAlloc:0000000000000000 $a
     /tmp/cc6TVrPJ.s:59     .text.chCoreAlloc:0000000000000000 chCoreAlloc
     /tmp/cc6TVrPJ.s:107    .text.chCoreAlloc:000000000000003c $d
     /tmp/cc6TVrPJ.s:113    .text.chCoreAllocI:0000000000000000 $a
     /tmp/cc6TVrPJ.s:116    .text.chCoreAllocI:0000000000000000 chCoreAllocI
     /tmp/cc6TVrPJ.s:153    .text.chCoreAllocI:0000000000000034 $d
     /tmp/cc6TVrPJ.s:159    .text.chCoreStatus:0000000000000000 $a
     /tmp/cc6TVrPJ.s:162    .text.chCoreStatus:0000000000000000 chCoreStatus
     /tmp/cc6TVrPJ.s:180    .text.chCoreStatus:0000000000000018 $d
     /tmp/cc6TVrPJ.s:186    .bss.endmem:0000000000000000 $d
     /tmp/cc6TVrPJ.s:190    .bss.endmem:0000000000000000 endmem
     /tmp/cc6TVrPJ.s:193    .bss.nextmem:0000000000000000 $d
     /tmp/cc6TVrPJ.s:197    .bss.nextmem:0000000000000000 nextmem
                     .debug_frame:0000000000000010 $d

UNDEFINED SYMBOLS
__heap_base__
__heap_end__
