ARM GAS  /tmp/ccPRWuof.s 			page 1


   1              		.cpu arm1176jz-s
   2              		.fpu softvfp
   3              		.eabi_attribute 20, 1
   4              		.eabi_attribute 21, 1
   5              		.eabi_attribute 23, 3
   6              		.eabi_attribute 24, 1
   7              		.eabi_attribute 25, 1
   8              		.eabi_attribute 26, 1
   9              		.eabi_attribute 30, 2
  10              		.eabi_attribute 34, 1
  11              		.eabi_attribute 18, 4
  12              		.file	"chregistry.c"
  13              		.text
  14              	.Ltext0:
  15              		.cfi_sections	.debug_frame
  16              		.section	.text.chRegFirstThread,"ax",%progbits
  17              		.align	2
  18              		.global	chRegFirstThread
  19              		.type	chRegFirstThread, %function
  20              	chRegFirstThread:
  21              	.LFB7:
  22              		.file 1 "../../os/kernel/src/chregistry.c"
  23              		.loc 1 110 0
  24              		.cfi_startproc
  25              		@ args = 0, pretend = 0, frame = 0
  26              		@ frame_needed = 0, uses_anonymous_args = 0
  27              		@ link register save eliminated.
  28              		.loc 1 113 0
  29              	@ 113 "../../os/kernel/src/chregistry.c" 1
  30 0000 9FF021E3 		msr     CPSR_c, #0x9F
  31              	@ 0 "" 2
  32              		.loc 1 114 0
  33 0004 14309FE5 		ldr	r3, .L2
  34 0008 100093E5 		ldr	r0, [r3, #16]
  35              	.LVL0:
  36              		.loc 1 116 0
  37 000c 1E30D0E5 		ldrb	r3, [r0, #30]	@ zero_extendqisi2
  38 0010 013083E2 		add	r3, r3, #1
  39 0014 1E30C0E5 		strb	r3, [r0, #30]
  40              		.loc 1 118 0
  41              	@ 118 "../../os/kernel/src/chregistry.c" 1
  42 0018 1FF021E3 		msr     CPSR_c, #0x1F
  43              	@ 0 "" 2
  44              		.loc 1 120 0
  45 001c 1EFF2FE1 		bx	lr
  46              	.L3:
  47              		.align	2
  48              	.L2:
  49 0020 00000000 		.word	rlist
  50              		.cfi_endproc
  51              	.LFE7:
  52              		.size	chRegFirstThread, .-chRegFirstThread
  53              		.section	.text.chRegNextThread,"ax",%progbits
  54              		.align	2
  55              		.global	chRegNextThread
  56              		.type	chRegNextThread, %function
  57              	chRegNextThread:
ARM GAS  /tmp/ccPRWuof.s 			page 2


  58              	.LFB8:
  59              		.loc 1 133 0
  60              		.cfi_startproc
  61              		@ args = 0, pretend = 0, frame = 0
  62              		@ frame_needed = 0, uses_anonymous_args = 0
  63              	.LVL1:
  64 0000 10402DE9 		stmfd	sp!, {r4, lr}
  65              		.cfi_def_cfa_offset 8
  66              		.cfi_offset 4, -8
  67              		.cfi_offset 14, -4
  68              		.loc 1 136 0
  69              	@ 136 "../../os/kernel/src/chregistry.c" 1
  70 0004 9FF021E3 		msr     CPSR_c, #0x9F
  71              	@ 0 "" 2
  72              		.loc 1 138 0
  73 0008 24309FE5 		ldr	r3, .L8
  74              		.loc 1 137 0
  75 000c 104090E5 		ldr	r4, [r0, #16]
  76              	.LVL2:
  77              		.loc 1 138 0
  78 0010 030054E1 		cmp	r4, r3
  79              		.loc 1 144 0
  80 0014 1E30D415 		ldrneb	r3, [r4, #30]	@ zero_extendqisi2
  81              		.loc 1 139 0
  82 0018 0040A003 		moveq	r4, #0
  83              	.LVL3:
  84              		.loc 1 144 0
  85 001c 01308312 		addne	r3, r3, #1
  86 0020 1E30C415 		strneb	r3, [r4, #30]
  87              		.loc 1 147 0
  88              	@ 147 "../../os/kernel/src/chregistry.c" 1
  89 0024 1FF021E3 		msr     CPSR_c, #0x1F
  90              	@ 0 "" 2
  91              		.loc 1 149 0
  92 0028 FEFFFFEB 		bl	chThdRelease
  93              	.LVL4:
  94              		.loc 1 152 0
  95 002c 0400A0E1 		mov	r0, r4
  96 0030 1080BDE8 		ldmfd	sp!, {r4, pc}
  97              	.L9:
  98              		.align	2
  99              	.L8:
 100 0034 00000000 		.word	rlist
 101              		.cfi_endproc
 102              	.LFE8:
 103              		.size	chRegNextThread, .-chRegNextThread
 104              		.global	ch_debug
 105              		.section	.rodata.ch_debug,"a",%progbits
 106              		.align	2
 107              		.type	ch_debug, %object
 108              		.size	ch_debug, 22
 109              	ch_debug:
 110 0000 6D61696E 		.ascii	"main"
 111 0004 00       		.byte	0
 112 0005 16       		.byte	22
 113 0006 4111     		.short	4417
 114 0008 04       		.byte	4
ARM GAS  /tmp/ccPRWuof.s 			page 3


 115 0009 04       		.byte	4
 116 000a 44       		.byte	68
 117 000b 08       		.byte	8
 118 000c 0C       		.byte	12
 119 000d 10       		.byte	16
 120 000e 14       		.byte	20
 121 000f 18       		.byte	24
 122 0010 00       		.byte	0
 123 0011 1C       		.byte	28
 124 0012 1D       		.byte	29
 125 0013 1E       		.byte	30
 126 0014 1F       		.byte	31
 127 0015 20       		.byte	32
 128              		.text
 129              	.Letext0:
 130              		.file 2 "/usr/lib/gcc/arm-none-eabi/4.9.3/include/stddef.h"
 131              		.file 3 "/usr/include/newlib/machine/_default_types.h"
 132              		.file 4 "/usr/include/newlib/sys/_stdint.h"
 133              		.file 5 "../../os/ports/GCC/ARM/chtypes.h"
 134              		.file 6 "../../os/kernel/include/chlists.h"
 135              		.file 7 "../../os/kernel/include/chthreads.h"
 136              		.file 8 "../../os/ports/GCC/ARM/chcore.h"
 137              		.file 9 "../../os/kernel/include/chschd.h"
 138              		.file 10 "../../os/kernel/include/chmtx.h"
 139              		.file 11 "../../os/kernel/include/chregistry.h"
 140              		.file 12 "../../os/kernel/include/chdynamic.h"
 141              		.section	.debug_info,"",%progbits
 142              	.Ldebug_info0:
 143 0000 9C050000 		.4byte	0x59c
 144 0004 0400     		.2byte	0x4
 145 0006 00000000 		.4byte	.Ldebug_abbrev0
 146 000a 04       		.byte	0x4
 147 000b 01       		.uleb128 0x1
 148 000c D1030000 		.4byte	.LASF90
 149 0010 01       		.byte	0x1
 150 0011 78030000 		.4byte	.LASF91
 151 0015 35030000 		.4byte	.LASF92
 152 0019 00000000 		.4byte	.Ldebug_ranges0+0
 153 001d 00000000 		.4byte	0
 154 0021 00000000 		.4byte	.Ldebug_line0
 155 0025 02       		.uleb128 0x2
 156 0026 04       		.byte	0x4
 157 0027 05       		.byte	0x5
 158 0028 696E7400 		.ascii	"int\000"
 159 002c 03       		.uleb128 0x3
 160 002d 13000000 		.4byte	.LASF2
 161 0031 02       		.byte	0x2
 162 0032 D4       		.byte	0xd4
 163 0033 37000000 		.4byte	0x37
 164 0037 04       		.uleb128 0x4
 165 0038 04       		.byte	0x4
 166 0039 07       		.byte	0x7
 167 003a 08010000 		.4byte	.LASF0
 168 003e 04       		.uleb128 0x4
 169 003f 01       		.byte	0x1
 170 0040 06       		.byte	0x6
 171 0041 8C000000 		.4byte	.LASF1
ARM GAS  /tmp/ccPRWuof.s 			page 4


 172 0045 03       		.uleb128 0x3
 173 0046 21000000 		.4byte	.LASF3
 174 004a 03       		.byte	0x3
 175 004b 1D       		.byte	0x1d
 176 004c 50000000 		.4byte	0x50
 177 0050 04       		.uleb128 0x4
 178 0051 01       		.byte	0x1
 179 0052 08       		.byte	0x8
 180 0053 21020000 		.4byte	.LASF4
 181 0057 04       		.uleb128 0x4
 182 0058 02       		.byte	0x2
 183 0059 05       		.byte	0x5
 184 005a 39020000 		.4byte	.LASF5
 185 005e 03       		.uleb128 0x3
 186 005f EB020000 		.4byte	.LASF6
 187 0063 03       		.byte	0x3
 188 0064 2B       		.byte	0x2b
 189 0065 69000000 		.4byte	0x69
 190 0069 04       		.uleb128 0x4
 191 006a 02       		.byte	0x2
 192 006b 07       		.byte	0x7
 193 006c 46010000 		.4byte	.LASF7
 194 0070 03       		.uleb128 0x3
 195 0071 12030000 		.4byte	.LASF8
 196 0075 03       		.byte	0x3
 197 0076 3F       		.byte	0x3f
 198 0077 7B000000 		.4byte	0x7b
 199 007b 04       		.uleb128 0x4
 200 007c 04       		.byte	0x4
 201 007d 05       		.byte	0x5
 202 007e C7000000 		.4byte	.LASF9
 203 0082 03       		.uleb128 0x3
 204 0083 F4000000 		.4byte	.LASF10
 205 0087 03       		.byte	0x3
 206 0088 41       		.byte	0x41
 207 0089 8D000000 		.4byte	0x8d
 208 008d 04       		.uleb128 0x4
 209 008e 04       		.byte	0x4
 210 008f 07       		.byte	0x7
 211 0090 15010000 		.4byte	.LASF11
 212 0094 04       		.uleb128 0x4
 213 0095 08       		.byte	0x8
 214 0096 05       		.byte	0x5
 215 0097 7E000000 		.4byte	.LASF12
 216 009b 04       		.uleb128 0x4
 217 009c 08       		.byte	0x8
 218 009d 07       		.byte	0x7
 219 009e 2B000000 		.4byte	.LASF13
 220 00a2 03       		.uleb128 0x3
 221 00a3 BB030000 		.4byte	.LASF14
 222 00a7 04       		.byte	0x4
 223 00a8 14       		.byte	0x14
 224 00a9 45000000 		.4byte	0x45
 225 00ad 03       		.uleb128 0x3
 226 00ae D9000000 		.4byte	.LASF15
 227 00b2 04       		.byte	0x4
 228 00b3 1A       		.byte	0x1a
ARM GAS  /tmp/ccPRWuof.s 			page 5


 229 00b4 5E000000 		.4byte	0x5e
 230 00b8 03       		.uleb128 0x3
 231 00b9 19020000 		.4byte	.LASF16
 232 00bd 04       		.byte	0x4
 233 00be 1F       		.byte	0x1f
 234 00bf 70000000 		.4byte	0x70
 235 00c3 03       		.uleb128 0x3
 236 00c4 B9020000 		.4byte	.LASF17
 237 00c8 04       		.byte	0x4
 238 00c9 20       		.byte	0x20
 239 00ca 82000000 		.4byte	0x82
 240 00ce 03       		.uleb128 0x3
 241 00cf 67010000 		.4byte	.LASF18
 242 00d3 05       		.byte	0x5
 243 00d4 2A       		.byte	0x2a
 244 00d5 A2000000 		.4byte	0xa2
 245 00d9 03       		.uleb128 0x3
 246 00da D0000000 		.4byte	.LASF19
 247 00de 05       		.byte	0x5
 248 00df 2B       		.byte	0x2b
 249 00e0 A2000000 		.4byte	0xa2
 250 00e4 03       		.uleb128 0x3
 251 00e5 F7010000 		.4byte	.LASF20
 252 00e9 05       		.byte	0x5
 253 00ea 2C       		.byte	0x2c
 254 00eb A2000000 		.4byte	0xa2
 255 00ef 03       		.uleb128 0x3
 256 00f0 BD000000 		.4byte	.LASF21
 257 00f4 05       		.byte	0x5
 258 00f5 2D       		.byte	0x2d
 259 00f6 A2000000 		.4byte	0xa2
 260 00fa 03       		.uleb128 0x3
 261 00fb 11020000 		.4byte	.LASF22
 262 00ff 05       		.byte	0x5
 263 0100 2E       		.byte	0x2e
 264 0101 C3000000 		.4byte	0xc3
 265 0105 03       		.uleb128 0x3
 266 0106 59010000 		.4byte	.LASF23
 267 010a 05       		.byte	0x5
 268 010b 2F       		.byte	0x2f
 269 010c B8000000 		.4byte	0xb8
 270 0110 03       		.uleb128 0x3
 271 0111 7B010000 		.4byte	.LASF24
 272 0115 05       		.byte	0x5
 273 0116 31       		.byte	0x31
 274 0117 C3000000 		.4byte	0xc3
 275 011b 03       		.uleb128 0x3
 276 011c FD020000 		.4byte	.LASF25
 277 0120 05       		.byte	0x5
 278 0121 33       		.byte	0x33
 279 0122 C3000000 		.4byte	0xc3
 280 0126 03       		.uleb128 0x3
 281 0127 9A020000 		.4byte	.LASF26
 282 012b 06       		.byte	0x6
 283 012c 23       		.byte	0x23
 284 012d 31010000 		.4byte	0x131
 285 0131 05       		.uleb128 0x5
ARM GAS  /tmp/ccPRWuof.s 			page 6


 286 0132 9A020000 		.4byte	.LASF26
 287 0136 44       		.byte	0x44
 288 0137 07       		.byte	0x7
 289 0138 57       		.byte	0x57
 290 0139 22020000 		.4byte	0x222
 291 013d 06       		.uleb128 0x6
 292 013e 6F020000 		.4byte	.LASF27
 293 0142 07       		.byte	0x7
 294 0143 58       		.byte	0x58
 295 0144 43020000 		.4byte	0x243
 296 0148 00       		.byte	0
 297 0149 06       		.uleb128 0x6
 298 014a 0A020000 		.4byte	.LASF28
 299 014e 07       		.byte	0x7
 300 014f 5A       		.byte	0x5a
 301 0150 43020000 		.4byte	0x243
 302 0154 04       		.byte	0x4
 303 0155 06       		.uleb128 0x6
 304 0156 6A000000 		.4byte	.LASF29
 305 015a 07       		.byte	0x7
 306 015b 5C       		.byte	0x5c
 307 015c FA000000 		.4byte	0xfa
 308 0160 08       		.byte	0x8
 309 0161 06       		.uleb128 0x6
 310 0162 70040000 		.4byte	.LASF30
 311 0166 07       		.byte	0x7
 312 0167 5D       		.byte	0x5d
 313 0168 F3020000 		.4byte	0x2f3
 314 016c 0C       		.byte	0xc
 315 016d 06       		.uleb128 0x6
 316 016e EC000000 		.4byte	.LASF31
 317 0172 07       		.byte	0x7
 318 0173 5F       		.byte	0x5f
 319 0174 43020000 		.4byte	0x243
 320 0178 10       		.byte	0x10
 321 0179 06       		.uleb128 0x6
 322 017a C2010000 		.4byte	.LASF32
 323 017e 07       		.byte	0x7
 324 017f 60       		.byte	0x60
 325 0180 43020000 		.4byte	0x243
 326 0184 14       		.byte	0x14
 327 0185 06       		.uleb128 0x6
 328 0186 CA030000 		.4byte	.LASF33
 329 018a 07       		.byte	0x7
 330 018b 67       		.byte	0x67
 331 018c EA030000 		.4byte	0x3ea
 332 0190 18       		.byte	0x18
 333 0191 06       		.uleb128 0x6
 334 0192 43020000 		.4byte	.LASF34
 335 0196 07       		.byte	0x7
 336 0197 72       		.byte	0x72
 337 0198 D9000000 		.4byte	0xd9
 338 019c 1C       		.byte	0x1c
 339 019d 06       		.uleb128 0x6
 340 019e 85020000 		.4byte	.LASF35
 341 01a2 07       		.byte	0x7
 342 01a3 76       		.byte	0x76
ARM GAS  /tmp/ccPRWuof.s 			page 7


 343 01a4 CE000000 		.4byte	0xce
 344 01a8 1D       		.byte	0x1d
 345 01a9 06       		.uleb128 0x6
 346 01aa A4030000 		.4byte	.LASF36
 347 01ae 07       		.byte	0x7
 348 01af 7B       		.byte	0x7b
 349 01b0 E4000000 		.4byte	0xe4
 350 01b4 1E       		.byte	0x1e
 351 01b5 06       		.uleb128 0x6
 352 01b6 4B020000 		.4byte	.LASF37
 353 01ba 07       		.byte	0x7
 354 01bb 81       		.byte	0x81
 355 01bc EF000000 		.4byte	0xef
 356 01c0 1F       		.byte	0x1f
 357 01c1 06       		.uleb128 0x6
 358 01c2 1C030000 		.4byte	.LASF38
 359 01c6 07       		.byte	0x7
 360 01c7 88       		.byte	0x88
 361 01c8 12030000 		.4byte	0x312
 362 01cc 20       		.byte	0x20
 363 01cd 07       		.uleb128 0x7
 364 01ce 705F7500 		.ascii	"p_u\000"
 365 01d2 07       		.byte	0x7
 366 01d3 AD       		.byte	0xad
 367 01d4 B5030000 		.4byte	0x3b5
 368 01d8 24       		.byte	0x24
 369 01d9 06       		.uleb128 0x6
 370 01da 76040000 		.4byte	.LASF39
 371 01de 07       		.byte	0x7
 372 01df B2       		.byte	0xb2
 373 01e0 69020000 		.4byte	0x269
 374 01e4 28       		.byte	0x28
 375 01e5 06       		.uleb128 0x6
 376 01e6 2A030000 		.4byte	.LASF40
 377 01ea 07       		.byte	0x7
 378 01eb B8       		.byte	0xb8
 379 01ec 49020000 		.4byte	0x249
 380 01f0 2C       		.byte	0x2c
 381 01f1 06       		.uleb128 0x6
 382 01f2 0D000000 		.4byte	.LASF41
 383 01f6 07       		.byte	0x7
 384 01f7 BC       		.byte	0xbc
 385 01f8 05010000 		.4byte	0x105
 386 01fc 34       		.byte	0x34
 387 01fd 06       		.uleb128 0x6
 388 01fe AE020000 		.4byte	.LASF42
 389 0202 07       		.byte	0x7
 390 0203 C2       		.byte	0xc2
 391 0204 10010000 		.4byte	0x110
 392 0208 38       		.byte	0x38
 393 0209 06       		.uleb128 0x6
 394 020a 2F020000 		.4byte	.LASF43
 395 020e 07       		.byte	0x7
 396 020f C9       		.byte	0xc9
 397 0210 FC030000 		.4byte	0x3fc
 398 0214 3C       		.byte	0x3c
 399 0215 06       		.uleb128 0x6
ARM GAS  /tmp/ccPRWuof.s 			page 8


 400 0216 07030000 		.4byte	.LASF44
 401 021a 07       		.byte	0x7
 402 021b CD       		.byte	0xcd
 403 021c FA000000 		.4byte	0xfa
 404 0220 40       		.byte	0x40
 405 0221 00       		.byte	0
 406 0222 08       		.uleb128 0x8
 407 0223 08       		.byte	0x8
 408 0224 06       		.byte	0x6
 409 0225 5A       		.byte	0x5a
 410 0226 43020000 		.4byte	0x243
 411 022a 06       		.uleb128 0x6
 412 022b 6F020000 		.4byte	.LASF27
 413 022f 06       		.byte	0x6
 414 0230 5B       		.byte	0x5b
 415 0231 43020000 		.4byte	0x243
 416 0235 00       		.byte	0
 417 0236 06       		.uleb128 0x6
 418 0237 0A020000 		.4byte	.LASF28
 419 023b 06       		.byte	0x6
 420 023c 5D       		.byte	0x5d
 421 023d 43020000 		.4byte	0x243
 422 0241 04       		.byte	0x4
 423 0242 00       		.byte	0
 424 0243 09       		.uleb128 0x9
 425 0244 04       		.byte	0x4
 426 0245 26010000 		.4byte	0x126
 427 0249 03       		.uleb128 0x3
 428 024a D0010000 		.4byte	.LASF45
 429 024e 06       		.byte	0x6
 430 024f 5F       		.byte	0x5f
 431 0250 22020000 		.4byte	0x222
 432 0254 08       		.uleb128 0x8
 433 0255 04       		.byte	0x4
 434 0256 06       		.byte	0x6
 435 0257 64       		.byte	0x64
 436 0258 69020000 		.4byte	0x269
 437 025c 06       		.uleb128 0x6
 438 025d 6F020000 		.4byte	.LASF27
 439 0261 06       		.byte	0x6
 440 0262 66       		.byte	0x66
 441 0263 43020000 		.4byte	0x243
 442 0267 00       		.byte	0
 443 0268 00       		.byte	0
 444 0269 03       		.uleb128 0x3
 445 026a 6F010000 		.4byte	.LASF46
 446 026e 06       		.byte	0x6
 447 026f 69       		.byte	0x69
 448 0270 54020000 		.4byte	0x254
 449 0274 03       		.uleb128 0x3
 450 0275 FF000000 		.4byte	.LASF47
 451 0279 08       		.byte	0x8
 452 027a A2       		.byte	0xa2
 453 027b 7F020000 		.4byte	0x27f
 454 027f 0A       		.uleb128 0xa
 455 0280 04       		.byte	0x4
 456 0281 05       		.uleb128 0x5
ARM GAS  /tmp/ccPRWuof.s 			page 9


 457 0282 23030000 		.4byte	.LASF48
 458 0286 24       		.byte	0x24
 459 0287 08       		.byte	0x8
 460 0288 B9       		.byte	0xb9
 461 0289 F3020000 		.4byte	0x2f3
 462 028d 07       		.uleb128 0x7
 463 028e 723400   		.ascii	"r4\000"
 464 0291 08       		.byte	0x8
 465 0292 BA       		.byte	0xba
 466 0293 74020000 		.4byte	0x274
 467 0297 00       		.byte	0
 468 0298 07       		.uleb128 0x7
 469 0299 723500   		.ascii	"r5\000"
 470 029c 08       		.byte	0x8
 471 029d BB       		.byte	0xbb
 472 029e 74020000 		.4byte	0x274
 473 02a2 04       		.byte	0x4
 474 02a3 07       		.uleb128 0x7
 475 02a4 723600   		.ascii	"r6\000"
 476 02a7 08       		.byte	0x8
 477 02a8 BC       		.byte	0xbc
 478 02a9 74020000 		.4byte	0x274
 479 02ad 08       		.byte	0x8
 480 02ae 07       		.uleb128 0x7
 481 02af 723700   		.ascii	"r7\000"
 482 02b2 08       		.byte	0x8
 483 02b3 BD       		.byte	0xbd
 484 02b4 74020000 		.4byte	0x274
 485 02b8 0C       		.byte	0xc
 486 02b9 07       		.uleb128 0x7
 487 02ba 723800   		.ascii	"r8\000"
 488 02bd 08       		.byte	0x8
 489 02be BE       		.byte	0xbe
 490 02bf 74020000 		.4byte	0x274
 491 02c3 10       		.byte	0x10
 492 02c4 07       		.uleb128 0x7
 493 02c5 723900   		.ascii	"r9\000"
 494 02c8 08       		.byte	0x8
 495 02c9 BF       		.byte	0xbf
 496 02ca 74020000 		.4byte	0x274
 497 02ce 14       		.byte	0x14
 498 02cf 07       		.uleb128 0x7
 499 02d0 72313000 		.ascii	"r10\000"
 500 02d4 08       		.byte	0x8
 501 02d5 C0       		.byte	0xc0
 502 02d6 74020000 		.4byte	0x274
 503 02da 18       		.byte	0x18
 504 02db 07       		.uleb128 0x7
 505 02dc 72313100 		.ascii	"r11\000"
 506 02e0 08       		.byte	0x8
 507 02e1 C1       		.byte	0xc1
 508 02e2 74020000 		.4byte	0x274
 509 02e6 1C       		.byte	0x1c
 510 02e7 07       		.uleb128 0x7
 511 02e8 6C7200   		.ascii	"lr\000"
 512 02eb 08       		.byte	0x8
 513 02ec C2       		.byte	0xc2
ARM GAS  /tmp/ccPRWuof.s 			page 10


 514 02ed 74020000 		.4byte	0x274
 515 02f1 20       		.byte	0x20
 516 02f2 00       		.byte	0
 517 02f3 05       		.uleb128 0x5
 518 02f4 3E010000 		.4byte	.LASF49
 519 02f8 04       		.byte	0x4
 520 02f9 08       		.byte	0x8
 521 02fa CA       		.byte	0xca
 522 02fb 0C030000 		.4byte	0x30c
 523 02ff 07       		.uleb128 0x7
 524 0300 72313300 		.ascii	"r13\000"
 525 0304 08       		.byte	0x8
 526 0305 CB       		.byte	0xcb
 527 0306 0C030000 		.4byte	0x30c
 528 030a 00       		.byte	0
 529 030b 00       		.byte	0
 530 030c 09       		.uleb128 0x9
 531 030d 04       		.byte	0x4
 532 030e 81020000 		.4byte	0x281
 533 0312 0B       		.uleb128 0xb
 534 0313 1B010000 		.4byte	0x11b
 535 0317 08       		.uleb128 0x8
 536 0318 1C       		.byte	0x1c
 537 0319 09       		.byte	0x9
 538 031a 57       		.byte	0x57
 539 031b 68030000 		.4byte	0x368
 540 031f 06       		.uleb128 0x6
 541 0320 CE020000 		.4byte	.LASF50
 542 0324 09       		.byte	0x9
 543 0325 58       		.byte	0x58
 544 0326 49020000 		.4byte	0x249
 545 032a 00       		.byte	0
 546 032b 06       		.uleb128 0x6
 547 032c 61020000 		.4byte	.LASF51
 548 0330 09       		.byte	0x9
 549 0331 59       		.byte	0x59
 550 0332 FA000000 		.4byte	0xfa
 551 0336 08       		.byte	0x8
 552 0337 06       		.uleb128 0x6
 553 0338 CA010000 		.4byte	.LASF52
 554 033c 09       		.byte	0x9
 555 033d 5B       		.byte	0x5b
 556 033e F3020000 		.4byte	0x2f3
 557 0342 0C       		.byte	0xc
 558 0343 06       		.uleb128 0x6
 559 0344 5F010000 		.4byte	.LASF53
 560 0348 09       		.byte	0x9
 561 0349 5E       		.byte	0x5e
 562 034a 43020000 		.4byte	0x243
 563 034e 10       		.byte	0x10
 564 034f 06       		.uleb128 0x6
 565 0350 EF010000 		.4byte	.LASF54
 566 0354 09       		.byte	0x9
 567 0355 5F       		.byte	0x5f
 568 0356 43020000 		.4byte	0x243
 569 035a 14       		.byte	0x14
 570 035b 06       		.uleb128 0x6
ARM GAS  /tmp/ccPRWuof.s 			page 11


 571 035c E5010000 		.4byte	.LASF55
 572 0360 09       		.byte	0x9
 573 0361 62       		.byte	0x62
 574 0362 43020000 		.4byte	0x243
 575 0366 18       		.byte	0x18
 576 0367 00       		.byte	0
 577 0368 03       		.uleb128 0x3
 578 0369 AB030000 		.4byte	.LASF56
 579 036d 09       		.byte	0x9
 580 036e 64       		.byte	0x64
 581 036f 17030000 		.4byte	0x317
 582 0373 05       		.uleb128 0x5
 583 0374 87010000 		.4byte	.LASF57
 584 0378 10       		.byte	0x10
 585 0379 0A       		.byte	0xa
 586 037a 25       		.byte	0x25
 587 037b A4030000 		.4byte	0x3a4
 588 037f 06       		.uleb128 0x6
 589 0380 B5000000 		.4byte	.LASF58
 590 0384 0A       		.byte	0xa
 591 0385 26       		.byte	0x26
 592 0386 49020000 		.4byte	0x249
 593 038a 00       		.byte	0
 594 038b 06       		.uleb128 0x6
 595 038c 68040000 		.4byte	.LASF59
 596 0390 0A       		.byte	0xa
 597 0391 28       		.byte	0x28
 598 0392 43020000 		.4byte	0x243
 599 0396 08       		.byte	0x8
 600 0397 06       		.uleb128 0x6
 601 0398 F6020000 		.4byte	.LASF60
 602 039c 0A       		.byte	0xa
 603 039d 2A       		.byte	0x2a
 604 039e A4030000 		.4byte	0x3a4
 605 03a2 0C       		.byte	0xc
 606 03a3 00       		.byte	0
 607 03a4 09       		.uleb128 0x9
 608 03a5 04       		.byte	0x4
 609 03a6 73030000 		.4byte	0x373
 610 03aa 03       		.uleb128 0x3
 611 03ab 87010000 		.4byte	.LASF57
 612 03af 0A       		.byte	0xa
 613 03b0 2C       		.byte	0x2c
 614 03b1 73030000 		.4byte	0x373
 615 03b5 0C       		.uleb128 0xc
 616 03b6 04       		.byte	0x4
 617 03b7 07       		.byte	0x7
 618 03b8 8F       		.byte	0x8f
 619 03b9 EA030000 		.4byte	0x3ea
 620 03bd 0D       		.uleb128 0xd
 621 03be 1A000000 		.4byte	.LASF61
 622 03c2 07       		.byte	0x7
 623 03c3 96       		.byte	0x96
 624 03c4 05010000 		.4byte	0x105
 625 03c8 0D       		.uleb128 0xd
 626 03c9 50000000 		.4byte	.LASF62
 627 03cd 07       		.byte	0x7
ARM GAS  /tmp/ccPRWuof.s 			page 12


 628 03ce 9D       		.byte	0x9d
 629 03cf 05010000 		.4byte	0x105
 630 03d3 0D       		.uleb128 0xd
 631 03d4 C3030000 		.4byte	.LASF63
 632 03d8 07       		.byte	0x7
 633 03d9 A4       		.byte	0xa4
 634 03da 7F020000 		.4byte	0x27f
 635 03de 0D       		.uleb128 0xd
 636 03df 68020000 		.4byte	.LASF64
 637 03e3 07       		.byte	0x7
 638 03e4 AB       		.byte	0xab
 639 03e5 10010000 		.4byte	0x110
 640 03e9 00       		.byte	0
 641 03ea 09       		.uleb128 0x9
 642 03eb 04       		.byte	0x4
 643 03ec F0030000 		.4byte	0x3f0
 644 03f0 0E       		.uleb128 0xe
 645 03f1 F5030000 		.4byte	0x3f5
 646 03f5 04       		.uleb128 0x4
 647 03f6 01       		.byte	0x1
 648 03f7 08       		.byte	0x8
 649 03f8 D6020000 		.4byte	.LASF65
 650 03fc 09       		.uleb128 0x9
 651 03fd 04       		.byte	0x4
 652 03fe AA030000 		.4byte	0x3aa
 653 0402 08       		.uleb128 0x8
 654 0403 16       		.byte	0x16
 655 0404 0B       		.byte	0xb
 656 0405 25       		.byte	0x25
 657 0406 E3040000 		.4byte	0x4e3
 658 040a 06       		.uleb128 0x6
 659 040b 30010000 		.4byte	.LASF66
 660 040f 0B       		.byte	0xb
 661 0410 26       		.byte	0x26
 662 0411 E3040000 		.4byte	0x4e3
 663 0415 00       		.byte	0
 664 0416 06       		.uleb128 0x6
 665 0417 8D010000 		.4byte	.LASF67
 666 041b 0B       		.byte	0xb
 667 041c 27       		.byte	0x27
 668 041d A2000000 		.4byte	0xa2
 669 0421 04       		.byte	0x4
 670 0422 06       		.uleb128 0x6
 671 0423 DD010000 		.4byte	.LASF68
 672 0427 0B       		.byte	0xb
 673 0428 28       		.byte	0x28
 674 0429 A2000000 		.4byte	0xa2
 675 042d 05       		.byte	0x5
 676 042e 06       		.uleb128 0x6
 677 042f 5D040000 		.4byte	.LASF69
 678 0433 0B       		.byte	0xb
 679 0434 29       		.byte	0x29
 680 0435 AD000000 		.4byte	0xad
 681 0439 06       		.byte	0x6
 682 043a 06       		.uleb128 0x6
 683 043b FF010000 		.4byte	.LASF70
 684 043f 0B       		.byte	0xb
ARM GAS  /tmp/ccPRWuof.s 			page 13


 685 0440 2A       		.byte	0x2a
 686 0441 A2000000 		.4byte	0xa2
 687 0445 08       		.byte	0x8
 688 0446 06       		.uleb128 0x6
 689 0447 AA010000 		.4byte	.LASF71
 690 044b 0B       		.byte	0xb
 691 044c 2B       		.byte	0x2b
 692 044d A2000000 		.4byte	0xa2
 693 0451 09       		.byte	0x9
 694 0452 06       		.uleb128 0x6
 695 0453 42000000 		.4byte	.LASF72
 696 0457 0B       		.byte	0xb
 697 0458 2C       		.byte	0x2c
 698 0459 A2000000 		.4byte	0xa2
 699 045d 0A       		.byte	0xa
 700 045e 06       		.uleb128 0x6
 701 045f C2020000 		.4byte	.LASF73
 702 0463 0B       		.byte	0xb
 703 0464 2D       		.byte	0x2d
 704 0465 A2000000 		.4byte	0xa2
 705 0469 0B       		.byte	0xb
 706 046a 06       		.uleb128 0x6
 707 046b 99030000 		.4byte	.LASF74
 708 046f 0B       		.byte	0xb
 709 0470 2E       		.byte	0x2e
 710 0471 A2000000 		.4byte	0xa2
 711 0475 0C       		.byte	0xc
 712 0476 06       		.uleb128 0x6
 713 0477 A1020000 		.4byte	.LASF75
 714 047b 0B       		.byte	0xb
 715 047c 2F       		.byte	0x2f
 716 047d A2000000 		.4byte	0xa2
 717 0481 0D       		.byte	0xd
 718 0482 06       		.uleb128 0x6
 719 0483 00000000 		.4byte	.LASF76
 720 0487 0B       		.byte	0xb
 721 0488 30       		.byte	0x30
 722 0489 A2000000 		.4byte	0xa2
 723 048d 0E       		.byte	0xe
 724 048e 06       		.uleb128 0x6
 725 048f B6010000 		.4byte	.LASF77
 726 0493 0B       		.byte	0xb
 727 0494 31       		.byte	0x31
 728 0495 A2000000 		.4byte	0xa2
 729 0499 0F       		.byte	0xf
 730 049a 06       		.uleb128 0x6
 731 049b 98000000 		.4byte	.LASF78
 732 049f 0B       		.byte	0xb
 733 04a0 32       		.byte	0x32
 734 04a1 A2000000 		.4byte	0xa2
 735 04a5 10       		.byte	0x10
 736 04a6 06       		.uleb128 0x6
 737 04a7 71000000 		.4byte	.LASF79
 738 04ab 0B       		.byte	0xb
 739 04ac 34       		.byte	0x34
 740 04ad A2000000 		.4byte	0xa2
 741 04b1 11       		.byte	0x11
ARM GAS  /tmp/ccPRWuof.s 			page 14


 742 04b2 06       		.uleb128 0x6
 743 04b3 A8000000 		.4byte	.LASF80
 744 04b7 0B       		.byte	0xb
 745 04b8 35       		.byte	0x35
 746 04b9 A2000000 		.4byte	0xa2
 747 04bd 12       		.byte	0x12
 748 04be 06       		.uleb128 0x6
 749 04bf 95010000 		.4byte	.LASF81
 750 04c3 0B       		.byte	0xb
 751 04c4 36       		.byte	0x36
 752 04c5 A2000000 		.4byte	0xa2
 753 04c9 13       		.byte	0x13
 754 04ca 06       		.uleb128 0x6
 755 04cb 76020000 		.4byte	.LASF82
 756 04cf 0B       		.byte	0xb
 757 04d0 37       		.byte	0x37
 758 04d1 A2000000 		.4byte	0xa2
 759 04d5 14       		.byte	0x14
 760 04d6 06       		.uleb128 0x6
 761 04d7 55020000 		.4byte	.LASF83
 762 04db 0B       		.byte	0xb
 763 04dc 39       		.byte	0x39
 764 04dd A2000000 		.4byte	0xa2
 765 04e1 15       		.byte	0x15
 766 04e2 00       		.byte	0
 767 04e3 0F       		.uleb128 0xf
 768 04e4 F5030000 		.4byte	0x3f5
 769 04e8 F3040000 		.4byte	0x4f3
 770 04ec 10       		.uleb128 0x10
 771 04ed F3040000 		.4byte	0x4f3
 772 04f1 03       		.byte	0x3
 773 04f2 00       		.byte	0
 774 04f3 04       		.uleb128 0x4
 775 04f4 04       		.byte	0x4
 776 04f5 07       		.byte	0x7
 777 04f6 A1010000 		.4byte	.LASF84
 778 04fa 03       		.uleb128 0x3
 779 04fb E2000000 		.4byte	.LASF85
 780 04ff 0B       		.byte	0xb
 781 0500 3A       		.byte	0x3a
 782 0501 02040000 		.4byte	0x402
 783 0505 11       		.uleb128 0x11
 784 0506 59000000 		.4byte	.LASF86
 785 050a 01       		.byte	0x1
 786 050b 6E       		.byte	0x6e
 787 050c 43020000 		.4byte	0x243
 788 0510 00000000 		.4byte	.LFB7
 789 0514 24000000 		.4byte	.LFE7-.LFB7
 790 0518 01       		.uleb128 0x1
 791 0519 9C       		.byte	0x9c
 792 051a 2B050000 		.4byte	0x52b
 793 051e 12       		.uleb128 0x12
 794 051f 747000   		.ascii	"tp\000"
 795 0522 01       		.byte	0x1
 796 0523 6F       		.byte	0x6f
 797 0524 43020000 		.4byte	0x243
 798 0528 01       		.uleb128 0x1
ARM GAS  /tmp/ccPRWuof.s 			page 15


 799 0529 50       		.byte	0x50
 800 052a 00       		.byte	0
 801 052b 11       		.uleb128 0x11
 802 052c DB020000 		.4byte	.LASF87
 803 0530 01       		.byte	0x1
 804 0531 85       		.byte	0x85
 805 0532 43020000 		.4byte	0x243
 806 0536 00000000 		.4byte	.LFB8
 807 053a 38000000 		.4byte	.LFE8-.LFB8
 808 053e 01       		.uleb128 0x1
 809 053f 9C       		.byte	0x9c
 810 0540 71050000 		.4byte	0x571
 811 0544 13       		.uleb128 0x13
 812 0545 747000   		.ascii	"tp\000"
 813 0548 01       		.byte	0x1
 814 0549 85       		.byte	0x85
 815 054a 43020000 		.4byte	0x243
 816 054e 00000000 		.4byte	.LLST0
 817 0552 12       		.uleb128 0x12
 818 0553 6E747000 		.ascii	"ntp\000"
 819 0557 01       		.byte	0x1
 820 0558 86       		.byte	0x86
 821 0559 43020000 		.4byte	0x243
 822 055d 01       		.uleb128 0x1
 823 055e 54       		.byte	0x54
 824 055f 14       		.uleb128 0x14
 825 0560 2C000000 		.4byte	.LVL4
 826 0564 92050000 		.4byte	0x592
 827 0568 15       		.uleb128 0x15
 828 0569 01       		.uleb128 0x1
 829 056a 50       		.byte	0x50
 830 056b 03       		.uleb128 0x3
 831 056c F3       		.byte	0xf3
 832 056d 01       		.uleb128 0x1
 833 056e 50       		.byte	0x50
 834 056f 00       		.byte	0
 835 0570 00       		.byte	0
 836 0571 16       		.uleb128 0x16
 837 0572 B5030000 		.4byte	.LASF88
 838 0576 09       		.byte	0x9
 839 0577 68       		.byte	0x68
 840 0578 68030000 		.4byte	0x368
 841 057c 17       		.uleb128 0x17
 842 057d 27010000 		.4byte	.LASF89
 843 0581 01       		.byte	0x1
 844 0582 3B       		.byte	0x3b
 845 0583 8D050000 		.4byte	0x58d
 846 0587 05       		.uleb128 0x5
 847 0588 03       		.byte	0x3
 848 0589 00000000 		.4byte	ch_debug
 849 058d 0E       		.uleb128 0xe
 850 058e FA040000 		.4byte	0x4fa
 851 0592 18       		.uleb128 0x18
 852 0593 8D020000 		.4byte	.LASF93
 853 0597 0C       		.byte	0xc
 854 0598 33       		.byte	0x33
 855 0599 19       		.uleb128 0x19
ARM GAS  /tmp/ccPRWuof.s 			page 16


 856 059a 43020000 		.4byte	0x243
 857 059e 00       		.byte	0
 858 059f 00       		.byte	0
 859              		.section	.debug_abbrev,"",%progbits
 860              	.Ldebug_abbrev0:
 861 0000 01       		.uleb128 0x1
 862 0001 11       		.uleb128 0x11
 863 0002 01       		.byte	0x1
 864 0003 25       		.uleb128 0x25
 865 0004 0E       		.uleb128 0xe
 866 0005 13       		.uleb128 0x13
 867 0006 0B       		.uleb128 0xb
 868 0007 03       		.uleb128 0x3
 869 0008 0E       		.uleb128 0xe
 870 0009 1B       		.uleb128 0x1b
 871 000a 0E       		.uleb128 0xe
 872 000b 55       		.uleb128 0x55
 873 000c 17       		.uleb128 0x17
 874 000d 11       		.uleb128 0x11
 875 000e 01       		.uleb128 0x1
 876 000f 10       		.uleb128 0x10
 877 0010 17       		.uleb128 0x17
 878 0011 00       		.byte	0
 879 0012 00       		.byte	0
 880 0013 02       		.uleb128 0x2
 881 0014 24       		.uleb128 0x24
 882 0015 00       		.byte	0
 883 0016 0B       		.uleb128 0xb
 884 0017 0B       		.uleb128 0xb
 885 0018 3E       		.uleb128 0x3e
 886 0019 0B       		.uleb128 0xb
 887 001a 03       		.uleb128 0x3
 888 001b 08       		.uleb128 0x8
 889 001c 00       		.byte	0
 890 001d 00       		.byte	0
 891 001e 03       		.uleb128 0x3
 892 001f 16       		.uleb128 0x16
 893 0020 00       		.byte	0
 894 0021 03       		.uleb128 0x3
 895 0022 0E       		.uleb128 0xe
 896 0023 3A       		.uleb128 0x3a
 897 0024 0B       		.uleb128 0xb
 898 0025 3B       		.uleb128 0x3b
 899 0026 0B       		.uleb128 0xb
 900 0027 49       		.uleb128 0x49
 901 0028 13       		.uleb128 0x13
 902 0029 00       		.byte	0
 903 002a 00       		.byte	0
 904 002b 04       		.uleb128 0x4
 905 002c 24       		.uleb128 0x24
 906 002d 00       		.byte	0
 907 002e 0B       		.uleb128 0xb
 908 002f 0B       		.uleb128 0xb
 909 0030 3E       		.uleb128 0x3e
 910 0031 0B       		.uleb128 0xb
 911 0032 03       		.uleb128 0x3
 912 0033 0E       		.uleb128 0xe
ARM GAS  /tmp/ccPRWuof.s 			page 17


 913 0034 00       		.byte	0
 914 0035 00       		.byte	0
 915 0036 05       		.uleb128 0x5
 916 0037 13       		.uleb128 0x13
 917 0038 01       		.byte	0x1
 918 0039 03       		.uleb128 0x3
 919 003a 0E       		.uleb128 0xe
 920 003b 0B       		.uleb128 0xb
 921 003c 0B       		.uleb128 0xb
 922 003d 3A       		.uleb128 0x3a
 923 003e 0B       		.uleb128 0xb
 924 003f 3B       		.uleb128 0x3b
 925 0040 0B       		.uleb128 0xb
 926 0041 01       		.uleb128 0x1
 927 0042 13       		.uleb128 0x13
 928 0043 00       		.byte	0
 929 0044 00       		.byte	0
 930 0045 06       		.uleb128 0x6
 931 0046 0D       		.uleb128 0xd
 932 0047 00       		.byte	0
 933 0048 03       		.uleb128 0x3
 934 0049 0E       		.uleb128 0xe
 935 004a 3A       		.uleb128 0x3a
 936 004b 0B       		.uleb128 0xb
 937 004c 3B       		.uleb128 0x3b
 938 004d 0B       		.uleb128 0xb
 939 004e 49       		.uleb128 0x49
 940 004f 13       		.uleb128 0x13
 941 0050 38       		.uleb128 0x38
 942 0051 0B       		.uleb128 0xb
 943 0052 00       		.byte	0
 944 0053 00       		.byte	0
 945 0054 07       		.uleb128 0x7
 946 0055 0D       		.uleb128 0xd
 947 0056 00       		.byte	0
 948 0057 03       		.uleb128 0x3
 949 0058 08       		.uleb128 0x8
 950 0059 3A       		.uleb128 0x3a
 951 005a 0B       		.uleb128 0xb
 952 005b 3B       		.uleb128 0x3b
 953 005c 0B       		.uleb128 0xb
 954 005d 49       		.uleb128 0x49
 955 005e 13       		.uleb128 0x13
 956 005f 38       		.uleb128 0x38
 957 0060 0B       		.uleb128 0xb
 958 0061 00       		.byte	0
 959 0062 00       		.byte	0
 960 0063 08       		.uleb128 0x8
 961 0064 13       		.uleb128 0x13
 962 0065 01       		.byte	0x1
 963 0066 0B       		.uleb128 0xb
 964 0067 0B       		.uleb128 0xb
 965 0068 3A       		.uleb128 0x3a
 966 0069 0B       		.uleb128 0xb
 967 006a 3B       		.uleb128 0x3b
 968 006b 0B       		.uleb128 0xb
 969 006c 01       		.uleb128 0x1
ARM GAS  /tmp/ccPRWuof.s 			page 18


 970 006d 13       		.uleb128 0x13
 971 006e 00       		.byte	0
 972 006f 00       		.byte	0
 973 0070 09       		.uleb128 0x9
 974 0071 0F       		.uleb128 0xf
 975 0072 00       		.byte	0
 976 0073 0B       		.uleb128 0xb
 977 0074 0B       		.uleb128 0xb
 978 0075 49       		.uleb128 0x49
 979 0076 13       		.uleb128 0x13
 980 0077 00       		.byte	0
 981 0078 00       		.byte	0
 982 0079 0A       		.uleb128 0xa
 983 007a 0F       		.uleb128 0xf
 984 007b 00       		.byte	0
 985 007c 0B       		.uleb128 0xb
 986 007d 0B       		.uleb128 0xb
 987 007e 00       		.byte	0
 988 007f 00       		.byte	0
 989 0080 0B       		.uleb128 0xb
 990 0081 35       		.uleb128 0x35
 991 0082 00       		.byte	0
 992 0083 49       		.uleb128 0x49
 993 0084 13       		.uleb128 0x13
 994 0085 00       		.byte	0
 995 0086 00       		.byte	0
 996 0087 0C       		.uleb128 0xc
 997 0088 17       		.uleb128 0x17
 998 0089 01       		.byte	0x1
 999 008a 0B       		.uleb128 0xb
 1000 008b 0B       		.uleb128 0xb
 1001 008c 3A       		.uleb128 0x3a
 1002 008d 0B       		.uleb128 0xb
 1003 008e 3B       		.uleb128 0x3b
 1004 008f 0B       		.uleb128 0xb
 1005 0090 01       		.uleb128 0x1
 1006 0091 13       		.uleb128 0x13
 1007 0092 00       		.byte	0
 1008 0093 00       		.byte	0
 1009 0094 0D       		.uleb128 0xd
 1010 0095 0D       		.uleb128 0xd
 1011 0096 00       		.byte	0
 1012 0097 03       		.uleb128 0x3
 1013 0098 0E       		.uleb128 0xe
 1014 0099 3A       		.uleb128 0x3a
 1015 009a 0B       		.uleb128 0xb
 1016 009b 3B       		.uleb128 0x3b
 1017 009c 0B       		.uleb128 0xb
 1018 009d 49       		.uleb128 0x49
 1019 009e 13       		.uleb128 0x13
 1020 009f 00       		.byte	0
 1021 00a0 00       		.byte	0
 1022 00a1 0E       		.uleb128 0xe
 1023 00a2 26       		.uleb128 0x26
 1024 00a3 00       		.byte	0
 1025 00a4 49       		.uleb128 0x49
 1026 00a5 13       		.uleb128 0x13
ARM GAS  /tmp/ccPRWuof.s 			page 19


 1027 00a6 00       		.byte	0
 1028 00a7 00       		.byte	0
 1029 00a8 0F       		.uleb128 0xf
 1030 00a9 01       		.uleb128 0x1
 1031 00aa 01       		.byte	0x1
 1032 00ab 49       		.uleb128 0x49
 1033 00ac 13       		.uleb128 0x13
 1034 00ad 01       		.uleb128 0x1
 1035 00ae 13       		.uleb128 0x13
 1036 00af 00       		.byte	0
 1037 00b0 00       		.byte	0
 1038 00b1 10       		.uleb128 0x10
 1039 00b2 21       		.uleb128 0x21
 1040 00b3 00       		.byte	0
 1041 00b4 49       		.uleb128 0x49
 1042 00b5 13       		.uleb128 0x13
 1043 00b6 2F       		.uleb128 0x2f
 1044 00b7 0B       		.uleb128 0xb
 1045 00b8 00       		.byte	0
 1046 00b9 00       		.byte	0
 1047 00ba 11       		.uleb128 0x11
 1048 00bb 2E       		.uleb128 0x2e
 1049 00bc 01       		.byte	0x1
 1050 00bd 3F       		.uleb128 0x3f
 1051 00be 19       		.uleb128 0x19
 1052 00bf 03       		.uleb128 0x3
 1053 00c0 0E       		.uleb128 0xe
 1054 00c1 3A       		.uleb128 0x3a
 1055 00c2 0B       		.uleb128 0xb
 1056 00c3 3B       		.uleb128 0x3b
 1057 00c4 0B       		.uleb128 0xb
 1058 00c5 27       		.uleb128 0x27
 1059 00c6 19       		.uleb128 0x19
 1060 00c7 49       		.uleb128 0x49
 1061 00c8 13       		.uleb128 0x13
 1062 00c9 11       		.uleb128 0x11
 1063 00ca 01       		.uleb128 0x1
 1064 00cb 12       		.uleb128 0x12
 1065 00cc 06       		.uleb128 0x6
 1066 00cd 40       		.uleb128 0x40
 1067 00ce 18       		.uleb128 0x18
 1068 00cf 9742     		.uleb128 0x2117
 1069 00d1 19       		.uleb128 0x19
 1070 00d2 01       		.uleb128 0x1
 1071 00d3 13       		.uleb128 0x13
 1072 00d4 00       		.byte	0
 1073 00d5 00       		.byte	0
 1074 00d6 12       		.uleb128 0x12
 1075 00d7 34       		.uleb128 0x34
 1076 00d8 00       		.byte	0
 1077 00d9 03       		.uleb128 0x3
 1078 00da 08       		.uleb128 0x8
 1079 00db 3A       		.uleb128 0x3a
 1080 00dc 0B       		.uleb128 0xb
 1081 00dd 3B       		.uleb128 0x3b
 1082 00de 0B       		.uleb128 0xb
 1083 00df 49       		.uleb128 0x49
ARM GAS  /tmp/ccPRWuof.s 			page 20


 1084 00e0 13       		.uleb128 0x13
 1085 00e1 02       		.uleb128 0x2
 1086 00e2 18       		.uleb128 0x18
 1087 00e3 00       		.byte	0
 1088 00e4 00       		.byte	0
 1089 00e5 13       		.uleb128 0x13
 1090 00e6 05       		.uleb128 0x5
 1091 00e7 00       		.byte	0
 1092 00e8 03       		.uleb128 0x3
 1093 00e9 08       		.uleb128 0x8
 1094 00ea 3A       		.uleb128 0x3a
 1095 00eb 0B       		.uleb128 0xb
 1096 00ec 3B       		.uleb128 0x3b
 1097 00ed 0B       		.uleb128 0xb
 1098 00ee 49       		.uleb128 0x49
 1099 00ef 13       		.uleb128 0x13
 1100 00f0 02       		.uleb128 0x2
 1101 00f1 17       		.uleb128 0x17
 1102 00f2 00       		.byte	0
 1103 00f3 00       		.byte	0
 1104 00f4 14       		.uleb128 0x14
 1105 00f5 898201   		.uleb128 0x4109
 1106 00f8 01       		.byte	0x1
 1107 00f9 11       		.uleb128 0x11
 1108 00fa 01       		.uleb128 0x1
 1109 00fb 31       		.uleb128 0x31
 1110 00fc 13       		.uleb128 0x13
 1111 00fd 00       		.byte	0
 1112 00fe 00       		.byte	0
 1113 00ff 15       		.uleb128 0x15
 1114 0100 8A8201   		.uleb128 0x410a
 1115 0103 00       		.byte	0
 1116 0104 02       		.uleb128 0x2
 1117 0105 18       		.uleb128 0x18
 1118 0106 9142     		.uleb128 0x2111
 1119 0108 18       		.uleb128 0x18
 1120 0109 00       		.byte	0
 1121 010a 00       		.byte	0
 1122 010b 16       		.uleb128 0x16
 1123 010c 34       		.uleb128 0x34
 1124 010d 00       		.byte	0
 1125 010e 03       		.uleb128 0x3
 1126 010f 0E       		.uleb128 0xe
 1127 0110 3A       		.uleb128 0x3a
 1128 0111 0B       		.uleb128 0xb
 1129 0112 3B       		.uleb128 0x3b
 1130 0113 0B       		.uleb128 0xb
 1131 0114 49       		.uleb128 0x49
 1132 0115 13       		.uleb128 0x13
 1133 0116 3F       		.uleb128 0x3f
 1134 0117 19       		.uleb128 0x19
 1135 0118 3C       		.uleb128 0x3c
 1136 0119 19       		.uleb128 0x19
 1137 011a 00       		.byte	0
 1138 011b 00       		.byte	0
 1139 011c 17       		.uleb128 0x17
 1140 011d 34       		.uleb128 0x34
ARM GAS  /tmp/ccPRWuof.s 			page 21


 1141 011e 00       		.byte	0
 1142 011f 03       		.uleb128 0x3
 1143 0120 0E       		.uleb128 0xe
 1144 0121 3A       		.uleb128 0x3a
 1145 0122 0B       		.uleb128 0xb
 1146 0123 3B       		.uleb128 0x3b
 1147 0124 0B       		.uleb128 0xb
 1148 0125 49       		.uleb128 0x49
 1149 0126 13       		.uleb128 0x13
 1150 0127 3F       		.uleb128 0x3f
 1151 0128 19       		.uleb128 0x19
 1152 0129 02       		.uleb128 0x2
 1153 012a 18       		.uleb128 0x18
 1154 012b 00       		.byte	0
 1155 012c 00       		.byte	0
 1156 012d 18       		.uleb128 0x18
 1157 012e 2E       		.uleb128 0x2e
 1158 012f 01       		.byte	0x1
 1159 0130 3F       		.uleb128 0x3f
 1160 0131 19       		.uleb128 0x19
 1161 0132 03       		.uleb128 0x3
 1162 0133 0E       		.uleb128 0xe
 1163 0134 3A       		.uleb128 0x3a
 1164 0135 0B       		.uleb128 0xb
 1165 0136 3B       		.uleb128 0x3b
 1166 0137 0B       		.uleb128 0xb
 1167 0138 27       		.uleb128 0x27
 1168 0139 19       		.uleb128 0x19
 1169 013a 3C       		.uleb128 0x3c
 1170 013b 19       		.uleb128 0x19
 1171 013c 00       		.byte	0
 1172 013d 00       		.byte	0
 1173 013e 19       		.uleb128 0x19
 1174 013f 05       		.uleb128 0x5
 1175 0140 00       		.byte	0
 1176 0141 49       		.uleb128 0x49
 1177 0142 13       		.uleb128 0x13
 1178 0143 00       		.byte	0
 1179 0144 00       		.byte	0
 1180 0145 00       		.byte	0
 1181              		.section	.debug_loc,"",%progbits
 1182              	.Ldebug_loc0:
 1183              	.LLST0:
 1184 0000 00000000 		.4byte	.LVL1
 1185 0004 2B000000 		.4byte	.LVL4-1
 1186 0008 0100     		.2byte	0x1
 1187 000a 50       		.byte	0x50
 1188 000b 2B000000 		.4byte	.LVL4-1
 1189 000f 38000000 		.4byte	.LFE8
 1190 0013 0400     		.2byte	0x4
 1191 0015 F3       		.byte	0xf3
 1192 0016 01       		.uleb128 0x1
 1193 0017 50       		.byte	0x50
 1194 0018 9F       		.byte	0x9f
 1195 0019 00000000 		.4byte	0
 1196 001d 00000000 		.4byte	0
 1197              		.section	.debug_aranges,"",%progbits
ARM GAS  /tmp/ccPRWuof.s 			page 22


 1198 0000 24000000 		.4byte	0x24
 1199 0004 0200     		.2byte	0x2
 1200 0006 00000000 		.4byte	.Ldebug_info0
 1201 000a 04       		.byte	0x4
 1202 000b 00       		.byte	0
 1203 000c 0000     		.2byte	0
 1204 000e 0000     		.2byte	0
 1205 0010 00000000 		.4byte	.LFB7
 1206 0014 24000000 		.4byte	.LFE7-.LFB7
 1207 0018 00000000 		.4byte	.LFB8
 1208 001c 38000000 		.4byte	.LFE8-.LFB8
 1209 0020 00000000 		.4byte	0
 1210 0024 00000000 		.4byte	0
 1211              		.section	.debug_ranges,"",%progbits
 1212              	.Ldebug_ranges0:
 1213 0000 00000000 		.4byte	.LFB7
 1214 0004 24000000 		.4byte	.LFE7
 1215 0008 00000000 		.4byte	.LFB8
 1216 000c 38000000 		.4byte	.LFE8
 1217 0010 00000000 		.4byte	0
 1218 0014 00000000 		.4byte	0
 1219              		.section	.debug_line,"",%progbits
 1220              	.Ldebug_line0:
 1221 0000 90010000 		.section	.debug_str,"MS",%progbits,1
 1221      02005B01 
 1221      00000201 
 1221      FB0E0D00 
 1221      01010101 
 1222              	.LASF76:
 1223 0000 63665F6F 		.ascii	"cf_off_older\000"
 1223      66665F6F 
 1223      6C646572 
 1223      00
 1224              	.LASF41:
 1225 000d 705F6D73 		.ascii	"p_msg\000"
 1225      6700
 1226              	.LASF2:
 1227 0013 73697A65 		.ascii	"size_t\000"
 1227      5F7400
 1228              	.LASF61:
 1229 001a 7264796D 		.ascii	"rdymsg\000"
 1229      736700
 1230              	.LASF3:
 1231 0021 5F5F7569 		.ascii	"__uint8_t\000"
 1231      6E74385F 
 1231      7400
 1232              	.LASF13:
 1233 002b 6C6F6E67 		.ascii	"long long unsigned int\000"
 1233      206C6F6E 
 1233      6720756E 
 1233      7369676E 
 1233      65642069 
 1234              	.LASF72:
 1235 0042 63685F74 		.ascii	"ch_threadsize\000"
 1235      68726561 
 1235      6473697A 
 1235      6500
ARM GAS  /tmp/ccPRWuof.s 			page 23


 1236              	.LASF62:
 1237 0050 65786974 		.ascii	"exitcode\000"
 1237      636F6465 
 1237      00
 1238              	.LASF86:
 1239 0059 63685265 		.ascii	"chRegFirstThread\000"
 1239      67466972 
 1239      73745468 
 1239      72656164 
 1239      00
 1240              	.LASF29:
 1241 006a 705F7072 		.ascii	"p_prio\000"
 1241      696F00
 1242              	.LASF79:
 1243 0071 63665F6F 		.ascii	"cf_off_state\000"
 1243      66665F73 
 1243      74617465 
 1243      00
 1244              	.LASF12:
 1245 007e 6C6F6E67 		.ascii	"long long int\000"
 1245      206C6F6E 
 1245      6720696E 
 1245      7400
 1246              	.LASF1:
 1247 008c 7369676E 		.ascii	"signed char\000"
 1247      65642063 
 1247      68617200 
 1248              	.LASF78:
 1249 0098 63665F6F 		.ascii	"cf_off_stklimit\000"
 1249      66665F73 
 1249      746B6C69 
 1249      6D697400 
 1250              	.LASF80:
 1251 00a8 63665F6F 		.ascii	"cf_off_flags\000"
 1251      66665F66 
 1251      6C616773 
 1251      00
 1252              	.LASF58:
 1253 00b5 6D5F7175 		.ascii	"m_queue\000"
 1253      65756500 
 1254              	.LASF21:
 1255 00bd 74736C69 		.ascii	"tslices_t\000"
 1255      6365735F 
 1255      7400
 1256              	.LASF9:
 1257 00c7 6C6F6E67 		.ascii	"long int\000"
 1257      20696E74 
 1257      00
 1258              	.LASF19:
 1259 00d0 74737461 		.ascii	"tstate_t\000"
 1259      74655F74 
 1259      00
 1260              	.LASF15:
 1261 00d9 75696E74 		.ascii	"uint16_t\000"
 1261      31365F74 
 1261      00
 1262              	.LASF85:
ARM GAS  /tmp/ccPRWuof.s 			page 24


 1263 00e2 63686465 		.ascii	"chdebug_t\000"
 1263      6275675F 
 1263      7400
 1264              	.LASF31:
 1265 00ec 705F6E65 		.ascii	"p_newer\000"
 1265      77657200 
 1266              	.LASF10:
 1267 00f4 5F5F7569 		.ascii	"__uint32_t\000"
 1267      6E743332 
 1267      5F7400
 1268              	.LASF47:
 1269 00ff 72656761 		.ascii	"regarm_t\000"
 1269      726D5F74 
 1269      00
 1270              	.LASF0:
 1271 0108 756E7369 		.ascii	"unsigned int\000"
 1271      676E6564 
 1271      20696E74 
 1271      00
 1272              	.LASF11:
 1273 0115 6C6F6E67 		.ascii	"long unsigned int\000"
 1273      20756E73 
 1273      69676E65 
 1273      6420696E 
 1273      7400
 1274              	.LASF89:
 1275 0127 63685F64 		.ascii	"ch_debug\000"
 1275      65627567 
 1275      00
 1276              	.LASF66:
 1277 0130 63685F69 		.ascii	"ch_identifier\000"
 1277      64656E74 
 1277      69666965 
 1277      7200
 1278              	.LASF49:
 1279 013e 636F6E74 		.ascii	"context\000"
 1279      65787400 
 1280              	.LASF7:
 1281 0146 73686F72 		.ascii	"short unsigned int\000"
 1281      7420756E 
 1281      7369676E 
 1281      65642069 
 1281      6E7400
 1282              	.LASF23:
 1283 0159 6D73675F 		.ascii	"msg_t\000"
 1283      7400
 1284              	.LASF53:
 1285 015f 725F6E65 		.ascii	"r_newer\000"
 1285      77657200 
 1286              	.LASF18:
 1287 0167 746D6F64 		.ascii	"tmode_t\000"
 1287      655F7400 
 1288              	.LASF46:
 1289 016f 54687265 		.ascii	"ThreadsList\000"
 1289      6164734C 
 1289      69737400 
 1290              	.LASF24:
ARM GAS  /tmp/ccPRWuof.s 			page 25


 1291 017b 6576656E 		.ascii	"eventmask_t\000"
 1291      746D6173 
 1291      6B5F7400 
 1292              	.LASF57:
 1293 0187 4D757465 		.ascii	"Mutex\000"
 1293      7800
 1294              	.LASF67:
 1295 018d 63685F7A 		.ascii	"ch_zero\000"
 1295      65726F00 
 1296              	.LASF81:
 1297 0195 63665F6F 		.ascii	"cf_off_refs\000"
 1297      66665F72 
 1297      65667300 
 1298              	.LASF84:
 1299 01a1 73697A65 		.ascii	"sizetype\000"
 1299      74797065 
 1299      00
 1300              	.LASF71:
 1301 01aa 63685F74 		.ascii	"ch_timesize\000"
 1301      696D6573 
 1301      697A6500 
 1302              	.LASF77:
 1303 01b6 63665F6F 		.ascii	"cf_off_name\000"
 1303      66665F6E 
 1303      616D6500 
 1304              	.LASF32:
 1305 01c2 705F6F6C 		.ascii	"p_older\000"
 1305      64657200 
 1306              	.LASF52:
 1307 01ca 725F6374 		.ascii	"r_ctx\000"
 1307      7800
 1308              	.LASF45:
 1309 01d0 54687265 		.ascii	"ThreadsQueue\000"
 1309      61647351 
 1309      75657565 
 1309      00
 1310              	.LASF68:
 1311 01dd 63685F73 		.ascii	"ch_size\000"
 1311      697A6500 
 1312              	.LASF55:
 1313 01e5 725F6375 		.ascii	"r_current\000"
 1313      7272656E 
 1313      7400
 1314              	.LASF54:
 1315 01ef 725F6F6C 		.ascii	"r_older\000"
 1315      64657200 
 1316              	.LASF20:
 1317 01f7 74726566 		.ascii	"trefs_t\000"
 1317      735F7400 
 1318              	.LASF70:
 1319 01ff 63685F70 		.ascii	"ch_ptrsize\000"
 1319      74727369 
 1319      7A6500
 1320              	.LASF28:
 1321 020a 705F7072 		.ascii	"p_prev\000"
 1321      657600
 1322              	.LASF22:
ARM GAS  /tmp/ccPRWuof.s 			page 26


 1323 0211 74707269 		.ascii	"tprio_t\000"
 1323      6F5F7400 
 1324              	.LASF16:
 1325 0219 696E7433 		.ascii	"int32_t\000"
 1325      325F7400 
 1326              	.LASF4:
 1327 0221 756E7369 		.ascii	"unsigned char\000"
 1327      676E6564 
 1327      20636861 
 1327      7200
 1328              	.LASF43:
 1329 022f 705F6D74 		.ascii	"p_mtxlist\000"
 1329      786C6973 
 1329      7400
 1330              	.LASF5:
 1331 0239 73686F72 		.ascii	"short int\000"
 1331      7420696E 
 1331      7400
 1332              	.LASF34:
 1333 0243 705F7374 		.ascii	"p_state\000"
 1333      61746500 
 1334              	.LASF37:
 1335 024b 705F7072 		.ascii	"p_preempt\000"
 1335      65656D70 
 1335      7400
 1336              	.LASF83:
 1337 0255 63665F6F 		.ascii	"cf_off_time\000"
 1337      66665F74 
 1337      696D6500 
 1338              	.LASF51:
 1339 0261 725F7072 		.ascii	"r_prio\000"
 1339      696F00
 1340              	.LASF64:
 1341 0268 65776D61 		.ascii	"ewmask\000"
 1341      736B00
 1342              	.LASF27:
 1343 026f 705F6E65 		.ascii	"p_next\000"
 1343      787400
 1344              	.LASF82:
 1345 0276 63665F6F 		.ascii	"cf_off_preempt\000"
 1345      66665F70 
 1345      7265656D 
 1345      707400
 1346              	.LASF35:
 1347 0285 705F666C 		.ascii	"p_flags\000"
 1347      61677300 
 1348              	.LASF93:
 1349 028d 63685468 		.ascii	"chThdRelease\000"
 1349      6452656C 
 1349      65617365 
 1349      00
 1350              	.LASF26:
 1351 029a 54687265 		.ascii	"Thread\000"
 1351      616400
 1352              	.LASF75:
 1353 02a1 63665F6F 		.ascii	"cf_off_newer\000"
 1353      66665F6E 
ARM GAS  /tmp/ccPRWuof.s 			page 27


 1353      65776572 
 1353      00
 1354              	.LASF42:
 1355 02ae 705F6570 		.ascii	"p_epending\000"
 1355      656E6469 
 1355      6E6700
 1356              	.LASF17:
 1357 02b9 75696E74 		.ascii	"uint32_t\000"
 1357      33325F74 
 1357      00
 1358              	.LASF73:
 1359 02c2 63665F6F 		.ascii	"cf_off_prio\000"
 1359      66665F70 
 1359      72696F00 
 1360              	.LASF50:
 1361 02ce 725F7175 		.ascii	"r_queue\000"
 1361      65756500 
 1362              	.LASF65:
 1363 02d6 63686172 		.ascii	"char\000"
 1363      00
 1364              	.LASF87:
 1365 02db 63685265 		.ascii	"chRegNextThread\000"
 1365      674E6578 
 1365      74546872 
 1365      65616400 
 1366              	.LASF6:
 1367 02eb 5F5F7569 		.ascii	"__uint16_t\000"
 1367      6E743136 
 1367      5F7400
 1368              	.LASF60:
 1369 02f6 6D5F6E65 		.ascii	"m_next\000"
 1369      787400
 1370              	.LASF25:
 1371 02fd 73797374 		.ascii	"systime_t\000"
 1371      696D655F 
 1371      7400
 1372              	.LASF44:
 1373 0307 705F7265 		.ascii	"p_realprio\000"
 1373      616C7072 
 1373      696F00
 1374              	.LASF8:
 1375 0312 5F5F696E 		.ascii	"__int32_t\000"
 1375      7433325F 
 1375      7400
 1376              	.LASF38:
 1377 031c 705F7469 		.ascii	"p_time\000"
 1377      6D6500
 1378              	.LASF48:
 1379 0323 696E7463 		.ascii	"intctx\000"
 1379      747800
 1380              	.LASF40:
 1381 032a 705F6D73 		.ascii	"p_msgqueue\000"
 1381      67717565 
 1381      756500
 1382              	.LASF92:
 1383 0335 2F686F6D 		.ascii	"/home/hunter/development/chibi/ChibiOS-RPi/demos/AR"
 1383      652F6875 
ARM GAS  /tmp/ccPRWuof.s 			page 28


 1383      6E746572 
 1383      2F646576 
 1383      656C6F70 
 1384 0368 4D31312D 		.ascii	"M11-BCM2835-GCC\000"
 1384      42434D32 
 1384      3833352D 
 1384      47434300 
 1385              	.LASF91:
 1386 0378 2E2E2F2E 		.ascii	"../../os/kernel/src/chregistry.c\000"
 1386      2E2F6F73 
 1386      2F6B6572 
 1386      6E656C2F 
 1386      7372632F 
 1387              	.LASF74:
 1388 0399 63665F6F 		.ascii	"cf_off_ctx\000"
 1388      66665F63 
 1388      747800
 1389              	.LASF36:
 1390 03a4 705F7265 		.ascii	"p_refs\000"
 1390      667300
 1391              	.LASF56:
 1392 03ab 52656164 		.ascii	"ReadyList\000"
 1392      794C6973 
 1392      7400
 1393              	.LASF88:
 1394 03b5 726C6973 		.ascii	"rlist\000"
 1394      7400
 1395              	.LASF14:
 1396 03bb 75696E74 		.ascii	"uint8_t\000"
 1396      385F7400 
 1397              	.LASF63:
 1398 03c3 77746F62 		.ascii	"wtobjp\000"
 1398      6A7000
 1399              	.LASF33:
 1400 03ca 705F6E61 		.ascii	"p_name\000"
 1400      6D6500
 1401              	.LASF90:
 1402 03d1 474E5520 		.ascii	"GNU C 4.9.3 20150529 (prerelease) -mcpu=arm1176jz-s"
 1402      4320342E 
 1402      392E3320 
 1402      32303135 
 1402      30353239 
 1403 0404 202D6D6E 		.ascii	" -mno-thumb-interwork -ggdb -O2 -fomit-frame-pointe"
 1403      6F2D7468 
 1403      756D622D 
 1403      696E7465 
 1403      72776F72 
 1404 0437 72202D66 		.ascii	"r -ffunction-sections -fdata-sections\000"
 1404      66756E63 
 1404      74696F6E 
 1404      2D736563 
 1404      74696F6E 
 1405              	.LASF69:
 1406 045d 63685F76 		.ascii	"ch_version\000"
 1406      65727369 
 1406      6F6E00
 1407              	.LASF59:
ARM GAS  /tmp/ccPRWuof.s 			page 29


 1408 0468 6D5F6F77 		.ascii	"m_owner\000"
 1408      6E657200 
 1409              	.LASF30:
 1410 0470 705F6374 		.ascii	"p_ctx\000"
 1410      7800
 1411              	.LASF39:
 1412 0476 705F7761 		.ascii	"p_waiting\000"
 1412      6974696E 
 1412      6700
 1413              		.ident	"GCC: (15:4.9.3+svn231177-1) 4.9.3 20150529 (prerelease)"
ARM GAS  /tmp/ccPRWuof.s 			page 30


DEFINED SYMBOLS
                            *ABS*:0000000000000000 chregistry.c
     /tmp/ccPRWuof.s:17     .text.chRegFirstThread:0000000000000000 $a
     /tmp/ccPRWuof.s:20     .text.chRegFirstThread:0000000000000000 chRegFirstThread
     /tmp/ccPRWuof.s:49     .text.chRegFirstThread:0000000000000020 $d
     /tmp/ccPRWuof.s:54     .text.chRegNextThread:0000000000000000 $a
     /tmp/ccPRWuof.s:57     .text.chRegNextThread:0000000000000000 chRegNextThread
     /tmp/ccPRWuof.s:100    .text.chRegNextThread:0000000000000034 $d
     /tmp/ccPRWuof.s:109    .rodata.ch_debug:0000000000000000 ch_debug
     /tmp/ccPRWuof.s:106    .rodata.ch_debug:0000000000000000 $d
                     .debug_frame:0000000000000010 $d

UNDEFINED SYMBOLS
rlist
chThdRelease
