ARM GAS  /tmp/ccQ6LlJZ.s 			page 1


   1              		.cpu arm1176jz-s
   2              		.fpu softvfp
   3              		.eabi_attribute 20, 1
   4              		.eabi_attribute 21, 1
   5              		.eabi_attribute 23, 3
   6              		.eabi_attribute 24, 1
   7              		.eabi_attribute 25, 1
   8              		.eabi_attribute 26, 1
   9              		.eabi_attribute 30, 2
  10              		.eabi_attribute 34, 1
  11              		.eabi_attribute 18, 4
  12              		.file	"chvt.c"
  13              		.text
  14              	.Ltext0:
  15              		.cfi_sections	.debug_frame
  16              		.section	.text._vt_init,"ax",%progbits
  17              		.align	2
  18              		.global	_vt_init
  19              		.type	_vt_init, %function
  20              	_vt_init:
  21              	.LFB7:
  22              		.file 1 "../../os/kernel/src/chvt.c"
  23              		.loc 1 43 0
  24              		.cfi_startproc
  25              		@ args = 0, pretend = 0, frame = 0
  26              		@ frame_needed = 0, uses_anonymous_args = 0
  27              		@ link register save eliminated.
  28              		.loc 1 46 0
  29 0000 0010E0E3 		mvn	r1, #0
  30              		.loc 1 47 0
  31 0004 0020A0E3 		mov	r2, #0
  32              		.loc 1 45 0
  33 0008 10309FE5 		ldr	r3, .L2
  34              		.loc 1 46 0
  35 000c 081083E5 		str	r1, [r3, #8]
  36              		.loc 1 45 0
  37 0010 043083E5 		str	r3, [r3, #4]
  38 0014 003083E5 		str	r3, [r3]
  39              		.loc 1 47 0
  40 0018 0C2083E5 		str	r2, [r3, #12]
  41 001c 1EFF2FE1 		bx	lr
  42              	.L3:
  43              		.align	2
  44              	.L2:
  45 0020 00000000 		.word	vtlist
  46              		.cfi_endproc
  47              	.LFE7:
  48              		.size	_vt_init, .-_vt_init
  49              		.section	.text.chVTSetI,"ax",%progbits
  50              		.align	2
  51              		.global	chVTSetI
  52              		.type	chVTSetI, %function
  53              	chVTSetI:
  54              	.LFB8:
  55              		.loc 1 69 0
  56              		.cfi_startproc
  57              		@ args = 0, pretend = 0, frame = 0
ARM GAS  /tmp/ccQ6LlJZ.s 			page 2


  58              		@ frame_needed = 0, uses_anonymous_args = 0
  59              		@ link register save eliminated.
  60              	.LVL0:
  61              		.loc 1 78 0
  62 0000 54C09FE5 		ldr	ip, .L10
  63              		.loc 1 76 0
  64 0004 103080E5 		str	r3, [r0, #16]
  65              		.loc 1 78 0
  66 0008 00309CE5 		ldr	r3, [ip]
  67              	.LVL1:
  68              		.loc 1 77 0
  69 000c 0C2080E5 		str	r2, [r0, #12]
  70              		.loc 1 79 0
  71 0010 082093E5 		ldr	r2, [r3, #8]
  72              	.LVL2:
  73 0014 020051E1 		cmp	r1, r2
  74 0018 0400009A 		bls	.L5
  75              	.L6:
  76              		.loc 1 81 0
  77 001c 003093E5 		ldr	r3, [r3]
  78              	.LVL3:
  79              		.loc 1 80 0
  80 0020 011062E0 		rsb	r1, r2, r1
  81              	.LVL4:
  82              		.loc 1 79 0
  83 0024 082093E5 		ldr	r2, [r3, #8]
  84 0028 010052E1 		cmp	r2, r1
  85 002c FAFFFF3A 		bcc	.L6
  86              	.L5:
  87              		.loc 1 84 0
  88 0030 042093E5 		ldr	r2, [r3, #4]
  89              		.loc 1 87 0
  90 0034 0C0053E1 		cmp	r3, ip
  91              		.loc 1 84 0
  92 0038 042080E5 		str	r2, [r0, #4]
  93 003c 003080E5 		str	r3, [r0]
  94              		.loc 1 85 0
  95 0040 040083E5 		str	r0, [r3, #4]
  96 0044 000082E5 		str	r0, [r2]
  97              		.loc 1 86 0
  98 0048 081080E5 		str	r1, [r0, #8]
  99              		.loc 1 88 0
 100 004c 08209315 		ldrne	r2, [r3, #8]
 101 0050 02106110 		rsbne	r1, r1, r2
 102              	.LVL5:
 103 0054 08108315 		strne	r1, [r3, #8]
 104              	.LVL6:
 105 0058 1EFF2FE1 		bx	lr
 106              	.L11:
 107              		.align	2
 108              	.L10:
 109 005c 00000000 		.word	vtlist
 110              		.cfi_endproc
 111              	.LFE8:
 112              		.size	chVTSetI, .-chVTSetI
 113              		.section	.text.chVTResetI,"ax",%progbits
 114              		.align	2
ARM GAS  /tmp/ccQ6LlJZ.s 			page 3


 115              		.global	chVTResetI
 116              		.type	chVTResetI, %function
 117              	chVTResetI:
 118              	.LFB9:
 119              		.loc 1 99 0
 120              		.cfi_startproc
 121              		@ args = 0, pretend = 0, frame = 0
 122              		@ frame_needed = 0, uses_anonymous_args = 0
 123              		@ link register save eliminated.
 124              	.LVL7:
 125              		.loc 1 107 0
 126 0000 003090E5 		ldr	r3, [r0]
 127 0004 2C209FE5 		ldr	r2, .L14
 128 0008 020053E1 		cmp	r3, r2
 129              		.loc 1 108 0
 130 000c 08209315 		ldrne	r2, [r3, #8]
 131 0010 08109015 		ldrne	r1, [r0, #8]
 132 0014 01208210 		addne	r2, r2, r1
 133              		.loc 1 111 0
 134 0018 0010A0E3 		mov	r1, #0
 135              		.loc 1 108 0
 136 001c 08208315 		strne	r2, [r3, #8]
 137              		.loc 1 109 0
 138 0020 042090E5 		ldr	r2, [r0, #4]
 139 0024 003082E5 		str	r3, [r2]
 140              		.loc 1 110 0
 141 0028 003090E5 		ldr	r3, [r0]
 142 002c 042083E5 		str	r2, [r3, #4]
 143              		.loc 1 111 0
 144 0030 0C1080E5 		str	r1, [r0, #12]
 145 0034 1EFF2FE1 		bx	lr
 146              	.L15:
 147              		.align	2
 148              	.L14:
 149 0038 00000000 		.word	vtlist
 150              		.cfi_endproc
 151              	.LFE9:
 152              		.size	chVTResetI, .-chVTResetI
 153              		.section	.text.chTimeIsWithin,"ax",%progbits
 154              		.align	2
 155              		.global	chTimeIsWithin
 156              		.type	chTimeIsWithin, %function
 157              	chTimeIsWithin:
 158              	.LFB10:
 159              		.loc 1 127 0
 160              		.cfi_startproc
 161              		@ args = 0, pretend = 0, frame = 0
 162              		@ frame_needed = 0, uses_anonymous_args = 0
 163              		@ link register save eliminated.
 164              	.LVL8:
 165              		.loc 1 129 0
 166 0000 44309FE5 		ldr	r3, .L20
 167              		.loc 1 130 0
 168 0004 000051E1 		cmp	r1, r0
 169              		.loc 1 129 0
 170 0008 0C3093E5 		ldr	r3, [r3, #12]
 171              	.LVL9:
ARM GAS  /tmp/ccQ6LlJZ.s 			page 4


 172              		.loc 1 130 0
 173 000c 0700008A 		bhi	.L19
 174              		.loc 1 131 0 discriminator 2
 175 0010 000053E1 		cmp	r3, r0
 176 0014 0000A033 		movcc	r0, #0
 177              	.LVL10:
 178 0018 0100A023 		movcs	r0, #1
 179              		.loc 1 130 0 discriminator 2
 180 001c 010053E1 		cmp	r3, r1
 181 0020 0010A021 		movcs	r1, r0
 182 0024 01108033 		orrcc	r1, r0, #1
 183              	.LVL11:
 184              		.loc 1 132 0 discriminator 2
 185 0028 0100A0E1 		mov	r0, r1
 186 002c 1EFF2FE1 		bx	lr
 187              	.LVL12:
 188              	.L19:
 189              		.loc 1 130 0 discriminator 1
 190 0030 010053E1 		cmp	r3, r1
 191 0034 0110A033 		movcc	r1, #1
 192              	.LVL13:
 193 0038 0010A023 		movcs	r1, #0
 194 003c 000053E1 		cmp	r3, r0
 195 0040 0010A033 		movcc	r1, #0
 196              		.loc 1 132 0 discriminator 1
 197 0044 0100A0E1 		mov	r0, r1
 198              	.LVL14:
 199 0048 1EFF2FE1 		bx	lr
 200              	.L21:
 201              		.align	2
 202              	.L20:
 203 004c 00000000 		.word	vtlist
 204              		.cfi_endproc
 205              	.LFE10:
 206              		.size	chTimeIsWithin, .-chTimeIsWithin
 207              		.comm	vtlist,16,4
 208              		.text
 209              	.Letext0:
 210              		.file 2 "/usr/include/newlib/machine/_default_types.h"
 211              		.file 3 "/usr/include/newlib/sys/_stdint.h"
 212              		.file 4 "../../os/ports/GCC/ARM/chtypes.h"
 213              		.file 5 "../../os/kernel/include/chvt.h"
 214              		.section	.debug_info,"",%progbits
 215              	.Ldebug_info0:
 216 0000 60020000 		.4byte	0x260
 217 0004 0400     		.2byte	0x4
 218 0006 00000000 		.4byte	.Ldebug_abbrev0
 219 000a 04       		.byte	0x4
 220 000b 01       		.uleb128 0x1
 221 000c 13000000 		.4byte	.LASF31
 222 0010 01       		.byte	0x1
 223 0011 AA010000 		.4byte	.LASF32
 224 0015 AF000000 		.4byte	.LASF33
 225 0019 00000000 		.4byte	.Ldebug_ranges0+0
 226 001d 00000000 		.4byte	0
 227 0021 00000000 		.4byte	.Ldebug_line0
 228 0025 02       		.uleb128 0x2
ARM GAS  /tmp/ccQ6LlJZ.s 			page 5


 229 0026 04       		.byte	0x4
 230 0027 05       		.byte	0x5
 231 0028 696E7400 		.ascii	"int\000"
 232 002c 03       		.uleb128 0x3
 233 002d 04       		.byte	0x4
 234 002e 07       		.byte	0x7
 235 002f 56010000 		.4byte	.LASF0
 236 0033 03       		.uleb128 0x3
 237 0034 01       		.byte	0x1
 238 0035 06       		.byte	0x6
 239 0036 21020000 		.4byte	.LASF1
 240 003a 03       		.uleb128 0x3
 241 003b 01       		.byte	0x1
 242 003c 08       		.byte	0x8
 243 003d 34010000 		.4byte	.LASF2
 244 0041 03       		.uleb128 0x3
 245 0042 02       		.byte	0x2
 246 0043 05       		.byte	0x5
 247 0044 EE010000 		.4byte	.LASF3
 248 0048 03       		.uleb128 0x3
 249 0049 02       		.byte	0x2
 250 004a 07       		.byte	0x7
 251 004b 14010000 		.4byte	.LASF4
 252 004f 04       		.uleb128 0x4
 253 0050 9F000000 		.4byte	.LASF6
 254 0054 02       		.byte	0x2
 255 0055 3F       		.byte	0x3f
 256 0056 5A000000 		.4byte	0x5a
 257 005a 03       		.uleb128 0x3
 258 005b 04       		.byte	0x4
 259 005c 05       		.byte	0x5
 260 005d 18020000 		.4byte	.LASF5
 261 0061 04       		.uleb128 0x4
 262 0062 4B010000 		.4byte	.LASF7
 263 0066 02       		.byte	0x2
 264 0067 41       		.byte	0x41
 265 0068 6C000000 		.4byte	0x6c
 266 006c 03       		.uleb128 0x3
 267 006d 04       		.byte	0x4
 268 006e 07       		.byte	0x7
 269 006f 02010000 		.4byte	.LASF8
 270 0073 03       		.uleb128 0x3
 271 0074 08       		.byte	0x8
 272 0075 05       		.byte	0x5
 273 0076 C5010000 		.4byte	.LASF9
 274 007a 03       		.uleb128 0x3
 275 007b 08       		.byte	0x8
 276 007c 07       		.byte	0x7
 277 007d 63010000 		.4byte	.LASF10
 278 0081 04       		.uleb128 0x4
 279 0082 8E010000 		.4byte	.LASF11
 280 0086 03       		.byte	0x3
 281 0087 1F       		.byte	0x1f
 282 0088 4F000000 		.4byte	0x4f
 283 008c 04       		.uleb128 0x4
 284 008d 0F020000 		.4byte	.LASF12
 285 0091 03       		.byte	0x3
ARM GAS  /tmp/ccQ6LlJZ.s 			page 6


 286 0092 20       		.byte	0x20
 287 0093 61000000 		.4byte	0x61
 288 0097 04       		.uleb128 0x4
 289 0098 F2000000 		.4byte	.LASF13
 290 009c 04       		.byte	0x4
 291 009d 29       		.byte	0x29
 292 009e 81000000 		.4byte	0x81
 293 00a2 04       		.uleb128 0x4
 294 00a3 09000000 		.4byte	.LASF14
 295 00a7 04       		.byte	0x4
 296 00a8 33       		.byte	0x33
 297 00a9 8C000000 		.4byte	0x8c
 298 00ad 05       		.uleb128 0x5
 299 00ae 04       		.byte	0x4
 300 00af 04       		.uleb128 0x4
 301 00b0 F9000000 		.4byte	.LASF15
 302 00b4 05       		.byte	0x5
 303 00b5 4E       		.byte	0x4e
 304 00b6 BA000000 		.4byte	0xba
 305 00ba 06       		.uleb128 0x6
 306 00bb 04       		.byte	0x4
 307 00bc C0000000 		.4byte	0xc0
 308 00c0 07       		.uleb128 0x7
 309 00c1 CB000000 		.4byte	0xcb
 310 00c5 08       		.uleb128 0x8
 311 00c6 AD000000 		.4byte	0xad
 312 00ca 00       		.byte	0
 313 00cb 04       		.uleb128 0x4
 314 00cc 27010000 		.4byte	.LASF16
 315 00d0 05       		.byte	0x5
 316 00d1 53       		.byte	0x53
 317 00d2 D6000000 		.4byte	0xd6
 318 00d6 09       		.uleb128 0x9
 319 00d7 27010000 		.4byte	.LASF16
 320 00db 14       		.byte	0x14
 321 00dc 05       		.byte	0x5
 322 00dd 5A       		.byte	0x5a
 323 00de 1F010000 		.4byte	0x11f
 324 00e2 0A       		.uleb128 0xa
 325 00e3 34020000 		.4byte	.LASF17
 326 00e7 05       		.byte	0x5
 327 00e8 5B       		.byte	0x5b
 328 00e9 1F010000 		.4byte	0x11f
 329 00ed 00       		.byte	0
 330 00ee 0A       		.uleb128 0xa
 331 00ef 07020000 		.4byte	.LASF18
 332 00f3 05       		.byte	0x5
 333 00f4 5D       		.byte	0x5d
 334 00f5 1F010000 		.4byte	0x11f
 335 00f9 04       		.byte	0x4
 336 00fa 0A       		.uleb128 0xa
 337 00fb 86010000 		.4byte	.LASF19
 338 00ff 05       		.byte	0x5
 339 0100 5F       		.byte	0x5f
 340 0101 A2000000 		.4byte	0xa2
 341 0105 08       		.byte	0x8
 342 0106 0A       		.uleb128 0xa
ARM GAS  /tmp/ccQ6LlJZ.s 			page 7


 343 0107 D3010000 		.4byte	.LASF20
 344 010b 05       		.byte	0x5
 345 010c 60       		.byte	0x60
 346 010d AF000000 		.4byte	0xaf
 347 0111 0C       		.byte	0xc
 348 0112 0A       		.uleb128 0xa
 349 0113 E7010000 		.4byte	.LASF21
 350 0117 05       		.byte	0x5
 351 0118 62       		.byte	0x62
 352 0119 AD000000 		.4byte	0xad
 353 011d 10       		.byte	0x10
 354 011e 00       		.byte	0
 355 011f 06       		.uleb128 0x6
 356 0120 04       		.byte	0x4
 357 0121 CB000000 		.4byte	0xcb
 358 0125 0B       		.uleb128 0xb
 359 0126 10       		.byte	0x10
 360 0127 05       		.byte	0x5
 361 0128 6C       		.byte	0x6c
 362 0129 5E010000 		.4byte	0x15e
 363 012d 0A       		.uleb128 0xa
 364 012e 34020000 		.4byte	.LASF17
 365 0132 05       		.byte	0x5
 366 0133 6D       		.byte	0x6d
 367 0134 1F010000 		.4byte	0x11f
 368 0138 00       		.byte	0
 369 0139 0A       		.uleb128 0xa
 370 013a 07020000 		.4byte	.LASF18
 371 013e 05       		.byte	0x5
 372 013f 6F       		.byte	0x6f
 373 0140 1F010000 		.4byte	0x11f
 374 0144 04       		.byte	0x4
 375 0145 0A       		.uleb128 0xa
 376 0146 86010000 		.4byte	.LASF19
 377 014a 05       		.byte	0x5
 378 014b 71       		.byte	0x71
 379 014c A2000000 		.4byte	0xa2
 380 0150 08       		.byte	0x8
 381 0151 0A       		.uleb128 0xa
 382 0152 9F010000 		.4byte	.LASF22
 383 0156 05       		.byte	0x5
 384 0157 72       		.byte	0x72
 385 0158 5E010000 		.4byte	0x15e
 386 015c 0C       		.byte	0xc
 387 015d 00       		.byte	0
 388 015e 0C       		.uleb128 0xc
 389 015f A2000000 		.4byte	0xa2
 390 0163 04       		.uleb128 0x4
 391 0164 2D020000 		.4byte	.LASF23
 392 0168 05       		.byte	0x5
 393 0169 73       		.byte	0x73
 394 016a 25010000 		.4byte	0x125
 395 016e 03       		.uleb128 0x3
 396 016f 01       		.byte	0x1
 397 0170 08       		.byte	0x8
 398 0171 E2010000 		.4byte	.LASF24
 399 0175 03       		.uleb128 0x3
ARM GAS  /tmp/ccQ6LlJZ.s 			page 8


 400 0176 04       		.byte	0x4
 401 0177 07       		.byte	0x7
 402 0178 96010000 		.4byte	.LASF25
 403 017c 0D       		.uleb128 0xd
 404 017d 42010000 		.4byte	.LASF34
 405 0181 01       		.byte	0x1
 406 0182 2B       		.byte	0x2b
 407 0183 00000000 		.4byte	.LFB7
 408 0187 24000000 		.4byte	.LFE7-.LFB7
 409 018b 01       		.uleb128 0x1
 410 018c 9C       		.byte	0x9c
 411 018d 0E       		.uleb128 0xe
 412 018e 00000000 		.4byte	.LASF28
 413 0192 01       		.byte	0x1
 414 0193 45       		.byte	0x45
 415 0194 00000000 		.4byte	.LFB8
 416 0198 60000000 		.4byte	.LFE8-.LFB8
 417 019c 01       		.uleb128 0x1
 418 019d 9C       		.byte	0x9c
 419 019e EA010000 		.4byte	0x1ea
 420 01a2 0F       		.uleb128 0xf
 421 01a3 76747000 		.ascii	"vtp\000"
 422 01a7 01       		.byte	0x1
 423 01a8 45       		.byte	0x45
 424 01a9 1F010000 		.4byte	0x11f
 425 01ad 01       		.uleb128 0x1
 426 01ae 50       		.byte	0x50
 427 01af 10       		.uleb128 0x10
 428 01b0 81010000 		.4byte	.LASF26
 429 01b4 01       		.byte	0x1
 430 01b5 45       		.byte	0x45
 431 01b6 A2000000 		.4byte	0xa2
 432 01ba 00000000 		.4byte	.LLST0
 433 01be 10       		.uleb128 0x10
 434 01bf DB010000 		.4byte	.LASF27
 435 01c3 01       		.byte	0x1
 436 01c4 45       		.byte	0x45
 437 01c5 AF000000 		.4byte	0xaf
 438 01c9 2D000000 		.4byte	.LLST1
 439 01cd 11       		.uleb128 0x11
 440 01ce 70617200 		.ascii	"par\000"
 441 01d2 01       		.byte	0x1
 442 01d3 45       		.byte	0x45
 443 01d4 AD000000 		.4byte	0xad
 444 01d8 4C000000 		.4byte	.LLST2
 445 01dc 12       		.uleb128 0x12
 446 01dd 7000     		.ascii	"p\000"
 447 01df 01       		.byte	0x1
 448 01e0 46       		.byte	0x46
 449 01e1 1F010000 		.4byte	0x11f
 450 01e5 6B000000 		.4byte	.LLST3
 451 01e9 00       		.byte	0
 452 01ea 0E       		.uleb128 0xe
 453 01eb 3C020000 		.4byte	.LASF29
 454 01ef 01       		.byte	0x1
 455 01f0 63       		.byte	0x63
 456 01f1 00000000 		.4byte	.LFB9
ARM GAS  /tmp/ccQ6LlJZ.s 			page 9


 457 01f5 3C000000 		.4byte	.LFE9-.LFB9
 458 01f9 01       		.uleb128 0x1
 459 01fa 9C       		.byte	0x9c
 460 01fb 0D020000 		.4byte	0x20d
 461 01ff 0F       		.uleb128 0xf
 462 0200 76747000 		.ascii	"vtp\000"
 463 0204 01       		.byte	0x1
 464 0205 63       		.byte	0x63
 465 0206 1F010000 		.4byte	0x11f
 466 020a 01       		.uleb128 0x1
 467 020b 50       		.byte	0x50
 468 020c 00       		.byte	0
 469 020d 13       		.uleb128 0x13
 470 020e F8010000 		.4byte	.LASF35
 471 0212 01       		.byte	0x1
 472 0213 7F       		.byte	0x7f
 473 0214 97000000 		.4byte	0x97
 474 0218 00000000 		.4byte	.LFB10
 475 021c 50000000 		.4byte	.LFE10-.LFB10
 476 0220 01       		.uleb128 0x1
 477 0221 9C       		.byte	0x9c
 478 0222 52020000 		.4byte	0x252
 479 0226 10       		.uleb128 0x10
 480 0227 A9000000 		.4byte	.LASF30
 481 022b 01       		.byte	0x1
 482 022c 7F       		.byte	0x7f
 483 022d A2000000 		.4byte	0xa2
 484 0231 89000000 		.4byte	.LLST4
 485 0235 11       		.uleb128 0x11
 486 0236 656E6400 		.ascii	"end\000"
 487 023a 01       		.byte	0x1
 488 023b 7F       		.byte	0x7f
 489 023c A2000000 		.4byte	0xa2
 490 0240 C3000000 		.4byte	.LLST5
 491 0244 14       		.uleb128 0x14
 492 0245 81010000 		.4byte	.LASF26
 493 0249 01       		.byte	0x1
 494 024a 81       		.byte	0x81
 495 024b A2000000 		.4byte	0xa2
 496 024f 01       		.uleb128 0x1
 497 0250 53       		.byte	0x53
 498 0251 00       		.byte	0
 499 0252 15       		.uleb128 0x15
 500 0253 7A010000 		.4byte	.LASF36
 501 0257 01       		.byte	0x1
 502 0258 23       		.byte	0x23
 503 0259 63010000 		.4byte	0x163
 504 025d 05       		.uleb128 0x5
 505 025e 03       		.byte	0x3
 506 025f 00000000 		.4byte	vtlist
 507 0263 00       		.byte	0
 508              		.section	.debug_abbrev,"",%progbits
 509              	.Ldebug_abbrev0:
 510 0000 01       		.uleb128 0x1
 511 0001 11       		.uleb128 0x11
 512 0002 01       		.byte	0x1
 513 0003 25       		.uleb128 0x25
ARM GAS  /tmp/ccQ6LlJZ.s 			page 10


 514 0004 0E       		.uleb128 0xe
 515 0005 13       		.uleb128 0x13
 516 0006 0B       		.uleb128 0xb
 517 0007 03       		.uleb128 0x3
 518 0008 0E       		.uleb128 0xe
 519 0009 1B       		.uleb128 0x1b
 520 000a 0E       		.uleb128 0xe
 521 000b 55       		.uleb128 0x55
 522 000c 17       		.uleb128 0x17
 523 000d 11       		.uleb128 0x11
 524 000e 01       		.uleb128 0x1
 525 000f 10       		.uleb128 0x10
 526 0010 17       		.uleb128 0x17
 527 0011 00       		.byte	0
 528 0012 00       		.byte	0
 529 0013 02       		.uleb128 0x2
 530 0014 24       		.uleb128 0x24
 531 0015 00       		.byte	0
 532 0016 0B       		.uleb128 0xb
 533 0017 0B       		.uleb128 0xb
 534 0018 3E       		.uleb128 0x3e
 535 0019 0B       		.uleb128 0xb
 536 001a 03       		.uleb128 0x3
 537 001b 08       		.uleb128 0x8
 538 001c 00       		.byte	0
 539 001d 00       		.byte	0
 540 001e 03       		.uleb128 0x3
 541 001f 24       		.uleb128 0x24
 542 0020 00       		.byte	0
 543 0021 0B       		.uleb128 0xb
 544 0022 0B       		.uleb128 0xb
 545 0023 3E       		.uleb128 0x3e
 546 0024 0B       		.uleb128 0xb
 547 0025 03       		.uleb128 0x3
 548 0026 0E       		.uleb128 0xe
 549 0027 00       		.byte	0
 550 0028 00       		.byte	0
 551 0029 04       		.uleb128 0x4
 552 002a 16       		.uleb128 0x16
 553 002b 00       		.byte	0
 554 002c 03       		.uleb128 0x3
 555 002d 0E       		.uleb128 0xe
 556 002e 3A       		.uleb128 0x3a
 557 002f 0B       		.uleb128 0xb
 558 0030 3B       		.uleb128 0x3b
 559 0031 0B       		.uleb128 0xb
 560 0032 49       		.uleb128 0x49
 561 0033 13       		.uleb128 0x13
 562 0034 00       		.byte	0
 563 0035 00       		.byte	0
 564 0036 05       		.uleb128 0x5
 565 0037 0F       		.uleb128 0xf
 566 0038 00       		.byte	0
 567 0039 0B       		.uleb128 0xb
 568 003a 0B       		.uleb128 0xb
 569 003b 00       		.byte	0
 570 003c 00       		.byte	0
ARM GAS  /tmp/ccQ6LlJZ.s 			page 11


 571 003d 06       		.uleb128 0x6
 572 003e 0F       		.uleb128 0xf
 573 003f 00       		.byte	0
 574 0040 0B       		.uleb128 0xb
 575 0041 0B       		.uleb128 0xb
 576 0042 49       		.uleb128 0x49
 577 0043 13       		.uleb128 0x13
 578 0044 00       		.byte	0
 579 0045 00       		.byte	0
 580 0046 07       		.uleb128 0x7
 581 0047 15       		.uleb128 0x15
 582 0048 01       		.byte	0x1
 583 0049 27       		.uleb128 0x27
 584 004a 19       		.uleb128 0x19
 585 004b 01       		.uleb128 0x1
 586 004c 13       		.uleb128 0x13
 587 004d 00       		.byte	0
 588 004e 00       		.byte	0
 589 004f 08       		.uleb128 0x8
 590 0050 05       		.uleb128 0x5
 591 0051 00       		.byte	0
 592 0052 49       		.uleb128 0x49
 593 0053 13       		.uleb128 0x13
 594 0054 00       		.byte	0
 595 0055 00       		.byte	0
 596 0056 09       		.uleb128 0x9
 597 0057 13       		.uleb128 0x13
 598 0058 01       		.byte	0x1
 599 0059 03       		.uleb128 0x3
 600 005a 0E       		.uleb128 0xe
 601 005b 0B       		.uleb128 0xb
 602 005c 0B       		.uleb128 0xb
 603 005d 3A       		.uleb128 0x3a
 604 005e 0B       		.uleb128 0xb
 605 005f 3B       		.uleb128 0x3b
 606 0060 0B       		.uleb128 0xb
 607 0061 01       		.uleb128 0x1
 608 0062 13       		.uleb128 0x13
 609 0063 00       		.byte	0
 610 0064 00       		.byte	0
 611 0065 0A       		.uleb128 0xa
 612 0066 0D       		.uleb128 0xd
 613 0067 00       		.byte	0
 614 0068 03       		.uleb128 0x3
 615 0069 0E       		.uleb128 0xe
 616 006a 3A       		.uleb128 0x3a
 617 006b 0B       		.uleb128 0xb
 618 006c 3B       		.uleb128 0x3b
 619 006d 0B       		.uleb128 0xb
 620 006e 49       		.uleb128 0x49
 621 006f 13       		.uleb128 0x13
 622 0070 38       		.uleb128 0x38
 623 0071 0B       		.uleb128 0xb
 624 0072 00       		.byte	0
 625 0073 00       		.byte	0
 626 0074 0B       		.uleb128 0xb
 627 0075 13       		.uleb128 0x13
ARM GAS  /tmp/ccQ6LlJZ.s 			page 12


 628 0076 01       		.byte	0x1
 629 0077 0B       		.uleb128 0xb
 630 0078 0B       		.uleb128 0xb
 631 0079 3A       		.uleb128 0x3a
 632 007a 0B       		.uleb128 0xb
 633 007b 3B       		.uleb128 0x3b
 634 007c 0B       		.uleb128 0xb
 635 007d 01       		.uleb128 0x1
 636 007e 13       		.uleb128 0x13
 637 007f 00       		.byte	0
 638 0080 00       		.byte	0
 639 0081 0C       		.uleb128 0xc
 640 0082 35       		.uleb128 0x35
 641 0083 00       		.byte	0
 642 0084 49       		.uleb128 0x49
 643 0085 13       		.uleb128 0x13
 644 0086 00       		.byte	0
 645 0087 00       		.byte	0
 646 0088 0D       		.uleb128 0xd
 647 0089 2E       		.uleb128 0x2e
 648 008a 00       		.byte	0
 649 008b 3F       		.uleb128 0x3f
 650 008c 19       		.uleb128 0x19
 651 008d 03       		.uleb128 0x3
 652 008e 0E       		.uleb128 0xe
 653 008f 3A       		.uleb128 0x3a
 654 0090 0B       		.uleb128 0xb
 655 0091 3B       		.uleb128 0x3b
 656 0092 0B       		.uleb128 0xb
 657 0093 27       		.uleb128 0x27
 658 0094 19       		.uleb128 0x19
 659 0095 11       		.uleb128 0x11
 660 0096 01       		.uleb128 0x1
 661 0097 12       		.uleb128 0x12
 662 0098 06       		.uleb128 0x6
 663 0099 40       		.uleb128 0x40
 664 009a 18       		.uleb128 0x18
 665 009b 9742     		.uleb128 0x2117
 666 009d 19       		.uleb128 0x19
 667 009e 00       		.byte	0
 668 009f 00       		.byte	0
 669 00a0 0E       		.uleb128 0xe
 670 00a1 2E       		.uleb128 0x2e
 671 00a2 01       		.byte	0x1
 672 00a3 3F       		.uleb128 0x3f
 673 00a4 19       		.uleb128 0x19
 674 00a5 03       		.uleb128 0x3
 675 00a6 0E       		.uleb128 0xe
 676 00a7 3A       		.uleb128 0x3a
 677 00a8 0B       		.uleb128 0xb
 678 00a9 3B       		.uleb128 0x3b
 679 00aa 0B       		.uleb128 0xb
 680 00ab 27       		.uleb128 0x27
 681 00ac 19       		.uleb128 0x19
 682 00ad 11       		.uleb128 0x11
 683 00ae 01       		.uleb128 0x1
 684 00af 12       		.uleb128 0x12
ARM GAS  /tmp/ccQ6LlJZ.s 			page 13


 685 00b0 06       		.uleb128 0x6
 686 00b1 40       		.uleb128 0x40
 687 00b2 18       		.uleb128 0x18
 688 00b3 9742     		.uleb128 0x2117
 689 00b5 19       		.uleb128 0x19
 690 00b6 01       		.uleb128 0x1
 691 00b7 13       		.uleb128 0x13
 692 00b8 00       		.byte	0
 693 00b9 00       		.byte	0
 694 00ba 0F       		.uleb128 0xf
 695 00bb 05       		.uleb128 0x5
 696 00bc 00       		.byte	0
 697 00bd 03       		.uleb128 0x3
 698 00be 08       		.uleb128 0x8
 699 00bf 3A       		.uleb128 0x3a
 700 00c0 0B       		.uleb128 0xb
 701 00c1 3B       		.uleb128 0x3b
 702 00c2 0B       		.uleb128 0xb
 703 00c3 49       		.uleb128 0x49
 704 00c4 13       		.uleb128 0x13
 705 00c5 02       		.uleb128 0x2
 706 00c6 18       		.uleb128 0x18
 707 00c7 00       		.byte	0
 708 00c8 00       		.byte	0
 709 00c9 10       		.uleb128 0x10
 710 00ca 05       		.uleb128 0x5
 711 00cb 00       		.byte	0
 712 00cc 03       		.uleb128 0x3
 713 00cd 0E       		.uleb128 0xe
 714 00ce 3A       		.uleb128 0x3a
 715 00cf 0B       		.uleb128 0xb
 716 00d0 3B       		.uleb128 0x3b
 717 00d1 0B       		.uleb128 0xb
 718 00d2 49       		.uleb128 0x49
 719 00d3 13       		.uleb128 0x13
 720 00d4 02       		.uleb128 0x2
 721 00d5 17       		.uleb128 0x17
 722 00d6 00       		.byte	0
 723 00d7 00       		.byte	0
 724 00d8 11       		.uleb128 0x11
 725 00d9 05       		.uleb128 0x5
 726 00da 00       		.byte	0
 727 00db 03       		.uleb128 0x3
 728 00dc 08       		.uleb128 0x8
 729 00dd 3A       		.uleb128 0x3a
 730 00de 0B       		.uleb128 0xb
 731 00df 3B       		.uleb128 0x3b
 732 00e0 0B       		.uleb128 0xb
 733 00e1 49       		.uleb128 0x49
 734 00e2 13       		.uleb128 0x13
 735 00e3 02       		.uleb128 0x2
 736 00e4 17       		.uleb128 0x17
 737 00e5 00       		.byte	0
 738 00e6 00       		.byte	0
 739 00e7 12       		.uleb128 0x12
 740 00e8 34       		.uleb128 0x34
 741 00e9 00       		.byte	0
ARM GAS  /tmp/ccQ6LlJZ.s 			page 14


 742 00ea 03       		.uleb128 0x3
 743 00eb 08       		.uleb128 0x8
 744 00ec 3A       		.uleb128 0x3a
 745 00ed 0B       		.uleb128 0xb
 746 00ee 3B       		.uleb128 0x3b
 747 00ef 0B       		.uleb128 0xb
 748 00f0 49       		.uleb128 0x49
 749 00f1 13       		.uleb128 0x13
 750 00f2 02       		.uleb128 0x2
 751 00f3 17       		.uleb128 0x17
 752 00f4 00       		.byte	0
 753 00f5 00       		.byte	0
 754 00f6 13       		.uleb128 0x13
 755 00f7 2E       		.uleb128 0x2e
 756 00f8 01       		.byte	0x1
 757 00f9 3F       		.uleb128 0x3f
 758 00fa 19       		.uleb128 0x19
 759 00fb 03       		.uleb128 0x3
 760 00fc 0E       		.uleb128 0xe
 761 00fd 3A       		.uleb128 0x3a
 762 00fe 0B       		.uleb128 0xb
 763 00ff 3B       		.uleb128 0x3b
 764 0100 0B       		.uleb128 0xb
 765 0101 27       		.uleb128 0x27
 766 0102 19       		.uleb128 0x19
 767 0103 49       		.uleb128 0x49
 768 0104 13       		.uleb128 0x13
 769 0105 11       		.uleb128 0x11
 770 0106 01       		.uleb128 0x1
 771 0107 12       		.uleb128 0x12
 772 0108 06       		.uleb128 0x6
 773 0109 40       		.uleb128 0x40
 774 010a 18       		.uleb128 0x18
 775 010b 9742     		.uleb128 0x2117
 776 010d 19       		.uleb128 0x19
 777 010e 01       		.uleb128 0x1
 778 010f 13       		.uleb128 0x13
 779 0110 00       		.byte	0
 780 0111 00       		.byte	0
 781 0112 14       		.uleb128 0x14
 782 0113 34       		.uleb128 0x34
 783 0114 00       		.byte	0
 784 0115 03       		.uleb128 0x3
 785 0116 0E       		.uleb128 0xe
 786 0117 3A       		.uleb128 0x3a
 787 0118 0B       		.uleb128 0xb
 788 0119 3B       		.uleb128 0x3b
 789 011a 0B       		.uleb128 0xb
 790 011b 49       		.uleb128 0x49
 791 011c 13       		.uleb128 0x13
 792 011d 02       		.uleb128 0x2
 793 011e 18       		.uleb128 0x18
 794 011f 00       		.byte	0
 795 0120 00       		.byte	0
 796 0121 15       		.uleb128 0x15
 797 0122 34       		.uleb128 0x34
 798 0123 00       		.byte	0
ARM GAS  /tmp/ccQ6LlJZ.s 			page 15


 799 0124 03       		.uleb128 0x3
 800 0125 0E       		.uleb128 0xe
 801 0126 3A       		.uleb128 0x3a
 802 0127 0B       		.uleb128 0xb
 803 0128 3B       		.uleb128 0x3b
 804 0129 0B       		.uleb128 0xb
 805 012a 49       		.uleb128 0x49
 806 012b 13       		.uleb128 0x13
 807 012c 3F       		.uleb128 0x3f
 808 012d 19       		.uleb128 0x19
 809 012e 02       		.uleb128 0x2
 810 012f 18       		.uleb128 0x18
 811 0130 00       		.byte	0
 812 0131 00       		.byte	0
 813 0132 00       		.byte	0
 814              		.section	.debug_loc,"",%progbits
 815              	.Ldebug_loc0:
 816              	.LLST0:
 817 0000 00000000 		.4byte	.LVL0
 818 0004 24000000 		.4byte	.LVL4
 819 0008 0100     		.2byte	0x1
 820 000a 51       		.byte	0x51
 821 000b 24000000 		.4byte	.LVL4
 822 000f 54000000 		.4byte	.LVL5
 823 0013 0100     		.2byte	0x1
 824 0015 51       		.byte	0x51
 825 0016 54000000 		.4byte	.LVL5
 826 001a 58000000 		.4byte	.LVL6
 827 001e 0500     		.2byte	0x5
 828 0020 73       		.byte	0x73
 829 0021 04       		.sleb128 4
 830 0022 06       		.byte	0x6
 831 0023 23       		.byte	0x23
 832 0024 08       		.uleb128 0x8
 833 0025 00000000 		.4byte	0
 834 0029 00000000 		.4byte	0
 835              	.LLST1:
 836 002d 00000000 		.4byte	.LVL0
 837 0031 14000000 		.4byte	.LVL2
 838 0035 0100     		.2byte	0x1
 839 0037 52       		.byte	0x52
 840 0038 14000000 		.4byte	.LVL2
 841 003c 60000000 		.4byte	.LFE8
 842 0040 0200     		.2byte	0x2
 843 0042 70       		.byte	0x70
 844 0043 0C       		.sleb128 12
 845 0044 00000000 		.4byte	0
 846 0048 00000000 		.4byte	0
 847              	.LLST2:
 848 004c 00000000 		.4byte	.LVL0
 849 0050 0C000000 		.4byte	.LVL1
 850 0054 0100     		.2byte	0x1
 851 0056 53       		.byte	0x53
 852 0057 0C000000 		.4byte	.LVL1
 853 005b 60000000 		.4byte	.LFE8
 854 005f 0200     		.2byte	0x2
 855 0061 70       		.byte	0x70
ARM GAS  /tmp/ccQ6LlJZ.s 			page 16


 856 0062 10       		.sleb128 16
 857 0063 00000000 		.4byte	0
 858 0067 00000000 		.4byte	0
 859              	.LLST3:
 860 006b 0C000000 		.4byte	.LVL1
 861 006f 20000000 		.4byte	.LVL3
 862 0073 0100     		.2byte	0x1
 863 0075 53       		.byte	0x53
 864 0076 24000000 		.4byte	.LVL4
 865 007a 60000000 		.4byte	.LFE8
 866 007e 0100     		.2byte	0x1
 867 0080 53       		.byte	0x53
 868 0081 00000000 		.4byte	0
 869 0085 00000000 		.4byte	0
 870              	.LLST4:
 871 0089 00000000 		.4byte	.LVL8
 872 008d 18000000 		.4byte	.LVL10
 873 0091 0100     		.2byte	0x1
 874 0093 50       		.byte	0x50
 875 0094 18000000 		.4byte	.LVL10
 876 0098 30000000 		.4byte	.LVL12
 877 009c 0400     		.2byte	0x4
 878 009e F3       		.byte	0xf3
 879 009f 01       		.uleb128 0x1
 880 00a0 50       		.byte	0x50
 881 00a1 9F       		.byte	0x9f
 882 00a2 30000000 		.4byte	.LVL12
 883 00a6 48000000 		.4byte	.LVL14
 884 00aa 0100     		.2byte	0x1
 885 00ac 50       		.byte	0x50
 886 00ad 48000000 		.4byte	.LVL14
 887 00b1 50000000 		.4byte	.LFE10
 888 00b5 0400     		.2byte	0x4
 889 00b7 F3       		.byte	0xf3
 890 00b8 01       		.uleb128 0x1
 891 00b9 50       		.byte	0x50
 892 00ba 9F       		.byte	0x9f
 893 00bb 00000000 		.4byte	0
 894 00bf 00000000 		.4byte	0
 895              	.LLST5:
 896 00c3 00000000 		.4byte	.LVL8
 897 00c7 28000000 		.4byte	.LVL11
 898 00cb 0100     		.2byte	0x1
 899 00cd 51       		.byte	0x51
 900 00ce 28000000 		.4byte	.LVL11
 901 00d2 30000000 		.4byte	.LVL12
 902 00d6 0400     		.2byte	0x4
 903 00d8 F3       		.byte	0xf3
 904 00d9 01       		.uleb128 0x1
 905 00da 51       		.byte	0x51
 906 00db 9F       		.byte	0x9f
 907 00dc 30000000 		.4byte	.LVL12
 908 00e0 38000000 		.4byte	.LVL13
 909 00e4 0100     		.2byte	0x1
 910 00e6 51       		.byte	0x51
 911 00e7 38000000 		.4byte	.LVL13
 912 00eb 50000000 		.4byte	.LFE10
ARM GAS  /tmp/ccQ6LlJZ.s 			page 17


 913 00ef 0400     		.2byte	0x4
 914 00f1 F3       		.byte	0xf3
 915 00f2 01       		.uleb128 0x1
 916 00f3 51       		.byte	0x51
 917 00f4 9F       		.byte	0x9f
 918 00f5 00000000 		.4byte	0
 919 00f9 00000000 		.4byte	0
 920              		.section	.debug_aranges,"",%progbits
 921 0000 34000000 		.4byte	0x34
 922 0004 0200     		.2byte	0x2
 923 0006 00000000 		.4byte	.Ldebug_info0
 924 000a 04       		.byte	0x4
 925 000b 00       		.byte	0
 926 000c 0000     		.2byte	0
 927 000e 0000     		.2byte	0
 928 0010 00000000 		.4byte	.LFB7
 929 0014 24000000 		.4byte	.LFE7-.LFB7
 930 0018 00000000 		.4byte	.LFB8
 931 001c 60000000 		.4byte	.LFE8-.LFB8
 932 0020 00000000 		.4byte	.LFB9
 933 0024 3C000000 		.4byte	.LFE9-.LFB9
 934 0028 00000000 		.4byte	.LFB10
 935 002c 50000000 		.4byte	.LFE10-.LFB10
 936 0030 00000000 		.4byte	0
 937 0034 00000000 		.4byte	0
 938              		.section	.debug_ranges,"",%progbits
 939              	.Ldebug_ranges0:
 940 0000 00000000 		.4byte	.LFB7
 941 0004 24000000 		.4byte	.LFE7
 942 0008 00000000 		.4byte	.LFB8
 943 000c 60000000 		.4byte	.LFE8
 944 0010 00000000 		.4byte	.LFB9
 945 0014 3C000000 		.4byte	.LFE9
 946 0018 00000000 		.4byte	.LFB10
 947 001c 50000000 		.4byte	.LFE10
 948 0020 00000000 		.4byte	0
 949 0024 00000000 		.4byte	0
 950              		.section	.debug_line,"",%progbits
 951              	.Ldebug_line0:
 952 0000 4B010000 		.section	.debug_str,"MS",%progbits,1
 952      0200CC00 
 952      00000201 
 952      FB0E0D00 
 952      01010101 
 953              	.LASF28:
 954 0000 63685654 		.ascii	"chVTSetI\000"
 954      53657449 
 954      00
 955              	.LASF14:
 956 0009 73797374 		.ascii	"systime_t\000"
 956      696D655F 
 956      7400
 957              	.LASF31:
 958 0013 474E5520 		.ascii	"GNU C 4.9.3 20150529 (prerelease) -mcpu=arm1176jz-s"
 958      4320342E 
 958      392E3320 
 958      32303135 
ARM GAS  /tmp/ccQ6LlJZ.s 			page 18


 958      30353239 
 959 0046 202D6D6E 		.ascii	" -mno-thumb-interwork -ggdb -O2 -fomit-frame-pointe"
 959      6F2D7468 
 959      756D622D 
 959      696E7465 
 959      72776F72 
 960 0079 72202D66 		.ascii	"r -ffunction-sections -fdata-sections\000"
 960      66756E63 
 960      74696F6E 
 960      2D736563 
 960      74696F6E 
 961              	.LASF6:
 962 009f 5F5F696E 		.ascii	"__int32_t\000"
 962      7433325F 
 962      7400
 963              	.LASF30:
 964 00a9 73746172 		.ascii	"start\000"
 964      7400
 965              	.LASF33:
 966 00af 2F686F6D 		.ascii	"/home/hunter/development/chibi/ChibiOS-RPi/demos/AR"
 966      652F6875 
 966      6E746572 
 966      2F646576 
 966      656C6F70 
 967 00e2 4D31312D 		.ascii	"M11-BCM2835-GCC\000"
 967      42434D32 
 967      3833352D 
 967      47434300 
 968              	.LASF13:
 969 00f2 626F6F6C 		.ascii	"bool_t\000"
 969      5F7400
 970              	.LASF15:
 971 00f9 76746675 		.ascii	"vtfunc_t\000"
 971      6E635F74 
 971      00
 972              	.LASF8:
 973 0102 6C6F6E67 		.ascii	"long unsigned int\000"
 973      20756E73 
 973      69676E65 
 973      6420696E 
 973      7400
 974              	.LASF4:
 975 0114 73686F72 		.ascii	"short unsigned int\000"
 975      7420756E 
 975      7369676E 
 975      65642069 
 975      6E7400
 976              	.LASF16:
 977 0127 56697274 		.ascii	"VirtualTimer\000"
 977      75616C54 
 977      696D6572 
 977      00
 978              	.LASF2:
 979 0134 756E7369 		.ascii	"unsigned char\000"
 979      676E6564 
 979      20636861 
 979      7200
ARM GAS  /tmp/ccQ6LlJZ.s 			page 19


 980              	.LASF34:
 981 0142 5F76745F 		.ascii	"_vt_init\000"
 981      696E6974 
 981      00
 982              	.LASF7:
 983 014b 5F5F7569 		.ascii	"__uint32_t\000"
 983      6E743332 
 983      5F7400
 984              	.LASF0:
 985 0156 756E7369 		.ascii	"unsigned int\000"
 985      676E6564 
 985      20696E74 
 985      00
 986              	.LASF10:
 987 0163 6C6F6E67 		.ascii	"long long unsigned int\000"
 987      206C6F6E 
 987      6720756E 
 987      7369676E 
 987      65642069 
 988              	.LASF36:
 989 017a 76746C69 		.ascii	"vtlist\000"
 989      737400
 990              	.LASF26:
 991 0181 74696D65 		.ascii	"time\000"
 991      00
 992              	.LASF19:
 993 0186 76745F74 		.ascii	"vt_time\000"
 993      696D6500 
 994              	.LASF11:
 995 018e 696E7433 		.ascii	"int32_t\000"
 995      325F7400 
 996              	.LASF25:
 997 0196 73697A65 		.ascii	"sizetype\000"
 997      74797065 
 997      00
 998              	.LASF22:
 999 019f 76745F73 		.ascii	"vt_systime\000"
 999      79737469 
 999      6D6500
 1000              	.LASF32:
 1001 01aa 2E2E2F2E 		.ascii	"../../os/kernel/src/chvt.c\000"
 1001      2E2F6F73 
 1001      2F6B6572 
 1001      6E656C2F 
 1001      7372632F 
 1002              	.LASF9:
 1003 01c5 6C6F6E67 		.ascii	"long long int\000"
 1003      206C6F6E 
 1003      6720696E 
 1003      7400
 1004              	.LASF20:
 1005 01d3 76745F66 		.ascii	"vt_func\000"
 1005      756E6300 
 1006              	.LASF27:
 1007 01db 76746675 		.ascii	"vtfunc\000"
 1007      6E6300
 1008              	.LASF24:
ARM GAS  /tmp/ccQ6LlJZ.s 			page 20


 1009 01e2 63686172 		.ascii	"char\000"
 1009      00
 1010              	.LASF21:
 1011 01e7 76745F70 		.ascii	"vt_par\000"
 1011      617200
 1012              	.LASF3:
 1013 01ee 73686F72 		.ascii	"short int\000"
 1013      7420696E 
 1013      7400
 1014              	.LASF35:
 1015 01f8 63685469 		.ascii	"chTimeIsWithin\000"
 1015      6D654973 
 1015      57697468 
 1015      696E00
 1016              	.LASF18:
 1017 0207 76745F70 		.ascii	"vt_prev\000"
 1017      72657600 
 1018              	.LASF12:
 1019 020f 75696E74 		.ascii	"uint32_t\000"
 1019      33325F74 
 1019      00
 1020              	.LASF5:
 1021 0218 6C6F6E67 		.ascii	"long int\000"
 1021      20696E74 
 1021      00
 1022              	.LASF1:
 1023 0221 7369676E 		.ascii	"signed char\000"
 1023      65642063 
 1023      68617200 
 1024              	.LASF23:
 1025 022d 56544C69 		.ascii	"VTList\000"
 1025      737400
 1026              	.LASF17:
 1027 0234 76745F6E 		.ascii	"vt_next\000"
 1027      65787400 
 1028              	.LASF29:
 1029 023c 63685654 		.ascii	"chVTResetI\000"
 1029      52657365 
 1029      744900
 1030              		.ident	"GCC: (15:4.9.3+svn231177-1) 4.9.3 20150529 (prerelease)"
ARM GAS  /tmp/ccQ6LlJZ.s 			page 21


DEFINED SYMBOLS
                            *ABS*:0000000000000000 chvt.c
     /tmp/ccQ6LlJZ.s:17     .text._vt_init:0000000000000000 $a
     /tmp/ccQ6LlJZ.s:20     .text._vt_init:0000000000000000 _vt_init
     /tmp/ccQ6LlJZ.s:45     .text._vt_init:0000000000000020 $d
                            *COM*:0000000000000010 vtlist
     /tmp/ccQ6LlJZ.s:50     .text.chVTSetI:0000000000000000 $a
     /tmp/ccQ6LlJZ.s:53     .text.chVTSetI:0000000000000000 chVTSetI
     /tmp/ccQ6LlJZ.s:109    .text.chVTSetI:000000000000005c $d
     /tmp/ccQ6LlJZ.s:114    .text.chVTResetI:0000000000000000 $a
     /tmp/ccQ6LlJZ.s:117    .text.chVTResetI:0000000000000000 chVTResetI
     /tmp/ccQ6LlJZ.s:149    .text.chVTResetI:0000000000000038 $d
     /tmp/ccQ6LlJZ.s:154    .text.chTimeIsWithin:0000000000000000 $a
     /tmp/ccQ6LlJZ.s:157    .text.chTimeIsWithin:0000000000000000 chTimeIsWithin
     /tmp/ccQ6LlJZ.s:203    .text.chTimeIsWithin:000000000000004c $d
                     .debug_frame:0000000000000010 $d

NO UNDEFINED SYMBOLS
