ARM GAS  /tmp/ccGoFvJr.s 			page 1


   1              		.cpu arm1176jz-s
   2              		.fpu softvfp
   3              		.eabi_attribute 20, 1
   4              		.eabi_attribute 21, 1
   5              		.eabi_attribute 23, 3
   6              		.eabi_attribute 24, 1
   7              		.eabi_attribute 25, 1
   8              		.eabi_attribute 26, 1
   9              		.eabi_attribute 30, 2
  10              		.eabi_attribute 34, 1
  11              		.eabi_attribute 18, 4
  12              		.file	"pal.c"
  13              		.text
  14              	.Ltext0:
  15              		.cfi_sections	.debug_frame
  16              		.section	.text.palReadBus,"ax",%progbits
  17              		.align	2
  18              		.global	palReadBus
  19              		.type	palReadBus, %function
  20              	palReadBus:
  21              	.LFB7:
  22              		.file 1 "../../os/hal/src/pal.c"
  23              		.loc 1 69 0
  24              		.cfi_startproc
  25              		@ args = 0, pretend = 0, frame = 0
  26              		@ frame_needed = 0, uses_anonymous_args = 0
  27              		@ link register save eliminated.
  28              	.LVL0:
  29              		.loc 1 74 0
  30 0000 003090E5 		ldr	r3, [r0]
  31 0004 082090E5 		ldr	r2, [r0, #8]
  32 0008 0C1093E5 		ldr	r1, [r3, #12]
  33 000c 043090E5 		ldr	r3, [r0, #4]
  34 0010 000091E5 		ldr	r0, [r1]
  35              	.LVL1:
  36              		.loc 1 75 0
  37 0014 300203E0 		and	r0, r3, r0, lsr r2
  38 0018 1EFF2FE1 		bx	lr
  39              		.cfi_endproc
  40              	.LFE7:
  41              		.size	palReadBus, .-palReadBus
  42              		.section	.text.palWriteBus,"ax",%progbits
  43              		.align	2
  44              		.global	palWriteBus
  45              		.type	palWriteBus, %function
  46              	palWriteBus:
  47              	.LFB8:
  48              		.loc 1 94 0
  49              		.cfi_startproc
  50              		@ args = 0, pretend = 0, frame = 0
  51              		@ frame_needed = 0, uses_anonymous_args = 0
  52              		@ link register save eliminated.
  53              	.LVL2:
  54              		.loc 1 94 0
  55 0000 0020A0E1 		mov	r2, r0
  56              		.loc 1 99 0
  57 0004 011090E8 		ldmia	r0, {r0, ip}
ARM GAS  /tmp/ccGoFvJr.s 			page 2


  58              	.LVL3:
  59 0008 082092E5 		ldr	r2, [r2, #8]
  60              	.LVL4:
  61 000c 003090E5 		ldr	r3, [r0]
  62 0010 0C1001E0 		and	r1, r1, ip
  63              	.LVL5:
  64 0014 1C32C3E1 		bic	r3, r3, ip, asl r2
  65 0018 111283E1 		orr	r1, r3, r1, asl r2
  66 001c FEFFFFEA 		b	_pal_lld_writeport
  67              	.LVL6:
  68              		.cfi_endproc
  69              	.LFE8:
  70              		.size	palWriteBus, .-palWriteBus
  71              		.section	.text.palSetBusMode,"ax",%progbits
  72              		.align	2
  73              		.global	palSetBusMode
  74              		.type	palSetBusMode, %function
  75              	palSetBusMode:
  76              	.LFB9:
  77              		.loc 1 117 0
  78              		.cfi_startproc
  79              		@ args = 0, pretend = 0, frame = 0
  80              		@ frame_needed = 0, uses_anonymous_args = 0
  81              		@ link register save eliminated.
  82              	.LVL7:
  83              		.loc 1 122 0
  84 0000 04C090E5 		ldr	ip, [r0, #4]
  85              		.loc 1 117 0
  86 0004 0120A0E1 		mov	r2, r1
  87              		.loc 1 122 0
  88 0008 081090E5 		ldr	r1, [r0, #8]
  89              	.LVL8:
  90 000c 000090E5 		ldr	r0, [r0]
  91              	.LVL9:
  92 0010 1C11A0E1 		mov	r1, ip, asl r1
  93 0014 FEFFFFEA 		b	_pal_lld_setgroupmode
  94              	.LVL10:
  95              		.cfi_endproc
  96              	.LFE9:
  97              		.size	palSetBusMode, .-palSetBusMode
  98              		.text
  99              	.Letext0:
 100              		.file 2 "/usr/include/newlib/machine/_default_types.h"
 101              		.file 3 "/usr/include/newlib/sys/_stdint.h"
 102              		.file 4 "/usr/include/newlib/stdint.h"
 103              		.file 5 "../../os/hal/platforms/BCM2835/pal_lld.h"
 104              		.file 6 "../../os/hal/include/pal.h"
 105              		.section	.debug_info,"",%progbits
 106              	.Ldebug_info0:
 107 0000 3B020000 		.4byte	0x23b
 108 0004 0400     		.2byte	0x4
 109 0006 00000000 		.4byte	.Ldebug_abbrev0
 110 000a 04       		.byte	0x4
 111 000b 01       		.uleb128 0x1
 112 000c 47010000 		.4byte	.LASF32
 113 0010 01       		.byte	0x1
 114 0011 A4000000 		.4byte	.LASF33
ARM GAS  /tmp/ccGoFvJr.s 			page 3


 115 0015 28000000 		.4byte	.LASF34
 116 0019 00000000 		.4byte	.Ldebug_ranges0+0
 117 001d 00000000 		.4byte	0
 118 0021 00000000 		.4byte	.Ldebug_line0
 119 0025 02       		.uleb128 0x2
 120 0026 04       		.byte	0x4
 121 0027 05       		.byte	0x5
 122 0028 696E7400 		.ascii	"int\000"
 123 002c 03       		.uleb128 0x3
 124 002d 04       		.byte	0x4
 125 002e 07       		.byte	0x7
 126 002f 23010000 		.4byte	.LASF0
 127 0033 03       		.uleb128 0x3
 128 0034 01       		.byte	0x1
 129 0035 06       		.byte	0x6
 130 0036 3D020000 		.4byte	.LASF1
 131 003a 03       		.uleb128 0x3
 132 003b 01       		.byte	0x1
 133 003c 08       		.byte	0x8
 134 003d 96000000 		.4byte	.LASF2
 135 0041 03       		.uleb128 0x3
 136 0042 02       		.byte	0x2
 137 0043 05       		.byte	0x5
 138 0044 00020000 		.4byte	.LASF3
 139 0048 03       		.uleb128 0x3
 140 0049 02       		.byte	0x2
 141 004a 07       		.byte	0x7
 142 004b CD000000 		.4byte	.LASF4
 143 004f 03       		.uleb128 0x3
 144 0050 04       		.byte	0x4
 145 0051 05       		.byte	0x5
 146 0052 24020000 		.4byte	.LASF5
 147 0056 04       		.uleb128 0x4
 148 0057 02010000 		.4byte	.LASF9
 149 005b 02       		.byte	0x2
 150 005c 41       		.byte	0x41
 151 005d 61000000 		.4byte	0x61
 152 0061 03       		.uleb128 0x3
 153 0062 04       		.byte	0x4
 154 0063 07       		.byte	0x7
 155 0064 BB000000 		.4byte	.LASF6
 156 0068 03       		.uleb128 0x3
 157 0069 08       		.byte	0x8
 158 006a 05       		.byte	0x5
 159 006b E1010000 		.4byte	.LASF7
 160 006f 03       		.uleb128 0x3
 161 0070 08       		.byte	0x8
 162 0071 07       		.byte	0x7
 163 0072 30010000 		.4byte	.LASF8
 164 0076 04       		.uleb128 0x4
 165 0077 1B020000 		.4byte	.LASF10
 166 007b 03       		.byte	0x3
 167 007c 20       		.byte	0x20
 168 007d 56000000 		.4byte	0x56
 169 0081 04       		.uleb128 0x4
 170 0082 06000000 		.4byte	.LASF11
 171 0086 04       		.byte	0x4
ARM GAS  /tmp/ccGoFvJr.s 			page 4


 172 0087 34       		.byte	0x34
 173 0088 2C000000 		.4byte	0x2c
 174 008c 03       		.uleb128 0x3
 175 008d 01       		.byte	0x1
 176 008e 08       		.byte	0x8
 177 008f 2D020000 		.4byte	.LASF12
 178 0093 03       		.uleb128 0x3
 179 0094 04       		.byte	0x4
 180 0095 07       		.byte	0x7
 181 0096 D8010000 		.4byte	.LASF13
 182 009a 05       		.uleb128 0x5
 183 009b 18       		.byte	0x18
 184 009c 05       		.byte	0x5
 185 009d 2A       		.byte	0x2a
 186 009e EB000000 		.4byte	0xeb
 187 00a2 06       		.uleb128 0x6
 188 00a3 00000000 		.4byte	.LASF14
 189 00a7 05       		.byte	0x5
 190 00a8 2F       		.byte	0x2f
 191 00a9 76000000 		.4byte	0x76
 192 00ad 00       		.byte	0
 193 00ae 06       		.uleb128 0x6
 194 00af 15020000 		.4byte	.LASF15
 195 00b3 05       		.byte	0x5
 196 00b4 31       		.byte	0x31
 197 00b5 EB000000 		.4byte	0xeb
 198 00b9 04       		.byte	0x4
 199 00ba 06       		.uleb128 0x6
 200 00bb 5B020000 		.4byte	.LASF16
 201 00bf 05       		.byte	0x5
 202 00c0 32       		.byte	0x32
 203 00c1 EB000000 		.4byte	0xeb
 204 00c5 08       		.byte	0x8
 205 00c6 06       		.uleb128 0x6
 206 00c7 E9000000 		.4byte	.LASF17
 207 00cb 05       		.byte	0x5
 208 00cc 33       		.byte	0x33
 209 00cd EB000000 		.4byte	0xeb
 210 00d1 0C       		.byte	0xc
 211 00d2 06       		.uleb128 0x6
 212 00d3 13000000 		.4byte	.LASF18
 213 00d7 05       		.byte	0x5
 214 00d8 34       		.byte	0x34
 215 00d9 EB000000 		.4byte	0xeb
 216 00dd 10       		.byte	0x10
 217 00de 06       		.uleb128 0x6
 218 00df E0000000 		.4byte	.LASF19
 219 00e3 05       		.byte	0x5
 220 00e4 35       		.byte	0x35
 221 00e5 2C000000 		.4byte	0x2c
 222 00e9 14       		.byte	0x14
 223 00ea 00       		.byte	0
 224 00eb 07       		.uleb128 0x7
 225 00ec 04       		.byte	0x4
 226 00ed F1000000 		.4byte	0xf1
 227 00f1 08       		.uleb128 0x8
 228 00f2 76000000 		.4byte	0x76
ARM GAS  /tmp/ccGoFvJr.s 			page 5


 229 00f6 04       		.uleb128 0x4
 230 00f7 49020000 		.4byte	.LASF20
 231 00fb 05       		.byte	0x5
 232 00fc 37       		.byte	0x37
 233 00fd 9A000000 		.4byte	0x9a
 234 0101 04       		.uleb128 0x4
 235 0102 80000000 		.4byte	.LASF21
 236 0106 05       		.byte	0x5
 237 0107 55       		.byte	0x55
 238 0108 76000000 		.4byte	0x76
 239 010c 04       		.uleb128 0x4
 240 010d 8D000000 		.4byte	.LASF22
 241 0111 05       		.byte	0x5
 242 0112 5A       		.byte	0x5a
 243 0113 76000000 		.4byte	0x76
 244 0117 04       		.uleb128 0x4
 245 0118 0A020000 		.4byte	.LASF23
 246 011c 05       		.byte	0x5
 247 011d 62       		.byte	0x62
 248 011e 22010000 		.4byte	0x122
 249 0122 07       		.uleb128 0x7
 250 0123 04       		.byte	0x4
 251 0124 F6000000 		.4byte	0xf6
 252 0128 05       		.uleb128 0x5
 253 0129 0C       		.byte	0xc
 254 012a 06       		.byte	0x6
 255 012b 7E       		.byte	0x7e
 256 012c 55010000 		.4byte	0x155
 257 0130 06       		.uleb128 0x6
 258 0131 79000000 		.4byte	.LASF24
 259 0135 06       		.byte	0x6
 260 0136 82       		.byte	0x82
 261 0137 17010000 		.4byte	0x117
 262 013b 00       		.byte	0
 263 013c 06       		.uleb128 0x6
 264 013d EF010000 		.4byte	.LASF25
 265 0141 06       		.byte	0x6
 266 0142 88       		.byte	0x88
 267 0143 01010000 		.4byte	0x101
 268 0147 04       		.byte	0x4
 269 0148 06       		.uleb128 0x6
 270 0149 F9010000 		.4byte	.LASF26
 271 014d 06       		.byte	0x6
 272 014e 8C       		.byte	0x8c
 273 014f 81000000 		.4byte	0x81
 274 0153 08       		.byte	0x8
 275 0154 00       		.byte	0
 276 0155 04       		.uleb128 0x4
 277 0156 55020000 		.4byte	.LASF27
 278 015a 06       		.byte	0x6
 279 015b 8D       		.byte	0x8d
 280 015c 28010000 		.4byte	0x128
 281 0160 09       		.uleb128 0x9
 282 0161 32020000 		.4byte	.LASF35
 283 0165 01       		.byte	0x1
 284 0166 45       		.byte	0x45
 285 0167 01010000 		.4byte	0x101
ARM GAS  /tmp/ccGoFvJr.s 			page 6


 286 016b 00000000 		.4byte	.LFB7
 287 016f 1C000000 		.4byte	.LFE7-.LFB7
 288 0173 01       		.uleb128 0x1
 289 0174 9C       		.byte	0x9c
 290 0175 89010000 		.4byte	0x189
 291 0179 0A       		.uleb128 0xa
 292 017a 62757300 		.ascii	"bus\000"
 293 017e 01       		.byte	0x1
 294 017f 45       		.byte	0x45
 295 0180 89010000 		.4byte	0x189
 296 0184 00000000 		.4byte	.LLST0
 297 0188 00       		.byte	0
 298 0189 07       		.uleb128 0x7
 299 018a 04       		.byte	0x4
 300 018b 55010000 		.4byte	0x155
 301 018f 0B       		.uleb128 0xb
 302 0190 1C000000 		.4byte	.LASF29
 303 0194 01       		.byte	0x1
 304 0195 5E       		.byte	0x5e
 305 0196 00000000 		.4byte	.LFB8
 306 019a 20000000 		.4byte	.LFE8-.LFB8
 307 019e 01       		.uleb128 0x1
 308 019f 9C       		.byte	0x9c
 309 01a0 CC010000 		.4byte	0x1cc
 310 01a4 0A       		.uleb128 0xa
 311 01a5 62757300 		.ascii	"bus\000"
 312 01a9 01       		.byte	0x1
 313 01aa 5E       		.byte	0x5e
 314 01ab 89010000 		.4byte	0x189
 315 01af 21000000 		.4byte	.LLST1
 316 01b3 0C       		.uleb128 0xc
 317 01b4 F4010000 		.4byte	.LASF28
 318 01b8 01       		.byte	0x1
 319 01b9 5E       		.byte	0x5e
 320 01ba 01010000 		.4byte	0x101
 321 01be 4D000000 		.4byte	.LLST2
 322 01c2 0D       		.uleb128 0xd
 323 01c3 20000000 		.4byte	.LVL6
 324 01c7 11020000 		.4byte	0x211
 325 01cb 00       		.byte	0
 326 01cc 0B       		.uleb128 0xb
 327 01cd 6B000000 		.4byte	.LASF30
 328 01d1 01       		.byte	0x1
 329 01d2 75       		.byte	0x75
 330 01d3 00000000 		.4byte	.LFB9
 331 01d7 18000000 		.4byte	.LFE9-.LFB9
 332 01db 01       		.uleb128 0x1
 333 01dc 9C       		.byte	0x9c
 334 01dd 11020000 		.4byte	0x211
 335 01e1 0A       		.uleb128 0xa
 336 01e2 62757300 		.ascii	"bus\000"
 337 01e6 01       		.byte	0x1
 338 01e7 75       		.byte	0x75
 339 01e8 89010000 		.4byte	0x189
 340 01ec 6E000000 		.4byte	.LLST3
 341 01f0 0C       		.uleb128 0xc
 342 01f1 D3010000 		.4byte	.LASF31
ARM GAS  /tmp/ccGoFvJr.s 			page 7


 343 01f5 01       		.byte	0x1
 344 01f6 75       		.byte	0x75
 345 01f7 0C010000 		.4byte	0x10c
 346 01fb 8F000000 		.4byte	.LLST4
 347 01ff 0E       		.uleb128 0xe
 348 0200 18000000 		.4byte	.LVL10
 349 0204 27020000 		.4byte	0x227
 350 0208 0F       		.uleb128 0xf
 351 0209 01       		.uleb128 0x1
 352 020a 52       		.byte	0x52
 353 020b 03       		.uleb128 0x3
 354 020c F3       		.byte	0xf3
 355 020d 01       		.uleb128 0x1
 356 020e 51       		.byte	0x51
 357 020f 00       		.byte	0
 358 0210 00       		.byte	0
 359 0211 10       		.uleb128 0x10
 360 0212 EF000000 		.4byte	.LASF36
 361 0216 05       		.byte	0x5
 362 0217 BA       		.byte	0xba
 363 0218 27020000 		.4byte	0x227
 364 021c 11       		.uleb128 0x11
 365 021d 17010000 		.4byte	0x117
 366 0221 11       		.uleb128 0x11
 367 0222 01010000 		.4byte	0x101
 368 0226 00       		.byte	0
 369 0227 12       		.uleb128 0x12
 370 0228 0D010000 		.4byte	.LASF37
 371 022c 05       		.byte	0x5
 372 022d B6       		.byte	0xb6
 373 022e 11       		.uleb128 0x11
 374 022f 17010000 		.4byte	0x117
 375 0233 11       		.uleb128 0x11
 376 0234 01010000 		.4byte	0x101
 377 0238 11       		.uleb128 0x11
 378 0239 0C010000 		.4byte	0x10c
 379 023d 00       		.byte	0
 380 023e 00       		.byte	0
 381              		.section	.debug_abbrev,"",%progbits
 382              	.Ldebug_abbrev0:
 383 0000 01       		.uleb128 0x1
 384 0001 11       		.uleb128 0x11
 385 0002 01       		.byte	0x1
 386 0003 25       		.uleb128 0x25
 387 0004 0E       		.uleb128 0xe
 388 0005 13       		.uleb128 0x13
 389 0006 0B       		.uleb128 0xb
 390 0007 03       		.uleb128 0x3
 391 0008 0E       		.uleb128 0xe
 392 0009 1B       		.uleb128 0x1b
 393 000a 0E       		.uleb128 0xe
 394 000b 55       		.uleb128 0x55
 395 000c 17       		.uleb128 0x17
 396 000d 11       		.uleb128 0x11
 397 000e 01       		.uleb128 0x1
 398 000f 10       		.uleb128 0x10
 399 0010 17       		.uleb128 0x17
ARM GAS  /tmp/ccGoFvJr.s 			page 8


 400 0011 00       		.byte	0
 401 0012 00       		.byte	0
 402 0013 02       		.uleb128 0x2
 403 0014 24       		.uleb128 0x24
 404 0015 00       		.byte	0
 405 0016 0B       		.uleb128 0xb
 406 0017 0B       		.uleb128 0xb
 407 0018 3E       		.uleb128 0x3e
 408 0019 0B       		.uleb128 0xb
 409 001a 03       		.uleb128 0x3
 410 001b 08       		.uleb128 0x8
 411 001c 00       		.byte	0
 412 001d 00       		.byte	0
 413 001e 03       		.uleb128 0x3
 414 001f 24       		.uleb128 0x24
 415 0020 00       		.byte	0
 416 0021 0B       		.uleb128 0xb
 417 0022 0B       		.uleb128 0xb
 418 0023 3E       		.uleb128 0x3e
 419 0024 0B       		.uleb128 0xb
 420 0025 03       		.uleb128 0x3
 421 0026 0E       		.uleb128 0xe
 422 0027 00       		.byte	0
 423 0028 00       		.byte	0
 424 0029 04       		.uleb128 0x4
 425 002a 16       		.uleb128 0x16
 426 002b 00       		.byte	0
 427 002c 03       		.uleb128 0x3
 428 002d 0E       		.uleb128 0xe
 429 002e 3A       		.uleb128 0x3a
 430 002f 0B       		.uleb128 0xb
 431 0030 3B       		.uleb128 0x3b
 432 0031 0B       		.uleb128 0xb
 433 0032 49       		.uleb128 0x49
 434 0033 13       		.uleb128 0x13
 435 0034 00       		.byte	0
 436 0035 00       		.byte	0
 437 0036 05       		.uleb128 0x5
 438 0037 13       		.uleb128 0x13
 439 0038 01       		.byte	0x1
 440 0039 0B       		.uleb128 0xb
 441 003a 0B       		.uleb128 0xb
 442 003b 3A       		.uleb128 0x3a
 443 003c 0B       		.uleb128 0xb
 444 003d 3B       		.uleb128 0x3b
 445 003e 0B       		.uleb128 0xb
 446 003f 01       		.uleb128 0x1
 447 0040 13       		.uleb128 0x13
 448 0041 00       		.byte	0
 449 0042 00       		.byte	0
 450 0043 06       		.uleb128 0x6
 451 0044 0D       		.uleb128 0xd
 452 0045 00       		.byte	0
 453 0046 03       		.uleb128 0x3
 454 0047 0E       		.uleb128 0xe
 455 0048 3A       		.uleb128 0x3a
 456 0049 0B       		.uleb128 0xb
ARM GAS  /tmp/ccGoFvJr.s 			page 9


 457 004a 3B       		.uleb128 0x3b
 458 004b 0B       		.uleb128 0xb
 459 004c 49       		.uleb128 0x49
 460 004d 13       		.uleb128 0x13
 461 004e 38       		.uleb128 0x38
 462 004f 0B       		.uleb128 0xb
 463 0050 00       		.byte	0
 464 0051 00       		.byte	0
 465 0052 07       		.uleb128 0x7
 466 0053 0F       		.uleb128 0xf
 467 0054 00       		.byte	0
 468 0055 0B       		.uleb128 0xb
 469 0056 0B       		.uleb128 0xb
 470 0057 49       		.uleb128 0x49
 471 0058 13       		.uleb128 0x13
 472 0059 00       		.byte	0
 473 005a 00       		.byte	0
 474 005b 08       		.uleb128 0x8
 475 005c 35       		.uleb128 0x35
 476 005d 00       		.byte	0
 477 005e 49       		.uleb128 0x49
 478 005f 13       		.uleb128 0x13
 479 0060 00       		.byte	0
 480 0061 00       		.byte	0
 481 0062 09       		.uleb128 0x9
 482 0063 2E       		.uleb128 0x2e
 483 0064 01       		.byte	0x1
 484 0065 3F       		.uleb128 0x3f
 485 0066 19       		.uleb128 0x19
 486 0067 03       		.uleb128 0x3
 487 0068 0E       		.uleb128 0xe
 488 0069 3A       		.uleb128 0x3a
 489 006a 0B       		.uleb128 0xb
 490 006b 3B       		.uleb128 0x3b
 491 006c 0B       		.uleb128 0xb
 492 006d 27       		.uleb128 0x27
 493 006e 19       		.uleb128 0x19
 494 006f 49       		.uleb128 0x49
 495 0070 13       		.uleb128 0x13
 496 0071 11       		.uleb128 0x11
 497 0072 01       		.uleb128 0x1
 498 0073 12       		.uleb128 0x12
 499 0074 06       		.uleb128 0x6
 500 0075 40       		.uleb128 0x40
 501 0076 18       		.uleb128 0x18
 502 0077 9742     		.uleb128 0x2117
 503 0079 19       		.uleb128 0x19
 504 007a 01       		.uleb128 0x1
 505 007b 13       		.uleb128 0x13
 506 007c 00       		.byte	0
 507 007d 00       		.byte	0
 508 007e 0A       		.uleb128 0xa
 509 007f 05       		.uleb128 0x5
 510 0080 00       		.byte	0
 511 0081 03       		.uleb128 0x3
 512 0082 08       		.uleb128 0x8
 513 0083 3A       		.uleb128 0x3a
ARM GAS  /tmp/ccGoFvJr.s 			page 10


 514 0084 0B       		.uleb128 0xb
 515 0085 3B       		.uleb128 0x3b
 516 0086 0B       		.uleb128 0xb
 517 0087 49       		.uleb128 0x49
 518 0088 13       		.uleb128 0x13
 519 0089 02       		.uleb128 0x2
 520 008a 17       		.uleb128 0x17
 521 008b 00       		.byte	0
 522 008c 00       		.byte	0
 523 008d 0B       		.uleb128 0xb
 524 008e 2E       		.uleb128 0x2e
 525 008f 01       		.byte	0x1
 526 0090 3F       		.uleb128 0x3f
 527 0091 19       		.uleb128 0x19
 528 0092 03       		.uleb128 0x3
 529 0093 0E       		.uleb128 0xe
 530 0094 3A       		.uleb128 0x3a
 531 0095 0B       		.uleb128 0xb
 532 0096 3B       		.uleb128 0x3b
 533 0097 0B       		.uleb128 0xb
 534 0098 27       		.uleb128 0x27
 535 0099 19       		.uleb128 0x19
 536 009a 11       		.uleb128 0x11
 537 009b 01       		.uleb128 0x1
 538 009c 12       		.uleb128 0x12
 539 009d 06       		.uleb128 0x6
 540 009e 40       		.uleb128 0x40
 541 009f 18       		.uleb128 0x18
 542 00a0 9742     		.uleb128 0x2117
 543 00a2 19       		.uleb128 0x19
 544 00a3 01       		.uleb128 0x1
 545 00a4 13       		.uleb128 0x13
 546 00a5 00       		.byte	0
 547 00a6 00       		.byte	0
 548 00a7 0C       		.uleb128 0xc
 549 00a8 05       		.uleb128 0x5
 550 00a9 00       		.byte	0
 551 00aa 03       		.uleb128 0x3
 552 00ab 0E       		.uleb128 0xe
 553 00ac 3A       		.uleb128 0x3a
 554 00ad 0B       		.uleb128 0xb
 555 00ae 3B       		.uleb128 0x3b
 556 00af 0B       		.uleb128 0xb
 557 00b0 49       		.uleb128 0x49
 558 00b1 13       		.uleb128 0x13
 559 00b2 02       		.uleb128 0x2
 560 00b3 17       		.uleb128 0x17
 561 00b4 00       		.byte	0
 562 00b5 00       		.byte	0
 563 00b6 0D       		.uleb128 0xd
 564 00b7 898201   		.uleb128 0x4109
 565 00ba 00       		.byte	0
 566 00bb 11       		.uleb128 0x11
 567 00bc 01       		.uleb128 0x1
 568 00bd 9542     		.uleb128 0x2115
 569 00bf 19       		.uleb128 0x19
 570 00c0 31       		.uleb128 0x31
ARM GAS  /tmp/ccGoFvJr.s 			page 11


 571 00c1 13       		.uleb128 0x13
 572 00c2 00       		.byte	0
 573 00c3 00       		.byte	0
 574 00c4 0E       		.uleb128 0xe
 575 00c5 898201   		.uleb128 0x4109
 576 00c8 01       		.byte	0x1
 577 00c9 11       		.uleb128 0x11
 578 00ca 01       		.uleb128 0x1
 579 00cb 9542     		.uleb128 0x2115
 580 00cd 19       		.uleb128 0x19
 581 00ce 31       		.uleb128 0x31
 582 00cf 13       		.uleb128 0x13
 583 00d0 00       		.byte	0
 584 00d1 00       		.byte	0
 585 00d2 0F       		.uleb128 0xf
 586 00d3 8A8201   		.uleb128 0x410a
 587 00d6 00       		.byte	0
 588 00d7 02       		.uleb128 0x2
 589 00d8 18       		.uleb128 0x18
 590 00d9 9142     		.uleb128 0x2111
 591 00db 18       		.uleb128 0x18
 592 00dc 00       		.byte	0
 593 00dd 00       		.byte	0
 594 00de 10       		.uleb128 0x10
 595 00df 2E       		.uleb128 0x2e
 596 00e0 01       		.byte	0x1
 597 00e1 3F       		.uleb128 0x3f
 598 00e2 19       		.uleb128 0x19
 599 00e3 03       		.uleb128 0x3
 600 00e4 0E       		.uleb128 0xe
 601 00e5 3A       		.uleb128 0x3a
 602 00e6 0B       		.uleb128 0xb
 603 00e7 3B       		.uleb128 0x3b
 604 00e8 0B       		.uleb128 0xb
 605 00e9 27       		.uleb128 0x27
 606 00ea 19       		.uleb128 0x19
 607 00eb 3C       		.uleb128 0x3c
 608 00ec 19       		.uleb128 0x19
 609 00ed 01       		.uleb128 0x1
 610 00ee 13       		.uleb128 0x13
 611 00ef 00       		.byte	0
 612 00f0 00       		.byte	0
 613 00f1 11       		.uleb128 0x11
 614 00f2 05       		.uleb128 0x5
 615 00f3 00       		.byte	0
 616 00f4 49       		.uleb128 0x49
 617 00f5 13       		.uleb128 0x13
 618 00f6 00       		.byte	0
 619 00f7 00       		.byte	0
 620 00f8 12       		.uleb128 0x12
 621 00f9 2E       		.uleb128 0x2e
 622 00fa 01       		.byte	0x1
 623 00fb 3F       		.uleb128 0x3f
 624 00fc 19       		.uleb128 0x19
 625 00fd 03       		.uleb128 0x3
 626 00fe 0E       		.uleb128 0xe
 627 00ff 3A       		.uleb128 0x3a
ARM GAS  /tmp/ccGoFvJr.s 			page 12


 628 0100 0B       		.uleb128 0xb
 629 0101 3B       		.uleb128 0x3b
 630 0102 0B       		.uleb128 0xb
 631 0103 27       		.uleb128 0x27
 632 0104 19       		.uleb128 0x19
 633 0105 3C       		.uleb128 0x3c
 634 0106 19       		.uleb128 0x19
 635 0107 00       		.byte	0
 636 0108 00       		.byte	0
 637 0109 00       		.byte	0
 638              		.section	.debug_loc,"",%progbits
 639              	.Ldebug_loc0:
 640              	.LLST0:
 641 0000 00000000 		.4byte	.LVL0
 642 0004 14000000 		.4byte	.LVL1
 643 0008 0100     		.2byte	0x1
 644 000a 50       		.byte	0x50
 645 000b 14000000 		.4byte	.LVL1
 646 000f 1C000000 		.4byte	.LFE7
 647 0013 0400     		.2byte	0x4
 648 0015 F3       		.byte	0xf3
 649 0016 01       		.uleb128 0x1
 650 0017 50       		.byte	0x50
 651 0018 9F       		.byte	0x9f
 652 0019 00000000 		.4byte	0
 653 001d 00000000 		.4byte	0
 654              	.LLST1:
 655 0021 00000000 		.4byte	.LVL2
 656 0025 08000000 		.4byte	.LVL3
 657 0029 0100     		.2byte	0x1
 658 002b 50       		.byte	0x50
 659 002c 08000000 		.4byte	.LVL3
 660 0030 0C000000 		.4byte	.LVL4
 661 0034 0100     		.2byte	0x1
 662 0036 52       		.byte	0x52
 663 0037 0C000000 		.4byte	.LVL4
 664 003b 20000000 		.4byte	.LFE8
 665 003f 0400     		.2byte	0x4
 666 0041 F3       		.byte	0xf3
 667 0042 01       		.uleb128 0x1
 668 0043 50       		.byte	0x50
 669 0044 9F       		.byte	0x9f
 670 0045 00000000 		.4byte	0
 671 0049 00000000 		.4byte	0
 672              	.LLST2:
 673 004d 00000000 		.4byte	.LVL2
 674 0051 14000000 		.4byte	.LVL5
 675 0055 0100     		.2byte	0x1
 676 0057 51       		.byte	0x51
 677 0058 14000000 		.4byte	.LVL5
 678 005c 20000000 		.4byte	.LFE8
 679 0060 0400     		.2byte	0x4
 680 0062 F3       		.byte	0xf3
 681 0063 01       		.uleb128 0x1
 682 0064 51       		.byte	0x51
 683 0065 9F       		.byte	0x9f
 684 0066 00000000 		.4byte	0
ARM GAS  /tmp/ccGoFvJr.s 			page 13


 685 006a 00000000 		.4byte	0
 686              	.LLST3:
 687 006e 00000000 		.4byte	.LVL7
 688 0072 10000000 		.4byte	.LVL9
 689 0076 0100     		.2byte	0x1
 690 0078 50       		.byte	0x50
 691 0079 10000000 		.4byte	.LVL9
 692 007d 18000000 		.4byte	.LFE9
 693 0081 0400     		.2byte	0x4
 694 0083 F3       		.byte	0xf3
 695 0084 01       		.uleb128 0x1
 696 0085 50       		.byte	0x50
 697 0086 9F       		.byte	0x9f
 698 0087 00000000 		.4byte	0
 699 008b 00000000 		.4byte	0
 700              	.LLST4:
 701 008f 00000000 		.4byte	.LVL7
 702 0093 0C000000 		.4byte	.LVL8
 703 0097 0100     		.2byte	0x1
 704 0099 51       		.byte	0x51
 705 009a 0C000000 		.4byte	.LVL8
 706 009e 17000000 		.4byte	.LVL10-1
 707 00a2 0100     		.2byte	0x1
 708 00a4 52       		.byte	0x52
 709 00a5 17000000 		.4byte	.LVL10-1
 710 00a9 18000000 		.4byte	.LFE9
 711 00ad 0400     		.2byte	0x4
 712 00af F3       		.byte	0xf3
 713 00b0 01       		.uleb128 0x1
 714 00b1 51       		.byte	0x51
 715 00b2 9F       		.byte	0x9f
 716 00b3 00000000 		.4byte	0
 717 00b7 00000000 		.4byte	0
 718              		.section	.debug_aranges,"",%progbits
 719 0000 2C000000 		.4byte	0x2c
 720 0004 0200     		.2byte	0x2
 721 0006 00000000 		.4byte	.Ldebug_info0
 722 000a 04       		.byte	0x4
 723 000b 00       		.byte	0
 724 000c 0000     		.2byte	0
 725 000e 0000     		.2byte	0
 726 0010 00000000 		.4byte	.LFB7
 727 0014 1C000000 		.4byte	.LFE7-.LFB7
 728 0018 00000000 		.4byte	.LFB8
 729 001c 20000000 		.4byte	.LFE8-.LFB8
 730 0020 00000000 		.4byte	.LFB9
 731 0024 18000000 		.4byte	.LFE9-.LFB9
 732 0028 00000000 		.4byte	0
 733 002c 00000000 		.4byte	0
 734              		.section	.debug_ranges,"",%progbits
 735              	.Ldebug_ranges0:
 736 0000 00000000 		.4byte	.LFB7
 737 0004 1C000000 		.4byte	.LFE7
 738 0008 00000000 		.4byte	.LFB8
 739 000c 20000000 		.4byte	.LFE8
 740 0010 00000000 		.4byte	.LFB9
 741 0014 18000000 		.4byte	.LFE9
ARM GAS  /tmp/ccGoFvJr.s 			page 14


 742 0018 00000000 		.4byte	0
 743 001c 00000000 		.4byte	0
 744              		.section	.debug_line,"",%progbits
 745              	.Ldebug_line0:
 746 0000 29010000 		.section	.debug_str,"MS",%progbits,1
 746      0200EC00 
 746      00000201 
 746      FB0E0D00 
 746      01010101 
 747              	.LASF14:
 748 0000 6C617463 		.ascii	"latch\000"
 748      6800
 749              	.LASF11:
 750 0006 75696E74 		.ascii	"uint_fast8_t\000"
 750      5F666173 
 750      74385F74 
 750      00
 751              	.LASF18:
 752 0013 67707075 		.ascii	"gppudclk\000"
 752      64636C6B 
 752      00
 753              	.LASF29:
 754 001c 70616C57 		.ascii	"palWriteBus\000"
 754      72697465 
 754      42757300 
 755              	.LASF34:
 756 0028 2F686F6D 		.ascii	"/home/hunter/development/chibi/ChibiOS-RPi/demos/AR"
 756      652F6875 
 756      6E746572 
 756      2F646576 
 756      656C6F70 
 757 005b 4D31312D 		.ascii	"M11-BCM2835-GCC\000"
 757      42434D32 
 757      3833352D 
 757      47434300 
 758              	.LASF30:
 759 006b 70616C53 		.ascii	"palSetBusMode\000"
 759      65744275 
 759      734D6F64 
 759      6500
 760              	.LASF24:
 761 0079 706F7274 		.ascii	"portid\000"
 761      696400
 762              	.LASF21:
 763 0080 696F706F 		.ascii	"ioportmask_t\000"
 763      72746D61 
 763      736B5F74 
 763      00
 764              	.LASF22:
 765 008d 696F6D6F 		.ascii	"iomode_t\000"
 765      64655F74 
 765      00
 766              	.LASF2:
 767 0096 756E7369 		.ascii	"unsigned char\000"
 767      676E6564 
 767      20636861 
 767      7200
ARM GAS  /tmp/ccGoFvJr.s 			page 15


 768              	.LASF33:
 769 00a4 2E2E2F2E 		.ascii	"../../os/hal/src/pal.c\000"
 769      2E2F6F73 
 769      2F68616C 
 769      2F737263 
 769      2F70616C 
 770              	.LASF6:
 771 00bb 6C6F6E67 		.ascii	"long unsigned int\000"
 771      20756E73 
 771      69676E65 
 771      6420696E 
 771      7400
 772              	.LASF4:
 773 00cd 73686F72 		.ascii	"short unsigned int\000"
 773      7420756E 
 773      7369676E 
 773      65642069 
 773      6E7400
 774              	.LASF19:
 775 00e0 70696E5F 		.ascii	"pin_base\000"
 775      62617365 
 775      00
 776              	.LASF17:
 777 00e9 67706C65 		.ascii	"gplev\000"
 777      7600
 778              	.LASF36:
 779 00ef 5F70616C 		.ascii	"_pal_lld_writeport\000"
 779      5F6C6C64 
 779      5F777269 
 779      7465706F 
 779      727400
 780              	.LASF9:
 781 0102 5F5F7569 		.ascii	"__uint32_t\000"
 781      6E743332 
 781      5F7400
 782              	.LASF37:
 783 010d 5F70616C 		.ascii	"_pal_lld_setgroupmode\000"
 783      5F6C6C64 
 783      5F736574 
 783      67726F75 
 783      706D6F64 
 784              	.LASF0:
 785 0123 756E7369 		.ascii	"unsigned int\000"
 785      676E6564 
 785      20696E74 
 785      00
 786              	.LASF8:
 787 0130 6C6F6E67 		.ascii	"long long unsigned int\000"
 787      206C6F6E 
 787      6720756E 
 787      7369676E 
 787      65642069 
 788              	.LASF32:
 789 0147 474E5520 		.ascii	"GNU C 4.9.3 20150529 (prerelease) -mcpu=arm1176jz-s"
 789      4320342E 
 789      392E3320 
 789      32303135 
ARM GAS  /tmp/ccGoFvJr.s 			page 16


 789      30353239 
 790 017a 202D6D6E 		.ascii	" -mno-thumb-interwork -ggdb -O2 -fomit-frame-pointe"
 790      6F2D7468 
 790      756D622D 
 790      696E7465 
 790      72776F72 
 791 01ad 72202D66 		.ascii	"r -ffunction-sections -fdata-sections\000"
 791      66756E63 
 791      74696F6E 
 791      2D736563 
 791      74696F6E 
 792              	.LASF31:
 793 01d3 6D6F6465 		.ascii	"mode\000"
 793      00
 794              	.LASF13:
 795 01d8 73697A65 		.ascii	"sizetype\000"
 795      74797065 
 795      00
 796              	.LASF7:
 797 01e1 6C6F6E67 		.ascii	"long long int\000"
 797      206C6F6E 
 797      6720696E 
 797      7400
 798              	.LASF25:
 799 01ef 6D61736B 		.ascii	"mask\000"
 799      00
 800              	.LASF28:
 801 01f4 62697473 		.ascii	"bits\000"
 801      00
 802              	.LASF26:
 803 01f9 6F666673 		.ascii	"offset\000"
 803      657400
 804              	.LASF3:
 805 0200 73686F72 		.ascii	"short int\000"
 805      7420696E 
 805      7400
 806              	.LASF23:
 807 020a 696F706F 		.ascii	"ioportid_t\000"
 807      72746964 
 807      5F7400
 808              	.LASF15:
 809 0215 67707365 		.ascii	"gpset\000"
 809      7400
 810              	.LASF10:
 811 021b 75696E74 		.ascii	"uint32_t\000"
 811      33325F74 
 811      00
 812              	.LASF5:
 813 0224 6C6F6E67 		.ascii	"long int\000"
 813      20696E74 
 813      00
 814              	.LASF12:
 815 022d 63686172 		.ascii	"char\000"
 815      00
 816              	.LASF35:
 817 0232 70616C52 		.ascii	"palReadBus\000"
 817      65616442 
ARM GAS  /tmp/ccGoFvJr.s 			page 17


 817      757300
 818              	.LASF1:
 819 023d 7369676E 		.ascii	"signed char\000"
 819      65642063 
 819      68617200 
 820              	.LASF20:
 821 0249 6770696F 		.ascii	"gpio_port_t\000"
 821      5F706F72 
 821      745F7400 
 822              	.LASF27:
 823 0255 494F4275 		.ascii	"IOBus\000"
 823      7300
 824              	.LASF16:
 825 025b 6770636C 		.ascii	"gpclr\000"
 825      7200
 826              		.ident	"GCC: (15:4.9.3+svn231177-1) 4.9.3 20150529 (prerelease)"
ARM GAS  /tmp/ccGoFvJr.s 			page 18


DEFINED SYMBOLS
                            *ABS*:0000000000000000 pal.c
     /tmp/ccGoFvJr.s:17     .text.palReadBus:0000000000000000 $a
     /tmp/ccGoFvJr.s:20     .text.palReadBus:0000000000000000 palReadBus
     /tmp/ccGoFvJr.s:43     .text.palWriteBus:0000000000000000 $a
     /tmp/ccGoFvJr.s:46     .text.palWriteBus:0000000000000000 palWriteBus
     /tmp/ccGoFvJr.s:72     .text.palSetBusMode:0000000000000000 $a
     /tmp/ccGoFvJr.s:75     .text.palSetBusMode:0000000000000000 palSetBusMode
                     .debug_frame:0000000000000010 $d

UNDEFINED SYMBOLS
_pal_lld_writeport
_pal_lld_setgroupmode
