ARM GAS  /tmp/ccS3kcjx.s 			page 1


   1              		.cpu arm1176jz-s
   2              		.fpu softvfp
   3              		.eabi_attribute 20, 1
   4              		.eabi_attribute 21, 1
   5              		.eabi_attribute 23, 3
   6              		.eabi_attribute 24, 1
   7              		.eabi_attribute 25, 1
   8              		.eabi_attribute 26, 1
   9              		.eabi_attribute 30, 2
  10              		.eabi_attribute 34, 1
  11              		.eabi_attribute 18, 4
  12              		.file	"serial_usb.c"
  13              		.text
  14              	.Ltext0:
  15              		.cfi_sections	.debug_frame
  16              	.Letext0:
  17              		.section	.debug_info,"",%progbits
  18              	.Ldebug_info0:
  19 0000 6E000000 		.4byte	0x6e
  20 0004 0400     		.2byte	0x4
  21 0006 00000000 		.4byte	.Ldebug_abbrev0
  22 000a 04       		.byte	0x4
  23 000b 01       		.uleb128 0x1
  24 000c A9000000 		.4byte	.LASF11
  25 0010 01       		.byte	0x1
  26 0011 00000000 		.4byte	.LASF12
  27 0015 3D000000 		.4byte	.LASF13
  28 0019 00000000 		.4byte	.Ldebug_line0
  29 001d 02       		.uleb128 0x2
  30 001e 04       		.byte	0x4
  31 001f 05       		.byte	0x5
  32 0020 696E7400 		.ascii	"int\000"
  33 0024 03       		.uleb128 0x3
  34 0025 04       		.byte	0x4
  35 0026 07       		.byte	0x7
  36 0027 1E000000 		.4byte	.LASF0
  37 002b 03       		.uleb128 0x3
  38 002c 01       		.byte	0x1
  39 002d 06       		.byte	0x6
  40 002e 80000000 		.4byte	.LASF1
  41 0032 03       		.uleb128 0x3
  42 0033 01       		.byte	0x1
  43 0034 08       		.byte	0x8
  44 0035 4C010000 		.4byte	.LASF2
  45 0039 03       		.uleb128 0x3
  46 003a 02       		.byte	0x2
  47 003b 05       		.byte	0x5
  48 003c 9F000000 		.4byte	.LASF3
  49 0040 03       		.uleb128 0x3
  50 0041 02       		.byte	0x2
  51 0042 07       		.byte	0x7
  52 0043 8C000000 		.4byte	.LASF4
  53 0047 03       		.uleb128 0x3
  54 0048 04       		.byte	0x4
  55 0049 05       		.byte	0x5
  56 004a 5A010000 		.4byte	.LASF5
  57 004e 03       		.uleb128 0x3
ARM GAS  /tmp/ccS3kcjx.s 			page 2


  58 004f 04       		.byte	0x4
  59 0050 07       		.byte	0x7
  60 0051 2B000000 		.4byte	.LASF6
  61 0055 03       		.uleb128 0x3
  62 0056 08       		.byte	0x8
  63 0057 05       		.byte	0x5
  64 0058 71010000 		.4byte	.LASF7
  65 005c 03       		.uleb128 0x3
  66 005d 08       		.byte	0x8
  67 005e 07       		.byte	0x7
  68 005f 35010000 		.4byte	.LASF8
  69 0063 03       		.uleb128 0x3
  70 0064 01       		.byte	0x1
  71 0065 08       		.byte	0x8
  72 0066 6C010000 		.4byte	.LASF9
  73 006a 03       		.uleb128 0x3
  74 006b 04       		.byte	0x4
  75 006c 07       		.byte	0x7
  76 006d 63010000 		.4byte	.LASF10
  77 0071 00       		.byte	0
  78              		.section	.debug_abbrev,"",%progbits
  79              	.Ldebug_abbrev0:
  80 0000 01       		.uleb128 0x1
  81 0001 11       		.uleb128 0x11
  82 0002 01       		.byte	0x1
  83 0003 25       		.uleb128 0x25
  84 0004 0E       		.uleb128 0xe
  85 0005 13       		.uleb128 0x13
  86 0006 0B       		.uleb128 0xb
  87 0007 03       		.uleb128 0x3
  88 0008 0E       		.uleb128 0xe
  89 0009 1B       		.uleb128 0x1b
  90 000a 0E       		.uleb128 0xe
  91 000b 10       		.uleb128 0x10
  92 000c 17       		.uleb128 0x17
  93 000d 00       		.byte	0
  94 000e 00       		.byte	0
  95 000f 02       		.uleb128 0x2
  96 0010 24       		.uleb128 0x24
  97 0011 00       		.byte	0
  98 0012 0B       		.uleb128 0xb
  99 0013 0B       		.uleb128 0xb
 100 0014 3E       		.uleb128 0x3e
 101 0015 0B       		.uleb128 0xb
 102 0016 03       		.uleb128 0x3
 103 0017 08       		.uleb128 0x8
 104 0018 00       		.byte	0
 105 0019 00       		.byte	0
 106 001a 03       		.uleb128 0x3
 107 001b 24       		.uleb128 0x24
 108 001c 00       		.byte	0
 109 001d 0B       		.uleb128 0xb
 110 001e 0B       		.uleb128 0xb
 111 001f 3E       		.uleb128 0x3e
 112 0020 0B       		.uleb128 0xb
 113 0021 03       		.uleb128 0x3
 114 0022 0E       		.uleb128 0xe
ARM GAS  /tmp/ccS3kcjx.s 			page 3


 115 0023 00       		.byte	0
 116 0024 00       		.byte	0
 117 0025 00       		.byte	0
 118              		.section	.debug_aranges,"",%progbits
 119 0000 14000000 		.4byte	0x14
 120 0004 0200     		.2byte	0x2
 121 0006 00000000 		.4byte	.Ldebug_info0
 122 000a 04       		.byte	0x4
 123 000b 00       		.byte	0
 124 000c 0000     		.2byte	0
 125 000e 0000     		.2byte	0
 126 0010 00000000 		.4byte	0
 127 0014 00000000 		.4byte	0
 128              		.section	.debug_line,"",%progbits
 129              	.Ldebug_line0:
 130 0000 19000000 		.section	.debug_str,"MS",%progbits,1
 130      02001300 
 130      00000201 
 130      FB0E0D00 
 130      01010101 
 131              	.LASF12:
 132 0000 2E2E2F2E 		.ascii	"../../os/hal/src/serial_usb.c\000"
 132      2E2F6F73 
 132      2F68616C 
 132      2F737263 
 132      2F736572 
 133              	.LASF0:
 134 001e 756E7369 		.ascii	"unsigned int\000"
 134      676E6564 
 134      20696E74 
 134      00
 135              	.LASF6:
 136 002b 6C6F6E67 		.ascii	"long unsigned int\000"
 136      20756E73 
 136      69676E65 
 136      6420696E 
 136      7400
 137              	.LASF13:
 138 003d 2F686F6D 		.ascii	"/home/hunter/development/chibi/ChibiOS-RPi/demos/AR"
 138      652F6875 
 138      6E746572 
 138      2F646576 
 138      656C6F70 
 139 0070 4D31312D 		.ascii	"M11-BCM2835-GCC\000"
 139      42434D32 
 139      3833352D 
 139      47434300 
 140              	.LASF1:
 141 0080 7369676E 		.ascii	"signed char\000"
 141      65642063 
 141      68617200 
 142              	.LASF4:
 143 008c 73686F72 		.ascii	"short unsigned int\000"
 143      7420756E 
 143      7369676E 
 143      65642069 
 143      6E7400
ARM GAS  /tmp/ccS3kcjx.s 			page 4


 144              	.LASF3:
 145 009f 73686F72 		.ascii	"short int\000"
 145      7420696E 
 145      7400
 146              	.LASF11:
 147 00a9 474E5520 		.ascii	"GNU C 4.9.3 20150529 (prerelease) -mcpu=arm1176jz-s"
 147      4320342E 
 147      392E3320 
 147      32303135 
 147      30353239 
 148 00dc 202D6D6E 		.ascii	" -mno-thumb-interwork -ggdb -O2 -fomit-frame-pointe"
 148      6F2D7468 
 148      756D622D 
 148      696E7465 
 148      72776F72 
 149 010f 72202D66 		.ascii	"r -ffunction-sections -fdata-sections\000"
 149      66756E63 
 149      74696F6E 
 149      2D736563 
 149      74696F6E 
 150              	.LASF8:
 151 0135 6C6F6E67 		.ascii	"long long unsigned int\000"
 151      206C6F6E 
 151      6720756E 
 151      7369676E 
 151      65642069 
 152              	.LASF2:
 153 014c 756E7369 		.ascii	"unsigned char\000"
 153      676E6564 
 153      20636861 
 153      7200
 154              	.LASF5:
 155 015a 6C6F6E67 		.ascii	"long int\000"
 155      20696E74 
 155      00
 156              	.LASF10:
 157 0163 73697A65 		.ascii	"sizetype\000"
 157      74797065 
 157      00
 158              	.LASF9:
 159 016c 63686172 		.ascii	"char\000"
 159      00
 160              	.LASF7:
 161 0171 6C6F6E67 		.ascii	"long long int\000"
 161      206C6F6E 
 161      6720696E 
 161      7400
 162              		.ident	"GCC: (15:4.9.3+svn231177-1) 4.9.3 20150529 (prerelease)"
ARM GAS  /tmp/ccS3kcjx.s 			page 5


DEFINED SYMBOLS
                            *ABS*:0000000000000000 serial_usb.c

NO UNDEFINED SYMBOLS
