ARM GAS  /tmp/ccz9g7MI.s 			page 1


   1              		.cpu arm1176jz-s
   2              		.fpu softvfp
   3              		.eabi_attribute 20, 1
   4              		.eabi_attribute 21, 1
   5              		.eabi_attribute 23, 3
   6              		.eabi_attribute 24, 1
   7              		.eabi_attribute 25, 1
   8              		.eabi_attribute 26, 1
   9              		.eabi_attribute 30, 2
  10              		.eabi_attribute 34, 1
  11              		.eabi_attribute 18, 4
  12              		.file	"usb.c"
  13              		.text
  14              	.Ltext0:
  15              		.cfi_sections	.debug_frame
  16              	.Letext0:
  17              		.section	.debug_info,"",%progbits
  18              	.Ldebug_info0:
  19 0000 6E000000 		.4byte	0x6e
  20 0004 0400     		.2byte	0x4
  21 0006 00000000 		.4byte	.Ldebug_abbrev0
  22 000a 04       		.byte	0x4
  23 000b 01       		.uleb128 0x1
  24 000c 78000000 		.4byte	.LASF11
  25 0010 01       		.byte	0x1
  26 0011 1B010000 		.4byte	.LASF12
  27 0015 1F000000 		.4byte	.LASF13
  28 0019 00000000 		.4byte	.Ldebug_line0
  29 001d 02       		.uleb128 0x2
  30 001e 04       		.byte	0x4
  31 001f 05       		.byte	0x5
  32 0020 696E7400 		.ascii	"int\000"
  33 0024 03       		.uleb128 0x3
  34 0025 04       		.byte	0x4
  35 0026 07       		.byte	0x7
  36 0027 00000000 		.4byte	.LASF0
  37 002b 03       		.uleb128 0x3
  38 002c 01       		.byte	0x1
  39 002d 06       		.byte	0x6
  40 002e 62000000 		.4byte	.LASF1
  41 0032 03       		.uleb128 0x3
  42 0033 01       		.byte	0x1
  43 0034 08       		.byte	0x8
  44 0035 32010000 		.4byte	.LASF2
  45 0039 03       		.uleb128 0x3
  46 003a 02       		.byte	0x2
  47 003b 05       		.byte	0x5
  48 003c 6E000000 		.4byte	.LASF3
  49 0040 03       		.uleb128 0x3
  50 0041 02       		.byte	0x2
  51 0042 07       		.byte	0x7
  52 0043 57010000 		.4byte	.LASF4
  53 0047 03       		.uleb128 0x3
  54 0048 04       		.byte	0x4
  55 0049 05       		.byte	0x5
  56 004a 40010000 		.4byte	.LASF5
  57 004e 03       		.uleb128 0x3
ARM GAS  /tmp/ccz9g7MI.s 			page 2


  58 004f 04       		.byte	0x4
  59 0050 07       		.byte	0x7
  60 0051 0D000000 		.4byte	.LASF6
  61 0055 03       		.uleb128 0x3
  62 0056 08       		.byte	0x8
  63 0057 05       		.byte	0x5
  64 0058 6A010000 		.4byte	.LASF7
  65 005c 03       		.uleb128 0x3
  66 005d 08       		.byte	0x8
  67 005e 07       		.byte	0x7
  68 005f 04010000 		.4byte	.LASF8
  69 0063 03       		.uleb128 0x3
  70 0064 04       		.byte	0x4
  71 0065 07       		.byte	0x7
  72 0066 49010000 		.4byte	.LASF9
  73 006a 03       		.uleb128 0x3
  74 006b 01       		.byte	0x1
  75 006c 08       		.byte	0x8
  76 006d 52010000 		.4byte	.LASF10
  77 0071 00       		.byte	0
  78              		.section	.debug_abbrev,"",%progbits
  79              	.Ldebug_abbrev0:
  80 0000 01       		.uleb128 0x1
  81 0001 11       		.uleb128 0x11
  82 0002 01       		.byte	0x1
  83 0003 25       		.uleb128 0x25
  84 0004 0E       		.uleb128 0xe
  85 0005 13       		.uleb128 0x13
  86 0006 0B       		.uleb128 0xb
  87 0007 03       		.uleb128 0x3
  88 0008 0E       		.uleb128 0xe
  89 0009 1B       		.uleb128 0x1b
  90 000a 0E       		.uleb128 0xe
  91 000b 10       		.uleb128 0x10
  92 000c 17       		.uleb128 0x17
  93 000d 00       		.byte	0
  94 000e 00       		.byte	0
  95 000f 02       		.uleb128 0x2
  96 0010 24       		.uleb128 0x24
  97 0011 00       		.byte	0
  98 0012 0B       		.uleb128 0xb
  99 0013 0B       		.uleb128 0xb
 100 0014 3E       		.uleb128 0x3e
 101 0015 0B       		.uleb128 0xb
 102 0016 03       		.uleb128 0x3
 103 0017 08       		.uleb128 0x8
 104 0018 00       		.byte	0
 105 0019 00       		.byte	0
 106 001a 03       		.uleb128 0x3
 107 001b 24       		.uleb128 0x24
 108 001c 00       		.byte	0
 109 001d 0B       		.uleb128 0xb
 110 001e 0B       		.uleb128 0xb
 111 001f 3E       		.uleb128 0x3e
 112 0020 0B       		.uleb128 0xb
 113 0021 03       		.uleb128 0x3
 114 0022 0E       		.uleb128 0xe
ARM GAS  /tmp/ccz9g7MI.s 			page 3


 115 0023 00       		.byte	0
 116 0024 00       		.byte	0
 117 0025 00       		.byte	0
 118              		.section	.debug_aranges,"",%progbits
 119 0000 14000000 		.4byte	0x14
 120 0004 0200     		.2byte	0x2
 121 0006 00000000 		.4byte	.Ldebug_info0
 122 000a 04       		.byte	0x4
 123 000b 00       		.byte	0
 124 000c 0000     		.2byte	0
 125 000e 0000     		.2byte	0
 126 0010 00000000 		.4byte	0
 127 0014 00000000 		.4byte	0
 128              		.section	.debug_line,"",%progbits
 129              	.Ldebug_line0:
 130 0000 19000000 		.section	.debug_str,"MS",%progbits,1
 130      02001300 
 130      00000201 
 130      FB0E0D00 
 130      01010101 
 131              	.LASF0:
 132 0000 756E7369 		.ascii	"unsigned int\000"
 132      676E6564 
 132      20696E74 
 132      00
 133              	.LASF6:
 134 000d 6C6F6E67 		.ascii	"long unsigned int\000"
 134      20756E73 
 134      69676E65 
 134      6420696E 
 134      7400
 135              	.LASF13:
 136 001f 2F686F6D 		.ascii	"/home/hunter/development/chibi/ChibiOS-RPi/demos/AR"
 136      652F6875 
 136      6E746572 
 136      2F646576 
 136      656C6F70 
 137 0052 4D31312D 		.ascii	"M11-BCM2835-GCC\000"
 137      42434D32 
 137      3833352D 
 137      47434300 
 138              	.LASF1:
 139 0062 7369676E 		.ascii	"signed char\000"
 139      65642063 
 139      68617200 
 140              	.LASF3:
 141 006e 73686F72 		.ascii	"short int\000"
 141      7420696E 
 141      7400
 142              	.LASF11:
 143 0078 474E5520 		.ascii	"GNU C 4.9.3 20150529 (prerelease) -mcpu=arm1176jz-s"
 143      4320342E 
 143      392E3320 
 143      32303135 
 143      30353239 
 144 00ab 202D6D6E 		.ascii	" -mno-thumb-interwork -ggdb -O2 -fomit-frame-pointe"
 144      6F2D7468 
ARM GAS  /tmp/ccz9g7MI.s 			page 4


 144      756D622D 
 144      696E7465 
 144      72776F72 
 145 00de 72202D66 		.ascii	"r -ffunction-sections -fdata-sections\000"
 145      66756E63 
 145      74696F6E 
 145      2D736563 
 145      74696F6E 
 146              	.LASF8:
 147 0104 6C6F6E67 		.ascii	"long long unsigned int\000"
 147      206C6F6E 
 147      6720756E 
 147      7369676E 
 147      65642069 
 148              	.LASF12:
 149 011b 2E2E2F2E 		.ascii	"../../os/hal/src/usb.c\000"
 149      2E2F6F73 
 149      2F68616C 
 149      2F737263 
 149      2F757362 
 150              	.LASF2:
 151 0132 756E7369 		.ascii	"unsigned char\000"
 151      676E6564 
 151      20636861 
 151      7200
 152              	.LASF5:
 153 0140 6C6F6E67 		.ascii	"long int\000"
 153      20696E74 
 153      00
 154              	.LASF9:
 155 0149 73697A65 		.ascii	"sizetype\000"
 155      74797065 
 155      00
 156              	.LASF10:
 157 0152 63686172 		.ascii	"char\000"
 157      00
 158              	.LASF4:
 159 0157 73686F72 		.ascii	"short unsigned int\000"
 159      7420756E 
 159      7369676E 
 159      65642069 
 159      6E7400
 160              	.LASF7:
 161 016a 6C6F6E67 		.ascii	"long long int\000"
 161      206C6F6E 
 161      6720696E 
 161      7400
 162              		.ident	"GCC: (15:4.9.3+svn231177-1) 4.9.3 20150529 (prerelease)"
ARM GAS  /tmp/ccz9g7MI.s 			page 5


DEFINED SYMBOLS
                            *ABS*:0000000000000000 usb.c

NO UNDEFINED SYMBOLS
